L 10/30/2017 - 14:23:00: Start of error session.
L 10/30/2017 - 14:23:00: Info (map "de_nust2") (file "addons/amxmodx/logs/error_20171030.log")
L 10/30/2017 - 14:23:00: [FAKEMETA] Invalid entity
L 10/30/2017 - 14:23:00: [AMXX] Run time error 10 (plugin "ms_grenade_drops.amxx") (native "pev") - debug not enabled!
L 10/30/2017 - 14:23:00: [AMXX] To enable debug mode, add "debug" after the plugin name in plugins.ini (without quotes).
L 10/30/2017 - 14:24:34: [FAKEMETA] Invalid entity
L 10/30/2017 - 14:24:34: [AMXX] Run time error 10 (plugin "ms_bomb_for_ct.amxx") (native "pev") - debug not enabled!
L 10/30/2017 - 14:24:34: [AMXX] To enable debug mode, add "debug" after the plugin name in plugins.ini (without quotes).
L 10/30/2017 - 14:24:34: [FAKEMETA] Invalid entity
L 10/30/2017 - 14:24:34: [AMXX] Run time error 10 (plugin "ms_grenade_drops.amxx") (native "pev") - debug not enabled!
L 10/30/2017 - 14:24:34: [AMXX] To enable debug mode, add "debug" after the plugin name in plugins.ini (without quotes).
L 10/30/2017 - 14:24:36: [FAKEMETA] Invalid entity
L 10/30/2017 - 14:24:36: [AMXX] Run time error 10 (plugin "ms_bomb_for_ct.amxx") (native "pev") - debug not enabled!
L 10/30/2017 - 14:24:36: [AMXX] To enable debug mode, add "debug" after the plugin name in plugins.ini (without quotes).
L 10/30/2017 - 14:24:36: [FAKEMETA] Invalid entity
L 10/30/2017 - 14:24:36: [AMXX] Run time error 10 (plugin "ms_grenade_drops.amxx") (native "pev") - debug not enabled!
L 10/30/2017 - 14:24:36: [AMXX] To enable debug mode, add "debug" after the plugin name in plugins.ini (without quotes).
L 10/30/2017 - 14:24:37: [FAKEMETA] Invalid entity
L 10/30/2017 - 14:24:37: [AMXX] Run time error 10 (plugin "ms_bomb_for_ct.amxx") (native "pev") - debug not enabled!
L 10/30/2017 - 14:24:37: [AMXX] To enable debug mode, add "debug" after the plugin name in plugins.ini (without quotes).
L 10/30/2017 - 14:24:37: [FAKEMETA] Invalid entity
L 10/30/2017 - 14:24:37: [AMXX] Run time error 10 (plugin "ms_grenade_drops.amxx") (native "pev") - debug not enabled!
L 10/30/2017 - 14:24:37: [AMXX] To enable debug mode, add "debug" after the plugin name in plugins.ini (without quotes).
L 10/30/2017 - 14:24:38: [FAKEMETA] Invalid entity
L 10/30/2017 - 14:24:38: [AMXX] Run time error 10 (plugin "ms_bomb_for_ct.amxx") (native "pev") - debug not enabled!
L 10/30/2017 - 14:24:38: [AMXX] To enable debug mode, add "debug" after the plugin name in plugins.ini (without quotes).
L 10/30/2017 - 14:24:38: [FAKEMETA] Invalid entity
L 10/30/2017 - 14:24:38: [AMXX] Run time error 10 (plugin "ms_grenade_drops.amxx") (native "pev") - debug not enabled!
L 10/30/2017 - 14:24:38: [AMXX] To enable debug mode, add "debug" after the plugin name in plugins.ini (without quotes).
L 10/30/2017 - 14:24:59: [FAKEMETA] Invalid entity
L 10/30/2017 - 14:24:59: [AMXX] Run time error 10 (plugin "ms_bomb_for_ct.amxx") (native "pev") - debug not enabled!
L 10/30/2017 - 14:24:59: [AMXX] To enable debug mode, add "debug" after the plugin name in plugins.ini (without quotes).
L 10/30/2017 - 14:24:59: [FAKEMETA] Invalid entity
L 10/30/2017 - 14:24:59: [AMXX] Run time error 10 (plugin "ms_grenade_drops.amxx") (native "pev") - debug not enabled!
L 10/30/2017 - 14:24:59: [AMXX] To enable debug mode, add "debug" after the plugin name in plugins.ini (without quotes).
L 10/30/2017 - 14:25:04: [FAKEMETA] Invalid entity
L 10/30/2017 - 14:25:04: [AMXX] Run time error 10 (plugin "ms_bomb_for_ct.amxx") (native "pev") - debug not enabled!
L 10/30/2017 - 14:25:04: [AMXX] To enable debug mode, add "debug" after the plugin name in plugins.ini (without quotes).
L 10/30/2017 - 14:25:04: [FAKEMETA] Invalid entity
L 10/30/2017 - 14:25:04: [AMXX] Run time error 10 (plugin "ms_grenade_drops.amxx") (native "pev") - debug not enabled!
L 10/30/2017 - 14:25:04: [AMXX] To enable debug mode, add "debug" after the plugin name in plugins.ini (without quotes).
L 10/30/2017 - 14:25:05: [FAKEMETA] Invalid entity
L 10/30/2017 - 14:25:05: [AMXX] Run time error 10 (plugin "ms_bomb_for_ct.amxx") (native "pev") - debug not enabled!
L 10/30/2017 - 14:25:05: [AMXX] To enable debug mode, add "debug" after the plugin name in plugins.ini (without quotes).
L 10/30/2017 - 14:25:05: [FAKEMETA] Invalid entity
L 10/30/2017 - 14:25:05: [AMXX] Run time error 10 (plugin "ms_grenade_drops.amxx") (native "pev") - debug not enabled!
L 10/30/2017 - 14:25:05: [AMXX] To enable debug mode, add "debug" after the plugin name in plugins.ini (without quotes).
L 10/30/2017 - 14:25:42: [FAKEMETA] Invalid entity
L 10/30/2017 - 14:25:42: [AMXX] Run time error 10 (plugin "ms_bomb_for_ct.amxx") (native "pev") - debug not enabled!
L 10/30/2017 - 14:25:42: [AMXX] To enable debug mode, add "debug" after the plugin name in plugins.ini (without quotes).
L 10/30/2017 - 14:25:42: [FAKEMETA] Invalid entity
L 10/30/2017 - 14:25:42: [AMXX] Run time error 10 (plugin "ms_grenade_drops.amxx") (native "pev") - debug not enabled!
L 10/30/2017 - 14:25:42: [AMXX] To enable debug mode, add "debug" after the plugin name in plugins.ini (without quotes).
L 10/30/2017 - 14:26:37: [FAKEMETA] Invalid entity
L 10/30/2017 - 14:26:37: [AMXX] Run time error 10 (plugin "ms_bomb_for_ct.amxx") (native "pev") - debug not enabled!
L 10/30/2017 - 14:26:37: [AMXX] To enable debug mode, add "debug" after the plugin name in plugins.ini (without quotes).
L 10/30/2017 - 14:26:37: [FAKEMETA] Invalid entity
L 10/30/2017 - 14:26:37: [AMXX] Run time error 10 (plugin "ms_grenade_drops.amxx") (native "pev") - debug not enabled!
L 10/30/2017 - 14:26:37: [AMXX] To enable debug mode, add "debug" after the plugin name in plugins.ini (without quotes).
L 10/30/2017 - 14:26:40: [FAKEMETA] Invalid entity
L 10/30/2017 - 14:26:40: [AMXX] Run time error 10 (plugin "ms_bomb_for_ct.amxx") (native "pev") - debug not enabled!
L 10/30/2017 - 14:26:40: [AMXX] To enable debug mode, add "debug" after the plugin name in plugins.ini (without quotes).
L 10/30/2017 - 14:26:40: [FAKEMETA] Invalid entity
L 10/30/2017 - 14:26:40: [AMXX] Run time error 10 (plugin "ms_grenade_drops.amxx") (native "pev") - debug not enabled!
L 10/30/2017 - 14:26:40: [AMXX] To enable debug mode, add "debug" after the plugin name in plugins.ini (without quotes).
L 10/30/2017 - 14:26:42: [FAKEMETA] Invalid entity
L 10/30/2017 - 14:26:42: [AMXX] Run time error 10 (plugin "ms_bomb_for_ct.amxx") (native "pev") - debug not enabled!
L 10/30/2017 - 14:26:42: [AMXX] To enable debug mode, add "debug" after the plugin name in plugins.ini (without quotes).
L 10/30/2017 - 14:26:42: [FAKEMETA] Invalid entity
L 10/30/2017 - 14:26:42: [AMXX] Run time error 10 (plugin "ms_grenade_drops.amxx") (native "pev") - debug not enabled!
L 10/30/2017 - 14:26:42: [AMXX] To enable debug mode, add "debug" after the plugin name in plugins.ini (without quotes).
L 10/30/2017 - 14:28:50: [FAKEMETA] Invalid entity
L 10/30/2017 - 14:28:50: [AMXX] Run time error 10 (plugin "ms_bomb_for_ct.amxx") (native "pev") - debug not enabled!
L 10/30/2017 - 14:28:50: [AMXX] To enable debug mode, add "debug" after the plugin name in plugins.ini (without quotes).
L 10/30/2017 - 14:28:50: [FAKEMETA] Invalid entity
L 10/30/2017 - 14:28:50: [AMXX] Run time error 10 (plugin "ms_grenade_drops.amxx") (native "pev") - debug not enabled!
L 10/30/2017 - 14:28:50: [AMXX] To enable debug mode, add "debug" after the plugin name in plugins.ini (without quotes).
L 10/30/2017 - 14:28:53: [FAKEMETA] Invalid entity
L 10/30/2017 - 14:28:53: [AMXX] Run time error 10 (plugin "ms_grenade_drops.amxx") (native "pev") - debug not enabled!
L 10/30/2017 - 14:28:53: [AMXX] To enable debug mode, add "debug" after the plugin name in plugins.ini (without quotes).
L 10/30/2017 - 14:28:56: [FAKEMETA] Invalid entity
L 10/30/2017 - 14:28:56: [AMXX] Run time error 10 (plugin "ms_grenade_drops.amxx") (native "pev") - debug not enabled!
L 10/30/2017 - 14:28:56: [AMXX] To enable debug mode, add "debug" after the plugin name in plugins.ini (without quotes).
L 10/30/2017 - 14:43:38: Start of error session.
L 10/30/2017 - 14:43:38: Info (map "de_nuke") (file "addons/amxmodx/logs/error_20171030.log")
L 10/30/2017 - 14:43:38: [FAKEMETA] Invalid entity
L 10/30/2017 - 14:43:38: [AMXX] Run time error 10 (plugin "ms_bomb_for_ct.amxx") (native "pev") - debug not enabled!
L 10/30/2017 - 14:43:38: [AMXX] To enable debug mode, add "debug" after the plugin name in plugins.ini (without quotes).
L 10/30/2017 - 14:43:38: [FAKEMETA] Invalid entity
L 10/30/2017 - 14:43:38: [AMXX] Run time error 10 (plugin "ms_grenade_drops.amxx") (native "pev") - debug not enabled!
L 10/30/2017 - 14:43:38: [AMXX] To enable debug mode, add "debug" after the plugin name in plugins.ini (without quotes).
L 10/30/2017 - 15:54:38: Start of error session.
L 10/30/2017 - 15:54:38: Info (map "cs_office2") (file "addons/amxmodx/logs/error_20171030.log")
L 10/30/2017 - 15:54:38: [FAKEMETA] Invalid entity
L 10/30/2017 - 15:54:38: [AMXX] Run time error 10 (plugin "ms_grenade_drops.amxx") (native "pev") - debug not enabled!
L 10/30/2017 - 15:54:38: [AMXX] To enable debug mode, add "debug" after the plugin name in plugins.ini (without quotes).
L 10/30/2017 - 23:19:07: Start of error session.
L 10/30/2017 - 23:19:07: Info (map "awp_india") (file "addons/amxmodx/logs/error_20171030.log")
L 10/30/2017 - 23:19:07: [FAKEMETA] Invalid entity
L 10/30/2017 - 23:19:07: [AMXX] Run time error 10 (plugin "ms_grenade_drops.amxx") (native "pev") - debug not enabled!
L 10/30/2017 - 23:19:07: [AMXX] To enable debug mode, add "debug" after the plugin name in plugins.ini (without quotes).
L 10/30/2017 - 23:19:26: [FAKEMETA] Invalid entity
L 10/30/2017 - 23:19:26: [AMXX] Run time error 10 (plugin "ms_grenade_drops.amxx") (native "pev") - debug not enabled!
L 10/30/2017 - 23:19:26: [AMXX] To enable debug mode, add "debug" after the plugin name in plugins.ini (without quotes).
L 10/30/2017 - 23:19:29: [FAKEMETA] Invalid entity
L 10/30/2017 - 23:19:29: [AMXX] Run time error 10 (plugin "ms_grenade_drops.amxx") (native "pev") - debug not enabled!
L 10/30/2017 - 23:19:29: [AMXX] To enable debug mode, add "debug" after the plugin name in plugins.ini (without quotes).
