L 10/13/2017 - 00:15:32: [mapchooser.amxx] Vote: Voting for the nextmap started
L 10/13/2017 - 00:15:47: [mapchooser.amxx] Vote: Voting for the nextmap finished. The nextmap will be de_dust
L 10/13/2017 - 00:18:22: -------- Mapchange to de_dust --------
L 10/13/2017 - 00:46:22: [mapchooser.amxx] Vote: Voting for the nextmap started
L 10/13/2017 - 00:46:37: [mapchooser.amxx] Vote: Voting for the nextmap finished. The nextmap will be cs_747
L 10/13/2017 - 00:49:13: -------- Mapchange to cs_747 --------
L 10/13/2017 - 01:17:13: [mapchooser.amxx] Vote: Voting for the nextmap started
L 10/13/2017 - 01:17:28: [mapchooser.amxx] Vote: Voting for the nextmap finished. The nextmap will be de_prodigy
L 10/13/2017 - 01:20:04: -------- Mapchange to de_prodigy --------
L 10/13/2017 - 01:48:04: [mapchooser.amxx] Vote: Voting for the nextmap started
L 10/13/2017 - 01:48:19: [mapchooser.amxx] Vote: Voting for the nextmap finished. The nextmap will be cs_assault
L 10/13/2017 - 01:50:54: -------- Mapchange to cs_assault --------
L 10/13/2017 - 02:18:54: [mapchooser.amxx] Vote: Voting for the nextmap started
L 10/13/2017 - 02:19:09: [mapchooser.amxx] Vote: Voting for the nextmap finished. The nextmap will be cs_office
L 10/13/2017 - 02:21:45: -------- Mapchange to cs_office --------
L 10/13/2017 - 02:49:45: [mapchooser.amxx] Vote: Voting for the nextmap started
L 10/13/2017 - 02:50:00: [mapchooser.amxx] Vote: Voting for the nextmap finished. The nextmap will be cs_italy
L 10/13/2017 - 02:52:36: -------- Mapchange to cs_italy --------
L 10/13/2017 - 03:20:33: [mapchooser.amxx] Vote: Voting for the nextmap started
L 10/13/2017 - 03:20:48: [mapchooser.amxx] Vote: Voting for the nextmap finished. The nextmap will be cs_backalley
L 10/13/2017 - 03:23:23: -------- Mapchange to cs_backalley --------
L 10/13/2017 - 03:51:23: [mapchooser.amxx] Vote: Voting for the nextmap started
L 10/13/2017 - 03:51:38: [mapchooser.amxx] Vote: Voting for the nextmap finished. The nextmap will be cs_militia
L 10/13/2017 - 03:54:14: -------- Mapchange to cs_militia --------
L 10/13/2017 - 04:22:14: [mapchooser.amxx] Vote: Voting for the nextmap started
L 10/13/2017 - 04:22:29: [mapchooser.amxx] Vote: Voting for the nextmap finished. The nextmap will be de_train
L 10/13/2017 - 04:25:05: -------- Mapchange to de_train --------
L 10/13/2017 - 04:53:04: [mapchooser.amxx] Vote: Voting for the nextmap started
L 10/13/2017 - 04:53:19: [mapchooser.amxx] Vote: Voting for the nextmap finished. The nextmap will be de_airstrip
L 10/13/2017 - 04:55:55: -------- Mapchange to de_airstrip --------
L 10/13/2017 - 05:23:55: [mapchooser.amxx] Vote: Voting for the nextmap started
L 10/13/2017 - 05:24:10: [mapchooser.amxx] Vote: Voting for the nextmap finished. The nextmap will be cs_havana
L 10/13/2017 - 05:26:46: -------- Mapchange to cs_havana --------
L 10/13/2017 - 05:54:46: [mapchooser.amxx] Vote: Voting for the nextmap started
L 10/13/2017 - 05:55:01: [mapchooser.amxx] Vote: Voting for the nextmap finished. The nextmap will be de_chateau
L 10/13/2017 - 05:57:37: -------- Mapchange to de_chateau --------
L 10/13/2017 - 06:25:36: [mapchooser.amxx] Vote: Voting for the nextmap started
L 10/13/2017 - 06:25:51: [mapchooser.amxx] Vote: Voting for the nextmap finished. The nextmap will be de_aztec
L 10/13/2017 - 06:28:27: -------- Mapchange to de_aztec --------
L 10/13/2017 - 06:56:27: [mapchooser.amxx] Vote: Voting for the nextmap started
L 10/13/2017 - 06:56:42: [mapchooser.amxx] Vote: Voting for the nextmap finished. The nextmap will be as_oilrig
L 10/13/2017 - 06:59:18: -------- Mapchange to as_oilrig --------
L 10/13/2017 - 07:27:18: [mapchooser.amxx] Vote: Voting for the nextmap started
L 10/13/2017 - 07:27:33: [mapchooser.amxx] Vote: Voting for the nextmap finished. The nextmap will be cs_siege
L 10/13/2017 - 07:30:08: -------- Mapchange to cs_siege --------
L 10/13/2017 - 07:58:08: [mapchooser.amxx] Vote: Voting for the nextmap started
L 10/13/2017 - 07:58:23: [mapchooser.amxx] Vote: Voting for the nextmap finished. The nextmap will be de_cbble
L 10/13/2017 - 08:00:59: -------- Mapchange to de_cbble --------
L 10/13/2017 - 08:28:59: [mapchooser.amxx] Vote: Voting for the nextmap started
L 10/13/2017 - 08:29:14: [mapchooser.amxx] Vote: Voting for the nextmap finished. The nextmap will be de_dust
L 10/13/2017 - 08:31:49: -------- Mapchange to de_dust --------
L 10/13/2017 - 08:59:49: [mapchooser.amxx] Vote: Voting for the nextmap started
L 10/13/2017 - 09:00:04: [mapchooser.amxx] Vote: Voting for the nextmap finished. The nextmap will be cs_747
L 10/13/2017 - 09:02:40: -------- Mapchange to cs_747 --------
L 10/13/2017 - 09:30:40: [mapchooser.amxx] Vote: Voting for the nextmap started
L 10/13/2017 - 09:30:55: [mapchooser.amxx] Vote: Voting for the nextmap finished. The nextmap will be de_prodigy
L 10/13/2017 - 09:33:31: -------- Mapchange to de_prodigy --------
L 10/13/2017 - 10:01:30: [mapchooser.amxx] Vote: Voting for the nextmap started
L 10/13/2017 - 10:01:46: [mapchooser.amxx] Vote: Voting for the nextmap finished. The nextmap will be cs_assault
L 10/13/2017 - 10:04:21: -------- Mapchange to cs_assault --------
L 10/13/2017 - 10:32:21: [mapchooser.amxx] Vote: Voting for the nextmap started
L 10/13/2017 - 10:32:36: [mapchooser.amxx] Vote: Voting for the nextmap finished. The nextmap will be cs_office
L 10/13/2017 - 10:35:12: -------- Mapchange to cs_office --------
L 10/13/2017 - 11:03:12: [mapchooser.amxx] Vote: Voting for the nextmap started
L 10/13/2017 - 11:03:27: [mapchooser.amxx] Vote: Voting for the nextmap finished. The nextmap will be cs_italy
L 10/13/2017 - 11:06:02: -------- Mapchange to cs_italy --------
L 10/13/2017 - 11:34:02: [mapchooser.amxx] Vote: Voting for the nextmap started
L 10/13/2017 - 11:34:17: [mapchooser.amxx] Vote: Voting for the nextmap finished. The nextmap will be cs_backalley
L 10/13/2017 - 11:36:53: -------- Mapchange to cs_backalley --------
L 10/13/2017 - 12:04:53: [mapchooser.amxx] Vote: Voting for the nextmap started
L 10/13/2017 - 12:05:08: [mapchooser.amxx] Vote: Voting for the nextmap finished. The nextmap will be cs_militia
L 10/13/2017 - 12:07:44: -------- Mapchange to cs_militia --------
L 10/13/2017 - 12:35:44: [mapchooser.amxx] Vote: Voting for the nextmap started
L 10/13/2017 - 12:35:59: [mapchooser.amxx] Vote: Voting for the nextmap finished. The nextmap will be de_train
L 10/13/2017 - 12:38:34: -------- Mapchange to de_train --------
L 10/13/2017 - 13:06:34: [mapchooser.amxx] Vote: Voting for the nextmap started
L 10/13/2017 - 13:06:49: [mapchooser.amxx] Vote: Voting for the nextmap finished. The nextmap will be de_airstrip
L 10/13/2017 - 13:09:25: -------- Mapchange to de_airstrip --------
L 10/13/2017 - 13:37:25: [mapchooser.amxx] Vote: Voting for the nextmap started
L 10/13/2017 - 13:37:40: [mapchooser.amxx] Vote: Voting for the nextmap finished. The nextmap will be cs_havana
L 10/13/2017 - 13:40:16: -------- Mapchange to cs_havana --------
L 10/13/2017 - 14:08:16: [mapchooser.amxx] Vote: Voting for the nextmap started
L 10/13/2017 - 14:08:31: [mapchooser.amxx] Vote: Voting for the nextmap finished. The nextmap will be de_chateau
L 10/13/2017 - 14:11:06: -------- Mapchange to de_chateau --------
L 10/13/2017 - 14:39:06: [mapchooser.amxx] Vote: Voting for the nextmap started
L 10/13/2017 - 14:39:21: [mapchooser.amxx] Vote: Voting for the nextmap finished. The nextmap will be de_aztec
L 10/13/2017 - 14:41:57: -------- Mapchange to de_aztec --------
L 10/13/2017 - 15:09:57: [mapchooser.amxx] Vote: Voting for the nextmap started
L 10/13/2017 - 15:10:12: [mapchooser.amxx] Vote: Voting for the nextmap finished. The nextmap will be as_oilrig
L 10/13/2017 - 15:12:48: -------- Mapchange to as_oilrig --------
L 10/13/2017 - 15:40:47: [mapchooser.amxx] Vote: Voting for the nextmap started
L 10/13/2017 - 15:41:02: [mapchooser.amxx] Vote: Voting for the nextmap finished. The nextmap will be cs_siege
L 10/13/2017 - 15:43:38: -------- Mapchange to cs_siege --------
L 10/13/2017 - 16:11:38: [mapchooser.amxx] Vote: Voting for the nextmap started
L 10/13/2017 - 16:11:53: [mapchooser.amxx] Vote: Voting for the nextmap finished. The nextmap will be de_cbble
L 10/13/2017 - 16:14:29: -------- Mapchange to de_cbble --------
L 10/13/2017 - 16:42:29: [mapchooser.amxx] Vote: Voting for the nextmap started
L 10/13/2017 - 16:42:44: [mapchooser.amxx] Vote: Voting for the nextmap finished. The nextmap will be de_dust
L 10/13/2017 - 16:45:19: -------- Mapchange to de_dust --------
L 10/13/2017 - 17:13:19: [mapchooser.amxx] Vote: Voting for the nextmap started
L 10/13/2017 - 17:13:34: [mapchooser.amxx] Vote: Voting for the nextmap finished. The nextmap will be cs_747
L 10/13/2017 - 17:16:10: -------- Mapchange to cs_747 --------
L 10/13/2017 - 17:44:10: [mapchooser.amxx] Vote: Voting for the nextmap started
L 10/13/2017 - 17:44:25: [mapchooser.amxx] Vote: Voting for the nextmap finished. The nextmap will be de_prodigy
L 10/13/2017 - 17:47:01: -------- Mapchange to de_prodigy --------
L 10/13/2017 - 18:15:00: [mapchooser.amxx] Vote: Voting for the nextmap started
L 10/13/2017 - 18:15:15: [mapchooser.amxx] Vote: Voting for the nextmap finished. The nextmap will be cs_assault
L 10/13/2017 - 18:17:51: -------- Mapchange to cs_assault --------
L 10/13/2017 - 18:45:51: [mapchooser.amxx] Vote: Voting for the nextmap started
L 10/13/2017 - 18:46:06: [mapchooser.amxx] Vote: Voting for the nextmap finished. The nextmap will be cs_office
L 10/13/2017 - 18:48:42: -------- Mapchange to cs_office --------
L 10/13/2017 - 19:16:42: [mapchooser.amxx] Vote: Voting for the nextmap started
L 10/13/2017 - 19:16:57: [mapchooser.amxx] Vote: Voting for the nextmap finished. The nextmap will be cs_italy
L 10/13/2017 - 19:19:32: -------- Mapchange to cs_italy --------
L 10/13/2017 - 19:47:32: [mapchooser.amxx] Vote: Voting for the nextmap started
L 10/13/2017 - 19:47:47: [mapchooser.amxx] Vote: Voting for the nextmap finished. The nextmap will be cs_backalley
L 10/13/2017 - 19:50:23: -------- Mapchange to cs_backalley --------
L 10/13/2017 - 20:18:23: [mapchooser.amxx] Vote: Voting for the nextmap started
L 10/13/2017 - 20:18:38: [mapchooser.amxx] Vote: Voting for the nextmap finished. The nextmap will be cs_militia
L 10/13/2017 - 20:21:14: -------- Mapchange to cs_militia --------
L 10/13/2017 - 20:49:14: [mapchooser.amxx] Vote: Voting for the nextmap started
L 10/13/2017 - 20:49:29: [mapchooser.amxx] Vote: Voting for the nextmap finished. The nextmap will be de_train
L 10/13/2017 - 20:52:05: -------- Mapchange to de_train --------
L 10/13/2017 - 21:20:04: [mapchooser.amxx] Vote: Voting for the nextmap started
L 10/13/2017 - 21:20:20: [mapchooser.amxx] Vote: Voting for the nextmap finished. The nextmap will be de_airstrip
L 10/13/2017 - 21:22:55: -------- Mapchange to de_airstrip --------
L 10/13/2017 - 21:50:55: [mapchooser.amxx] Vote: Voting for the nextmap started
L 10/13/2017 - 21:51:10: [mapchooser.amxx] Vote: Voting for the nextmap finished. The nextmap will be cs_havana
L 10/13/2017 - 21:53:46: -------- Mapchange to cs_havana --------
L 10/13/2017 - 22:21:46: [mapchooser.amxx] Vote: Voting for the nextmap started
L 10/13/2017 - 22:22:01: [mapchooser.amxx] Vote: Voting for the nextmap finished. The nextmap will be de_chateau
L 10/13/2017 - 22:24:37: -------- Mapchange to de_chateau --------
L 10/13/2017 - 22:52:37: [mapchooser.amxx] Vote: Voting for the nextmap started
L 10/13/2017 - 22:52:52: [mapchooser.amxx] Vote: Voting for the nextmap finished. The nextmap will be de_aztec
L 10/13/2017 - 22:55:27: -------- Mapchange to de_aztec --------
L 10/13/2017 - 23:23:27: [mapchooser.amxx] Vote: Voting for the nextmap started
L 10/13/2017 - 23:23:42: [mapchooser.amxx] Vote: Voting for the nextmap finished. The nextmap will be as_oilrig
L 10/13/2017 - 23:26:18: -------- Mapchange to as_oilrig --------
L 10/13/2017 - 23:54:18: [mapchooser.amxx] Vote: Voting for the nextmap started
L 10/13/2017 - 23:54:33: [mapchooser.amxx] Vote: Voting for the nextmap finished. The nextmap will be cs_siege
L 10/13/2017 - 23:57:08: -------- Mapchange to cs_siege --------
