L 11/03/2017 - 00:19:15: -------- Mapchange to de_westwood --------
L 11/03/2017 - 00:57:15: [mapchooser.amxx] Vote: Voting for the nextmap started
L 11/03/2017 - 00:57:30: [mapchooser.amxx] Vote: Voting for the nextmap finished. The nextmap will be css_kabul
L 11/03/2017 - 01:19:19: -------- Mapchange to css_kabul --------
L 11/03/2017 - 01:57:19: [mapchooser.amxx] Vote: Voting for the nextmap started
L 11/03/2017 - 01:57:34: [mapchooser.amxx] Vote: Voting for the nextmap finished. The nextmap will be fy_dust
L 11/03/2017 - 02:19:24: -------- Mapchange to fy_dust --------
L 11/03/2017 - 02:57:23: [mapchooser.amxx] Vote: Voting for the nextmap started
L 11/03/2017 - 02:57:38: [mapchooser.amxx] Vote: Voting for the nextmap finished. The nextmap will be fy_pool_day
L 11/03/2017 - 03:19:25: -------- Mapchange to fy_pool_day --------
L 11/03/2017 - 03:57:25: [mapchooser.amxx] Vote: Voting for the nextmap started
L 11/03/2017 - 03:57:40: [mapchooser.amxx] Vote: Voting for the nextmap finished. The nextmap will be cs_italy
L 11/03/2017 - 04:19:29: -------- Mapchange to cs_italy --------
L 11/03/2017 - 04:57:29: [mapchooser.amxx] Vote: Voting for the nextmap started
L 11/03/2017 - 04:57:44: [mapchooser.amxx] Vote: Voting for the nextmap finished. The nextmap will be cs_militia
L 11/03/2017 - 05:19:33: -------- Mapchange to cs_militia --------
L 11/03/2017 - 05:57:33: [mapchooser.amxx] Vote: Voting for the nextmap started
L 11/03/2017 - 05:57:48: [mapchooser.amxx] Vote: Voting for the nextmap finished. The nextmap will be cs_office
L 11/03/2017 - 06:19:38: -------- Mapchange to cs_office --------
L 11/03/2017 - 06:57:38: [mapchooser.amxx] Vote: Voting for the nextmap started
L 11/03/2017 - 06:57:53: [mapchooser.amxx] Vote: Voting for the nextmap finished. The nextmap will be de_aztec
L 11/03/2017 - 07:19:42: -------- Mapchange to de_aztec --------
L 11/03/2017 - 07:57:42: [mapchooser.amxx] Vote: Voting for the nextmap started
L 11/03/2017 - 07:57:57: [mapchooser.amxx] Vote: Voting for the nextmap finished. The nextmap will be de_cbble
L 11/03/2017 - 08:19:46: -------- Mapchange to de_cbble --------
L 11/03/2017 - 08:57:46: [mapchooser.amxx] Vote: Voting for the nextmap started
L 11/03/2017 - 08:58:01: [mapchooser.amxx] Vote: Voting for the nextmap finished. The nextmap will be de_dust
L 11/03/2017 - 09:19:51: -------- Mapchange to de_dust --------
L 11/03/2017 - 09:57:50: [mapchooser.amxx] Vote: Voting for the nextmap started
L 11/03/2017 - 09:58:05: [mapchooser.amxx] Vote: Voting for the nextmap finished. The nextmap will be de_dust2
L 11/03/2017 - 10:19:55: -------- Mapchange to de_dust2 --------
L 11/03/2017 - 10:57:55: [mapchooser.amxx] Vote: Voting for the nextmap started
L 11/03/2017 - 10:58:10: [mapchooser.amxx] Vote: Voting for the nextmap finished. The nextmap will be de_inferno
L 11/03/2017 - 12:54:24: [mapchooser.amxx] Vote: Voting for the nextmap started
L 11/03/2017 - 12:54:40: [mapchooser.amxx] Vote: Voting for the nextmap finished. The nextmap will be de_inferno
L 11/03/2017 - 12:56:43: -------- Mapchange to de_inferno --------
L 11/03/2017 - 13:34:42: [mapchooser.amxx] Vote: Voting for the nextmap started
L 11/03/2017 - 13:34:57: [mapchooser.amxx] Vote: Voting for the nextmap finished. The nextmap will be de_nuke
L 11/03/2017 - 15:33:30: -------- Mapchange to de_nuke --------
L 11/03/2017 - 16:11:30: [mapchooser.amxx] Vote: Voting for the nextmap started
L 11/03/2017 - 16:11:45: [mapchooser.amxx] Vote: Voting for the nextmap finished. The nextmap will be de_train
L 11/03/2017 - 18:10:18: -------- Mapchange to de_train --------
L 11/03/2017 - 18:48:18: [mapchooser.amxx] Vote: Voting for the nextmap started
L 11/03/2017 - 18:48:33: [mapchooser.amxx] Vote: Voting for the nextmap finished. The nextmap will be awp_india
L 11/03/2017 - 21:22:03: [mapchooser.amxx] Vote: Voting for the nextmap started
L 11/03/2017 - 21:22:18: [mapchooser.amxx] Vote: Voting for the nextmap finished. The nextmap will be awp_india
L 11/03/2017 - 21:24:18: -------- Mapchange to awp_india --------
L 11/03/2017 - 22:02:18: [mapchooser.amxx] Vote: Voting for the nextmap started
L 11/03/2017 - 22:02:33: [mapchooser.amxx] Vote: Voting for the nextmap finished. The nextmap will be 4_houses
