L 10/18/2017 - 00:24:44: -------- Mapchange to cs_assault --------
L 10/18/2017 - 01:07:44: [mapchooser.amxx] Vote: Voting for the nextmap started
L 10/18/2017 - 01:07:59: [mapchooser.amxx] Vote: Voting for the nextmap finished. The nextmap will be cs_office
L 10/18/2017 - 02:04:32: -------- Mapchange to cs_office --------
L 10/18/2017 - 02:47:32: [mapchooser.amxx] Vote: Voting for the nextmap started
L 10/18/2017 - 02:47:47: [mapchooser.amxx] Vote: Voting for the nextmap finished. The nextmap will be cs_italy
L 10/18/2017 - 03:44:17: -------- Mapchange to cs_italy --------
L 10/18/2017 - 04:27:17: [mapchooser.amxx] Vote: Voting for the nextmap started
L 10/18/2017 - 04:27:32: [mapchooser.amxx] Vote: Voting for the nextmap finished. The nextmap will be cs_backalley
L 10/18/2017 - 05:24:05: -------- Mapchange to cs_backalley --------
L 10/18/2017 - 06:07:05: [mapchooser.amxx] Vote: Voting for the nextmap started
L 10/18/2017 - 06:07:20: [mapchooser.amxx] Vote: Voting for the nextmap finished. The nextmap will be cs_militia
L 10/18/2017 - 07:03:53: -------- Mapchange to cs_militia --------
L 10/18/2017 - 07:46:53: [mapchooser.amxx] Vote: Voting for the nextmap started
L 10/18/2017 - 07:47:08: [mapchooser.amxx] Vote: Voting for the nextmap finished. The nextmap will be de_train
L 10/18/2017 - 08:43:41: -------- Mapchange to de_train --------
L 10/18/2017 - 09:26:41: [mapchooser.amxx] Vote: Voting for the nextmap started
L 10/18/2017 - 09:26:56: [mapchooser.amxx] Vote: Voting for the nextmap finished. The nextmap will be de_airstrip
L 10/18/2017 - 10:23:29: -------- Mapchange to de_airstrip --------
L 10/18/2017 - 11:06:29: [mapchooser.amxx] Vote: Voting for the nextmap started
L 10/18/2017 - 11:06:44: [mapchooser.amxx] Vote: Voting for the nextmap finished. The nextmap will be cs_havana
L 10/18/2017 - 12:03:18: -------- Mapchange to cs_havana --------
L 10/18/2017 - 12:46:17: [mapchooser.amxx] Vote: Voting for the nextmap started
L 10/18/2017 - 12:46:33: [mapchooser.amxx] Vote: Voting for the nextmap finished. The nextmap will be de_chateau
L 10/18/2017 - 13:43:06: -------- Mapchange to de_chateau --------
L 10/18/2017 - 14:26:06: [mapchooser.amxx] Vote: Voting for the nextmap started
L 10/18/2017 - 14:26:21: [mapchooser.amxx] Vote: Voting for the nextmap finished. The nextmap will be de_aztec
L 10/18/2017 - 15:22:54: -------- Mapchange to de_aztec --------
L 10/18/2017 - 16:05:54: [mapchooser.amxx] Vote: Voting for the nextmap started
L 10/18/2017 - 16:06:09: [mapchooser.amxx] Vote: Voting for the nextmap finished. The nextmap will be as_oilrig
L 10/18/2017 - 17:02:42: -------- Mapchange to as_oilrig --------
L 10/18/2017 - 17:45:42: [mapchooser.amxx] Vote: Voting for the nextmap started
L 10/18/2017 - 17:45:57: [mapchooser.amxx] Vote: Voting for the nextmap finished. The nextmap will be cs_siege
L 10/18/2017 - 18:42:30: -------- Mapchange to cs_siege --------
L 10/18/2017 - 19:25:30: [mapchooser.amxx] Vote: Voting for the nextmap started
L 10/18/2017 - 19:25:45: [mapchooser.amxx] Vote: Voting for the nextmap finished. The nextmap will be de_cbble
L 10/18/2017 - 20:22:18: -------- Mapchange to de_cbble --------
L 10/18/2017 - 21:05:18: [mapchooser.amxx] Vote: Voting for the nextmap started
L 10/18/2017 - 21:05:33: [mapchooser.amxx] Vote: Voting for the nextmap finished. The nextmap will be de_dust
L 10/18/2017 - 22:02:06: -------- Mapchange to de_dust --------
L 10/18/2017 - 22:45:06: [mapchooser.amxx] Vote: Voting for the nextmap started
L 10/18/2017 - 22:45:21: [mapchooser.amxx] Vote: Voting for the nextmap finished. The nextmap will be cs_747
L 10/18/2017 - 23:41:54: -------- Mapchange to cs_747 --------
