L 10/19/2017 - 00:24:54: [mapchooser.amxx] Vote: Voting for the nextmap started
L 10/19/2017 - 00:25:09: [mapchooser.amxx] Vote: Voting for the nextmap finished. The nextmap will be de_prodigy
L 10/19/2017 - 01:21:42: -------- Mapchange to de_prodigy --------
L 10/19/2017 - 02:04:42: [mapchooser.amxx] Vote: Voting for the nextmap started
L 10/19/2017 - 02:04:57: [mapchooser.amxx] Vote: Voting for the nextmap finished. The nextmap will be cs_assault
L 10/19/2017 - 03:01:27: -------- Mapchange to cs_assault --------
L 10/19/2017 - 03:44:27: [mapchooser.amxx] Vote: Voting for the nextmap started
L 10/19/2017 - 03:44:42: [mapchooser.amxx] Vote: Voting for the nextmap finished. The nextmap will be cs_office
L 10/19/2017 - 04:41:15: -------- Mapchange to cs_office --------
L 10/19/2017 - 05:24:15: [mapchooser.amxx] Vote: Voting for the nextmap started
L 10/19/2017 - 05:24:30: [mapchooser.amxx] Vote: Voting for the nextmap finished. The nextmap will be cs_italy
L 10/19/2017 - 06:21:03: -------- Mapchange to cs_italy --------
L 10/19/2017 - 07:04:03: [mapchooser.amxx] Vote: Voting for the nextmap started
L 10/19/2017 - 07:04:18: [mapchooser.amxx] Vote: Voting for the nextmap finished. The nextmap will be cs_backalley
L 10/19/2017 - 08:00:52: -------- Mapchange to cs_backalley --------
L 10/19/2017 - 08:43:51: [mapchooser.amxx] Vote: Voting for the nextmap started
L 10/19/2017 - 08:44:06: [mapchooser.amxx] Vote: Voting for the nextmap finished. The nextmap will be cs_militia
L 10/19/2017 - 09:40:40: -------- Mapchange to cs_militia --------
L 10/19/2017 - 10:23:39: [mapchooser.amxx] Vote: Voting for the nextmap started
L 10/19/2017 - 10:23:54: [mapchooser.amxx] Vote: Voting for the nextmap finished. The nextmap will be de_train
L 10/19/2017 - 11:20:28: -------- Mapchange to de_train --------
L 10/19/2017 - 12:03:27: [mapchooser.amxx] Vote: Voting for the nextmap started
L 10/19/2017 - 12:03:42: [mapchooser.amxx] Vote: Voting for the nextmap finished. The nextmap will be de_airstrip
L 10/19/2017 - 13:00:16: -------- Mapchange to de_airstrip --------
L 10/19/2017 - 13:43:15: [mapchooser.amxx] Vote: Voting for the nextmap started
L 10/19/2017 - 13:43:31: [mapchooser.amxx] Vote: Voting for the nextmap finished. The nextmap will be cs_havana
L 10/19/2017 - 14:40:04: -------- Mapchange to cs_havana --------
L 10/19/2017 - 15:23:04: [mapchooser.amxx] Vote: Voting for the nextmap started
L 10/19/2017 - 15:23:19: [mapchooser.amxx] Vote: Voting for the nextmap finished. The nextmap will be de_chateau
L 10/19/2017 - 16:19:52: -------- Mapchange to de_chateau --------
L 10/19/2017 - 17:02:52: [mapchooser.amxx] Vote: Voting for the nextmap started
L 10/19/2017 - 17:03:07: [mapchooser.amxx] Vote: Voting for the nextmap finished. The nextmap will be de_aztec
L 10/19/2017 - 17:59:40: -------- Mapchange to de_aztec --------
L 10/19/2017 - 18:42:40: [mapchooser.amxx] Vote: Voting for the nextmap started
L 10/19/2017 - 18:42:55: [mapchooser.amxx] Vote: Voting for the nextmap finished. The nextmap will be as_oilrig
L 10/19/2017 - 19:39:28: -------- Mapchange to as_oilrig --------
L 10/19/2017 - 20:22:28: [mapchooser.amxx] Vote: Voting for the nextmap started
L 10/19/2017 - 20:22:43: [mapchooser.amxx] Vote: Voting for the nextmap finished. The nextmap will be cs_siege
L 10/19/2017 - 21:19:16: -------- Mapchange to cs_siege --------
L 10/19/2017 - 22:02:16: [mapchooser.amxx] Vote: Voting for the nextmap started
L 10/19/2017 - 22:02:31: [mapchooser.amxx] Vote: Voting for the nextmap finished. The nextmap will be de_cbble
L 10/19/2017 - 22:59:04: -------- Mapchange to de_cbble --------
L 10/19/2017 - 23:42:04: [mapchooser.amxx] Vote: Voting for the nextmap started
L 10/19/2017 - 23:42:19: [mapchooser.amxx] Vote: Voting for the nextmap finished. The nextmap will be de_dust
