L 10/16/2017 - 00:15:39: -------- Mapchange to de_cbble --------
L 10/16/2017 - 00:58:38: [mapchooser.amxx] Vote: Voting for the nextmap started
L 10/16/2017 - 00:58:54: [mapchooser.amxx] Vote: Voting for the nextmap finished. The nextmap will be de_dust
L 10/16/2017 - 01:34:07: -------- Mapchange to de_dust --------
L 10/16/2017 - 02:17:07: [mapchooser.amxx] Vote: Voting for the nextmap started
L 10/16/2017 - 02:17:22: [mapchooser.amxx] Vote: Voting for the nextmap finished. The nextmap will be cs_747
L 10/16/2017 - 02:52:36: -------- Mapchange to cs_747 --------
L 10/16/2017 - 03:35:33: [mapchooser.amxx] Vote: Voting for the nextmap started
L 10/16/2017 - 03:35:48: [mapchooser.amxx] Vote: Voting for the nextmap finished. The nextmap will be de_prodigy
L 10/16/2017 - 04:11:02: -------- Mapchange to de_prodigy --------
L 10/16/2017 - 04:54:02: [mapchooser.amxx] Vote: Voting for the nextmap started
L 10/16/2017 - 04:54:17: [mapchooser.amxx] Vote: Voting for the nextmap finished. The nextmap will be cs_assault
L 10/16/2017 - 05:29:30: -------- Mapchange to cs_assault --------
L 10/16/2017 - 06:12:30: [mapchooser.amxx] Vote: Voting for the nextmap started
L 10/16/2017 - 06:12:45: [mapchooser.amxx] Vote: Voting for the nextmap finished. The nextmap will be cs_office
L 10/16/2017 - 06:47:59: -------- Mapchange to cs_office --------
L 10/16/2017 - 07:30:59: [mapchooser.amxx] Vote: Voting for the nextmap started
L 10/16/2017 - 07:31:14: [mapchooser.amxx] Vote: Voting for the nextmap finished. The nextmap will be cs_italy
L 10/16/2017 - 08:06:28: -------- Mapchange to cs_italy --------
L 10/16/2017 - 08:49:28: [mapchooser.amxx] Vote: Voting for the nextmap started
L 10/16/2017 - 08:49:43: [mapchooser.amxx] Vote: Voting for the nextmap finished. The nextmap will be cs_backalley
L 10/16/2017 - 09:24:57: -------- Mapchange to cs_backalley --------
L 10/16/2017 - 10:07:56: [mapchooser.amxx] Vote: Voting for the nextmap started
L 10/16/2017 - 10:08:11: [mapchooser.amxx] Vote: Voting for the nextmap finished. The nextmap will be cs_militia
L 10/16/2017 - 10:43:25: -------- Mapchange to cs_militia --------
L 10/16/2017 - 11:26:25: [mapchooser.amxx] Vote: Voting for the nextmap started
L 10/16/2017 - 11:26:40: [mapchooser.amxx] Vote: Voting for the nextmap finished. The nextmap will be de_train
L 10/16/2017 - 12:01:54: -------- Mapchange to de_train --------
L 10/16/2017 - 12:44:54: [mapchooser.amxx] Vote: Voting for the nextmap started
L 10/16/2017 - 12:45:09: [mapchooser.amxx] Vote: Voting for the nextmap finished. The nextmap will be de_airstrip
L 10/16/2017 - 13:20:23: -------- Mapchange to de_airstrip --------
L 10/16/2017 - 14:03:22: [mapchooser.amxx] Vote: Voting for the nextmap started
L 10/16/2017 - 14:03:37: [mapchooser.amxx] Vote: Voting for the nextmap finished. The nextmap will be cs_havana
L 10/16/2017 - 14:38:51: -------- Mapchange to cs_havana --------
L 10/16/2017 - 15:21:51: [mapchooser.amxx] Vote: Voting for the nextmap started
L 10/16/2017 - 15:22:06: [mapchooser.amxx] Vote: Voting for the nextmap finished. The nextmap will be de_chateau
L 10/16/2017 - 15:57:20: -------- Mapchange to de_chateau --------
L 10/16/2017 - 16:40:20: [mapchooser.amxx] Vote: Voting for the nextmap started
L 10/16/2017 - 16:40:35: [mapchooser.amxx] Vote: Voting for the nextmap finished. The nextmap will be de_aztec
L 10/16/2017 - 17:15:49: -------- Mapchange to de_aztec --------
L 10/16/2017 - 17:58:49: [mapchooser.amxx] Vote: Voting for the nextmap started
L 10/16/2017 - 17:59:04: [mapchooser.amxx] Vote: Voting for the nextmap finished. The nextmap will be as_oilrig
L 10/16/2017 - 18:34:17: -------- Mapchange to as_oilrig --------
L 10/16/2017 - 19:17:17: [mapchooser.amxx] Vote: Voting for the nextmap started
L 10/16/2017 - 19:17:32: [mapchooser.amxx] Vote: Voting for the nextmap finished. The nextmap will be cs_siege
L 10/16/2017 - 19:52:46: -------- Mapchange to cs_siege --------
L 10/16/2017 - 20:35:46: [mapchooser.amxx] Vote: Voting for the nextmap started
L 10/16/2017 - 20:36:01: [mapchooser.amxx] Vote: Voting for the nextmap finished. The nextmap will be de_cbble
L 10/16/2017 - 21:11:15: -------- Mapchange to de_cbble --------
L 10/16/2017 - 21:54:15: [mapchooser.amxx] Vote: Voting for the nextmap started
L 10/16/2017 - 21:54:30: [mapchooser.amxx] Vote: Voting for the nextmap finished. The nextmap will be de_dust
L 10/16/2017 - 22:29:43: -------- Mapchange to de_dust --------
L 10/16/2017 - 23:12:43: [mapchooser.amxx] Vote: Voting for the nextmap started
L 10/16/2017 - 23:12:58: [mapchooser.amxx] Vote: Voting for the nextmap finished. The nextmap will be cs_747
L 10/16/2017 - 23:48:12: -------- Mapchange to cs_747 --------
