L 10/15/2017 - 00:10:38: [mapchooser.amxx] Vote: Voting for the nextmap started
L 10/15/2017 - 00:10:53: [mapchooser.amxx] Vote: Voting for the nextmap finished. The nextmap will be de_chateau
L 10/15/2017 - 00:36:53: -------- Mapchange to de_chateau --------
L 10/15/2017 - 01:19:53: [mapchooser.amxx] Vote: Voting for the nextmap started
L 10/15/2017 - 01:20:08: [mapchooser.amxx] Vote: Voting for the nextmap finished. The nextmap will be de_aztec
L 10/15/2017 - 01:46:08: -------- Mapchange to de_aztec --------
L 10/15/2017 - 02:29:08: [mapchooser.amxx] Vote: Voting for the nextmap started
L 10/15/2017 - 02:29:23: [mapchooser.amxx] Vote: Voting for the nextmap finished. The nextmap will be as_oilrig
L 10/15/2017 - 02:55:23: -------- Mapchange to as_oilrig --------
L 10/15/2017 - 03:38:20: [mapchooser.amxx] Vote: Voting for the nextmap started
L 10/15/2017 - 03:38:35: [mapchooser.amxx] Vote: Voting for the nextmap finished. The nextmap will be cs_siege
L 10/15/2017 - 04:04:35: -------- Mapchange to cs_siege --------
L 10/15/2017 - 04:47:35: [mapchooser.amxx] Vote: Voting for the nextmap started
L 10/15/2017 - 04:47:50: [mapchooser.amxx] Vote: Voting for the nextmap finished. The nextmap will be de_cbble
L 10/15/2017 - 05:13:50: -------- Mapchange to de_cbble --------
L 10/15/2017 - 05:56:50: [mapchooser.amxx] Vote: Voting for the nextmap started
L 10/15/2017 - 05:57:05: [mapchooser.amxx] Vote: Voting for the nextmap finished. The nextmap will be de_dust
L 10/15/2017 - 06:23:05: -------- Mapchange to de_dust --------
L 10/15/2017 - 07:06:05: [mapchooser.amxx] Vote: Voting for the nextmap started
L 10/15/2017 - 07:06:20: [mapchooser.amxx] Vote: Voting for the nextmap finished. The nextmap will be cs_747
L 10/15/2017 - 07:32:20: -------- Mapchange to cs_747 --------
L 10/15/2017 - 08:15:20: [mapchooser.amxx] Vote: Voting for the nextmap started
L 10/15/2017 - 08:15:35: [mapchooser.amxx] Vote: Voting for the nextmap finished. The nextmap will be de_prodigy
L 10/15/2017 - 08:41:36: -------- Mapchange to de_prodigy --------
L 10/15/2017 - 09:24:35: [mapchooser.amxx] Vote: Voting for the nextmap started
L 10/15/2017 - 09:24:51: [mapchooser.amxx] Vote: Voting for the nextmap finished. The nextmap will be cs_assault
L 10/15/2017 - 09:50:51: -------- Mapchange to cs_assault --------
L 10/15/2017 - 10:33:50: [mapchooser.amxx] Vote: Voting for the nextmap started
L 10/15/2017 - 10:34:06: [mapchooser.amxx] Vote: Voting for the nextmap finished. The nextmap will be cs_office
L 10/15/2017 - 11:00:06: -------- Mapchange to cs_office --------
L 10/15/2017 - 11:43:06: [mapchooser.amxx] Vote: Voting for the nextmap started
L 10/15/2017 - 11:43:21: [mapchooser.amxx] Vote: Voting for the nextmap finished. The nextmap will be cs_italy
L 10/15/2017 - 12:09:21: -------- Mapchange to cs_italy --------
L 10/15/2017 - 12:52:21: [mapchooser.amxx] Vote: Voting for the nextmap started
L 10/15/2017 - 12:52:36: [mapchooser.amxx] Vote: Voting for the nextmap finished. The nextmap will be cs_backalley
L 10/15/2017 - 13:18:36: -------- Mapchange to cs_backalley --------
L 10/15/2017 - 14:01:36: [mapchooser.amxx] Vote: Voting for the nextmap started
L 10/15/2017 - 14:01:51: [mapchooser.amxx] Vote: Voting for the nextmap finished. The nextmap will be cs_militia
L 10/15/2017 - 14:27:51: -------- Mapchange to cs_militia --------
L 10/15/2017 - 15:10:51: [mapchooser.amxx] Vote: Voting for the nextmap started
L 10/15/2017 - 15:11:06: [mapchooser.amxx] Vote: Voting for the nextmap finished. The nextmap will be de_train
L 10/15/2017 - 15:37:06: -------- Mapchange to de_train --------
L 10/15/2017 - 16:22:36: [mapchooser.amxx] Vote: Voting for the nextmap started
L 10/15/2017 - 16:22:51: [mapchooser.amxx] Vote: Voting for the nextmap finished. The nextmap will be cs_office
L 10/15/2017 - 16:24:47: -------- Mapchange to cs_office --------
L 10/15/2017 - 17:41:01: [mapchooser.amxx] Vote: Voting for the nextmap started
L 10/15/2017 - 17:41:16: [mapchooser.amxx] Vote: Voting for the nextmap finished. The nextmap will be cs_havana
L 10/15/2017 - 17:43:15: -------- Mapchange to cs_havana --------
L 10/15/2017 - 18:26:15: [mapchooser.amxx] Vote: Voting for the nextmap started
L 10/15/2017 - 18:26:30: [mapchooser.amxx] Vote: Voting for the nextmap finished. The nextmap will be de_chateau
L 10/15/2017 - 19:01:44: -------- Mapchange to de_chateau --------
L 10/15/2017 - 19:44:44: [mapchooser.amxx] Vote: Voting for the nextmap started
L 10/15/2017 - 19:44:59: [mapchooser.amxx] Vote: Voting for the nextmap finished. The nextmap will be de_aztec
L 10/15/2017 - 20:20:13: -------- Mapchange to de_aztec --------
L 10/15/2017 - 21:03:13: [mapchooser.amxx] Vote: Voting for the nextmap started
L 10/15/2017 - 21:03:28: [mapchooser.amxx] Vote: Voting for the nextmap finished. The nextmap will be as_oilrig
L 10/15/2017 - 21:38:41: -------- Mapchange to as_oilrig --------
L 10/15/2017 - 22:21:41: [mapchooser.amxx] Vote: Voting for the nextmap started
L 10/15/2017 - 22:21:56: [mapchooser.amxx] Vote: Voting for the nextmap finished. The nextmap will be cs_siege
L 10/15/2017 - 22:57:10: -------- Mapchange to cs_siege --------
L 10/15/2017 - 23:40:10: [mapchooser.amxx] Vote: Voting for the nextmap started
L 10/15/2017 - 23:40:25: [mapchooser.amxx] Vote: Voting for the nextmap finished. The nextmap will be de_cbble
