L 10/11/2017 - 00:27:09: [mapchooser.amxx] Vote: Voting for the nextmap started
L 10/11/2017 - 00:27:24: [mapchooser.amxx] Vote: Voting for the nextmap finished. The nextmap will be cs_assault
L 10/11/2017 - 00:30:00: -------- Mapchange to cs_assault --------
L 10/11/2017 - 00:58:00: [mapchooser.amxx] Vote: Voting for the nextmap started
L 10/11/2017 - 00:58:15: [mapchooser.amxx] Vote: Voting for the nextmap finished. The nextmap will be cs_office
L 10/11/2017 - 01:00:51: -------- Mapchange to cs_office --------
L 10/11/2017 - 01:28:50: [mapchooser.amxx] Vote: Voting for the nextmap started
L 10/11/2017 - 01:29:05: [mapchooser.amxx] Vote: Voting for the nextmap finished. The nextmap will be cs_italy
L 10/11/2017 - 01:31:41: -------- Mapchange to cs_italy --------
L 10/11/2017 - 01:59:41: [mapchooser.amxx] Vote: Voting for the nextmap started
L 10/11/2017 - 01:59:56: [mapchooser.amxx] Vote: Voting for the nextmap finished. The nextmap will be cs_backalley
L 10/11/2017 - 02:02:32: -------- Mapchange to cs_backalley --------
L 10/11/2017 - 02:30:32: [mapchooser.amxx] Vote: Voting for the nextmap started
L 10/11/2017 - 02:30:47: [mapchooser.amxx] Vote: Voting for the nextmap finished. The nextmap will be cs_militia
L 10/11/2017 - 02:33:22: -------- Mapchange to cs_militia --------
L 10/11/2017 - 03:01:19: [mapchooser.amxx] Vote: Voting for the nextmap started
L 10/11/2017 - 03:01:35: [mapchooser.amxx] Vote: Voting for the nextmap finished. The nextmap will be de_train
L 10/11/2017 - 03:04:10: -------- Mapchange to de_train --------
L 10/11/2017 - 03:32:10: [mapchooser.amxx] Vote: Voting for the nextmap started
L 10/11/2017 - 03:32:25: [mapchooser.amxx] Vote: Voting for the nextmap finished. The nextmap will be de_airstrip
L 10/11/2017 - 03:35:01: -------- Mapchange to de_airstrip --------
L 10/11/2017 - 04:03:01: [mapchooser.amxx] Vote: Voting for the nextmap started
L 10/11/2017 - 04:03:16: [mapchooser.amxx] Vote: Voting for the nextmap finished. The nextmap will be cs_havana
L 10/11/2017 - 04:05:52: -------- Mapchange to cs_havana --------
L 10/11/2017 - 04:33:51: [mapchooser.amxx] Vote: Voting for the nextmap started
L 10/11/2017 - 04:34:06: [mapchooser.amxx] Vote: Voting for the nextmap finished. The nextmap will be de_chateau
L 10/11/2017 - 04:36:42: -------- Mapchange to de_chateau --------
L 10/11/2017 - 05:04:42: [mapchooser.amxx] Vote: Voting for the nextmap started
L 10/11/2017 - 05:04:57: [mapchooser.amxx] Vote: Voting for the nextmap finished. The nextmap will be de_aztec
L 10/11/2017 - 05:07:33: -------- Mapchange to de_aztec --------
L 10/11/2017 - 05:35:33: [mapchooser.amxx] Vote: Voting for the nextmap started
L 10/11/2017 - 05:35:48: [mapchooser.amxx] Vote: Voting for the nextmap finished. The nextmap will be as_oilrig
L 10/11/2017 - 05:38:24: -------- Mapchange to as_oilrig --------
L 10/11/2017 - 06:06:23: [mapchooser.amxx] Vote: Voting for the nextmap started
L 10/11/2017 - 06:06:38: [mapchooser.amxx] Vote: Voting for the nextmap finished. The nextmap will be cs_siege
L 10/11/2017 - 06:09:14: -------- Mapchange to cs_siege --------
L 10/11/2017 - 06:37:14: [mapchooser.amxx] Vote: Voting for the nextmap started
L 10/11/2017 - 06:37:29: [mapchooser.amxx] Vote: Voting for the nextmap finished. The nextmap will be de_cbble
L 10/11/2017 - 06:40:05: -------- Mapchange to de_cbble --------
L 10/11/2017 - 07:08:05: [mapchooser.amxx] Vote: Voting for the nextmap started
L 10/11/2017 - 07:08:20: [mapchooser.amxx] Vote: Voting for the nextmap finished. The nextmap will be de_dust
L 10/11/2017 - 07:10:55: -------- Mapchange to de_dust --------
L 10/11/2017 - 07:38:55: [mapchooser.amxx] Vote: Voting for the nextmap started
L 10/11/2017 - 07:39:10: [mapchooser.amxx] Vote: Voting for the nextmap finished. The nextmap will be cs_747
L 10/11/2017 - 07:41:46: -------- Mapchange to cs_747 --------
L 10/11/2017 - 08:09:46: [mapchooser.amxx] Vote: Voting for the nextmap started
L 10/11/2017 - 08:10:01: [mapchooser.amxx] Vote: Voting for the nextmap finished. The nextmap will be de_prodigy
L 10/11/2017 - 08:12:37: -------- Mapchange to de_prodigy --------
L 10/11/2017 - 08:40:36: [mapchooser.amxx] Vote: Voting for the nextmap started
L 10/11/2017 - 08:40:51: [mapchooser.amxx] Vote: Voting for the nextmap finished. The nextmap will be cs_assault
L 10/11/2017 - 08:43:27: -------- Mapchange to cs_assault --------
L 10/11/2017 - 09:11:27: [mapchooser.amxx] Vote: Voting for the nextmap started
L 10/11/2017 - 09:11:42: [mapchooser.amxx] Vote: Voting for the nextmap finished. The nextmap will be cs_office
L 10/11/2017 - 09:14:18: -------- Mapchange to cs_office --------
L 10/11/2017 - 09:42:18: [mapchooser.amxx] Vote: Voting for the nextmap started
L 10/11/2017 - 09:42:33: [mapchooser.amxx] Vote: Voting for the nextmap finished. The nextmap will be cs_italy
L 10/11/2017 - 09:45:08: -------- Mapchange to cs_italy --------
L 10/11/2017 - 10:13:08: [mapchooser.amxx] Vote: Voting for the nextmap started
L 10/11/2017 - 10:13:23: [mapchooser.amxx] Vote: Voting for the nextmap finished. The nextmap will be cs_backalley
L 10/11/2017 - 10:15:59: -------- Mapchange to cs_backalley --------
L 10/11/2017 - 10:43:59: [mapchooser.amxx] Vote: Voting for the nextmap started
L 10/11/2017 - 10:44:14: [mapchooser.amxx] Vote: Voting for the nextmap finished. The nextmap will be cs_militia
L 10/11/2017 - 10:46:50: -------- Mapchange to cs_militia --------
L 10/11/2017 - 11:14:49: [mapchooser.amxx] Vote: Voting for the nextmap started
L 10/11/2017 - 11:15:05: [mapchooser.amxx] Vote: Voting for the nextmap finished. The nextmap will be de_train
L 10/11/2017 - 11:17:40: -------- Mapchange to de_train --------
L 10/11/2017 - 11:45:40: [mapchooser.amxx] Vote: Voting for the nextmap started
L 10/11/2017 - 11:45:55: [mapchooser.amxx] Vote: Voting for the nextmap finished. The nextmap will be de_airstrip
L 10/11/2017 - 11:48:31: -------- Mapchange to de_airstrip --------
L 10/11/2017 - 12:16:31: [mapchooser.amxx] Vote: Voting for the nextmap started
L 10/11/2017 - 12:16:46: [mapchooser.amxx] Vote: Voting for the nextmap finished. The nextmap will be cs_havana
L 10/11/2017 - 12:19:22: -------- Mapchange to cs_havana --------
L 10/11/2017 - 12:47:22: [mapchooser.amxx] Vote: Voting for the nextmap started
L 10/11/2017 - 12:47:37: [mapchooser.amxx] Vote: Voting for the nextmap finished. The nextmap will be de_chateau
L 10/11/2017 - 12:50:12: -------- Mapchange to de_chateau --------
L 10/11/2017 - 13:18:12: [mapchooser.amxx] Vote: Voting for the nextmap started
L 10/11/2017 - 13:18:27: [mapchooser.amxx] Vote: Voting for the nextmap finished. The nextmap will be de_aztec
L 10/11/2017 - 13:21:03: -------- Mapchange to de_aztec --------
L 10/11/2017 - 13:49:03: [mapchooser.amxx] Vote: Voting for the nextmap started
L 10/11/2017 - 13:49:18: [mapchooser.amxx] Vote: Voting for the nextmap finished. The nextmap will be as_oilrig
L 10/11/2017 - 13:51:54: -------- Mapchange to as_oilrig --------
L 10/11/2017 - 14:19:53: [mapchooser.amxx] Vote: Voting for the nextmap started
L 10/11/2017 - 14:20:08: [mapchooser.amxx] Vote: Voting for the nextmap finished. The nextmap will be cs_siege
L 10/11/2017 - 14:22:44: -------- Mapchange to cs_siege --------
L 10/11/2017 - 14:50:44: [mapchooser.amxx] Vote: Voting for the nextmap started
L 10/11/2017 - 14:50:59: [mapchooser.amxx] Vote: Voting for the nextmap finished. The nextmap will be de_cbble
L 10/11/2017 - 14:53:35: -------- Mapchange to de_cbble --------
L 10/11/2017 - 15:21:35: [mapchooser.amxx] Vote: Voting for the nextmap started
L 10/11/2017 - 15:21:50: [mapchooser.amxx] Vote: Voting for the nextmap finished. The nextmap will be de_dust
L 10/11/2017 - 15:24:25: -------- Mapchange to de_dust --------
L 10/11/2017 - 15:52:25: [mapchooser.amxx] Vote: Voting for the nextmap started
L 10/11/2017 - 15:52:40: [mapchooser.amxx] Vote: Voting for the nextmap finished. The nextmap will be cs_747
L 10/11/2017 - 15:55:16: -------- Mapchange to cs_747 --------
L 10/11/2017 - 16:23:16: [mapchooser.amxx] Vote: Voting for the nextmap started
L 10/11/2017 - 16:23:31: [mapchooser.amxx] Vote: Voting for the nextmap finished. The nextmap will be de_prodigy
L 10/11/2017 - 16:26:07: -------- Mapchange to de_prodigy --------
L 10/11/2017 - 16:54:06: [mapchooser.amxx] Vote: Voting for the nextmap started
L 10/11/2017 - 16:54:22: [mapchooser.amxx] Vote: Voting for the nextmap finished. The nextmap will be cs_assault
L 10/11/2017 - 16:56:57: -------- Mapchange to cs_assault --------
L 10/11/2017 - 17:24:57: [mapchooser.amxx] Vote: Voting for the nextmap started
L 10/11/2017 - 17:25:12: [mapchooser.amxx] Vote: Voting for the nextmap finished. The nextmap will be cs_office
L 10/11/2017 - 17:27:48: -------- Mapchange to cs_office --------
L 10/11/2017 - 17:55:48: [mapchooser.amxx] Vote: Voting for the nextmap started
L 10/11/2017 - 17:56:03: [mapchooser.amxx] Vote: Voting for the nextmap finished. The nextmap will be cs_italy
L 10/11/2017 - 17:58:39: -------- Mapchange to cs_italy --------
L 10/11/2017 - 18:26:38: [mapchooser.amxx] Vote: Voting for the nextmap started
L 10/11/2017 - 18:26:54: [mapchooser.amxx] Vote: Voting for the nextmap finished. The nextmap will be cs_backalley
L 10/11/2017 - 18:29:29: -------- Mapchange to cs_backalley --------
L 10/11/2017 - 18:57:29: [mapchooser.amxx] Vote: Voting for the nextmap started
L 10/11/2017 - 18:57:44: [mapchooser.amxx] Vote: Voting for the nextmap finished. The nextmap will be cs_militia
L 10/11/2017 - 19:00:20: -------- Mapchange to cs_militia --------
L 10/11/2017 - 19:28:20: [mapchooser.amxx] Vote: Voting for the nextmap started
L 10/11/2017 - 19:28:35: [mapchooser.amxx] Vote: Voting for the nextmap finished. The nextmap will be de_train
L 10/11/2017 - 19:31:11: -------- Mapchange to de_train --------
L 10/11/2017 - 19:59:10: [mapchooser.amxx] Vote: Voting for the nextmap started
L 10/11/2017 - 19:59:25: [mapchooser.amxx] Vote: Voting for the nextmap finished. The nextmap will be de_airstrip
L 10/11/2017 - 20:02:01: -------- Mapchange to de_airstrip --------
L 10/11/2017 - 20:30:01: [mapchooser.amxx] Vote: Voting for the nextmap started
L 10/11/2017 - 20:30:16: [mapchooser.amxx] Vote: Voting for the nextmap finished. The nextmap will be cs_havana
L 10/11/2017 - 20:32:52: -------- Mapchange to cs_havana --------
L 10/11/2017 - 21:00:52: [mapchooser.amxx] Vote: Voting for the nextmap started
L 10/11/2017 - 21:01:07: [mapchooser.amxx] Vote: Voting for the nextmap finished. The nextmap will be de_chateau
L 10/11/2017 - 21:03:43: -------- Mapchange to de_chateau --------
L 10/11/2017 - 21:31:42: [mapchooser.amxx] Vote: Voting for the nextmap started
L 10/11/2017 - 21:31:57: [mapchooser.amxx] Vote: Voting for the nextmap finished. The nextmap will be de_aztec
L 10/11/2017 - 21:34:33: -------- Mapchange to de_aztec --------
L 10/11/2017 - 22:02:33: [mapchooser.amxx] Vote: Voting for the nextmap started
L 10/11/2017 - 22:02:48: [mapchooser.amxx] Vote: Voting for the nextmap finished. The nextmap will be as_oilrig
L 10/11/2017 - 22:05:24: -------- Mapchange to as_oilrig --------
L 10/11/2017 - 22:33:24: [mapchooser.amxx] Vote: Voting for the nextmap started
L 10/11/2017 - 22:33:39: [mapchooser.amxx] Vote: Voting for the nextmap finished. The nextmap will be cs_siege
L 10/11/2017 - 22:36:14: -------- Mapchange to cs_siege --------
L 10/11/2017 - 23:04:14: [mapchooser.amxx] Vote: Voting for the nextmap started
L 10/11/2017 - 23:04:29: [mapchooser.amxx] Vote: Voting for the nextmap finished. The nextmap will be de_cbble
L 10/11/2017 - 23:07:05: -------- Mapchange to de_cbble --------
L 10/11/2017 - 23:35:05: [mapchooser.amxx] Vote: Voting for the nextmap started
L 10/11/2017 - 23:35:20: [mapchooser.amxx] Vote: Voting for the nextmap finished. The nextmap will be de_dust
L 10/11/2017 - 23:37:56: -------- Mapchange to de_dust --------
