L 10/29/2017 - 00:16:33: [mapchooser.amxx] Vote: Voting for the nextmap started
L 10/29/2017 - 00:16:48: [mapchooser.amxx] Vote: Voting for the nextmap finished. The nextmap will be de_dust
L 10/29/2017 - 00:18:39: -------- Mapchange to de_dust --------
L 10/29/2017 - 00:36:38: [mapchooser.amxx] Vote: Voting for the nextmap started
L 10/29/2017 - 00:36:54: [mapchooser.amxx] Vote: Voting for the nextmap finished. The nextmap will be de_dust2
L 10/29/2017 - 00:38:59: -------- Mapchange to de_dust2 --------
L 10/29/2017 - 00:56:59: [mapchooser.amxx] Vote: Voting for the nextmap started
L 10/29/2017 - 00:57:14: [mapchooser.amxx] Vote: Voting for the nextmap finished. The nextmap will be de_inferno
L 10/29/2017 - 00:59:19: -------- Mapchange to de_inferno --------
L 10/29/2017 - 01:17:19: [mapchooser.amxx] Vote: Voting for the nextmap started
L 10/29/2017 - 01:17:34: [mapchooser.amxx] Vote: Voting for the nextmap finished. The nextmap will be de_nuke
L 10/29/2017 - 01:19:39: -------- Mapchange to de_nuke --------
L 10/29/2017 - 01:37:39: [mapchooser.amxx] Vote: Voting for the nextmap started
L 10/29/2017 - 01:37:54: [mapchooser.amxx] Vote: Voting for the nextmap finished. The nextmap will be de_train
L 10/29/2017 - 01:40:00: -------- Mapchange to de_train --------
L 10/29/2017 - 01:58:00: [mapchooser.amxx] Vote: Voting for the nextmap started
L 10/29/2017 - 01:58:15: [mapchooser.amxx] Vote: Voting for the nextmap finished. The nextmap will be cs_italy
L 10/29/2017 - 02:00:20: -------- Mapchange to cs_italy --------
L 10/29/2017 - 02:18:20: [mapchooser.amxx] Vote: Voting for the nextmap started
L 10/29/2017 - 02:18:35: [mapchooser.amxx] Vote: Voting for the nextmap finished. The nextmap will be cs_militia
L 10/29/2017 - 02:20:40: -------- Mapchange to cs_militia --------
L 10/29/2017 - 02:38:40: [mapchooser.amxx] Vote: Voting for the nextmap started
L 10/29/2017 - 02:38:55: [mapchooser.amxx] Vote: Voting for the nextmap finished. The nextmap will be cs_office
L 10/29/2017 - 02:41:00: -------- Mapchange to cs_office --------
L 10/29/2017 - 02:59:00: [mapchooser.amxx] Vote: Voting for the nextmap started
L 10/29/2017 - 02:59:15: [mapchooser.amxx] Vote: Voting for the nextmap finished. The nextmap will be de_aztec
L 10/29/2017 - 03:01:18: -------- Mapchange to de_aztec --------
L 10/29/2017 - 03:19:18: [mapchooser.amxx] Vote: Voting for the nextmap started
L 10/29/2017 - 03:19:33: [mapchooser.amxx] Vote: Voting for the nextmap finished. The nextmap will be de_cbble
L 10/29/2017 - 03:21:38: -------- Mapchange to de_cbble --------
L 10/29/2017 - 03:39:38: [mapchooser.amxx] Vote: Voting for the nextmap started
L 10/29/2017 - 03:39:53: [mapchooser.amxx] Vote: Voting for the nextmap finished. The nextmap will be de_dust
L 10/29/2017 - 03:41:58: -------- Mapchange to de_dust --------
L 10/29/2017 - 03:59:58: [mapchooser.amxx] Vote: Voting for the nextmap started
L 10/29/2017 - 04:00:13: [mapchooser.amxx] Vote: Voting for the nextmap finished. The nextmap will be de_dust2
L 10/29/2017 - 04:02:19: -------- Mapchange to de_dust2 --------
L 10/29/2017 - 04:20:18: [mapchooser.amxx] Vote: Voting for the nextmap started
L 10/29/2017 - 04:20:33: [mapchooser.amxx] Vote: Voting for the nextmap finished. The nextmap will be de_inferno
L 10/29/2017 - 04:22:39: -------- Mapchange to de_inferno --------
L 10/29/2017 - 04:40:39: [mapchooser.amxx] Vote: Voting for the nextmap started
L 10/29/2017 - 04:40:54: [mapchooser.amxx] Vote: Voting for the nextmap finished. The nextmap will be de_nuke
L 10/29/2017 - 04:42:59: -------- Mapchange to de_nuke --------
L 10/29/2017 - 05:00:59: [mapchooser.amxx] Vote: Voting for the nextmap started
L 10/29/2017 - 05:01:14: [mapchooser.amxx] Vote: Voting for the nextmap finished. The nextmap will be de_train
L 10/29/2017 - 05:03:19: -------- Mapchange to de_train --------
L 10/29/2017 - 05:21:19: [mapchooser.amxx] Vote: Voting for the nextmap started
L 10/29/2017 - 05:21:34: [mapchooser.amxx] Vote: Voting for the nextmap finished. The nextmap will be cs_italy
L 10/29/2017 - 05:23:40: -------- Mapchange to cs_italy --------
L 10/29/2017 - 05:41:40: [mapchooser.amxx] Vote: Voting for the nextmap started
L 10/29/2017 - 05:41:55: [mapchooser.amxx] Vote: Voting for the nextmap finished. The nextmap will be cs_militia
L 10/29/2017 - 05:44:00: -------- Mapchange to cs_militia --------
L 10/29/2017 - 06:02:00: [mapchooser.amxx] Vote: Voting for the nextmap started
L 10/29/2017 - 06:02:15: [mapchooser.amxx] Vote: Voting for the nextmap finished. The nextmap will be cs_office
L 10/29/2017 - 06:04:20: -------- Mapchange to cs_office --------
L 10/29/2017 - 06:22:20: [mapchooser.amxx] Vote: Voting for the nextmap started
L 10/29/2017 - 06:22:35: [mapchooser.amxx] Vote: Voting for the nextmap finished. The nextmap will be de_aztec
L 10/29/2017 - 06:24:40: -------- Mapchange to de_aztec --------
L 10/29/2017 - 06:42:40: [mapchooser.amxx] Vote: Voting for the nextmap started
L 10/29/2017 - 06:42:55: [mapchooser.amxx] Vote: Voting for the nextmap finished. The nextmap will be de_cbble
L 10/29/2017 - 06:45:01: -------- Mapchange to de_cbble --------
L 10/29/2017 - 07:03:01: [mapchooser.amxx] Vote: Voting for the nextmap started
L 10/29/2017 - 07:03:16: [mapchooser.amxx] Vote: Voting for the nextmap finished. The nextmap will be de_dust
L 10/29/2017 - 07:05:21: -------- Mapchange to de_dust --------
L 10/29/2017 - 07:23:21: [mapchooser.amxx] Vote: Voting for the nextmap started
L 10/29/2017 - 07:23:36: [mapchooser.amxx] Vote: Voting for the nextmap finished. The nextmap will be de_dust2
L 10/29/2017 - 07:25:41: -------- Mapchange to de_dust2 --------
L 10/29/2017 - 07:43:41: [mapchooser.amxx] Vote: Voting for the nextmap started
L 10/29/2017 - 07:43:56: [mapchooser.amxx] Vote: Voting for the nextmap finished. The nextmap will be de_inferno
L 10/29/2017 - 07:46:01: -------- Mapchange to de_inferno --------
L 10/29/2017 - 08:04:01: [mapchooser.amxx] Vote: Voting for the nextmap started
L 10/29/2017 - 08:04:16: [mapchooser.amxx] Vote: Voting for the nextmap finished. The nextmap will be de_nuke
L 10/29/2017 - 08:06:22: -------- Mapchange to de_nuke --------
L 10/29/2017 - 08:24:21: [mapchooser.amxx] Vote: Voting for the nextmap started
L 10/29/2017 - 08:24:37: [mapchooser.amxx] Vote: Voting for the nextmap finished. The nextmap will be de_train
L 10/29/2017 - 08:26:42: -------- Mapchange to de_train --------
L 10/29/2017 - 08:44:42: [mapchooser.amxx] Vote: Voting for the nextmap started
L 10/29/2017 - 08:44:57: [mapchooser.amxx] Vote: Voting for the nextmap finished. The nextmap will be cs_italy
L 10/29/2017 - 08:47:02: -------- Mapchange to cs_italy --------
L 10/29/2017 - 09:05:02: [mapchooser.amxx] Vote: Voting for the nextmap started
L 10/29/2017 - 09:05:17: [mapchooser.amxx] Vote: Voting for the nextmap finished. The nextmap will be cs_militia
L 10/29/2017 - 09:07:23: -------- Mapchange to cs_militia --------
L 10/29/2017 - 09:25:22: [mapchooser.amxx] Vote: Voting for the nextmap started
L 10/29/2017 - 09:25:38: [mapchooser.amxx] Vote: Voting for the nextmap finished. The nextmap will be cs_office
L 10/29/2017 - 09:27:43: -------- Mapchange to cs_office --------
L 10/29/2017 - 09:45:43: [mapchooser.amxx] Vote: Voting for the nextmap started
L 10/29/2017 - 09:45:58: [mapchooser.amxx] Vote: Voting for the nextmap finished. The nextmap will be de_aztec
L 10/29/2017 - 09:48:03: -------- Mapchange to de_aztec --------
L 10/29/2017 - 10:06:03: [mapchooser.amxx] Vote: Voting for the nextmap started
L 10/29/2017 - 10:06:18: [mapchooser.amxx] Vote: Voting for the nextmap finished. The nextmap will be de_cbble
L 10/29/2017 - 10:08:23: -------- Mapchange to de_cbble --------
L 10/29/2017 - 10:26:23: [mapchooser.amxx] Vote: Voting for the nextmap started
L 10/29/2017 - 10:26:38: [mapchooser.amxx] Vote: Voting for the nextmap finished. The nextmap will be de_dust
L 10/29/2017 - 10:28:44: -------- Mapchange to de_dust --------
L 10/29/2017 - 10:46:44: [mapchooser.amxx] Vote: Voting for the nextmap started
L 10/29/2017 - 10:46:59: [mapchooser.amxx] Vote: Voting for the nextmap finished. The nextmap will be de_dust2
L 10/29/2017 - 10:49:04: -------- Mapchange to de_dust2 --------
L 10/29/2017 - 11:07:04: [mapchooser.amxx] Vote: Voting for the nextmap started
L 10/29/2017 - 11:07:19: [mapchooser.amxx] Vote: Voting for the nextmap finished. The nextmap will be de_inferno
L 10/29/2017 - 11:09:24: -------- Mapchange to de_inferno --------
L 10/29/2017 - 11:27:24: [mapchooser.amxx] Vote: Voting for the nextmap started
L 10/29/2017 - 11:27:39: [mapchooser.amxx] Vote: Voting for the nextmap finished. The nextmap will be de_nuke
L 10/29/2017 - 11:29:45: -------- Mapchange to de_nuke --------
L 10/29/2017 - 11:47:44: [mapchooser.amxx] Vote: Voting for the nextmap started
L 10/29/2017 - 11:47:59: [mapchooser.amxx] Vote: Voting for the nextmap finished. The nextmap will be de_train
L 10/29/2017 - 11:50:05: -------- Mapchange to de_train --------
L 10/29/2017 - 12:08:05: [mapchooser.amxx] Vote: Voting for the nextmap started
L 10/29/2017 - 12:08:20: [mapchooser.amxx] Vote: Voting for the nextmap finished. The nextmap will be cs_italy
L 10/29/2017 - 12:10:25: -------- Mapchange to cs_italy --------
L 10/29/2017 - 12:28:25: [mapchooser.amxx] Vote: Voting for the nextmap started
L 10/29/2017 - 12:28:40: [mapchooser.amxx] Vote: Voting for the nextmap finished. The nextmap will be cs_militia
L 10/29/2017 - 12:30:45: -------- Mapchange to cs_militia --------
L 10/29/2017 - 12:48:45: [mapchooser.amxx] Vote: Voting for the nextmap started
L 10/29/2017 - 12:49:00: [mapchooser.amxx] Vote: Voting for the nextmap finished. The nextmap will be cs_office
L 10/29/2017 - 12:51:06: -------- Mapchange to cs_office --------
L 10/29/2017 - 13:09:06: [mapchooser.amxx] Vote: Voting for the nextmap started
L 10/29/2017 - 13:09:21: [mapchooser.amxx] Vote: Voting for the nextmap finished. The nextmap will be de_aztec
L 10/29/2017 - 13:11:26: -------- Mapchange to de_aztec --------
L 10/29/2017 - 13:29:26: [mapchooser.amxx] Vote: Voting for the nextmap started
L 10/29/2017 - 13:29:41: [mapchooser.amxx] Vote: Voting for the nextmap finished. The nextmap will be de_cbble
L 10/29/2017 - 13:31:46: -------- Mapchange to de_cbble --------
L 10/29/2017 - 13:49:46: [mapchooser.amxx] Vote: Voting for the nextmap started
L 10/29/2017 - 13:50:01: [mapchooser.amxx] Vote: Voting for the nextmap finished. The nextmap will be de_dust
L 10/29/2017 - 13:52:07: -------- Mapchange to de_dust --------
L 10/29/2017 - 14:10:06: [mapchooser.amxx] Vote: Voting for the nextmap started
L 10/29/2017 - 14:10:22: [mapchooser.amxx] Vote: Voting for the nextmap finished. The nextmap will be de_dust2
L 10/29/2017 - 14:12:27: -------- Mapchange to de_dust2 --------
L 10/29/2017 - 14:30:27: [mapchooser.amxx] Vote: Voting for the nextmap started
L 10/29/2017 - 14:30:42: [mapchooser.amxx] Vote: Voting for the nextmap finished. The nextmap will be de_inferno
L 10/29/2017 - 14:32:47: -------- Mapchange to de_inferno --------
L 10/29/2017 - 14:50:47: [mapchooser.amxx] Vote: Voting for the nextmap started
L 10/29/2017 - 14:51:02: [mapchooser.amxx] Vote: Voting for the nextmap finished. The nextmap will be de_nuke
L 10/29/2017 - 14:53:07: -------- Mapchange to de_nuke --------
L 10/29/2017 - 15:11:07: [mapchooser.amxx] Vote: Voting for the nextmap started
L 10/29/2017 - 15:11:22: [mapchooser.amxx] Vote: Voting for the nextmap finished. The nextmap will be de_train
L 10/29/2017 - 15:13:28: -------- Mapchange to de_train --------
L 10/29/2017 - 15:31:28: [mapchooser.amxx] Vote: Voting for the nextmap started
L 10/29/2017 - 15:31:43: [mapchooser.amxx] Vote: Voting for the nextmap finished. The nextmap will be cs_italy
L 10/29/2017 - 15:33:48: -------- Mapchange to cs_italy --------
L 10/29/2017 - 15:51:48: [mapchooser.amxx] Vote: Voting for the nextmap started
L 10/29/2017 - 15:52:03: [mapchooser.amxx] Vote: Voting for the nextmap finished. The nextmap will be cs_militia
L 10/29/2017 - 15:54:08: -------- Mapchange to cs_militia --------
L 10/29/2017 - 16:12:08: [mapchooser.amxx] Vote: Voting for the nextmap started
L 10/29/2017 - 16:12:23: [mapchooser.amxx] Vote: Voting for the nextmap finished. The nextmap will be cs_office
L 10/29/2017 - 16:14:29: -------- Mapchange to cs_office --------
L 10/29/2017 - 16:32:29: [mapchooser.amxx] Vote: Voting for the nextmap started
L 10/29/2017 - 16:32:44: [mapchooser.amxx] Vote: Voting for the nextmap finished. The nextmap will be de_aztec
L 10/29/2017 - 16:34:49: -------- Mapchange to de_aztec --------
L 10/29/2017 - 16:52:49: [mapchooser.amxx] Vote: Voting for the nextmap started
L 10/29/2017 - 16:53:04: [mapchooser.amxx] Vote: Voting for the nextmap finished. The nextmap will be de_cbble
L 10/29/2017 - 16:55:09: -------- Mapchange to de_cbble --------
L 10/29/2017 - 17:13:09: [mapchooser.amxx] Vote: Voting for the nextmap started
L 10/29/2017 - 17:13:24: [mapchooser.amxx] Vote: Voting for the nextmap finished. The nextmap will be de_dust
L 10/29/2017 - 17:15:30: -------- Mapchange to de_dust --------
L 10/29/2017 - 17:33:29: [mapchooser.amxx] Vote: Voting for the nextmap started
L 10/29/2017 - 17:33:44: [mapchooser.amxx] Vote: Voting for the nextmap finished. The nextmap will be de_dust2
L 10/29/2017 - 17:35:50: -------- Mapchange to de_dust2 --------
L 10/29/2017 - 17:53:50: [mapchooser.amxx] Vote: Voting for the nextmap started
L 10/29/2017 - 17:54:05: [mapchooser.amxx] Vote: Voting for the nextmap finished. The nextmap will be de_inferno
L 10/29/2017 - 17:56:10: -------- Mapchange to de_inferno --------
L 10/29/2017 - 18:14:10: [mapchooser.amxx] Vote: Voting for the nextmap started
L 10/29/2017 - 18:14:25: [mapchooser.amxx] Vote: Voting for the nextmap finished. The nextmap will be de_nuke
L 10/29/2017 - 18:16:30: -------- Mapchange to de_nuke --------
