L 11/07/2017 - 00:07:09: -------- Mapchange to de_train --------
L 11/07/2017 - 00:45:09: [mapchooser.amxx] Vote: Voting for the nextmap started
L 11/07/2017 - 00:45:24: [mapchooser.amxx] Vote: Voting for the nextmap finished. The nextmap will be awp_india
L 11/07/2017 - 01:00:56: -------- Mapchange to awp_india --------
L 11/07/2017 - 01:38:56: [mapchooser.amxx] Vote: Voting for the nextmap started
L 11/07/2017 - 01:39:11: [mapchooser.amxx] Vote: Voting for the nextmap finished. The nextmap will be 4_houses
L 11/07/2017 - 01:54:43: -------- Mapchange to 4_houses --------
L 11/07/2017 - 02:32:43: [mapchooser.amxx] Vote: Voting for the nextmap started
L 11/07/2017 - 02:32:58: [mapchooser.amxx] Vote: Voting for the nextmap finished. The nextmap will be aim_headshot
L 11/07/2017 - 02:48:31: -------- Mapchange to aim_headshot --------
L 11/07/2017 - 03:26:28: [mapchooser.amxx] Vote: Voting for the nextmap started
L 11/07/2017 - 03:26:43: [mapchooser.amxx] Vote: Voting for the nextmap finished. The nextmap will be awp_city2
L 11/07/2017 - 03:42:15: -------- Mapchange to awp_city2 --------
L 11/07/2017 - 04:20:15: [mapchooser.amxx] Vote: Voting for the nextmap started
L 11/07/2017 - 04:20:30: [mapchooser.amxx] Vote: Voting for the nextmap finished. The nextmap will be cs_office2
L 11/07/2017 - 04:36:03: -------- Mapchange to cs_office2 --------
L 11/07/2017 - 05:14:03: [mapchooser.amxx] Vote: Voting for the nextmap started
L 11/07/2017 - 05:14:18: [mapchooser.amxx] Vote: Voting for the nextmap finished. The nextmap will be cs_pf_dust
L 11/07/2017 - 05:29:50: -------- Mapchange to cs_pf_dust --------
L 11/07/2017 - 06:07:50: [mapchooser.amxx] Vote: Voting for the nextmap started
L 11/07/2017 - 06:08:05: [mapchooser.amxx] Vote: Voting for the nextmap finished. The nextmap will be de_cpl_mill
L 11/07/2017 - 06:23:38: -------- Mapchange to de_cpl_mill --------
L 11/07/2017 - 07:01:37: [mapchooser.amxx] Vote: Voting for the nextmap started
L 11/07/2017 - 07:01:53: [mapchooser.amxx] Vote: Voting for the nextmap finished. The nextmap will be de_dust2_2x2
L 11/07/2017 - 07:17:25: -------- Mapchange to de_dust2_2x2 --------
L 11/07/2017 - 07:55:25: [mapchooser.amxx] Vote: Voting for the nextmap started
L 11/07/2017 - 07:55:40: [mapchooser.amxx] Vote: Voting for the nextmap finished. The nextmap will be de_dust2002
L 11/07/2017 - 08:11:12: -------- Mapchange to de_dust2002 --------
L 11/07/2017 - 08:49:12: [mapchooser.amxx] Vote: Voting for the nextmap started
L 11/07/2017 - 08:49:27: [mapchooser.amxx] Vote: Voting for the nextmap finished. The nextmap will be de_dustall
L 11/07/2017 - 09:05:00: -------- Mapchange to de_dustall --------
L 11/07/2017 - 09:43:00: [mapchooser.amxx] Vote: Voting for the nextmap started
L 11/07/2017 - 09:43:15: [mapchooser.amxx] Vote: Voting for the nextmap finished. The nextmap will be de_dustall2
L 11/07/2017 - 09:58:48: -------- Mapchange to de_dustall2 --------
L 11/07/2017 - 10:36:48: [mapchooser.amxx] Vote: Voting for the nextmap started
L 11/07/2017 - 10:37:03: [mapchooser.amxx] Vote: Voting for the nextmap finished. The nextmap will be de_indust2
L 11/07/2017 - 10:52:35: -------- Mapchange to de_indust2 --------
L 11/07/2017 - 11:30:35: [mapchooser.amxx] Vote: Voting for the nextmap started
L 11/07/2017 - 11:30:50: [mapchooser.amxx] Vote: Voting for the nextmap finished. The nextmap will be css_dust2
L 11/07/2017 - 11:46:23: -------- Mapchange to css_dust2 --------
L 11/07/2017 - 12:24:23: [mapchooser.amxx] Vote: Voting for the nextmap started
L 11/07/2017 - 12:24:38: [mapchooser.amxx] Vote: Voting for the nextmap finished. The nextmap will be de_dust2_2006
L 11/07/2017 - 12:40:10: -------- Mapchange to de_dust2_2006 --------
L 11/07/2017 - 13:18:10: [mapchooser.amxx] Vote: Voting for the nextmap started
L 11/07/2017 - 13:18:25: [mapchooser.amxx] Vote: Voting for the nextmap finished. The nextmap will be de_dust2_2014
L 11/07/2017 - 13:33:58: -------- Mapchange to de_dust2_2014 --------
L 11/07/2017 - 14:11:58: [mapchooser.amxx] Vote: Voting for the nextmap started
L 11/07/2017 - 14:12:13: [mapchooser.amxx] Vote: Voting for the nextmap finished. The nextmap will be de_dust2_medieval
L 11/07/2017 - 14:27:45: -------- Mapchange to de_dust2_medieval --------
L 11/07/2017 - 15:05:45: [mapchooser.amxx] Vote: Voting for the nextmap started
L 11/07/2017 - 15:06:00: [mapchooser.amxx] Vote: Voting for the nextmap finished. The nextmap will be de_dust2_suncsm
L 11/07/2017 - 15:21:33: -------- Mapchange to de_dust2_suncsm --------
L 11/07/2017 - 15:59:33: [mapchooser.amxx] Vote: Voting for the nextmap started
L 11/07/2017 - 15:59:48: [mapchooser.amxx] Vote: Voting for the nextmap finished. The nextmap will be de_dustroyal
L 11/07/2017 - 16:15:21: -------- Mapchange to de_dustroyal --------
L 11/07/2017 - 16:53:21: [mapchooser.amxx] Vote: Voting for the nextmap started
L 11/07/2017 - 16:53:36: [mapchooser.amxx] Vote: Voting for the nextmap finished. The nextmap will be de_nust2
L 11/07/2017 - 17:09:08: -------- Mapchange to de_nust2 --------
L 11/07/2017 - 17:47:08: [mapchooser.amxx] Vote: Voting for the nextmap started
L 11/07/2017 - 17:47:23: [mapchooser.amxx] Vote: Voting for the nextmap finished. The nextmap will be de_zook
L 11/07/2017 - 18:02:56: -------- Mapchange to de_zook --------
L 11/07/2017 - 18:23:01: [ms_afkkiss.amxx] ТохаБезпридельNIk was kicked for being AFK longer than 60 seconds
L 11/07/2017 - 18:58:56: [mapchooser.amxx] Vote: Voting for the nextmap started
L 11/07/2017 - 18:59:11: [mapchooser.amxx] Vote: Voting for the nextmap finished. The nextmap will be de_westwood
L 11/07/2017 - 19:01:14: -------- Mapchange to de_westwood --------
L 11/07/2017 - 19:39:29: [mapchooser.amxx] Vote: Voting for the nextmap started
L 11/07/2017 - 19:39:44: [mapchooser.amxx] Vote: Voting for the nextmap finished. The nextmap will be de_kabul_32
L 11/07/2017 - 19:41:36: -------- Mapchange to de_kabul_32 --------
L 11/07/2017 - 20:29:51: [mapchooser.amxx] Vote: Voting for the nextmap started
L 11/07/2017 - 20:30:06: [mapchooser.amxx] Vote: Voting for the nextmap finished. The nextmap will be de_westwood
L 11/07/2017 - 20:32:05: -------- Mapchange to de_westwood --------
L 11/07/2017 - 21:16:03: [admin.amxx] Login: "DeWolt<279><STEAM_0:0:19404857><>" became an admin (account "STEAM_0:0:19404857") (access "abcdefghijklmnpqrstuvw") (address "212.104.90.17")
L 11/07/2017 - 21:46:20: [mapchooser.amxx] Vote: Voting for the nextmap started
L 11/07/2017 - 21:46:35: [mapchooser.amxx] Vote: Voting for the nextmap finished. The nextmap will be css_kabul
L 11/07/2017 - 21:47:58: [admin.amxx] Login: "DeWolt<280><STEAM_0:0:19404857><>" became an admin (account "STEAM_0:0:19404857") (access "abcdefghijklmnpqrstuvw") (address "212.104.90.17")
L 11/07/2017 - 21:48:25: -------- Mapchange to css_kabul --------
L 11/07/2017 - 21:48:25: [AMXX] Failed to open dictionary file: cstrike/addons/amxmodx/data/lang/ms_votemap.txt
L 11/07/2017 - 21:48:25: [AMXX] Failed to open dictionary file: cstrike/addons/amxmodx/data/lang/ms_global.txt
L 11/07/2017 - 21:48:25: [ms_mapchooser.amxx] Файл addons/amxmodx/configs/ms_config/ms_lastmaps.ini не найден. Плагин создаст файл автоматически.
L 11/07/2017 - 21:48:25: [ms_mapchooser.amxx] Невозможно удалить файл addons/amxmodx/configs/ms_config/ms_lastmaps.ini
L 11/07/2017 - 21:48:26: [admin.amxx] Login: "DeWolt<280><STEAM_0:0:19404857><>" became an admin (account "STEAM_0:0:19404857") (access "abcdefghijklmnpqrstuvw") (address "212.104.90.17")
L 11/07/2017 - 21:50:28: [mapsmenu.amxx] Cmd: "DeWolt<280><STEAM_0:0:19404857><>" changelevel "cs_pf_dust"
L 11/07/2017 - 21:50:30: -------- Mapchange to cs_pf_dust --------
L 11/07/2017 - 21:50:31: [admin.amxx] Login: "DeWolt<280><STEAM_0:0:19404857><>" became an admin (account "STEAM_0:0:19404857") (access "abcdefghijklmnpqrstuvw") (address "212.104.90.17")
L 11/07/2017 - 22:00:49: [ms_mapchooser.amxx] 1. g_i_VotedPlayers[id] = 0, i_MapsNum = 6
L 11/07/2017 - 22:00:49: [ms_mapchooser.amxx] 3. g_i_VotedPlayers[id] = 64, i_MapsNum = 6
L 11/07/2017 - 22:03:58: -------- Mapchange to de_dust2_2x2 --------
L 11/07/2017 - 22:03:58: [admin.amxx] Login: "DeWolt<280><STEAM_0:0:19404857><>" became an admin (account "STEAM_0:0:19404857") (access "abcdefghijklmnpqrstuvw") (address "212.104.90.17")
L 11/07/2017 - 22:05:03: [admincmd.amxx] Cmd: "DeWolt<280><STEAM_0:0:19404857><>" set cvar (name "ms_timeout_nominate") (value "1")
L 11/07/2017 - 22:05:23: [ms_mapchooser.amxx] 1. g_i_VotedPlayers[id] = 0, i_MapsNum = 22
L 11/07/2017 - 22:05:23: [ms_mapchooser.amxx] 3. g_i_VotedPlayers[id] = 4194304, i_MapsNum = 22
L 11/07/2017 - 22:10:55: -------- Mapchange to fy_pool_day --------
L 11/07/2017 - 22:10:56: [admin.amxx] Login: "DeWolt<280><STEAM_0:0:19404857><>" became an admin (account "STEAM_0:0:19404857") (access "abcdefghijklmnpqrstuvw") (address "212.104.90.17")
L 11/07/2017 - 22:10:57: [admin.amxx] Login: "DeWolt<281><STEAM_0:0:19404857><>" became an admin (account "STEAM_0:0:19404857") (access "abcdefghijklmnpqrstuvw") (address "212.104.90.17")
L 11/07/2017 - 22:12:12: [ms_mapchooser.amxx] 1. g_i_VotedPlayers[id] = 0, i_MapsNum = 19
L 11/07/2017 - 22:12:12: [ms_mapchooser.amxx] 3. g_i_VotedPlayers[id] = 524288, i_MapsNum = 19
L 11/07/2017 - 22:14:44: -------- Mapchange to de_kabul_32 --------
L 11/07/2017 - 22:14:44: [admin.amxx] Login: "DeWolt<281><STEAM_0:0:19404857><>" became an admin (account "STEAM_0:0:19404857") (access "abcdefghijklmnpqrstuvw") (address "212.104.90.17")
L 11/07/2017 - 22:16:15: [ms_mapchooser.amxx] 1. g_i_VotedPlayers[id] = 0, i_MapsNum = 0
L 11/07/2017 - 22:16:15: [ms_mapchooser.amxx] 3. g_i_VotedPlayers[id] = 1, i_MapsNum = 0
L 11/07/2017 - 22:19:28: -------- Mapchange to awp_india --------
L 11/07/2017 - 22:19:29: [admin.amxx] Login: "DeWolt<281><STEAM_0:0:19404857><>" became an admin (account "STEAM_0:0:19404857") (access "abcdefghijklmnpqrstuvw") (address "212.104.90.17")
L 11/07/2017 - 22:20:33: [admincmd.amxx] Cmd: "DeWolt<281><STEAM_0:0:19404857><>" set cvar (name "ms_timeout_nominate") (value "1")
L 11/07/2017 - 22:20:39: [ms_mapchooser.amxx] 1. g_i_VotedPlayers[id] = 0, i_MapsNum = 1
L 11/07/2017 - 22:20:39: [ms_mapchooser.amxx] 3. g_i_VotedPlayers[id] = 2, i_MapsNum = 1
L 11/07/2017 - 22:26:08: -------- Mapchange to aim_headshot --------
L 11/07/2017 - 22:26:09: [admin.amxx] Login: "DeWolt<281><STEAM_0:0:19404857><>" became an admin (account "STEAM_0:0:19404857") (access "abcdefghijklmnpqrstuvw") (address "212.104.90.17")
L 11/07/2017 - 22:26:10: [admin.amxx] Login: "DeWolt<283><STEAM_0:0:19404857><>" became an admin (account "STEAM_0:0:19404857") (access "abcdefghijklmnpqrstuvw") (address "212.104.90.17")
L 11/07/2017 - 22:27:16: [ms_mapchooser.amxx] 1. g_i_VotedPlayers[id] = 0, i_MapsNum = 1
L 11/07/2017 - 22:27:16: [ms_mapchooser.amxx] 3. g_i_VotedPlayers[id] = 2, i_MapsNum = 1
L 11/07/2017 - 22:28:00: -------- Mapchange to awp_city2 --------
L 11/07/2017 - 22:28:01: [admin.amxx] Login: "DeWolt<283><STEAM_0:0:19404857><>" became an admin (account "STEAM_0:0:19404857") (access "abcdefghijklmnpqrstuvw") (address "212.104.90.17")
L 11/07/2017 - 22:28:27: [admincmd.amxx] Cmd: "DeWolt<283><STEAM_0:0:19404857><>" set cvar (name "ms_timeout_nominate") (value "5")
L 11/07/2017 - 22:45:21: [ms_mapchooser.amxx] 1. g_i_VotedPlayers[id] = 0, i_MapsNum = 17
L 11/07/2017 - 22:45:21: [ms_mapchooser.amxx] 3. g_i_VotedPlayers[id] = 131072, i_MapsNum = 17
L 11/07/2017 - 22:46:02: -------- Mapchange to css_kabul --------
L 11/07/2017 - 22:46:03: [admin.amxx] Login: "DeWolt<283><STEAM_0:0:19404857><>" became an admin (account "STEAM_0:0:19404857") (access "abcdefghijklmnpqrstuvw") (address "212.104.90.17")
