L 11/02/2017 - 00:15:44: [mapchooser.amxx] Vote: Voting for the nextmap started
L 11/02/2017 - 00:15:59: [mapchooser.amxx] Vote: Voting for the nextmap finished. The nextmap will be de_inferno
L 11/02/2017 - 00:18:18: -------- Mapchange to de_inferno --------
L 11/02/2017 - 00:56:18: [mapchooser.amxx] Vote: Voting for the nextmap started
L 11/02/2017 - 00:56:33: [mapchooser.amxx] Vote: Voting for the nextmap finished. The nextmap will be de_nuke
L 11/02/2017 - 00:58:52: -------- Mapchange to de_nuke --------
L 11/02/2017 - 01:36:51: [mapchooser.amxx] Vote: Voting for the nextmap started
L 11/02/2017 - 01:37:07: [mapchooser.amxx] Vote: Voting for the nextmap finished. The nextmap will be de_train
L 11/02/2017 - 01:39:25: -------- Mapchange to de_train --------
L 11/02/2017 - 02:17:25: [mapchooser.amxx] Vote: Voting for the nextmap started
L 11/02/2017 - 02:17:40: [mapchooser.amxx] Vote: Voting for the nextmap finished. The nextmap will be awp_india
L 11/02/2017 - 02:19:58: -------- Mapchange to awp_india --------
L 11/02/2017 - 02:57:58: [mapchooser.amxx] Vote: Voting for the nextmap started
L 11/02/2017 - 02:58:13: [mapchooser.amxx] Vote: Voting for the nextmap finished. The nextmap will be 4_houses
L 11/02/2017 - 03:00:29: -------- Mapchange to 4_houses --------
L 11/02/2017 - 03:38:29: [mapchooser.amxx] Vote: Voting for the nextmap started
L 11/02/2017 - 03:38:44: [mapchooser.amxx] Vote: Voting for the nextmap finished. The nextmap will be aim_headshot
L 11/02/2017 - 03:41:02: -------- Mapchange to aim_headshot --------
L 11/02/2017 - 04:19:02: [mapchooser.amxx] Vote: Voting for the nextmap started
L 11/02/2017 - 04:19:17: [mapchooser.amxx] Vote: Voting for the nextmap finished. The nextmap will be awp_city2
L 11/02/2017 - 04:21:36: -------- Mapchange to awp_city2 --------
L 11/02/2017 - 04:59:36: [mapchooser.amxx] Vote: Voting for the nextmap started
L 11/02/2017 - 04:59:51: [mapchooser.amxx] Vote: Voting for the nextmap finished. The nextmap will be cs_office2
L 11/02/2017 - 05:02:09: -------- Mapchange to cs_office2 --------
L 11/02/2017 - 05:40:09: [mapchooser.amxx] Vote: Voting for the nextmap started
L 11/02/2017 - 05:40:24: [mapchooser.amxx] Vote: Voting for the nextmap finished. The nextmap will be cs_pf_dust
L 11/02/2017 - 05:42:43: -------- Mapchange to cs_pf_dust --------
L 11/02/2017 - 06:20:43: [mapchooser.amxx] Vote: Voting for the nextmap started
L 11/02/2017 - 06:20:58: [mapchooser.amxx] Vote: Voting for the nextmap finished. The nextmap will be de_cpl_mill
L 11/02/2017 - 06:23:16: -------- Mapchange to de_cpl_mill --------
L 11/02/2017 - 07:01:16: [mapchooser.amxx] Vote: Voting for the nextmap started
L 11/02/2017 - 07:01:31: [mapchooser.amxx] Vote: Voting for the nextmap finished. The nextmap will be de_dust2_2x2
L 11/02/2017 - 07:03:50: -------- Mapchange to de_dust2_2x2 --------
L 11/02/2017 - 07:41:50: [mapchooser.amxx] Vote: Voting for the nextmap started
L 11/02/2017 - 07:42:05: [mapchooser.amxx] Vote: Voting for the nextmap finished. The nextmap will be de_dust2002
L 11/02/2017 - 07:44:23: -------- Mapchange to de_dust2002 --------
L 11/02/2017 - 08:22:23: [mapchooser.amxx] Vote: Voting for the nextmap started
L 11/02/2017 - 08:22:38: [mapchooser.amxx] Vote: Voting for the nextmap finished. The nextmap will be de_dustall
L 11/02/2017 - 08:24:57: -------- Mapchange to de_dustall --------
L 11/02/2017 - 09:02:57: [mapchooser.amxx] Vote: Voting for the nextmap started
L 11/02/2017 - 09:03:12: [mapchooser.amxx] Vote: Voting for the nextmap finished. The nextmap will be de_dustall2
L 11/02/2017 - 09:05:31: -------- Mapchange to de_dustall2 --------
L 11/02/2017 - 10:42:01: [mapchooser.amxx] Vote: Voting for the nextmap started
L 11/02/2017 - 10:42:16: [mapchooser.amxx] Vote: Voting for the nextmap finished. The nextmap will be de_indust2
L 11/02/2017 - 10:44:10: -------- Mapchange to de_indust2 --------
L 11/02/2017 - 11:22:09: [mapchooser.amxx] Vote: Voting for the nextmap started
L 11/02/2017 - 11:22:25: [mapchooser.amxx] Vote: Voting for the nextmap finished. The nextmap will be css_dust2
L 11/02/2017 - 12:22:48: -------- Mapchange to css_dust2 --------
L 11/02/2017 - 13:00:48: [mapchooser.amxx] Vote: Voting for the nextmap started
L 11/02/2017 - 13:01:03: [mapchooser.amxx] Vote: Voting for the nextmap finished. The nextmap will be de_dust2_2006
L 11/02/2017 - 14:01:27: -------- Mapchange to de_dust2_2006 --------
L 11/02/2017 - 14:39:27: [mapchooser.amxx] Vote: Voting for the nextmap started
L 11/02/2017 - 14:39:42: [mapchooser.amxx] Vote: Voting for the nextmap finished. The nextmap will be de_dust2_2014
L 11/02/2017 - 15:40:06: -------- Mapchange to de_dust2_2014 --------
L 11/02/2017 - 16:18:06: [mapchooser.amxx] Vote: Voting for the nextmap started
L 11/02/2017 - 16:18:21: [mapchooser.amxx] Vote: Voting for the nextmap finished. The nextmap will be de_dust2_medieval
L 11/02/2017 - 17:18:45: -------- Mapchange to de_dust2_medieval --------
L 11/02/2017 - 18:16:29: [mapchooser.amxx] Vote: Voting for the nextmap started
L 11/02/2017 - 18:16:44: [mapchooser.amxx] Vote: Voting for the nextmap finished. The nextmap will be de_dust2_suncsm
L 11/02/2017 - 18:18:49: -------- Mapchange to de_dust2_suncsm --------
L 11/02/2017 - 18:56:49: [mapchooser.amxx] Vote: Voting for the nextmap started
L 11/02/2017 - 18:57:04: [mapchooser.amxx] Vote: Voting for the nextmap finished. The nextmap will be de_dustroyal
L 11/02/2017 - 19:18:53: -------- Mapchange to de_dustroyal --------
L 11/02/2017 - 19:56:53: [mapchooser.amxx] Vote: Voting for the nextmap started
L 11/02/2017 - 19:57:08: [mapchooser.amxx] Vote: Voting for the nextmap finished. The nextmap will be de_nust2
L 11/02/2017 - 20:18:58: -------- Mapchange to de_nust2 --------
L 11/02/2017 - 20:56:58: [mapchooser.amxx] Vote: Voting for the nextmap started
L 11/02/2017 - 20:57:13: [mapchooser.amxx] Vote: Voting for the nextmap finished. The nextmap will be de_zook
L 11/02/2017 - 21:19:02: -------- Mapchange to de_zook --------
L 11/02/2017 - 21:57:02: [mapchooser.amxx] Vote: Voting for the nextmap started
L 11/02/2017 - 21:57:17: [mapchooser.amxx] Vote: Voting for the nextmap finished. The nextmap will be de_inferno2010
L 11/02/2017 - 22:19:07: -------- Mapchange to de_inferno2010 --------
L 11/02/2017 - 22:57:07: [mapchooser.amxx] Vote: Voting for the nextmap started
L 11/02/2017 - 22:57:22: [mapchooser.amxx] Vote: Voting for the nextmap finished. The nextmap will be de_kabul_32
L 11/02/2017 - 23:19:11: -------- Mapchange to de_kabul_32 --------
L 11/02/2017 - 23:57:11: [mapchooser.amxx] Vote: Voting for the nextmap started
L 11/02/2017 - 23:57:26: [mapchooser.amxx] Vote: Voting for the nextmap finished. The nextmap will be de_westwood
