L 10/07/2017 - 00:10:33: [mapchooser.amxx] Vote: Voting for the nextmap started
L 10/07/2017 - 00:10:48: [mapchooser.amxx] Vote: Voting for the nextmap finished. The nextmap will be cs_militia
L 10/07/2017 - 00:12:42: -------- Mapchange to cs_militia --------
L 10/07/2017 - 00:40:42: [mapchooser.amxx] Vote: Voting for the nextmap started
L 10/07/2017 - 00:40:57: [mapchooser.amxx] Vote: Voting for the nextmap finished. The nextmap will be de_train
L 10/07/2017 - 00:42:51: -------- Mapchange to de_train --------
L 10/07/2017 - 01:10:51: [mapchooser.amxx] Vote: Voting for the nextmap started
L 10/07/2017 - 01:11:06: [mapchooser.amxx] Vote: Voting for the nextmap finished. The nextmap will be de_airstrip
L 10/07/2017 - 01:13:00: -------- Mapchange to de_airstrip --------
L 10/07/2017 - 01:41:00: [mapchooser.amxx] Vote: Voting for the nextmap started
L 10/07/2017 - 01:41:15: [mapchooser.amxx] Vote: Voting for the nextmap finished. The nextmap will be cs_havana
L 10/07/2017 - 01:43:09: -------- Mapchange to cs_havana --------
L 10/07/2017 - 02:11:09: [mapchooser.amxx] Vote: Voting for the nextmap started
L 10/07/2017 - 02:11:24: [mapchooser.amxx] Vote: Voting for the nextmap finished. The nextmap will be de_chateau
L 10/07/2017 - 02:13:18: -------- Mapchange to de_chateau --------
L 10/07/2017 - 02:41:18: [mapchooser.amxx] Vote: Voting for the nextmap started
L 10/07/2017 - 02:41:33: [mapchooser.amxx] Vote: Voting for the nextmap finished. The nextmap will be de_aztec
L 10/07/2017 - 02:43:27: -------- Mapchange to de_aztec --------
L 10/07/2017 - 03:11:24: [mapchooser.amxx] Vote: Voting for the nextmap started
L 10/07/2017 - 03:11:39: [mapchooser.amxx] Vote: Voting for the nextmap finished. The nextmap will be as_oilrig
L 10/07/2017 - 03:13:33: -------- Mapchange to as_oilrig --------
L 10/07/2017 - 03:41:33: [mapchooser.amxx] Vote: Voting for the nextmap started
L 10/07/2017 - 03:41:48: [mapchooser.amxx] Vote: Voting for the nextmap finished. The nextmap will be cs_siege
L 10/07/2017 - 03:43:42: -------- Mapchange to cs_siege --------
L 10/07/2017 - 04:11:41: [mapchooser.amxx] Vote: Voting for the nextmap started
L 10/07/2017 - 04:11:57: [mapchooser.amxx] Vote: Voting for the nextmap finished. The nextmap will be de_cbble
L 10/07/2017 - 04:13:50: -------- Mapchange to de_cbble --------
L 10/07/2017 - 04:41:50: [mapchooser.amxx] Vote: Voting for the nextmap started
L 10/07/2017 - 04:42:05: [mapchooser.amxx] Vote: Voting for the nextmap finished. The nextmap will be de_dust
L 10/07/2017 - 04:43:59: -------- Mapchange to de_dust --------
L 10/07/2017 - 05:11:59: [mapchooser.amxx] Vote: Voting for the nextmap started
L 10/07/2017 - 05:12:14: [mapchooser.amxx] Vote: Voting for the nextmap finished. The nextmap will be cs_747
L 10/07/2017 - 05:14:08: -------- Mapchange to cs_747 --------
L 10/07/2017 - 05:42:08: [mapchooser.amxx] Vote: Voting for the nextmap started
L 10/07/2017 - 05:42:23: [mapchooser.amxx] Vote: Voting for the nextmap finished. The nextmap will be de_prodigy
L 10/07/2017 - 05:44:17: -------- Mapchange to de_prodigy --------
L 10/07/2017 - 06:12:17: [mapchooser.amxx] Vote: Voting for the nextmap started
L 10/07/2017 - 06:12:32: [mapchooser.amxx] Vote: Voting for the nextmap finished. The nextmap will be cs_assault
L 10/07/2017 - 06:14:26: -------- Mapchange to cs_assault --------
L 10/07/2017 - 06:42:26: [mapchooser.amxx] Vote: Voting for the nextmap started
L 10/07/2017 - 06:42:41: [mapchooser.amxx] Vote: Voting for the nextmap finished. The nextmap will be cs_office
L 10/07/2017 - 06:44:35: -------- Mapchange to cs_office --------
L 10/07/2017 - 07:12:35: [mapchooser.amxx] Vote: Voting for the nextmap started
L 10/07/2017 - 07:12:50: [mapchooser.amxx] Vote: Voting for the nextmap finished. The nextmap will be cs_italy
L 10/07/2017 - 07:14:44: -------- Mapchange to cs_italy --------
L 10/07/2017 - 07:42:43: [mapchooser.amxx] Vote: Voting for the nextmap started
L 10/07/2017 - 07:42:58: [mapchooser.amxx] Vote: Voting for the nextmap finished. The nextmap will be cs_backalley
L 10/07/2017 - 07:44:53: -------- Mapchange to cs_backalley --------
L 10/07/2017 - 08:12:52: [mapchooser.amxx] Vote: Voting for the nextmap started
L 10/07/2017 - 08:13:07: [mapchooser.amxx] Vote: Voting for the nextmap finished. The nextmap will be cs_militia
L 10/07/2017 - 08:15:02: -------- Mapchange to cs_militia --------
L 10/07/2017 - 08:43:01: [mapchooser.amxx] Vote: Voting for the nextmap started
L 10/07/2017 - 08:43:16: [mapchooser.amxx] Vote: Voting for the nextmap finished. The nextmap will be de_train
L 10/07/2017 - 08:45:10: -------- Mapchange to de_train --------
L 10/07/2017 - 09:13:10: [mapchooser.amxx] Vote: Voting for the nextmap started
L 10/07/2017 - 09:13:25: [mapchooser.amxx] Vote: Voting for the nextmap finished. The nextmap will be de_airstrip
L 10/07/2017 - 09:15:19: -------- Mapchange to de_airstrip --------
L 10/07/2017 - 09:43:19: [mapchooser.amxx] Vote: Voting for the nextmap started
L 10/07/2017 - 09:43:34: [mapchooser.amxx] Vote: Voting for the nextmap finished. The nextmap will be cs_havana
L 10/07/2017 - 09:45:28: -------- Mapchange to cs_havana --------
L 10/07/2017 - 10:13:28: [mapchooser.amxx] Vote: Voting for the nextmap started
L 10/07/2017 - 10:13:43: [mapchooser.amxx] Vote: Voting for the nextmap finished. The nextmap will be de_chateau
L 10/07/2017 - 10:15:37: -------- Mapchange to de_chateau --------
L 10/07/2017 - 10:43:37: [mapchooser.amxx] Vote: Voting for the nextmap started
L 10/07/2017 - 10:43:52: [mapchooser.amxx] Vote: Voting for the nextmap finished. The nextmap will be de_aztec
L 10/07/2017 - 10:45:46: -------- Mapchange to de_aztec --------
L 10/07/2017 - 11:13:46: [mapchooser.amxx] Vote: Voting for the nextmap started
L 10/07/2017 - 11:14:01: [mapchooser.amxx] Vote: Voting for the nextmap finished. The nextmap will be as_oilrig
L 10/07/2017 - 11:15:55: -------- Mapchange to as_oilrig --------
L 10/07/2017 - 11:43:55: [mapchooser.amxx] Vote: Voting for the nextmap started
L 10/07/2017 - 11:44:10: [mapchooser.amxx] Vote: Voting for the nextmap finished. The nextmap will be cs_siege
L 10/07/2017 - 11:46:04: -------- Mapchange to cs_siege --------
L 10/07/2017 - 12:14:04: [mapchooser.amxx] Vote: Voting for the nextmap started
L 10/07/2017 - 12:14:19: [mapchooser.amxx] Vote: Voting for the nextmap finished. The nextmap will be de_cbble
L 10/07/2017 - 12:16:13: -------- Mapchange to de_cbble --------
L 10/07/2017 - 12:44:13: [mapchooser.amxx] Vote: Voting for the nextmap started
L 10/07/2017 - 12:44:28: [mapchooser.amxx] Vote: Voting for the nextmap finished. The nextmap will be de_dust
L 10/07/2017 - 12:46:22: -------- Mapchange to de_dust --------
L 10/07/2017 - 13:14:21: [mapchooser.amxx] Vote: Voting for the nextmap started
L 10/07/2017 - 13:14:36: [mapchooser.amxx] Vote: Voting for the nextmap finished. The nextmap will be cs_747
L 10/07/2017 - 13:16:30: -------- Mapchange to cs_747 --------
L 10/07/2017 - 13:44:30: [mapchooser.amxx] Vote: Voting for the nextmap started
L 10/07/2017 - 13:44:45: [mapchooser.amxx] Vote: Voting for the nextmap finished. The nextmap will be de_prodigy
L 10/07/2017 - 13:46:39: -------- Mapchange to de_prodigy --------
L 10/07/2017 - 14:14:39: [mapchooser.amxx] Vote: Voting for the nextmap started
L 10/07/2017 - 14:14:54: [mapchooser.amxx] Vote: Voting for the nextmap finished. The nextmap will be cs_assault
L 10/07/2017 - 14:16:48: -------- Mapchange to cs_assault --------
L 10/07/2017 - 14:44:48: [mapchooser.amxx] Vote: Voting for the nextmap started
L 10/07/2017 - 14:45:03: [mapchooser.amxx] Vote: Voting for the nextmap finished. The nextmap will be cs_office
L 10/07/2017 - 14:46:57: -------- Mapchange to cs_office --------
L 10/07/2017 - 15:14:57: [mapchooser.amxx] Vote: Voting for the nextmap started
L 10/07/2017 - 15:15:12: [mapchooser.amxx] Vote: Voting for the nextmap finished. The nextmap will be cs_italy
L 10/07/2017 - 15:17:06: -------- Mapchange to cs_italy --------
L 10/07/2017 - 15:45:06: [mapchooser.amxx] Vote: Voting for the nextmap started
L 10/07/2017 - 15:45:21: [mapchooser.amxx] Vote: Voting for the nextmap finished. The nextmap will be cs_backalley
L 10/07/2017 - 15:47:15: -------- Mapchange to cs_backalley --------
L 10/07/2017 - 16:15:15: [mapchooser.amxx] Vote: Voting for the nextmap started
L 10/07/2017 - 16:15:30: [mapchooser.amxx] Vote: Voting for the nextmap finished. The nextmap will be cs_militia
L 10/07/2017 - 16:17:24: -------- Mapchange to cs_militia --------
L 10/07/2017 - 16:45:24: [mapchooser.amxx] Vote: Voting for the nextmap started
L 10/07/2017 - 16:45:39: [mapchooser.amxx] Vote: Voting for the nextmap finished. The nextmap will be de_train
L 10/07/2017 - 16:47:33: -------- Mapchange to de_train --------
L 10/07/2017 - 17:15:33: [mapchooser.amxx] Vote: Voting for the nextmap started
L 10/07/2017 - 17:15:48: [mapchooser.amxx] Vote: Voting for the nextmap finished. The nextmap will be de_airstrip
L 10/07/2017 - 17:17:42: -------- Mapchange to de_airstrip --------
L 10/07/2017 - 17:45:42: [mapchooser.amxx] Vote: Voting for the nextmap started
L 10/07/2017 - 17:45:57: [mapchooser.amxx] Vote: Voting for the nextmap finished. The nextmap will be cs_havana
L 10/07/2017 - 17:47:51: -------- Mapchange to cs_havana --------
L 10/07/2017 - 18:15:51: [mapchooser.amxx] Vote: Voting for the nextmap started
L 10/07/2017 - 18:16:06: [mapchooser.amxx] Vote: Voting for the nextmap finished. The nextmap will be de_chateau
L 10/07/2017 - 18:18:00: -------- Mapchange to de_chateau --------
L 10/07/2017 - 18:46:00: [mapchooser.amxx] Vote: Voting for the nextmap started
L 10/07/2017 - 18:46:15: [mapchooser.amxx] Vote: Voting for the nextmap finished. The nextmap will be de_aztec
L 10/07/2017 - 18:48:09: -------- Mapchange to de_aztec --------
L 10/07/2017 - 19:16:08: [mapchooser.amxx] Vote: Voting for the nextmap started
L 10/07/2017 - 19:16:24: [mapchooser.amxx] Vote: Voting for the nextmap finished. The nextmap will be as_oilrig
L 10/07/2017 - 19:18:17: -------- Mapchange to as_oilrig --------
L 10/07/2017 - 19:46:17: [mapchooser.amxx] Vote: Voting for the nextmap started
L 10/07/2017 - 19:46:32: [mapchooser.amxx] Vote: Voting for the nextmap finished. The nextmap will be cs_siege
L 10/07/2017 - 19:48:26: -------- Mapchange to cs_siege --------
L 10/07/2017 - 20:16:26: [mapchooser.amxx] Vote: Voting for the nextmap started
L 10/07/2017 - 20:16:41: [mapchooser.amxx] Vote: Voting for the nextmap finished. The nextmap will be de_cbble
L 10/07/2017 - 20:18:35: -------- Mapchange to de_cbble --------
L 10/07/2017 - 20:46:35: [mapchooser.amxx] Vote: Voting for the nextmap started
L 10/07/2017 - 20:46:50: [mapchooser.amxx] Vote: Voting for the nextmap finished. The nextmap will be de_dust
L 10/07/2017 - 20:48:44: -------- Mapchange to de_dust --------
L 10/07/2017 - 21:16:44: [mapchooser.amxx] Vote: Voting for the nextmap started
L 10/07/2017 - 21:16:59: [mapchooser.amxx] Vote: Voting for the nextmap finished. The nextmap will be cs_747
L 10/07/2017 - 21:18:53: -------- Mapchange to cs_747 --------
L 10/07/2017 - 21:46:53: [mapchooser.amxx] Vote: Voting for the nextmap started
L 10/07/2017 - 21:47:08: [mapchooser.amxx] Vote: Voting for the nextmap finished. The nextmap will be de_prodigy
L 10/07/2017 - 21:49:02: -------- Mapchange to de_prodigy --------
L 10/07/2017 - 22:17:02: [mapchooser.amxx] Vote: Voting for the nextmap started
L 10/07/2017 - 22:17:17: [mapchooser.amxx] Vote: Voting for the nextmap finished. The nextmap will be cs_assault
L 10/07/2017 - 22:19:11: -------- Mapchange to cs_assault --------
L 10/07/2017 - 22:47:10: [mapchooser.amxx] Vote: Voting for the nextmap started
L 10/07/2017 - 22:47:26: [mapchooser.amxx] Vote: Voting for the nextmap finished. The nextmap will be cs_office
L 10/07/2017 - 22:49:20: -------- Mapchange to cs_office --------
L 10/07/2017 - 23:17:19: [mapchooser.amxx] Vote: Voting for the nextmap started
L 10/07/2017 - 23:17:34: [mapchooser.amxx] Vote: Voting for the nextmap finished. The nextmap will be cs_italy
L 10/07/2017 - 23:19:28: -------- Mapchange to cs_italy --------
L 10/07/2017 - 23:47:28: [mapchooser.amxx] Vote: Voting for the nextmap started
L 10/07/2017 - 23:47:43: [mapchooser.amxx] Vote: Voting for the nextmap finished. The nextmap will be cs_backalley
L 10/07/2017 - 23:49:37: -------- Mapchange to cs_backalley --------
