L 10/14/2017 - 00:25:08: [mapchooser.amxx] Vote: Voting for the nextmap started
L 10/14/2017 - 00:25:23: [mapchooser.amxx] Vote: Voting for the nextmap finished. The nextmap will be de_cbble
L 10/14/2017 - 00:27:59: -------- Mapchange to de_cbble --------
L 10/14/2017 - 00:55:59: [mapchooser.amxx] Vote: Voting for the nextmap started
L 10/14/2017 - 00:56:14: [mapchooser.amxx] Vote: Voting for the nextmap finished. The nextmap will be de_dust
L 10/14/2017 - 00:58:50: -------- Mapchange to de_dust --------
L 10/14/2017 - 01:26:49: [mapchooser.amxx] Vote: Voting for the nextmap started
L 10/14/2017 - 01:27:05: [mapchooser.amxx] Vote: Voting for the nextmap finished. The nextmap will be cs_747
L 10/14/2017 - 01:29:40: -------- Mapchange to cs_747 --------
L 10/14/2017 - 01:57:40: [mapchooser.amxx] Vote: Voting for the nextmap started
L 10/14/2017 - 01:57:55: [mapchooser.amxx] Vote: Voting for the nextmap finished. The nextmap will be de_prodigy
L 10/14/2017 - 02:00:31: -------- Mapchange to de_prodigy --------
L 10/14/2017 - 02:28:31: [mapchooser.amxx] Vote: Voting for the nextmap started
L 10/14/2017 - 02:28:46: [mapchooser.amxx] Vote: Voting for the nextmap finished. The nextmap will be cs_assault
L 10/14/2017 - 02:31:22: -------- Mapchange to cs_assault --------
L 10/14/2017 - 02:59:21: [mapchooser.amxx] Vote: Voting for the nextmap started
L 10/14/2017 - 02:59:36: [mapchooser.amxx] Vote: Voting for the nextmap finished. The nextmap will be cs_office
L 10/14/2017 - 03:02:09: -------- Mapchange to cs_office --------
L 10/14/2017 - 03:30:09: [mapchooser.amxx] Vote: Voting for the nextmap started
L 10/14/2017 - 03:30:24: [mapchooser.amxx] Vote: Voting for the nextmap finished. The nextmap will be cs_italy
L 10/14/2017 - 03:33:00: -------- Mapchange to cs_italy --------
L 10/14/2017 - 04:01:00: [mapchooser.amxx] Vote: Voting for the nextmap started
L 10/14/2017 - 04:01:15: [mapchooser.amxx] Vote: Voting for the nextmap finished. The nextmap will be cs_backalley
L 10/14/2017 - 04:03:51: -------- Mapchange to cs_backalley --------
L 10/14/2017 - 04:31:50: [mapchooser.amxx] Vote: Voting for the nextmap started
L 10/14/2017 - 04:32:05: [mapchooser.amxx] Vote: Voting for the nextmap finished. The nextmap will be cs_militia
L 10/14/2017 - 04:34:41: -------- Mapchange to cs_militia --------
L 10/14/2017 - 05:02:41: [mapchooser.amxx] Vote: Voting for the nextmap started
L 10/14/2017 - 05:02:56: [mapchooser.amxx] Vote: Voting for the nextmap finished. The nextmap will be de_train
L 10/14/2017 - 05:05:32: -------- Mapchange to de_train --------
L 10/14/2017 - 05:33:32: [mapchooser.amxx] Vote: Voting for the nextmap started
L 10/14/2017 - 05:33:47: [mapchooser.amxx] Vote: Voting for the nextmap finished. The nextmap will be de_airstrip
L 10/14/2017 - 05:36:23: -------- Mapchange to de_airstrip --------
L 10/14/2017 - 06:04:22: [mapchooser.amxx] Vote: Voting for the nextmap started
L 10/14/2017 - 06:04:37: [mapchooser.amxx] Vote: Voting for the nextmap finished. The nextmap will be cs_havana
L 10/14/2017 - 06:07:13: -------- Mapchange to cs_havana --------
L 10/14/2017 - 06:35:13: [mapchooser.amxx] Vote: Voting for the nextmap started
L 10/14/2017 - 06:35:28: [mapchooser.amxx] Vote: Voting for the nextmap finished. The nextmap will be de_chateau
L 10/14/2017 - 06:38:04: -------- Mapchange to de_chateau --------
L 10/14/2017 - 07:06:04: [mapchooser.amxx] Vote: Voting for the nextmap started
L 10/14/2017 - 07:06:19: [mapchooser.amxx] Vote: Voting for the nextmap finished. The nextmap will be de_aztec
L 10/14/2017 - 07:08:54: -------- Mapchange to de_aztec --------
L 10/14/2017 - 07:36:54: [mapchooser.amxx] Vote: Voting for the nextmap started
L 10/14/2017 - 07:37:09: [mapchooser.amxx] Vote: Voting for the nextmap finished. The nextmap will be as_oilrig
L 10/14/2017 - 07:39:45: -------- Mapchange to as_oilrig --------
L 10/14/2017 - 08:07:45: [mapchooser.amxx] Vote: Voting for the nextmap started
L 10/14/2017 - 08:08:00: [mapchooser.amxx] Vote: Voting for the nextmap finished. The nextmap will be cs_siege
L 10/14/2017 - 08:10:36: -------- Mapchange to cs_siege --------
L 10/14/2017 - 08:38:35: [mapchooser.amxx] Vote: Voting for the nextmap started
L 10/14/2017 - 08:38:50: [mapchooser.amxx] Vote: Voting for the nextmap finished. The nextmap will be de_cbble
L 10/14/2017 - 08:41:26: -------- Mapchange to de_cbble --------
L 10/14/2017 - 09:09:26: [mapchooser.amxx] Vote: Voting for the nextmap started
L 10/14/2017 - 09:09:41: [mapchooser.amxx] Vote: Voting for the nextmap finished. The nextmap will be de_dust
L 10/14/2017 - 09:12:17: -------- Mapchange to de_dust --------
L 10/14/2017 - 09:40:17: [mapchooser.amxx] Vote: Voting for the nextmap started
L 10/14/2017 - 09:40:32: [mapchooser.amxx] Vote: Voting for the nextmap finished. The nextmap will be cs_747
L 10/14/2017 - 09:43:07: -------- Mapchange to cs_747 --------
L 10/14/2017 - 10:11:07: [mapchooser.amxx] Vote: Voting for the nextmap started
L 10/14/2017 - 10:11:22: [mapchooser.amxx] Vote: Voting for the nextmap finished. The nextmap will be de_prodigy
L 10/14/2017 - 10:13:58: -------- Mapchange to de_prodigy --------
L 10/14/2017 - 10:41:58: [mapchooser.amxx] Vote: Voting for the nextmap started
L 10/14/2017 - 10:42:13: [mapchooser.amxx] Vote: Voting for the nextmap finished. The nextmap will be cs_assault
L 10/14/2017 - 10:44:49: -------- Mapchange to cs_assault --------
L 10/14/2017 - 11:12:48: [mapchooser.amxx] Vote: Voting for the nextmap started
L 10/14/2017 - 11:13:04: [mapchooser.amxx] Vote: Voting for the nextmap finished. The nextmap will be cs_office
L 10/14/2017 - 11:15:39: -------- Mapchange to cs_office --------
L 10/14/2017 - 11:43:39: [mapchooser.amxx] Vote: Voting for the nextmap started
L 10/14/2017 - 11:43:54: [mapchooser.amxx] Vote: Voting for the nextmap finished. The nextmap will be cs_italy
L 10/14/2017 - 11:46:30: -------- Mapchange to cs_italy --------
L 10/14/2017 - 12:14:30: [mapchooser.amxx] Vote: Voting for the nextmap started
L 10/14/2017 - 12:14:45: [mapchooser.amxx] Vote: Voting for the nextmap finished. The nextmap will be cs_backalley
L 10/14/2017 - 12:17:21: -------- Mapchange to cs_backalley --------
L 10/14/2017 - 12:45:20: [mapchooser.amxx] Vote: Voting for the nextmap started
L 10/14/2017 - 12:45:36: [mapchooser.amxx] Vote: Voting for the nextmap finished. The nextmap will be cs_militia
L 10/14/2017 - 12:48:11: -------- Mapchange to cs_militia --------
L 10/14/2017 - 13:16:11: [mapchooser.amxx] Vote: Voting for the nextmap started
L 10/14/2017 - 13:16:26: [mapchooser.amxx] Vote: Voting for the nextmap finished. The nextmap will be de_train
L 10/14/2017 - 13:19:02: -------- Mapchange to de_train --------
L 10/14/2017 - 13:47:02: [mapchooser.amxx] Vote: Voting for the nextmap started
L 10/14/2017 - 13:47:17: [mapchooser.amxx] Vote: Voting for the nextmap finished. The nextmap will be de_airstrip
L 10/14/2017 - 13:49:52: -------- Mapchange to de_airstrip --------
L 10/14/2017 - 14:17:52: [mapchooser.amxx] Vote: Voting for the nextmap started
L 10/14/2017 - 14:18:07: [mapchooser.amxx] Vote: Voting for the nextmap finished. The nextmap will be cs_havana
L 10/14/2017 - 14:20:43: -------- Mapchange to cs_havana --------
L 10/14/2017 - 14:48:43: [mapchooser.amxx] Vote: Voting for the nextmap started
L 10/14/2017 - 14:48:58: [mapchooser.amxx] Vote: Voting for the nextmap finished. The nextmap will be de_chateau
L 10/14/2017 - 14:51:34: -------- Mapchange to de_chateau --------
L 10/14/2017 - 15:19:34: [mapchooser.amxx] Vote: Voting for the nextmap started
L 10/14/2017 - 15:19:49: [mapchooser.amxx] Vote: Voting for the nextmap finished. The nextmap will be de_aztec
L 10/14/2017 - 15:22:24: -------- Mapchange to de_aztec --------
L 10/14/2017 - 15:50:24: [mapchooser.amxx] Vote: Voting for the nextmap started
L 10/14/2017 - 15:50:39: [mapchooser.amxx] Vote: Voting for the nextmap finished. The nextmap will be as_oilrig
L 10/14/2017 - 15:53:15: -------- Mapchange to as_oilrig --------
L 10/14/2017 - 16:21:15: [mapchooser.amxx] Vote: Voting for the nextmap started
L 10/14/2017 - 16:21:30: [mapchooser.amxx] Vote: Voting for the nextmap finished. The nextmap will be cs_siege
L 10/14/2017 - 16:24:06: -------- Mapchange to cs_siege --------
L 10/14/2017 - 16:52:05: [mapchooser.amxx] Vote: Voting for the nextmap started
L 10/14/2017 - 16:52:20: [mapchooser.amxx] Vote: Voting for the nextmap finished. The nextmap will be de_cbble
L 10/14/2017 - 16:54:56: -------- Mapchange to de_cbble --------
L 10/14/2017 - 17:22:56: [mapchooser.amxx] Vote: Voting for the nextmap started
L 10/14/2017 - 17:23:11: [mapchooser.amxx] Vote: Voting for the nextmap finished. The nextmap will be de_dust
L 10/14/2017 - 17:25:47: -------- Mapchange to de_dust --------
L 10/14/2017 - 17:53:47: [mapchooser.amxx] Vote: Voting for the nextmap started
L 10/14/2017 - 17:54:02: [mapchooser.amxx] Vote: Voting for the nextmap finished. The nextmap will be cs_747
L 10/14/2017 - 17:56:37: -------- Mapchange to cs_747 --------
L 10/14/2017 - 18:24:37: [mapchooser.amxx] Vote: Voting for the nextmap started
L 10/14/2017 - 18:24:52: [mapchooser.amxx] Vote: Voting for the nextmap finished. The nextmap will be de_prodigy
L 10/14/2017 - 18:27:28: -------- Mapchange to de_prodigy --------
L 10/14/2017 - 18:55:28: [mapchooser.amxx] Vote: Voting for the nextmap started
L 10/14/2017 - 18:55:43: [mapchooser.amxx] Vote: Voting for the nextmap finished. The nextmap will be cs_assault
L 10/14/2017 - 18:58:19: -------- Mapchange to cs_assault --------
L 10/14/2017 - 19:26:19: [mapchooser.amxx] Vote: Voting for the nextmap started
L 10/14/2017 - 19:26:34: [mapchooser.amxx] Vote: Voting for the nextmap finished. The nextmap will be cs_office
L 10/14/2017 - 19:29:09: -------- Mapchange to cs_office --------
L 10/14/2017 - 19:57:09: [mapchooser.amxx] Vote: Voting for the nextmap started
L 10/14/2017 - 19:57:24: [mapchooser.amxx] Vote: Voting for the nextmap finished. The nextmap will be cs_italy
L 10/14/2017 - 20:00:00: -------- Mapchange to cs_italy --------
L 10/14/2017 - 20:28:00: [mapchooser.amxx] Vote: Voting for the nextmap started
L 10/14/2017 - 20:28:15: [mapchooser.amxx] Vote: Voting for the nextmap finished. The nextmap will be cs_backalley
L 10/14/2017 - 20:30:51: -------- Mapchange to cs_backalley --------
L 10/14/2017 - 20:58:51: [mapchooser.amxx] Vote: Voting for the nextmap started
L 10/14/2017 - 20:59:06: [mapchooser.amxx] Vote: Voting for the nextmap finished. The nextmap will be cs_militia
L 10/14/2017 - 21:01:41: -------- Mapchange to cs_militia --------
L 10/14/2017 - 21:29:41: [mapchooser.amxx] Vote: Voting for the nextmap started
L 10/14/2017 - 21:29:56: [mapchooser.amxx] Vote: Voting for the nextmap finished. The nextmap will be de_train
L 10/14/2017 - 21:32:32: -------- Mapchange to de_train --------
L 10/14/2017 - 22:00:32: [mapchooser.amxx] Vote: Voting for the nextmap started
L 10/14/2017 - 22:00:47: [mapchooser.amxx] Vote: Voting for the nextmap finished. Map de_train will be extended to next 14 minutes
L 10/14/2017 - 22:15:32: [mapchooser.amxx] Vote: Voting for the nextmap started
L 10/14/2017 - 22:15:47: [mapchooser.amxx] Vote: Voting for the nextmap finished. The nextmap will be de_airstrip
L 10/14/2017 - 22:18:23: -------- Mapchange to de_airstrip --------
L 10/14/2017 - 23:25:22: [mapchooser.amxx] Vote: Voting for the nextmap started
L 10/14/2017 - 23:25:37: [mapchooser.amxx] Vote: Voting for the nextmap finished. The nextmap will be cs_havana
L 10/14/2017 - 23:27:38: -------- Mapchange to cs_havana --------
