L 10/31/2017 - 00:00:45: -------- Mapchange to aim_headshot --------
L 10/31/2017 - 00:18:44: [mapchooser.amxx] Vote: Voting for the nextmap started
L 10/31/2017 - 00:19:00: [mapchooser.amxx] Vote: Voting for the nextmap finished. The nextmap will be awp_city2
L 10/31/2017 - 00:33:46: -------- Mapchange to awp_city2 --------
L 10/31/2017 - 00:51:45: [mapchooser.amxx] Vote: Voting for the nextmap started
L 10/31/2017 - 00:52:00: [mapchooser.amxx] Vote: Voting for the nextmap finished. The nextmap will be cs_office2
L 10/31/2017 - 01:06:47: -------- Mapchange to cs_office2 --------
L 10/31/2017 - 01:24:46: [mapchooser.amxx] Vote: Voting for the nextmap started
L 10/31/2017 - 01:25:01: [mapchooser.amxx] Vote: Voting for the nextmap finished. The nextmap will be cs_pf_dust
L 10/31/2017 - 01:39:48: -------- Mapchange to cs_pf_dust --------
L 10/31/2017 - 01:57:47: [mapchooser.amxx] Vote: Voting for the nextmap started
L 10/31/2017 - 01:58:03: [mapchooser.amxx] Vote: Voting for the nextmap finished. The nextmap will be de_cpl_mill
L 10/31/2017 - 02:12:49: -------- Mapchange to de_cpl_mill --------
L 10/31/2017 - 02:30:48: [mapchooser.amxx] Vote: Voting for the nextmap started
L 10/31/2017 - 02:31:04: [mapchooser.amxx] Vote: Voting for the nextmap finished. The nextmap will be de_dust2_2x2
L 10/31/2017 - 02:45:50: -------- Mapchange to de_dust2_2x2 --------
L 10/31/2017 - 03:03:47: [mapchooser.amxx] Vote: Voting for the nextmap started
L 10/31/2017 - 03:04:02: [mapchooser.amxx] Vote: Voting for the nextmap finished. The nextmap will be de_dust2002
L 10/31/2017 - 03:18:48: -------- Mapchange to de_dust2002 --------
L 10/31/2017 - 03:36:48: [mapchooser.amxx] Vote: Voting for the nextmap started
L 10/31/2017 - 03:37:03: [mapchooser.amxx] Vote: Voting for the nextmap finished. The nextmap will be de_dustall
L 10/31/2017 - 03:51:49: -------- Mapchange to de_dustall --------
L 10/31/2017 - 04:09:49: [mapchooser.amxx] Vote: Voting for the nextmap started
L 10/31/2017 - 04:10:04: [mapchooser.amxx] Vote: Voting for the nextmap finished. The nextmap will be de_dustall2
L 10/31/2017 - 04:24:50: -------- Mapchange to de_dustall2 --------
L 10/31/2017 - 04:42:50: [mapchooser.amxx] Vote: Voting for the nextmap started
L 10/31/2017 - 04:43:05: [mapchooser.amxx] Vote: Voting for the nextmap finished. The nextmap will be de_indust2
L 10/31/2017 - 04:57:52: -------- Mapchange to de_indust2 --------
L 10/31/2017 - 05:15:51: [mapchooser.amxx] Vote: Voting for the nextmap started
L 10/31/2017 - 05:16:07: [mapchooser.amxx] Vote: Voting for the nextmap finished. The nextmap will be css_dust2
L 10/31/2017 - 05:30:53: -------- Mapchange to css_dust2 --------
L 10/31/2017 - 05:48:52: [mapchooser.amxx] Vote: Voting for the nextmap started
L 10/31/2017 - 05:49:07: [mapchooser.amxx] Vote: Voting for the nextmap finished. The nextmap will be de_dust2_2006
L 10/31/2017 - 06:03:54: -------- Mapchange to de_dust2_2006 --------
L 10/31/2017 - 06:21:53: [mapchooser.amxx] Vote: Voting for the nextmap started
L 10/31/2017 - 06:22:08: [mapchooser.amxx] Vote: Voting for the nextmap finished. The nextmap will be de_dust2_2014
L 10/31/2017 - 06:36:55: -------- Mapchange to de_dust2_2014 --------
L 10/31/2017 - 06:54:54: [mapchooser.amxx] Vote: Voting for the nextmap started
L 10/31/2017 - 06:55:10: [mapchooser.amxx] Vote: Voting for the nextmap finished. The nextmap will be de_dust2_medieval
L 10/31/2017 - 07:09:56: -------- Mapchange to de_dust2_medieval --------
L 10/31/2017 - 07:27:56: [mapchooser.amxx] Vote: Voting for the nextmap started
L 10/31/2017 - 07:28:11: [mapchooser.amxx] Vote: Voting for the nextmap finished. The nextmap will be de_dust2_suncsm
L 10/31/2017 - 07:42:57: -------- Mapchange to de_dust2_suncsm --------
L 10/31/2017 - 08:00:57: [mapchooser.amxx] Vote: Voting for the nextmap started
L 10/31/2017 - 08:01:12: [mapchooser.amxx] Vote: Voting for the nextmap finished. The nextmap will be de_dustroyal
L 10/31/2017 - 08:15:58: -------- Mapchange to de_dustroyal --------
L 10/31/2017 - 08:33:58: [mapchooser.amxx] Vote: Voting for the nextmap started
L 10/31/2017 - 08:34:13: [mapchooser.amxx] Vote: Voting for the nextmap finished. The nextmap will be de_nust2
L 10/31/2017 - 08:48:59: -------- Mapchange to de_nust2 --------
L 10/31/2017 - 09:06:59: [mapchooser.amxx] Vote: Voting for the nextmap started
L 10/31/2017 - 09:07:14: [mapchooser.amxx] Vote: Voting for the nextmap finished. The nextmap will be de_zook
L 10/31/2017 - 09:22:00: -------- Mapchange to de_zook --------
L 10/31/2017 - 09:40:00: [mapchooser.amxx] Vote: Voting for the nextmap started
L 10/31/2017 - 09:40:15: [mapchooser.amxx] Vote: Voting for the nextmap finished. The nextmap will be de_inferno2010
L 10/31/2017 - 09:55:02: -------- Mapchange to de_inferno2010 --------
L 10/31/2017 - 10:13:02: [mapchooser.amxx] Vote: Voting for the nextmap started
L 10/31/2017 - 10:13:17: [mapchooser.amxx] Vote: Voting for the nextmap finished. The nextmap will be de_kabul_32
L 10/31/2017 - 10:28:03: -------- Mapchange to de_kabul_32 --------
L 10/31/2017 - 10:46:03: [mapchooser.amxx] Vote: Voting for the nextmap started
L 10/31/2017 - 10:46:18: [mapchooser.amxx] Vote: Voting for the nextmap finished. The nextmap will be de_westwood
L 10/31/2017 - 11:01:04: -------- Mapchange to de_westwood --------
L 10/31/2017 - 11:19:04: [mapchooser.amxx] Vote: Voting for the nextmap started
L 10/31/2017 - 11:19:19: [mapchooser.amxx] Vote: Voting for the nextmap finished. The nextmap will be css_kabul
L 10/31/2017 - 11:34:05: -------- Mapchange to css_kabul --------
L 10/31/2017 - 11:52:50: [mapchooser.amxx] Vote: Voting for the nextmap started
L 10/31/2017 - 11:53:05: [mapchooser.amxx] Vote: Voting for the nextmap finished. The nextmap will be cs_office2
L 10/31/2017 - 11:55:02: -------- Mapchange to cs_office2 --------
L 10/31/2017 - 12:14:02: [mapchooser.amxx] Vote: Voting for the nextmap started
L 10/31/2017 - 12:14:17: [mapchooser.amxx] Vote: Voting for the nextmap finished. The nextmap will be fy_pool_day
L 10/31/2017 - 12:16:08: -------- Mapchange to fy_pool_day --------
L 10/31/2017 - 12:34:07: [mapchooser.amxx] Vote: Voting for the nextmap started
L 10/31/2017 - 12:34:22: [mapchooser.amxx] Vote: Voting for the nextmap finished. The nextmap will be cs_italy
L 10/31/2017 - 12:37:14: -------- Mapchange to cs_italy --------
L 10/31/2017 - 12:55:13: [mapchooser.amxx] Vote: Voting for the nextmap started
L 10/31/2017 - 12:55:29: [mapchooser.amxx] Vote: Voting for the nextmap finished. The nextmap will be cs_militia
L 10/31/2017 - 12:58:20: -------- Mapchange to cs_militia --------
L 10/31/2017 - 13:16:19: [mapchooser.amxx] Vote: Voting for the nextmap started
L 10/31/2017 - 13:16:35: [mapchooser.amxx] Vote: Voting for the nextmap finished. The nextmap will be cs_office
L 10/31/2017 - 13:19:26: -------- Mapchange to cs_office --------
L 10/31/2017 - 13:37:26: [mapchooser.amxx] Vote: Voting for the nextmap started
L 10/31/2017 - 13:37:41: [mapchooser.amxx] Vote: Voting for the nextmap finished. The nextmap will be de_aztec
L 10/31/2017 - 13:40:32: -------- Mapchange to de_aztec --------
L 10/31/2017 - 13:58:32: [mapchooser.amxx] Vote: Voting for the nextmap started
L 10/31/2017 - 13:58:47: [mapchooser.amxx] Vote: Voting for the nextmap finished. The nextmap will be de_cbble
L 10/31/2017 - 14:01:38: -------- Mapchange to de_cbble --------
L 10/31/2017 - 14:19:38: [mapchooser.amxx] Vote: Voting for the nextmap started
L 10/31/2017 - 14:19:53: [mapchooser.amxx] Vote: Voting for the nextmap finished. The nextmap will be de_dust
L 10/31/2017 - 14:22:44: -------- Mapchange to de_dust --------
L 10/31/2017 - 14:40:44: [mapchooser.amxx] Vote: Voting for the nextmap started
L 10/31/2017 - 14:40:59: [mapchooser.amxx] Vote: Voting for the nextmap finished. The nextmap will be de_dust2
L 10/31/2017 - 14:43:50: -------- Mapchange to de_dust2 --------
L 10/31/2017 - 15:01:50: [mapchooser.amxx] Vote: Voting for the nextmap started
L 10/31/2017 - 15:02:05: [mapchooser.amxx] Vote: Voting for the nextmap finished. The nextmap will be de_inferno
L 10/31/2017 - 15:43:50: [mapchooser.amxx] Vote: Voting for the nextmap started
L 10/31/2017 - 15:44:05: [mapchooser.amxx] Vote: Voting for the nextmap finished. The nextmap will be de_inferno
L 10/31/2017 - 15:45:56: -------- Mapchange to de_inferno --------
L 10/31/2017 - 16:35:11: [mapchooser.amxx] Vote: Voting for the nextmap started
L 10/31/2017 - 16:35:26: [mapchooser.amxx] Vote: Voting for the nextmap finished. The nextmap will be de_nuke
L 10/31/2017 - 16:37:30: -------- Mapchange to de_nuke --------
L 10/31/2017 - 16:55:30: [mapchooser.amxx] Vote: Voting for the nextmap started
L 10/31/2017 - 16:55:45: [mapchooser.amxx] Vote: Voting for the nextmap finished. The nextmap will be de_train
L 10/31/2017 - 17:29:04: -------- Mapchange to de_train --------
L 10/31/2017 - 17:47:03: [mapchooser.amxx] Vote: Voting for the nextmap started
L 10/31/2017 - 17:47:18: [mapchooser.amxx] Vote: Voting for the nextmap finished. The nextmap will be awp_india
L 10/31/2017 - 18:21:33: [mapchooser.amxx] Vote: Voting for the nextmap started
L 10/31/2017 - 18:21:49: [mapchooser.amxx] Vote: Voting for the nextmap finished. The nextmap will be awp_india
L 10/31/2017 - 18:23:45: -------- Mapchange to awp_india --------
L 10/31/2017 - 18:42:15: [mapchooser.amxx] Vote: Voting for the nextmap started
L 10/31/2017 - 18:42:30: [mapchooser.amxx] Vote: Voting for the nextmap finished. The nextmap will be de_nuke
L 10/31/2017 - 18:44:24: -------- Mapchange to de_nuke --------
L 10/31/2017 - 19:02:39: [mapchooser.amxx] Vote: Voting for the nextmap started
L 10/31/2017 - 19:02:54: [mapchooser.amxx] Vote: Voting for the nextmap finished. The nextmap will be aim_headshot
L 10/31/2017 - 19:04:50: -------- Mapchange to aim_headshot --------
L 10/31/2017 - 19:42:05: [mapchooser.amxx] Vote: Voting for the nextmap started
L 10/31/2017 - 19:42:20: [mapchooser.amxx] Vote: Voting for the nextmap finished. The nextmap will be awp_city2
L 10/31/2017 - 19:44:24: -------- Mapchange to awp_city2 --------
L 10/31/2017 - 20:02:24: [mapchooser.amxx] Vote: Voting for the nextmap started
L 10/31/2017 - 20:02:39: [mapchooser.amxx] Vote: Voting for the nextmap finished. The nextmap will be cs_office2
L 10/31/2017 - 20:23:57: -------- Mapchange to cs_office2 --------
L 10/31/2017 - 21:03:57: [mapchooser.amxx] Vote: Voting for the nextmap started
L 10/31/2017 - 21:04:12: [mapchooser.amxx] Vote: Voting for the nextmap finished. The nextmap will be de_kabul_32
L 10/31/2017 - 21:06:13: -------- Mapchange to de_kabul_32 --------
L 10/31/2017 - 21:14:18: [ms_afkkiss.amxx] ТохаБезпридельHNk was kicked for being AFK longer than 60 seconds
L 10/31/2017 - 21:24:43: [mapchooser.amxx] Vote: Voting for the nextmap started
L 10/31/2017 - 21:24:58: [mapchooser.amxx] Vote: Voting for the nextmap finished. The nextmap will be de_dust2_2x2
L 10/31/2017 - 21:27:01: -------- Mapchange to de_dust2_2x2 --------
L 10/31/2017 - 21:45:16: [mapchooser.amxx] Vote: Voting for the nextmap started
L 10/31/2017 - 21:45:31: [mapchooser.amxx] Vote: Voting for the nextmap finished. The nextmap will be de_westwood
L 10/31/2017 - 21:47:25: -------- Mapchange to de_westwood --------
L 10/31/2017 - 22:05:40: [mapchooser.amxx] Vote: Voting for the nextmap started
L 10/31/2017 - 22:05:55: [mapchooser.amxx] Vote: Voting for the nextmap finished. The nextmap will be awp_india
L 10/31/2017 - 22:07:50: -------- Mapchange to awp_india --------
L 10/31/2017 - 22:26:05: [mapchooser.amxx] Vote: Voting for the nextmap started
L 10/31/2017 - 22:26:20: [mapchooser.amxx] Vote: Voting for the nextmap finished. The nextmap will be de_dustall
L 10/31/2017 - 22:28:14: -------- Mapchange to de_dustall --------
L 10/31/2017 - 22:46:14: [mapchooser.amxx] Vote: Voting for the nextmap started
L 10/31/2017 - 22:46:29: [mapchooser.amxx] Vote: Voting for the nextmap finished. The nextmap will be de_dustall2
L 10/31/2017 - 22:48:38: -------- Mapchange to de_dustall2 --------
L 10/31/2017 - 23:06:38: [mapchooser.amxx] Vote: Voting for the nextmap started
L 10/31/2017 - 23:06:53: [mapchooser.amxx] Vote: Voting for the nextmap finished. The nextmap will be de_indust2
L 10/31/2017 - 23:09:02: -------- Mapchange to de_indust2 --------
L 10/31/2017 - 23:27:02: [mapchooser.amxx] Vote: Voting for the nextmap started
L 10/31/2017 - 23:27:17: [mapchooser.amxx] Vote: Voting for the nextmap finished. The nextmap will be css_dust2
L 10/31/2017 - 23:29:26: -------- Mapchange to css_dust2 --------
L 10/31/2017 - 23:47:26: [mapchooser.amxx] Vote: Voting for the nextmap started
L 10/31/2017 - 23:47:41: [mapchooser.amxx] Vote: Voting for the nextmap finished. The nextmap will be de_dust2_2006
L 10/31/2017 - 23:49:50: -------- Mapchange to de_dust2_2006 --------
