L 10/26/2017 - 00:07:23: [mapchooser.amxx] Vote: Voting for the nextmap started
L 10/26/2017 - 00:07:38: [mapchooser.amxx] Vote: Voting for the nextmap finished. The nextmap will be cs_italy
L 10/26/2017 - 00:09:47: -------- Mapchange to cs_italy --------
L 10/26/2017 - 00:37:47: [mapchooser.amxx] Vote: Voting for the nextmap started
L 10/26/2017 - 00:38:02: [mapchooser.amxx] Vote: Voting for the nextmap finished. The nextmap will be cs_backalley
L 10/26/2017 - 00:40:11: -------- Mapchange to cs_backalley --------
L 10/26/2017 - 01:08:11: [mapchooser.amxx] Vote: Voting for the nextmap started
L 10/26/2017 - 01:08:26: [mapchooser.amxx] Vote: Voting for the nextmap finished. The nextmap will be cs_militia
L 10/26/2017 - 01:10:35: -------- Mapchange to cs_militia --------
L 10/26/2017 - 01:38:35: [mapchooser.amxx] Vote: Voting for the nextmap started
L 10/26/2017 - 01:38:50: [mapchooser.amxx] Vote: Voting for the nextmap finished. The nextmap will be de_train
L 10/26/2017 - 01:40:59: -------- Mapchange to de_train --------
L 10/26/2017 - 02:08:59: [mapchooser.amxx] Vote: Voting for the nextmap started
L 10/26/2017 - 02:09:14: [mapchooser.amxx] Vote: Voting for the nextmap finished. The nextmap will be de_airstrip
L 10/26/2017 - 02:11:23: -------- Mapchange to de_airstrip --------
L 10/26/2017 - 02:39:23: [mapchooser.amxx] Vote: Voting for the nextmap started
L 10/26/2017 - 02:39:38: [mapchooser.amxx] Vote: Voting for the nextmap finished. The nextmap will be cs_havana
L 10/26/2017 - 02:41:47: -------- Mapchange to cs_havana --------
L 10/26/2017 - 03:09:44: [mapchooser.amxx] Vote: Voting for the nextmap started
L 10/26/2017 - 03:09:59: [mapchooser.amxx] Vote: Voting for the nextmap finished. The nextmap will be de_chateau
L 10/26/2017 - 03:12:09: -------- Mapchange to de_chateau --------
L 10/26/2017 - 03:40:08: [mapchooser.amxx] Vote: Voting for the nextmap started
L 10/26/2017 - 03:40:23: [mapchooser.amxx] Vote: Voting for the nextmap finished. The nextmap will be de_aztec
L 10/26/2017 - 03:42:33: -------- Mapchange to de_aztec --------
L 10/26/2017 - 04:10:32: [mapchooser.amxx] Vote: Voting for the nextmap started
L 10/26/2017 - 04:10:47: [mapchooser.amxx] Vote: Voting for the nextmap finished. The nextmap will be as_oilrig
L 10/26/2017 - 04:12:57: -------- Mapchange to as_oilrig --------
L 10/26/2017 - 04:40:57: [mapchooser.amxx] Vote: Voting for the nextmap started
L 10/26/2017 - 04:41:12: [mapchooser.amxx] Vote: Voting for the nextmap finished. The nextmap will be cs_siege
L 10/26/2017 - 04:43:21: -------- Mapchange to cs_siege --------
L 10/26/2017 - 05:11:21: [mapchooser.amxx] Vote: Voting for the nextmap started
L 10/26/2017 - 05:11:36: [mapchooser.amxx] Vote: Voting for the nextmap finished. The nextmap will be de_cbble
L 10/26/2017 - 05:13:45: -------- Mapchange to de_cbble --------
L 10/26/2017 - 05:41:45: [mapchooser.amxx] Vote: Voting for the nextmap started
L 10/26/2017 - 05:42:00: [mapchooser.amxx] Vote: Voting for the nextmap finished. The nextmap will be de_dust
L 10/26/2017 - 05:44:09: -------- Mapchange to de_dust --------
L 10/26/2017 - 06:12:09: [mapchooser.amxx] Vote: Voting for the nextmap started
L 10/26/2017 - 06:12:24: [mapchooser.amxx] Vote: Voting for the nextmap finished. The nextmap will be cs_747
L 10/26/2017 - 06:14:33: -------- Mapchange to cs_747 --------
L 10/26/2017 - 06:42:33: [mapchooser.amxx] Vote: Voting for the nextmap started
L 10/26/2017 - 06:42:48: [mapchooser.amxx] Vote: Voting for the nextmap finished. The nextmap will be de_prodigy
L 10/26/2017 - 06:44:57: -------- Mapchange to de_prodigy --------
L 10/26/2017 - 07:12:57: [mapchooser.amxx] Vote: Voting for the nextmap started
L 10/26/2017 - 07:13:12: [mapchooser.amxx] Vote: Voting for the nextmap finished. The nextmap will be cs_assault
L 10/26/2017 - 07:15:21: -------- Mapchange to cs_assault --------
L 10/26/2017 - 07:43:21: [mapchooser.amxx] Vote: Voting for the nextmap started
L 10/26/2017 - 07:43:36: [mapchooser.amxx] Vote: Voting for the nextmap finished. The nextmap will be cs_office
L 10/26/2017 - 07:45:45: -------- Mapchange to cs_office --------
L 10/26/2017 - 08:13:45: [mapchooser.amxx] Vote: Voting for the nextmap started
L 10/26/2017 - 08:14:00: [mapchooser.amxx] Vote: Voting for the nextmap finished. The nextmap will be cs_italy
L 10/26/2017 - 08:16:09: -------- Mapchange to cs_italy --------
L 10/26/2017 - 08:44:09: [mapchooser.amxx] Vote: Voting for the nextmap started
L 10/26/2017 - 08:44:24: [mapchooser.amxx] Vote: Voting for the nextmap finished. The nextmap will be cs_backalley
L 10/26/2017 - 08:46:33: -------- Mapchange to cs_backalley --------
L 10/26/2017 - 09:14:33: [mapchooser.amxx] Vote: Voting for the nextmap started
L 10/26/2017 - 09:14:48: [mapchooser.amxx] Vote: Voting for the nextmap finished. The nextmap will be cs_militia
L 10/26/2017 - 09:16:57: -------- Mapchange to cs_militia --------
L 10/26/2017 - 09:44:57: [mapchooser.amxx] Vote: Voting for the nextmap started
L 10/26/2017 - 09:45:12: [mapchooser.amxx] Vote: Voting for the nextmap finished. The nextmap will be de_train
L 10/26/2017 - 09:47:22: -------- Mapchange to de_train --------
L 10/26/2017 - 10:15:21: [mapchooser.amxx] Vote: Voting for the nextmap started
L 10/26/2017 - 10:15:36: [mapchooser.amxx] Vote: Voting for the nextmap finished. The nextmap will be de_airstrip
L 10/26/2017 - 10:17:46: -------- Mapchange to de_airstrip --------
L 10/26/2017 - 10:45:46: [mapchooser.amxx] Vote: Voting for the nextmap started
L 10/26/2017 - 10:46:01: [mapchooser.amxx] Vote: Voting for the nextmap finished. The nextmap will be cs_havana
L 10/26/2017 - 10:48:10: -------- Mapchange to cs_havana --------
L 10/26/2017 - 11:16:10: [mapchooser.amxx] Vote: Voting for the nextmap started
L 10/26/2017 - 11:16:25: [mapchooser.amxx] Vote: Voting for the nextmap finished. The nextmap will be de_chateau
L 10/26/2017 - 11:18:34: -------- Mapchange to de_chateau --------
L 10/26/2017 - 11:33:21: [admin.amxx] Login: "KerchNET<18><STEAM_0:0:57395618><>" became an admin (account "STEAM_0:0:57395618") (access "o") (address "94.19.82.22")
L 10/26/2017 - 11:33:25: [admin.amxx] Login: "KerchNET<19><STEAM_0:0:57395618><>" became an admin (account "STEAM_0:0:57395618") (access "o") (address "94.19.82.22")
L 10/26/2017 - 11:46:34: [mapchooser.amxx] Vote: Voting for the nextmap started
L 10/26/2017 - 11:46:49: [mapchooser.amxx] Vote: Voting for the nextmap finished. The nextmap will be de_aztec
L 10/26/2017 - 11:48:58: -------- Mapchange to de_aztec --------
L 10/26/2017 - 12:16:58: [mapchooser.amxx] Vote: Voting for the nextmap started
L 10/26/2017 - 12:17:13: [mapchooser.amxx] Vote: Voting for the nextmap finished. The nextmap will be as_oilrig
L 10/26/2017 - 12:19:22: -------- Mapchange to as_oilrig --------
L 10/26/2017 - 12:47:22: [mapchooser.amxx] Vote: Voting for the nextmap started
L 10/26/2017 - 12:47:37: [mapchooser.amxx] Vote: Voting for the nextmap finished. The nextmap will be cs_siege
L 10/26/2017 - 12:49:46: -------- Mapchange to cs_siege --------
L 10/26/2017 - 13:17:46: [mapchooser.amxx] Vote: Voting for the nextmap started
L 10/26/2017 - 13:18:01: [mapchooser.amxx] Vote: Voting for the nextmap finished. The nextmap will be de_cbble
L 10/26/2017 - 13:20:10: -------- Mapchange to de_cbble --------
L 10/26/2017 - 13:48:10: [mapchooser.amxx] Vote: Voting for the nextmap started
L 10/26/2017 - 13:48:25: [mapchooser.amxx] Vote: Voting for the nextmap finished. The nextmap will be de_dust
L 10/26/2017 - 13:50:34: -------- Mapchange to de_dust --------
L 10/26/2017 - 14:18:34: [mapchooser.amxx] Vote: Voting for the nextmap started
L 10/26/2017 - 14:18:49: [mapchooser.amxx] Vote: Voting for the nextmap finished. The nextmap will be cs_747
L 10/26/2017 - 14:20:58: -------- Mapchange to cs_747 --------
L 10/26/2017 - 14:48:58: [mapchooser.amxx] Vote: Voting for the nextmap started
L 10/26/2017 - 14:49:13: [mapchooser.amxx] Vote: Voting for the nextmap finished. The nextmap will be de_prodigy
L 10/26/2017 - 14:51:22: -------- Mapchange to de_prodigy --------
L 10/26/2017 - 15:19:22: [mapchooser.amxx] Vote: Voting for the nextmap started
L 10/26/2017 - 15:19:37: [mapchooser.amxx] Vote: Voting for the nextmap finished. The nextmap will be cs_assault
L 10/26/2017 - 15:21:46: -------- Mapchange to cs_assault --------
L 10/26/2017 - 15:49:46: [mapchooser.amxx] Vote: Voting for the nextmap started
L 10/26/2017 - 15:50:01: [mapchooser.amxx] Vote: Voting for the nextmap finished. The nextmap will be cs_office
L 10/26/2017 - 15:52:10: -------- Mapchange to cs_office --------
L 10/26/2017 - 16:20:10: [mapchooser.amxx] Vote: Voting for the nextmap started
L 10/26/2017 - 16:20:25: [mapchooser.amxx] Vote: Voting for the nextmap finished. The nextmap will be cs_italy
L 10/26/2017 - 16:22:35: -------- Mapchange to cs_italy --------
L 10/26/2017 - 16:50:34: [mapchooser.amxx] Vote: Voting for the nextmap started
L 10/26/2017 - 16:50:49: [mapchooser.amxx] Vote: Voting for the nextmap finished. The nextmap will be cs_backalley
L 10/26/2017 - 16:52:59: -------- Mapchange to cs_backalley --------
L 10/26/2017 - 17:20:58: [mapchooser.amxx] Vote: Voting for the nextmap started
L 10/26/2017 - 17:21:14: [mapchooser.amxx] Vote: Voting for the nextmap finished. The nextmap will be cs_militia
L 10/26/2017 - 17:23:23: -------- Mapchange to cs_militia --------
L 10/26/2017 - 17:51:23: [mapchooser.amxx] Vote: Voting for the nextmap started
L 10/26/2017 - 17:51:38: [mapchooser.amxx] Vote: Voting for the nextmap finished. The nextmap will be de_train
L 10/26/2017 - 17:53:47: -------- Mapchange to de_train --------
L 10/26/2017 - 18:21:47: [mapchooser.amxx] Vote: Voting for the nextmap started
L 10/26/2017 - 18:22:02: [mapchooser.amxx] Vote: Voting for the nextmap finished. The nextmap will be de_airstrip
L 10/26/2017 - 18:24:11: -------- Mapchange to de_airstrip --------
L 10/26/2017 - 18:52:11: [mapchooser.amxx] Vote: Voting for the nextmap started
L 10/26/2017 - 18:52:26: [mapchooser.amxx] Vote: Voting for the nextmap finished. The nextmap will be cs_havana
L 10/26/2017 - 18:54:35: -------- Mapchange to cs_havana --------
L 10/26/2017 - 19:22:35: [mapchooser.amxx] Vote: Voting for the nextmap started
L 10/26/2017 - 19:22:50: [mapchooser.amxx] Vote: Voting for the nextmap finished. The nextmap will be de_chateau
L 10/26/2017 - 19:24:59: -------- Mapchange to de_chateau --------
L 10/26/2017 - 19:52:59: [mapchooser.amxx] Vote: Voting for the nextmap started
L 10/26/2017 - 19:53:14: [mapchooser.amxx] Vote: Voting for the nextmap finished. The nextmap will be de_aztec
L 10/26/2017 - 19:55:23: -------- Mapchange to de_aztec --------
L 10/26/2017 - 20:23:23: [mapchooser.amxx] Vote: Voting for the nextmap started
L 10/26/2017 - 20:23:38: [mapchooser.amxx] Vote: Voting for the nextmap finished. The nextmap will be as_oilrig
L 10/26/2017 - 20:25:47: -------- Mapchange to as_oilrig --------
L 10/26/2017 - 20:53:47: [mapchooser.amxx] Vote: Voting for the nextmap started
L 10/26/2017 - 20:54:02: [mapchooser.amxx] Vote: Voting for the nextmap finished. The nextmap will be cs_siege
L 10/26/2017 - 20:56:11: -------- Mapchange to cs_siege --------
L 10/26/2017 - 21:24:11: [mapchooser.amxx] Vote: Voting for the nextmap started
L 10/26/2017 - 21:24:26: [mapchooser.amxx] Vote: Voting for the nextmap finished. The nextmap will be de_cbble
L 10/26/2017 - 21:26:35: -------- Mapchange to de_cbble --------
L 10/26/2017 - 21:54:35: [mapchooser.amxx] Vote: Voting for the nextmap started
L 10/26/2017 - 21:54:50: [mapchooser.amxx] Vote: Voting for the nextmap finished. The nextmap will be de_dust
L 10/26/2017 - 21:57:00: -------- Mapchange to de_dust --------
L 10/26/2017 - 22:24:59: [mapchooser.amxx] Vote: Voting for the nextmap started
L 10/26/2017 - 22:25:14: [mapchooser.amxx] Vote: Voting for the nextmap finished. The nextmap will be cs_747
L 10/26/2017 - 22:27:24: -------- Mapchange to cs_747 --------
L 10/26/2017 - 22:55:23: [mapchooser.amxx] Vote: Voting for the nextmap started
L 10/26/2017 - 22:55:39: [mapchooser.amxx] Vote: Voting for the nextmap finished. The nextmap will be de_prodigy
L 10/26/2017 - 22:57:48: -------- Mapchange to de_prodigy --------
L 10/26/2017 - 23:25:48: [mapchooser.amxx] Vote: Voting for the nextmap started
L 10/26/2017 - 23:26:03: [mapchooser.amxx] Vote: Voting for the nextmap finished. The nextmap will be cs_assault
L 10/26/2017 - 23:28:12: -------- Mapchange to cs_assault --------
L 10/26/2017 - 23:56:12: [mapchooser.amxx] Vote: Voting for the nextmap started
L 10/26/2017 - 23:56:27: [mapchooser.amxx] Vote: Voting for the nextmap finished. The nextmap will be cs_office
L 10/26/2017 - 23:58:36: -------- Mapchange to cs_office --------
