L 10/22/2017 - 00:03:56: [mapchooser.amxx] Vote: Voting for the nextmap started
L 10/22/2017 - 00:04:11: [mapchooser.amxx] Vote: Voting for the nextmap finished. The nextmap will be de_train
L 10/22/2017 - 00:06:05: -------- Mapchange to de_train --------
L 10/22/2017 - 00:06:05: [ms_miscstats.amxx] Could not locate <sound/djeyl/witch.wav> file
L 10/22/2017 - 00:06:05: [ms_miscstats.amxx] Could not locate <sound/djeyl/c4powa.wav> file
L 10/22/2017 - 00:06:05: [ms_miscstats.amxx] Could not locate <sound/djeyl/laugh.wav> file
L 10/22/2017 - 00:06:05: [ms_miscstats.amxx] Could not locate <sound/djeyl/witch.wav> file
L 10/22/2017 - 00:06:05: [ms_miscstats.amxx] Could not locate <sound/misc/multikill.wav> file
L 10/22/2017 - 00:06:05: [ms_miscstats.amxx] Could not locate <sound/misc/ultrakill.wav> file
L 10/22/2017 - 00:06:05: [ms_miscstats.amxx] Could not locate <sound/misc/killingspree.wav> file
L 10/22/2017 - 00:06:05: [ms_miscstats.amxx] Could not locate <sound/misc/rampage.wav> file
L 10/22/2017 - 00:06:05: [ms_miscstats.amxx] Could not locate <sound/misc/unstoppable.wav> file
L 10/22/2017 - 00:06:05: [ms_miscstats.amxx] Could not locate <sound/misc/monsterkill.wav> file
L 10/22/2017 - 00:06:05: [ms_miscstats.amxx] Could not locate <sound/misc/godlike.wav> file
L 10/22/2017 - 00:34:05: [mapchooser.amxx] Vote: Voting for the nextmap started
L 10/22/2017 - 00:34:20: [mapchooser.amxx] Vote: Voting for the nextmap finished. The nextmap will be de_airstrip
L 10/22/2017 - 00:36:14: -------- Mapchange to de_airstrip --------
L 10/22/2017 - 00:36:14: [ms_miscstats.amxx] Could not locate <sound/djeyl/witch.wav> file
L 10/22/2017 - 00:36:14: [ms_miscstats.amxx] Could not locate <sound/djeyl/c4powa.wav> file
L 10/22/2017 - 00:36:14: [ms_miscstats.amxx] Could not locate <sound/djeyl/laugh.wav> file
L 10/22/2017 - 00:36:14: [ms_miscstats.amxx] Could not locate <sound/djeyl/witch.wav> file
L 10/22/2017 - 00:36:14: [ms_miscstats.amxx] Could not locate <sound/misc/multikill.wav> file
L 10/22/2017 - 00:36:14: [ms_miscstats.amxx] Could not locate <sound/misc/ultrakill.wav> file
L 10/22/2017 - 00:36:14: [ms_miscstats.amxx] Could not locate <sound/misc/killingspree.wav> file
L 10/22/2017 - 00:36:14: [ms_miscstats.amxx] Could not locate <sound/misc/rampage.wav> file
L 10/22/2017 - 00:36:14: [ms_miscstats.amxx] Could not locate <sound/misc/unstoppable.wav> file
L 10/22/2017 - 00:36:14: [ms_miscstats.amxx] Could not locate <sound/misc/monsterkill.wav> file
L 10/22/2017 - 00:36:14: [ms_miscstats.amxx] Could not locate <sound/misc/godlike.wav> file
L 10/22/2017 - 01:04:13: [mapchooser.amxx] Vote: Voting for the nextmap started
L 10/22/2017 - 01:04:28: [mapchooser.amxx] Vote: Voting for the nextmap finished. The nextmap will be cs_havana
L 10/22/2017 - 01:06:23: -------- Mapchange to cs_havana --------
L 10/22/2017 - 01:06:23: [ms_miscstats.amxx] Could not locate <sound/djeyl/witch.wav> file
L 10/22/2017 - 01:06:23: [ms_miscstats.amxx] Could not locate <sound/djeyl/c4powa.wav> file
L 10/22/2017 - 01:06:23: [ms_miscstats.amxx] Could not locate <sound/djeyl/laugh.wav> file
L 10/22/2017 - 01:06:23: [ms_miscstats.amxx] Could not locate <sound/djeyl/witch.wav> file
L 10/22/2017 - 01:06:23: [ms_miscstats.amxx] Could not locate <sound/misc/multikill.wav> file
L 10/22/2017 - 01:06:23: [ms_miscstats.amxx] Could not locate <sound/misc/ultrakill.wav> file
L 10/22/2017 - 01:06:23: [ms_miscstats.amxx] Could not locate <sound/misc/killingspree.wav> file
L 10/22/2017 - 01:06:23: [ms_miscstats.amxx] Could not locate <sound/misc/rampage.wav> file
L 10/22/2017 - 01:06:23: [ms_miscstats.amxx] Could not locate <sound/misc/unstoppable.wav> file
L 10/22/2017 - 01:06:23: [ms_miscstats.amxx] Could not locate <sound/misc/monsterkill.wav> file
L 10/22/2017 - 01:06:23: [ms_miscstats.amxx] Could not locate <sound/misc/godlike.wav> file
L 10/22/2017 - 01:34:22: [mapchooser.amxx] Vote: Voting for the nextmap started
L 10/22/2017 - 01:34:38: [mapchooser.amxx] Vote: Voting for the nextmap finished. The nextmap will be de_chateau
L 10/22/2017 - 01:36:32: -------- Mapchange to de_chateau --------
L 10/22/2017 - 01:36:32: [ms_miscstats.amxx] Could not locate <sound/djeyl/witch.wav> file
L 10/22/2017 - 01:36:32: [ms_miscstats.amxx] Could not locate <sound/djeyl/c4powa.wav> file
L 10/22/2017 - 01:36:32: [ms_miscstats.amxx] Could not locate <sound/djeyl/laugh.wav> file
L 10/22/2017 - 01:36:32: [ms_miscstats.amxx] Could not locate <sound/djeyl/witch.wav> file
L 10/22/2017 - 01:36:32: [ms_miscstats.amxx] Could not locate <sound/misc/multikill.wav> file
L 10/22/2017 - 01:36:32: [ms_miscstats.amxx] Could not locate <sound/misc/ultrakill.wav> file
L 10/22/2017 - 01:36:32: [ms_miscstats.amxx] Could not locate <sound/misc/killingspree.wav> file
L 10/22/2017 - 01:36:32: [ms_miscstats.amxx] Could not locate <sound/misc/rampage.wav> file
L 10/22/2017 - 01:36:32: [ms_miscstats.amxx] Could not locate <sound/misc/unstoppable.wav> file
L 10/22/2017 - 01:36:32: [ms_miscstats.amxx] Could not locate <sound/misc/monsterkill.wav> file
L 10/22/2017 - 01:36:32: [ms_miscstats.amxx] Could not locate <sound/misc/godlike.wav> file
L 10/22/2017 - 02:04:31: [mapchooser.amxx] Vote: Voting for the nextmap started
L 10/22/2017 - 02:04:46: [mapchooser.amxx] Vote: Voting for the nextmap finished. The nextmap will be de_aztec
L 10/22/2017 - 02:06:40: -------- Mapchange to de_aztec --------
L 10/22/2017 - 02:06:40: [ms_miscstats.amxx] Could not locate <sound/djeyl/witch.wav> file
L 10/22/2017 - 02:06:40: [ms_miscstats.amxx] Could not locate <sound/djeyl/c4powa.wav> file
L 10/22/2017 - 02:06:40: [ms_miscstats.amxx] Could not locate <sound/djeyl/laugh.wav> file
L 10/22/2017 - 02:06:40: [ms_miscstats.amxx] Could not locate <sound/djeyl/witch.wav> file
L 10/22/2017 - 02:06:40: [ms_miscstats.amxx] Could not locate <sound/misc/multikill.wav> file
L 10/22/2017 - 02:06:40: [ms_miscstats.amxx] Could not locate <sound/misc/ultrakill.wav> file
L 10/22/2017 - 02:06:40: [ms_miscstats.amxx] Could not locate <sound/misc/killingspree.wav> file
L 10/22/2017 - 02:06:40: [ms_miscstats.amxx] Could not locate <sound/misc/rampage.wav> file
L 10/22/2017 - 02:06:40: [ms_miscstats.amxx] Could not locate <sound/misc/unstoppable.wav> file
L 10/22/2017 - 02:06:40: [ms_miscstats.amxx] Could not locate <sound/misc/monsterkill.wav> file
L 10/22/2017 - 02:06:40: [ms_miscstats.amxx] Could not locate <sound/misc/godlike.wav> file
L 10/22/2017 - 02:34:40: [mapchooser.amxx] Vote: Voting for the nextmap started
L 10/22/2017 - 02:34:55: [mapchooser.amxx] Vote: Voting for the nextmap finished. The nextmap will be as_oilrig
L 10/22/2017 - 02:36:49: -------- Mapchange to as_oilrig --------
L 10/22/2017 - 02:36:49: [ms_miscstats.amxx] Could not locate <sound/djeyl/witch.wav> file
L 10/22/2017 - 02:36:49: [ms_miscstats.amxx] Could not locate <sound/djeyl/c4powa.wav> file
L 10/22/2017 - 02:36:49: [ms_miscstats.amxx] Could not locate <sound/djeyl/laugh.wav> file
L 10/22/2017 - 02:36:49: [ms_miscstats.amxx] Could not locate <sound/djeyl/witch.wav> file
L 10/22/2017 - 02:36:49: [ms_miscstats.amxx] Could not locate <sound/misc/multikill.wav> file
L 10/22/2017 - 02:36:49: [ms_miscstats.amxx] Could not locate <sound/misc/ultrakill.wav> file
L 10/22/2017 - 02:36:49: [ms_miscstats.amxx] Could not locate <sound/misc/killingspree.wav> file
L 10/22/2017 - 02:36:49: [ms_miscstats.amxx] Could not locate <sound/misc/rampage.wav> file
L 10/22/2017 - 02:36:49: [ms_miscstats.amxx] Could not locate <sound/misc/unstoppable.wav> file
L 10/22/2017 - 02:36:49: [ms_miscstats.amxx] Could not locate <sound/misc/monsterkill.wav> file
L 10/22/2017 - 02:36:49: [ms_miscstats.amxx] Could not locate <sound/misc/godlike.wav> file
L 10/22/2017 - 03:04:46: [mapchooser.amxx] Vote: Voting for the nextmap started
L 10/22/2017 - 03:05:01: [mapchooser.amxx] Vote: Voting for the nextmap finished. The nextmap will be cs_siege
L 10/22/2017 - 03:06:55: -------- Mapchange to cs_siege --------
L 10/22/2017 - 03:06:56: [ms_miscstats.amxx] Could not locate <sound/djeyl/witch.wav> file
L 10/22/2017 - 03:06:56: [ms_miscstats.amxx] Could not locate <sound/djeyl/c4powa.wav> file
L 10/22/2017 - 03:06:56: [ms_miscstats.amxx] Could not locate <sound/djeyl/laugh.wav> file
L 10/22/2017 - 03:06:56: [ms_miscstats.amxx] Could not locate <sound/djeyl/witch.wav> file
L 10/22/2017 - 03:06:56: [ms_miscstats.amxx] Could not locate <sound/misc/multikill.wav> file
L 10/22/2017 - 03:06:56: [ms_miscstats.amxx] Could not locate <sound/misc/ultrakill.wav> file
L 10/22/2017 - 03:06:56: [ms_miscstats.amxx] Could not locate <sound/misc/killingspree.wav> file
L 10/22/2017 - 03:06:56: [ms_miscstats.amxx] Could not locate <sound/misc/rampage.wav> file
L 10/22/2017 - 03:06:56: [ms_miscstats.amxx] Could not locate <sound/misc/unstoppable.wav> file
L 10/22/2017 - 03:06:56: [ms_miscstats.amxx] Could not locate <sound/misc/monsterkill.wav> file
L 10/22/2017 - 03:06:56: [ms_miscstats.amxx] Could not locate <sound/misc/godlike.wav> file
L 10/22/2017 - 03:34:55: [mapchooser.amxx] Vote: Voting for the nextmap started
L 10/22/2017 - 03:35:10: [mapchooser.amxx] Vote: Voting for the nextmap finished. The nextmap will be de_cbble
L 10/22/2017 - 03:37:04: -------- Mapchange to de_cbble --------
L 10/22/2017 - 03:37:05: [ms_miscstats.amxx] Could not locate <sound/djeyl/witch.wav> file
L 10/22/2017 - 03:37:05: [ms_miscstats.amxx] Could not locate <sound/djeyl/c4powa.wav> file
L 10/22/2017 - 03:37:05: [ms_miscstats.amxx] Could not locate <sound/djeyl/laugh.wav> file
L 10/22/2017 - 03:37:05: [ms_miscstats.amxx] Could not locate <sound/djeyl/witch.wav> file
L 10/22/2017 - 03:37:05: [ms_miscstats.amxx] Could not locate <sound/misc/multikill.wav> file
L 10/22/2017 - 03:37:05: [ms_miscstats.amxx] Could not locate <sound/misc/ultrakill.wav> file
L 10/22/2017 - 03:37:05: [ms_miscstats.amxx] Could not locate <sound/misc/killingspree.wav> file
L 10/22/2017 - 03:37:05: [ms_miscstats.amxx] Could not locate <sound/misc/rampage.wav> file
L 10/22/2017 - 03:37:05: [ms_miscstats.amxx] Could not locate <sound/misc/unstoppable.wav> file
L 10/22/2017 - 03:37:05: [ms_miscstats.amxx] Could not locate <sound/misc/monsterkill.wav> file
L 10/22/2017 - 03:37:05: [ms_miscstats.amxx] Could not locate <sound/misc/godlike.wav> file
L 10/22/2017 - 04:05:04: [mapchooser.amxx] Vote: Voting for the nextmap started
L 10/22/2017 - 04:05:19: [mapchooser.amxx] Vote: Voting for the nextmap finished. The nextmap will be de_dust
L 10/22/2017 - 04:07:13: -------- Mapchange to de_dust --------
L 10/22/2017 - 04:07:13: [ms_miscstats.amxx] Could not locate <sound/djeyl/witch.wav> file
L 10/22/2017 - 04:07:13: [ms_miscstats.amxx] Could not locate <sound/djeyl/c4powa.wav> file
L 10/22/2017 - 04:07:13: [ms_miscstats.amxx] Could not locate <sound/djeyl/laugh.wav> file
L 10/22/2017 - 04:07:13: [ms_miscstats.amxx] Could not locate <sound/djeyl/witch.wav> file
L 10/22/2017 - 04:07:13: [ms_miscstats.amxx] Could not locate <sound/misc/multikill.wav> file
L 10/22/2017 - 04:07:13: [ms_miscstats.amxx] Could not locate <sound/misc/ultrakill.wav> file
L 10/22/2017 - 04:07:13: [ms_miscstats.amxx] Could not locate <sound/misc/killingspree.wav> file
L 10/22/2017 - 04:07:13: [ms_miscstats.amxx] Could not locate <sound/misc/rampage.wav> file
L 10/22/2017 - 04:07:13: [ms_miscstats.amxx] Could not locate <sound/misc/unstoppable.wav> file
L 10/22/2017 - 04:07:13: [ms_miscstats.amxx] Could not locate <sound/misc/monsterkill.wav> file
L 10/22/2017 - 04:07:13: [ms_miscstats.amxx] Could not locate <sound/misc/godlike.wav> file
L 10/22/2017 - 04:35:13: [mapchooser.amxx] Vote: Voting for the nextmap started
L 10/22/2017 - 04:35:28: [mapchooser.amxx] Vote: Voting for the nextmap finished. The nextmap will be cs_747
L 10/22/2017 - 04:37:22: -------- Mapchange to cs_747 --------
L 10/22/2017 - 04:37:22: [ms_miscstats.amxx] Could not locate <sound/djeyl/witch.wav> file
L 10/22/2017 - 04:37:22: [ms_miscstats.amxx] Could not locate <sound/djeyl/c4powa.wav> file
L 10/22/2017 - 04:37:22: [ms_miscstats.amxx] Could not locate <sound/djeyl/laugh.wav> file
L 10/22/2017 - 04:37:22: [ms_miscstats.amxx] Could not locate <sound/djeyl/witch.wav> file
L 10/22/2017 - 04:37:22: [ms_miscstats.amxx] Could not locate <sound/misc/multikill.wav> file
L 10/22/2017 - 04:37:22: [ms_miscstats.amxx] Could not locate <sound/misc/ultrakill.wav> file
L 10/22/2017 - 04:37:22: [ms_miscstats.amxx] Could not locate <sound/misc/killingspree.wav> file
L 10/22/2017 - 04:37:22: [ms_miscstats.amxx] Could not locate <sound/misc/rampage.wav> file
L 10/22/2017 - 04:37:22: [ms_miscstats.amxx] Could not locate <sound/misc/unstoppable.wav> file
L 10/22/2017 - 04:37:22: [ms_miscstats.amxx] Could not locate <sound/misc/monsterkill.wav> file
L 10/22/2017 - 04:37:22: [ms_miscstats.amxx] Could not locate <sound/misc/godlike.wav> file
L 10/22/2017 - 05:05:22: [mapchooser.amxx] Vote: Voting for the nextmap started
L 10/22/2017 - 05:05:37: [mapchooser.amxx] Vote: Voting for the nextmap finished. The nextmap will be de_prodigy
L 10/22/2017 - 05:07:31: -------- Mapchange to de_prodigy --------
L 10/22/2017 - 05:07:31: [ms_miscstats.amxx] Could not locate <sound/djeyl/witch.wav> file
L 10/22/2017 - 05:07:31: [ms_miscstats.amxx] Could not locate <sound/djeyl/c4powa.wav> file
L 10/22/2017 - 05:07:31: [ms_miscstats.amxx] Could not locate <sound/djeyl/laugh.wav> file
L 10/22/2017 - 05:07:31: [ms_miscstats.amxx] Could not locate <sound/djeyl/witch.wav> file
L 10/22/2017 - 05:07:31: [ms_miscstats.amxx] Could not locate <sound/misc/multikill.wav> file
L 10/22/2017 - 05:07:31: [ms_miscstats.amxx] Could not locate <sound/misc/ultrakill.wav> file
L 10/22/2017 - 05:07:31: [ms_miscstats.amxx] Could not locate <sound/misc/killingspree.wav> file
L 10/22/2017 - 05:07:31: [ms_miscstats.amxx] Could not locate <sound/misc/rampage.wav> file
L 10/22/2017 - 05:07:31: [ms_miscstats.amxx] Could not locate <sound/misc/unstoppable.wav> file
L 10/22/2017 - 05:07:31: [ms_miscstats.amxx] Could not locate <sound/misc/monsterkill.wav> file
L 10/22/2017 - 05:07:31: [ms_miscstats.amxx] Could not locate <sound/misc/godlike.wav> file
L 10/22/2017 - 05:35:31: [mapchooser.amxx] Vote: Voting for the nextmap started
L 10/22/2017 - 05:35:46: [mapchooser.amxx] Vote: Voting for the nextmap finished. The nextmap will be cs_assault
L 10/22/2017 - 05:37:40: -------- Mapchange to cs_assault --------
L 10/22/2017 - 05:37:40: [ms_miscstats.amxx] Could not locate <sound/djeyl/witch.wav> file
L 10/22/2017 - 05:37:40: [ms_miscstats.amxx] Could not locate <sound/djeyl/c4powa.wav> file
L 10/22/2017 - 05:37:40: [ms_miscstats.amxx] Could not locate <sound/djeyl/laugh.wav> file
L 10/22/2017 - 05:37:40: [ms_miscstats.amxx] Could not locate <sound/djeyl/witch.wav> file
L 10/22/2017 - 05:37:40: [ms_miscstats.amxx] Could not locate <sound/misc/multikill.wav> file
L 10/22/2017 - 05:37:40: [ms_miscstats.amxx] Could not locate <sound/misc/ultrakill.wav> file
L 10/22/2017 - 05:37:40: [ms_miscstats.amxx] Could not locate <sound/misc/killingspree.wav> file
L 10/22/2017 - 05:37:40: [ms_miscstats.amxx] Could not locate <sound/misc/rampage.wav> file
L 10/22/2017 - 05:37:40: [ms_miscstats.amxx] Could not locate <sound/misc/unstoppable.wav> file
L 10/22/2017 - 05:37:40: [ms_miscstats.amxx] Could not locate <sound/misc/monsterkill.wav> file
L 10/22/2017 - 05:37:40: [ms_miscstats.amxx] Could not locate <sound/misc/godlike.wav> file
L 10/22/2017 - 06:05:40: [mapchooser.amxx] Vote: Voting for the nextmap started
L 10/22/2017 - 06:05:55: [mapchooser.amxx] Vote: Voting for the nextmap finished. The nextmap will be cs_office
L 10/22/2017 - 06:07:49: -------- Mapchange to cs_office --------
L 10/22/2017 - 06:07:49: [ms_miscstats.amxx] Could not locate <sound/djeyl/witch.wav> file
L 10/22/2017 - 06:07:49: [ms_miscstats.amxx] Could not locate <sound/djeyl/c4powa.wav> file
L 10/22/2017 - 06:07:49: [ms_miscstats.amxx] Could not locate <sound/djeyl/laugh.wav> file
L 10/22/2017 - 06:07:49: [ms_miscstats.amxx] Could not locate <sound/djeyl/witch.wav> file
L 10/22/2017 - 06:07:49: [ms_miscstats.amxx] Could not locate <sound/misc/multikill.wav> file
L 10/22/2017 - 06:07:49: [ms_miscstats.amxx] Could not locate <sound/misc/ultrakill.wav> file
L 10/22/2017 - 06:07:49: [ms_miscstats.amxx] Could not locate <sound/misc/killingspree.wav> file
L 10/22/2017 - 06:07:49: [ms_miscstats.amxx] Could not locate <sound/misc/rampage.wav> file
L 10/22/2017 - 06:07:49: [ms_miscstats.amxx] Could not locate <sound/misc/unstoppable.wav> file
L 10/22/2017 - 06:07:49: [ms_miscstats.amxx] Could not locate <sound/misc/monsterkill.wav> file
L 10/22/2017 - 06:07:49: [ms_miscstats.amxx] Could not locate <sound/misc/godlike.wav> file
L 10/22/2017 - 06:35:49: [mapchooser.amxx] Vote: Voting for the nextmap started
L 10/22/2017 - 06:36:04: [mapchooser.amxx] Vote: Voting for the nextmap finished. The nextmap will be cs_italy
L 10/22/2017 - 06:37:58: -------- Mapchange to cs_italy --------
L 10/22/2017 - 06:37:58: [ms_miscstats.amxx] Could not locate <sound/djeyl/witch.wav> file
L 10/22/2017 - 06:37:58: [ms_miscstats.amxx] Could not locate <sound/djeyl/c4powa.wav> file
L 10/22/2017 - 06:37:58: [ms_miscstats.amxx] Could not locate <sound/djeyl/laugh.wav> file
L 10/22/2017 - 06:37:58: [ms_miscstats.amxx] Could not locate <sound/djeyl/witch.wav> file
L 10/22/2017 - 06:37:58: [ms_miscstats.amxx] Could not locate <sound/misc/multikill.wav> file
L 10/22/2017 - 06:37:58: [ms_miscstats.amxx] Could not locate <sound/misc/ultrakill.wav> file
L 10/22/2017 - 06:37:58: [ms_miscstats.amxx] Could not locate <sound/misc/killingspree.wav> file
L 10/22/2017 - 06:37:58: [ms_miscstats.amxx] Could not locate <sound/misc/rampage.wav> file
L 10/22/2017 - 06:37:58: [ms_miscstats.amxx] Could not locate <sound/misc/unstoppable.wav> file
L 10/22/2017 - 06:37:58: [ms_miscstats.amxx] Could not locate <sound/misc/monsterkill.wav> file
L 10/22/2017 - 06:37:58: [ms_miscstats.amxx] Could not locate <sound/misc/godlike.wav> file
L 10/22/2017 - 07:05:58: [mapchooser.amxx] Vote: Voting for the nextmap started
L 10/22/2017 - 07:06:13: [mapchooser.amxx] Vote: Voting for the nextmap finished. The nextmap will be cs_backalley
L 10/22/2017 - 07:08:07: -------- Mapchange to cs_backalley --------
L 10/22/2017 - 07:08:07: [ms_miscstats.amxx] Could not locate <sound/djeyl/witch.wav> file
L 10/22/2017 - 07:08:07: [ms_miscstats.amxx] Could not locate <sound/djeyl/c4powa.wav> file
L 10/22/2017 - 07:08:07: [ms_miscstats.amxx] Could not locate <sound/djeyl/laugh.wav> file
L 10/22/2017 - 07:08:07: [ms_miscstats.amxx] Could not locate <sound/djeyl/witch.wav> file
L 10/22/2017 - 07:08:07: [ms_miscstats.amxx] Could not locate <sound/misc/multikill.wav> file
L 10/22/2017 - 07:08:07: [ms_miscstats.amxx] Could not locate <sound/misc/ultrakill.wav> file
L 10/22/2017 - 07:08:07: [ms_miscstats.amxx] Could not locate <sound/misc/killingspree.wav> file
L 10/22/2017 - 07:08:07: [ms_miscstats.amxx] Could not locate <sound/misc/rampage.wav> file
L 10/22/2017 - 07:08:07: [ms_miscstats.amxx] Could not locate <sound/misc/unstoppable.wav> file
L 10/22/2017 - 07:08:07: [ms_miscstats.amxx] Could not locate <sound/misc/monsterkill.wav> file
L 10/22/2017 - 07:08:07: [ms_miscstats.amxx] Could not locate <sound/misc/godlike.wav> file
L 10/22/2017 - 07:36:07: [mapchooser.amxx] Vote: Voting for the nextmap started
L 10/22/2017 - 07:36:22: [mapchooser.amxx] Vote: Voting for the nextmap finished. The nextmap will be cs_militia
L 10/22/2017 - 07:38:16: -------- Mapchange to cs_militia --------
L 10/22/2017 - 07:38:16: [ms_miscstats.amxx] Could not locate <sound/djeyl/witch.wav> file
L 10/22/2017 - 07:38:16: [ms_miscstats.amxx] Could not locate <sound/djeyl/c4powa.wav> file
L 10/22/2017 - 07:38:16: [ms_miscstats.amxx] Could not locate <sound/djeyl/laugh.wav> file
L 10/22/2017 - 07:38:16: [ms_miscstats.amxx] Could not locate <sound/djeyl/witch.wav> file
L 10/22/2017 - 07:38:16: [ms_miscstats.amxx] Could not locate <sound/misc/multikill.wav> file
L 10/22/2017 - 07:38:16: [ms_miscstats.amxx] Could not locate <sound/misc/ultrakill.wav> file
L 10/22/2017 - 07:38:16: [ms_miscstats.amxx] Could not locate <sound/misc/killingspree.wav> file
L 10/22/2017 - 07:38:16: [ms_miscstats.amxx] Could not locate <sound/misc/rampage.wav> file
L 10/22/2017 - 07:38:16: [ms_miscstats.amxx] Could not locate <sound/misc/unstoppable.wav> file
L 10/22/2017 - 07:38:16: [ms_miscstats.amxx] Could not locate <sound/misc/monsterkill.wav> file
L 10/22/2017 - 07:38:16: [ms_miscstats.amxx] Could not locate <sound/misc/godlike.wav> file
L 10/22/2017 - 08:06:16: [mapchooser.amxx] Vote: Voting for the nextmap started
L 10/22/2017 - 08:06:31: [mapchooser.amxx] Vote: Voting for the nextmap finished. The nextmap will be de_train
L 10/22/2017 - 08:08:25: -------- Mapchange to de_train --------
L 10/22/2017 - 08:08:25: [ms_miscstats.amxx] Could not locate <sound/djeyl/witch.wav> file
L 10/22/2017 - 08:08:25: [ms_miscstats.amxx] Could not locate <sound/djeyl/c4powa.wav> file
L 10/22/2017 - 08:08:25: [ms_miscstats.amxx] Could not locate <sound/djeyl/laugh.wav> file
L 10/22/2017 - 08:08:25: [ms_miscstats.amxx] Could not locate <sound/djeyl/witch.wav> file
L 10/22/2017 - 08:08:25: [ms_miscstats.amxx] Could not locate <sound/misc/multikill.wav> file
L 10/22/2017 - 08:08:25: [ms_miscstats.amxx] Could not locate <sound/misc/ultrakill.wav> file
L 10/22/2017 - 08:08:25: [ms_miscstats.amxx] Could not locate <sound/misc/killingspree.wav> file
L 10/22/2017 - 08:08:25: [ms_miscstats.amxx] Could not locate <sound/misc/rampage.wav> file
L 10/22/2017 - 08:08:25: [ms_miscstats.amxx] Could not locate <sound/misc/unstoppable.wav> file
L 10/22/2017 - 08:08:25: [ms_miscstats.amxx] Could not locate <sound/misc/monsterkill.wav> file
L 10/22/2017 - 08:08:25: [ms_miscstats.amxx] Could not locate <sound/misc/godlike.wav> file
L 10/22/2017 - 08:36:24: [mapchooser.amxx] Vote: Voting for the nextmap started
L 10/22/2017 - 08:36:39: [mapchooser.amxx] Vote: Voting for the nextmap finished. The nextmap will be de_airstrip
L 10/22/2017 - 08:38:33: -------- Mapchange to de_airstrip --------
L 10/22/2017 - 08:38:34: [ms_miscstats.amxx] Could not locate <sound/djeyl/witch.wav> file
L 10/22/2017 - 08:38:34: [ms_miscstats.amxx] Could not locate <sound/djeyl/c4powa.wav> file
L 10/22/2017 - 08:38:34: [ms_miscstats.amxx] Could not locate <sound/djeyl/laugh.wav> file
L 10/22/2017 - 08:38:34: [ms_miscstats.amxx] Could not locate <sound/djeyl/witch.wav> file
L 10/22/2017 - 08:38:34: [ms_miscstats.amxx] Could not locate <sound/misc/multikill.wav> file
L 10/22/2017 - 08:38:34: [ms_miscstats.amxx] Could not locate <sound/misc/ultrakill.wav> file
L 10/22/2017 - 08:38:34: [ms_miscstats.amxx] Could not locate <sound/misc/killingspree.wav> file
L 10/22/2017 - 08:38:34: [ms_miscstats.amxx] Could not locate <sound/misc/rampage.wav> file
L 10/22/2017 - 08:38:34: [ms_miscstats.amxx] Could not locate <sound/misc/unstoppable.wav> file
L 10/22/2017 - 08:38:34: [ms_miscstats.amxx] Could not locate <sound/misc/monsterkill.wav> file
L 10/22/2017 - 08:38:34: [ms_miscstats.amxx] Could not locate <sound/misc/godlike.wav> file
L 10/22/2017 - 09:06:33: [mapchooser.amxx] Vote: Voting for the nextmap started
L 10/22/2017 - 09:06:48: [mapchooser.amxx] Vote: Voting for the nextmap finished. The nextmap will be cs_havana
L 10/22/2017 - 09:08:43: -------- Mapchange to cs_havana --------
L 10/22/2017 - 09:08:43: [ms_miscstats.amxx] Could not locate <sound/djeyl/witch.wav> file
L 10/22/2017 - 09:08:43: [ms_miscstats.amxx] Could not locate <sound/djeyl/c4powa.wav> file
L 10/22/2017 - 09:08:43: [ms_miscstats.amxx] Could not locate <sound/djeyl/laugh.wav> file
L 10/22/2017 - 09:08:43: [ms_miscstats.amxx] Could not locate <sound/djeyl/witch.wav> file
L 10/22/2017 - 09:08:43: [ms_miscstats.amxx] Could not locate <sound/misc/multikill.wav> file
L 10/22/2017 - 09:08:43: [ms_miscstats.amxx] Could not locate <sound/misc/ultrakill.wav> file
L 10/22/2017 - 09:08:43: [ms_miscstats.amxx] Could not locate <sound/misc/killingspree.wav> file
L 10/22/2017 - 09:08:43: [ms_miscstats.amxx] Could not locate <sound/misc/rampage.wav> file
L 10/22/2017 - 09:08:43: [ms_miscstats.amxx] Could not locate <sound/misc/unstoppable.wav> file
L 10/22/2017 - 09:08:43: [ms_miscstats.amxx] Could not locate <sound/misc/monsterkill.wav> file
L 10/22/2017 - 09:08:43: [ms_miscstats.amxx] Could not locate <sound/misc/godlike.wav> file
L 10/22/2017 - 09:36:42: [mapchooser.amxx] Vote: Voting for the nextmap started
L 10/22/2017 - 09:36:57: [mapchooser.amxx] Vote: Voting for the nextmap finished. The nextmap will be de_chateau
L 10/22/2017 - 09:38:51: -------- Mapchange to de_chateau --------
L 10/22/2017 - 09:38:52: [ms_miscstats.amxx] Could not locate <sound/djeyl/witch.wav> file
L 10/22/2017 - 09:38:52: [ms_miscstats.amxx] Could not locate <sound/djeyl/c4powa.wav> file
L 10/22/2017 - 09:38:52: [ms_miscstats.amxx] Could not locate <sound/djeyl/laugh.wav> file
L 10/22/2017 - 09:38:52: [ms_miscstats.amxx] Could not locate <sound/djeyl/witch.wav> file
L 10/22/2017 - 09:38:52: [ms_miscstats.amxx] Could not locate <sound/misc/multikill.wav> file
L 10/22/2017 - 09:38:52: [ms_miscstats.amxx] Could not locate <sound/misc/ultrakill.wav> file
L 10/22/2017 - 09:38:52: [ms_miscstats.amxx] Could not locate <sound/misc/killingspree.wav> file
L 10/22/2017 - 09:38:52: [ms_miscstats.amxx] Could not locate <sound/misc/rampage.wav> file
L 10/22/2017 - 09:38:52: [ms_miscstats.amxx] Could not locate <sound/misc/unstoppable.wav> file
L 10/22/2017 - 09:38:52: [ms_miscstats.amxx] Could not locate <sound/misc/monsterkill.wav> file
L 10/22/2017 - 09:38:52: [ms_miscstats.amxx] Could not locate <sound/misc/godlike.wav> file
L 10/22/2017 - 10:06:51: [mapchooser.amxx] Vote: Voting for the nextmap started
L 10/22/2017 - 10:07:06: [mapchooser.amxx] Vote: Voting for the nextmap finished. The nextmap will be de_aztec
L 10/22/2017 - 10:09:00: -------- Mapchange to de_aztec --------
L 10/22/2017 - 10:09:00: [ms_miscstats.amxx] Could not locate <sound/djeyl/witch.wav> file
L 10/22/2017 - 10:09:00: [ms_miscstats.amxx] Could not locate <sound/djeyl/c4powa.wav> file
L 10/22/2017 - 10:09:00: [ms_miscstats.amxx] Could not locate <sound/djeyl/laugh.wav> file
L 10/22/2017 - 10:09:00: [ms_miscstats.amxx] Could not locate <sound/djeyl/witch.wav> file
L 10/22/2017 - 10:09:00: [ms_miscstats.amxx] Could not locate <sound/misc/multikill.wav> file
L 10/22/2017 - 10:09:00: [ms_miscstats.amxx] Could not locate <sound/misc/ultrakill.wav> file
L 10/22/2017 - 10:09:00: [ms_miscstats.amxx] Could not locate <sound/misc/killingspree.wav> file
L 10/22/2017 - 10:09:00: [ms_miscstats.amxx] Could not locate <sound/misc/rampage.wav> file
L 10/22/2017 - 10:09:00: [ms_miscstats.amxx] Could not locate <sound/misc/unstoppable.wav> file
L 10/22/2017 - 10:09:00: [ms_miscstats.amxx] Could not locate <sound/misc/monsterkill.wav> file
L 10/22/2017 - 10:09:00: [ms_miscstats.amxx] Could not locate <sound/misc/godlike.wav> file
L 10/22/2017 - 10:37:00: [mapchooser.amxx] Vote: Voting for the nextmap started
L 10/22/2017 - 10:37:15: [mapchooser.amxx] Vote: Voting for the nextmap finished. The nextmap will be as_oilrig
L 10/22/2017 - 10:39:09: -------- Mapchange to as_oilrig --------
L 10/22/2017 - 10:39:09: [ms_miscstats.amxx] Could not locate <sound/djeyl/witch.wav> file
L 10/22/2017 - 10:39:09: [ms_miscstats.amxx] Could not locate <sound/djeyl/c4powa.wav> file
L 10/22/2017 - 10:39:09: [ms_miscstats.amxx] Could not locate <sound/djeyl/laugh.wav> file
L 10/22/2017 - 10:39:09: [ms_miscstats.amxx] Could not locate <sound/djeyl/witch.wav> file
L 10/22/2017 - 10:39:09: [ms_miscstats.amxx] Could not locate <sound/misc/multikill.wav> file
L 10/22/2017 - 10:39:09: [ms_miscstats.amxx] Could not locate <sound/misc/ultrakill.wav> file
L 10/22/2017 - 10:39:09: [ms_miscstats.amxx] Could not locate <sound/misc/killingspree.wav> file
L 10/22/2017 - 10:39:09: [ms_miscstats.amxx] Could not locate <sound/misc/rampage.wav> file
L 10/22/2017 - 10:39:09: [ms_miscstats.amxx] Could not locate <sound/misc/unstoppable.wav> file
L 10/22/2017 - 10:39:09: [ms_miscstats.amxx] Could not locate <sound/misc/monsterkill.wav> file
L 10/22/2017 - 10:39:09: [ms_miscstats.amxx] Could not locate <sound/misc/godlike.wav> file
L 10/22/2017 - 11:07:09: [mapchooser.amxx] Vote: Voting for the nextmap started
L 10/22/2017 - 11:07:24: [mapchooser.amxx] Vote: Voting for the nextmap finished. The nextmap will be cs_siege
L 10/22/2017 - 11:09:18: -------- Mapchange to cs_siege --------
L 10/22/2017 - 11:09:18: [ms_miscstats.amxx] Could not locate <sound/djeyl/witch.wav> file
L 10/22/2017 - 11:09:18: [ms_miscstats.amxx] Could not locate <sound/djeyl/c4powa.wav> file
L 10/22/2017 - 11:09:18: [ms_miscstats.amxx] Could not locate <sound/djeyl/laugh.wav> file
L 10/22/2017 - 11:09:18: [ms_miscstats.amxx] Could not locate <sound/djeyl/witch.wav> file
L 10/22/2017 - 11:09:18: [ms_miscstats.amxx] Could not locate <sound/misc/multikill.wav> file
L 10/22/2017 - 11:09:18: [ms_miscstats.amxx] Could not locate <sound/misc/ultrakill.wav> file
L 10/22/2017 - 11:09:18: [ms_miscstats.amxx] Could not locate <sound/misc/killingspree.wav> file
L 10/22/2017 - 11:09:18: [ms_miscstats.amxx] Could not locate <sound/misc/rampage.wav> file
L 10/22/2017 - 11:09:18: [ms_miscstats.amxx] Could not locate <sound/misc/unstoppable.wav> file
L 10/22/2017 - 11:09:18: [ms_miscstats.amxx] Could not locate <sound/misc/monsterkill.wav> file
L 10/22/2017 - 11:09:18: [ms_miscstats.amxx] Could not locate <sound/misc/godlike.wav> file
L 10/22/2017 - 11:37:18: [mapchooser.amxx] Vote: Voting for the nextmap started
L 10/22/2017 - 11:37:33: [mapchooser.amxx] Vote: Voting for the nextmap finished. The nextmap will be de_cbble
L 10/22/2017 - 11:39:27: -------- Mapchange to de_cbble --------
L 10/22/2017 - 11:39:27: [ms_miscstats.amxx] Could not locate <sound/djeyl/witch.wav> file
L 10/22/2017 - 11:39:27: [ms_miscstats.amxx] Could not locate <sound/djeyl/c4powa.wav> file
L 10/22/2017 - 11:39:27: [ms_miscstats.amxx] Could not locate <sound/djeyl/laugh.wav> file
L 10/22/2017 - 11:39:27: [ms_miscstats.amxx] Could not locate <sound/djeyl/witch.wav> file
L 10/22/2017 - 11:39:27: [ms_miscstats.amxx] Could not locate <sound/misc/multikill.wav> file
L 10/22/2017 - 11:39:27: [ms_miscstats.amxx] Could not locate <sound/misc/ultrakill.wav> file
L 10/22/2017 - 11:39:27: [ms_miscstats.amxx] Could not locate <sound/misc/killingspree.wav> file
L 10/22/2017 - 11:39:27: [ms_miscstats.amxx] Could not locate <sound/misc/rampage.wav> file
L 10/22/2017 - 11:39:27: [ms_miscstats.amxx] Could not locate <sound/misc/unstoppable.wav> file
L 10/22/2017 - 11:39:27: [ms_miscstats.amxx] Could not locate <sound/misc/monsterkill.wav> file
L 10/22/2017 - 11:39:27: [ms_miscstats.amxx] Could not locate <sound/misc/godlike.wav> file
L 10/22/2017 - 12:07:27: [mapchooser.amxx] Vote: Voting for the nextmap started
L 10/22/2017 - 12:07:42: [mapchooser.amxx] Vote: Voting for the nextmap finished. The nextmap will be cs_office
L 10/22/2017 - 12:09:36: -------- Mapchange to cs_office --------
L 10/22/2017 - 12:09:36: [ms_miscstats.amxx] Could not locate <sound/djeyl/witch.wav> file
L 10/22/2017 - 12:09:36: [ms_miscstats.amxx] Could not locate <sound/djeyl/c4powa.wav> file
L 10/22/2017 - 12:09:36: [ms_miscstats.amxx] Could not locate <sound/djeyl/laugh.wav> file
L 10/22/2017 - 12:09:36: [ms_miscstats.amxx] Could not locate <sound/djeyl/witch.wav> file
L 10/22/2017 - 12:09:36: [ms_miscstats.amxx] Could not locate <sound/misc/multikill.wav> file
L 10/22/2017 - 12:09:36: [ms_miscstats.amxx] Could not locate <sound/misc/ultrakill.wav> file
L 10/22/2017 - 12:09:36: [ms_miscstats.amxx] Could not locate <sound/misc/killingspree.wav> file
L 10/22/2017 - 12:09:36: [ms_miscstats.amxx] Could not locate <sound/misc/rampage.wav> file
L 10/22/2017 - 12:09:36: [ms_miscstats.amxx] Could not locate <sound/misc/unstoppable.wav> file
L 10/22/2017 - 12:09:36: [ms_miscstats.amxx] Could not locate <sound/misc/monsterkill.wav> file
L 10/22/2017 - 12:09:36: [ms_miscstats.amxx] Could not locate <sound/misc/godlike.wav> file
L 10/22/2017 - 12:37:36: [mapchooser.amxx] Vote: Voting for the nextmap started
L 10/22/2017 - 12:37:51: [mapchooser.amxx] Vote: Voting for the nextmap finished. The nextmap will be cs_747
L 10/22/2017 - 12:39:45: -------- Mapchange to cs_747 --------
L 10/22/2017 - 12:39:45: [ms_miscstats.amxx] Could not locate <sound/djeyl/witch.wav> file
L 10/22/2017 - 12:39:45: [ms_miscstats.amxx] Could not locate <sound/djeyl/c4powa.wav> file
L 10/22/2017 - 12:39:45: [ms_miscstats.amxx] Could not locate <sound/djeyl/laugh.wav> file
L 10/22/2017 - 12:39:45: [ms_miscstats.amxx] Could not locate <sound/djeyl/witch.wav> file
L 10/22/2017 - 12:39:45: [ms_miscstats.amxx] Could not locate <sound/misc/multikill.wav> file
L 10/22/2017 - 12:39:45: [ms_miscstats.amxx] Could not locate <sound/misc/ultrakill.wav> file
L 10/22/2017 - 12:39:45: [ms_miscstats.amxx] Could not locate <sound/misc/killingspree.wav> file
L 10/22/2017 - 12:39:45: [ms_miscstats.amxx] Could not locate <sound/misc/rampage.wav> file
L 10/22/2017 - 12:39:45: [ms_miscstats.amxx] Could not locate <sound/misc/unstoppable.wav> file
L 10/22/2017 - 12:39:45: [ms_miscstats.amxx] Could not locate <sound/misc/monsterkill.wav> file
L 10/22/2017 - 12:39:45: [ms_miscstats.amxx] Could not locate <sound/misc/godlike.wav> file
L 10/22/2017 - 13:07:45: [mapchooser.amxx] Vote: Voting for the nextmap started
L 10/22/2017 - 13:08:00: [mapchooser.amxx] Vote: Voting for the nextmap finished. The nextmap will be de_prodigy
L 10/22/2017 - 13:09:54: -------- Mapchange to de_prodigy --------
L 10/22/2017 - 13:09:54: [ms_miscstats.amxx] Could not locate <sound/djeyl/witch.wav> file
L 10/22/2017 - 13:09:54: [ms_miscstats.amxx] Could not locate <sound/djeyl/c4powa.wav> file
L 10/22/2017 - 13:09:54: [ms_miscstats.amxx] Could not locate <sound/djeyl/laugh.wav> file
L 10/22/2017 - 13:09:54: [ms_miscstats.amxx] Could not locate <sound/djeyl/witch.wav> file
L 10/22/2017 - 13:09:54: [ms_miscstats.amxx] Could not locate <sound/misc/multikill.wav> file
L 10/22/2017 - 13:09:54: [ms_miscstats.amxx] Could not locate <sound/misc/ultrakill.wav> file
L 10/22/2017 - 13:09:54: [ms_miscstats.amxx] Could not locate <sound/misc/killingspree.wav> file
L 10/22/2017 - 13:09:54: [ms_miscstats.amxx] Could not locate <sound/misc/rampage.wav> file
L 10/22/2017 - 13:09:54: [ms_miscstats.amxx] Could not locate <sound/misc/unstoppable.wav> file
L 10/22/2017 - 13:09:54: [ms_miscstats.amxx] Could not locate <sound/misc/monsterkill.wav> file
L 10/22/2017 - 13:09:54: [ms_miscstats.amxx] Could not locate <sound/misc/godlike.wav> file
L 10/22/2017 - 13:37:54: [mapchooser.amxx] Vote: Voting for the nextmap started
L 10/22/2017 - 13:38:09: [mapchooser.amxx] Vote: Voting for the nextmap finished. The nextmap will be cs_assault
L 10/22/2017 - 13:40:03: -------- Mapchange to cs_assault --------
L 10/22/2017 - 13:40:03: [ms_miscstats.amxx] Could not locate <sound/djeyl/witch.wav> file
L 10/22/2017 - 13:40:03: [ms_miscstats.amxx] Could not locate <sound/djeyl/c4powa.wav> file
L 10/22/2017 - 13:40:03: [ms_miscstats.amxx] Could not locate <sound/djeyl/laugh.wav> file
L 10/22/2017 - 13:40:03: [ms_miscstats.amxx] Could not locate <sound/djeyl/witch.wav> file
L 10/22/2017 - 13:40:03: [ms_miscstats.amxx] Could not locate <sound/misc/multikill.wav> file
L 10/22/2017 - 13:40:03: [ms_miscstats.amxx] Could not locate <sound/misc/ultrakill.wav> file
L 10/22/2017 - 13:40:03: [ms_miscstats.amxx] Could not locate <sound/misc/killingspree.wav> file
L 10/22/2017 - 13:40:03: [ms_miscstats.amxx] Could not locate <sound/misc/rampage.wav> file
L 10/22/2017 - 13:40:03: [ms_miscstats.amxx] Could not locate <sound/misc/unstoppable.wav> file
L 10/22/2017 - 13:40:03: [ms_miscstats.amxx] Could not locate <sound/misc/monsterkill.wav> file
L 10/22/2017 - 13:40:03: [ms_miscstats.amxx] Could not locate <sound/misc/godlike.wav> file
L 10/22/2017 - 14:08:02: [mapchooser.amxx] Vote: Voting for the nextmap started
L 10/22/2017 - 14:08:17: [mapchooser.amxx] Vote: Voting for the nextmap finished. The nextmap will be cs_office
L 10/22/2017 - 14:10:11: -------- Mapchange to cs_office --------
L 10/22/2017 - 14:10:12: [ms_miscstats.amxx] Could not locate <sound/djeyl/witch.wav> file
L 10/22/2017 - 14:10:12: [ms_miscstats.amxx] Could not locate <sound/djeyl/c4powa.wav> file
L 10/22/2017 - 14:10:12: [ms_miscstats.amxx] Could not locate <sound/djeyl/laugh.wav> file
L 10/22/2017 - 14:10:12: [ms_miscstats.amxx] Could not locate <sound/djeyl/witch.wav> file
L 10/22/2017 - 14:10:12: [ms_miscstats.amxx] Could not locate <sound/misc/multikill.wav> file
L 10/22/2017 - 14:10:12: [ms_miscstats.amxx] Could not locate <sound/misc/ultrakill.wav> file
L 10/22/2017 - 14:10:12: [ms_miscstats.amxx] Could not locate <sound/misc/killingspree.wav> file
L 10/22/2017 - 14:10:12: [ms_miscstats.amxx] Could not locate <sound/misc/rampage.wav> file
L 10/22/2017 - 14:10:12: [ms_miscstats.amxx] Could not locate <sound/misc/unstoppable.wav> file
L 10/22/2017 - 14:10:12: [ms_miscstats.amxx] Could not locate <sound/misc/monsterkill.wav> file
L 10/22/2017 - 14:10:12: [ms_miscstats.amxx] Could not locate <sound/misc/godlike.wav> file
L 10/22/2017 - 14:38:11: [mapchooser.amxx] Vote: Voting for the nextmap started
L 10/22/2017 - 14:38:26: [mapchooser.amxx] Vote: Voting for the nextmap finished. The nextmap will be cs_italy
L 10/22/2017 - 14:40:20: -------- Mapchange to cs_italy --------
L 10/22/2017 - 14:40:20: [ms_miscstats.amxx] Could not locate <sound/djeyl/witch.wav> file
L 10/22/2017 - 14:40:20: [ms_miscstats.amxx] Could not locate <sound/djeyl/c4powa.wav> file
L 10/22/2017 - 14:40:20: [ms_miscstats.amxx] Could not locate <sound/djeyl/laugh.wav> file
L 10/22/2017 - 14:40:20: [ms_miscstats.amxx] Could not locate <sound/djeyl/witch.wav> file
L 10/22/2017 - 14:40:20: [ms_miscstats.amxx] Could not locate <sound/misc/multikill.wav> file
L 10/22/2017 - 14:40:20: [ms_miscstats.amxx] Could not locate <sound/misc/ultrakill.wav> file
L 10/22/2017 - 14:40:20: [ms_miscstats.amxx] Could not locate <sound/misc/killingspree.wav> file
L 10/22/2017 - 14:40:20: [ms_miscstats.amxx] Could not locate <sound/misc/rampage.wav> file
L 10/22/2017 - 14:40:20: [ms_miscstats.amxx] Could not locate <sound/misc/unstoppable.wav> file
L 10/22/2017 - 14:40:20: [ms_miscstats.amxx] Could not locate <sound/misc/monsterkill.wav> file
L 10/22/2017 - 14:40:20: [ms_miscstats.amxx] Could not locate <sound/misc/godlike.wav> file
L 10/22/2017 - 15:08:20: [mapchooser.amxx] Vote: Voting for the nextmap started
L 10/22/2017 - 15:08:35: [mapchooser.amxx] Vote: Voting for the nextmap finished. The nextmap will be cs_backalley
L 10/22/2017 - 15:10:29: -------- Mapchange to cs_backalley --------
L 10/22/2017 - 15:10:29: [ms_miscstats.amxx] Could not locate <sound/djeyl/witch.wav> file
L 10/22/2017 - 15:10:29: [ms_miscstats.amxx] Could not locate <sound/djeyl/c4powa.wav> file
L 10/22/2017 - 15:10:29: [ms_miscstats.amxx] Could not locate <sound/djeyl/laugh.wav> file
L 10/22/2017 - 15:10:29: [ms_miscstats.amxx] Could not locate <sound/djeyl/witch.wav> file
L 10/22/2017 - 15:10:29: [ms_miscstats.amxx] Could not locate <sound/misc/multikill.wav> file
L 10/22/2017 - 15:10:29: [ms_miscstats.amxx] Could not locate <sound/misc/ultrakill.wav> file
L 10/22/2017 - 15:10:29: [ms_miscstats.amxx] Could not locate <sound/misc/killingspree.wav> file
L 10/22/2017 - 15:10:29: [ms_miscstats.amxx] Could not locate <sound/misc/rampage.wav> file
L 10/22/2017 - 15:10:29: [ms_miscstats.amxx] Could not locate <sound/misc/unstoppable.wav> file
L 10/22/2017 - 15:10:29: [ms_miscstats.amxx] Could not locate <sound/misc/monsterkill.wav> file
L 10/22/2017 - 15:10:29: [ms_miscstats.amxx] Could not locate <sound/misc/godlike.wav> file
L 10/22/2017 - 15:38:29: [mapchooser.amxx] Vote: Voting for the nextmap started
L 10/22/2017 - 15:38:44: [mapchooser.amxx] Vote: Voting for the nextmap finished. The nextmap will be cs_militia
L 10/22/2017 - 15:40:38: -------- Mapchange to cs_militia --------
L 10/22/2017 - 15:40:38: [ms_miscstats.amxx] Could not locate <sound/djeyl/witch.wav> file
L 10/22/2017 - 15:40:38: [ms_miscstats.amxx] Could not locate <sound/djeyl/c4powa.wav> file
L 10/22/2017 - 15:40:38: [ms_miscstats.amxx] Could not locate <sound/djeyl/laugh.wav> file
L 10/22/2017 - 15:40:38: [ms_miscstats.amxx] Could not locate <sound/djeyl/witch.wav> file
L 10/22/2017 - 15:40:38: [ms_miscstats.amxx] Could not locate <sound/misc/multikill.wav> file
L 10/22/2017 - 15:40:38: [ms_miscstats.amxx] Could not locate <sound/misc/ultrakill.wav> file
L 10/22/2017 - 15:40:38: [ms_miscstats.amxx] Could not locate <sound/misc/killingspree.wav> file
L 10/22/2017 - 15:40:38: [ms_miscstats.amxx] Could not locate <sound/misc/rampage.wav> file
L 10/22/2017 - 15:40:38: [ms_miscstats.amxx] Could not locate <sound/misc/unstoppable.wav> file
L 10/22/2017 - 15:40:38: [ms_miscstats.amxx] Could not locate <sound/misc/monsterkill.wav> file
L 10/22/2017 - 15:40:38: [ms_miscstats.amxx] Could not locate <sound/misc/godlike.wav> file
L 10/22/2017 - 16:08:38: [mapchooser.amxx] Vote: Voting for the nextmap started
L 10/22/2017 - 16:08:53: [mapchooser.amxx] Vote: Voting for the nextmap finished. The nextmap will be de_train
L 10/22/2017 - 16:10:47: -------- Mapchange to de_train --------
L 10/22/2017 - 16:10:47: [ms_miscstats.amxx] Could not locate <sound/djeyl/witch.wav> file
L 10/22/2017 - 16:10:47: [ms_miscstats.amxx] Could not locate <sound/djeyl/c4powa.wav> file
L 10/22/2017 - 16:10:47: [ms_miscstats.amxx] Could not locate <sound/djeyl/laugh.wav> file
L 10/22/2017 - 16:10:47: [ms_miscstats.amxx] Could not locate <sound/djeyl/witch.wav> file
L 10/22/2017 - 16:10:47: [ms_miscstats.amxx] Could not locate <sound/misc/multikill.wav> file
L 10/22/2017 - 16:10:47: [ms_miscstats.amxx] Could not locate <sound/misc/ultrakill.wav> file
L 10/22/2017 - 16:10:47: [ms_miscstats.amxx] Could not locate <sound/misc/killingspree.wav> file
L 10/22/2017 - 16:10:47: [ms_miscstats.amxx] Could not locate <sound/misc/rampage.wav> file
L 10/22/2017 - 16:10:47: [ms_miscstats.amxx] Could not locate <sound/misc/unstoppable.wav> file
L 10/22/2017 - 16:10:47: [ms_miscstats.amxx] Could not locate <sound/misc/monsterkill.wav> file
L 10/22/2017 - 16:10:47: [ms_miscstats.amxx] Could not locate <sound/misc/godlike.wav> file
L 10/22/2017 - 16:38:47: [mapchooser.amxx] Vote: Voting for the nextmap started
L 10/22/2017 - 16:39:02: [mapchooser.amxx] Vote: Voting for the nextmap finished. The nextmap will be de_airstrip
L 10/22/2017 - 16:40:56: -------- Mapchange to de_airstrip --------
L 10/22/2017 - 16:40:56: [ms_miscstats.amxx] Could not locate <sound/djeyl/witch.wav> file
L 10/22/2017 - 16:40:56: [ms_miscstats.amxx] Could not locate <sound/djeyl/c4powa.wav> file
L 10/22/2017 - 16:40:56: [ms_miscstats.amxx] Could not locate <sound/djeyl/laugh.wav> file
L 10/22/2017 - 16:40:56: [ms_miscstats.amxx] Could not locate <sound/djeyl/witch.wav> file
L 10/22/2017 - 16:40:56: [ms_miscstats.amxx] Could not locate <sound/misc/multikill.wav> file
L 10/22/2017 - 16:40:56: [ms_miscstats.amxx] Could not locate <sound/misc/ultrakill.wav> file
L 10/22/2017 - 16:40:56: [ms_miscstats.amxx] Could not locate <sound/misc/killingspree.wav> file
L 10/22/2017 - 16:40:56: [ms_miscstats.amxx] Could not locate <sound/misc/rampage.wav> file
L 10/22/2017 - 16:40:56: [ms_miscstats.amxx] Could not locate <sound/misc/unstoppable.wav> file
L 10/22/2017 - 16:40:56: [ms_miscstats.amxx] Could not locate <sound/misc/monsterkill.wav> file
L 10/22/2017 - 16:40:56: [ms_miscstats.amxx] Could not locate <sound/misc/godlike.wav> file
L 10/22/2017 - 17:08:56: [mapchooser.amxx] Vote: Voting for the nextmap started
L 10/22/2017 - 17:09:11: [mapchooser.amxx] Vote: Voting for the nextmap finished. The nextmap will be cs_havana
L 10/22/2017 - 17:11:05: -------- Mapchange to cs_havana --------
L 10/22/2017 - 17:11:05: [ms_miscstats.amxx] Could not locate <sound/djeyl/witch.wav> file
L 10/22/2017 - 17:11:05: [ms_miscstats.amxx] Could not locate <sound/djeyl/c4powa.wav> file
L 10/22/2017 - 17:11:05: [ms_miscstats.amxx] Could not locate <sound/djeyl/laugh.wav> file
L 10/22/2017 - 17:11:05: [ms_miscstats.amxx] Could not locate <sound/djeyl/witch.wav> file
L 10/22/2017 - 17:11:05: [ms_miscstats.amxx] Could not locate <sound/misc/multikill.wav> file
L 10/22/2017 - 17:11:05: [ms_miscstats.amxx] Could not locate <sound/misc/ultrakill.wav> file
L 10/22/2017 - 17:11:05: [ms_miscstats.amxx] Could not locate <sound/misc/killingspree.wav> file
L 10/22/2017 - 17:11:05: [ms_miscstats.amxx] Could not locate <sound/misc/rampage.wav> file
L 10/22/2017 - 17:11:05: [ms_miscstats.amxx] Could not locate <sound/misc/unstoppable.wav> file
L 10/22/2017 - 17:11:05: [ms_miscstats.amxx] Could not locate <sound/misc/monsterkill.wav> file
L 10/22/2017 - 17:11:05: [ms_miscstats.amxx] Could not locate <sound/misc/godlike.wav> file
L 10/22/2017 - 17:39:05: [mapchooser.amxx] Vote: Voting for the nextmap started
L 10/22/2017 - 17:39:20: [mapchooser.amxx] Vote: Voting for the nextmap finished. The nextmap will be de_chateau
L 10/22/2017 - 17:41:14: -------- Mapchange to de_chateau --------
L 10/22/2017 - 17:41:14: [ms_miscstats.amxx] Could not locate <sound/djeyl/witch.wav> file
L 10/22/2017 - 17:41:14: [ms_miscstats.amxx] Could not locate <sound/djeyl/c4powa.wav> file
L 10/22/2017 - 17:41:14: [ms_miscstats.amxx] Could not locate <sound/djeyl/laugh.wav> file
L 10/22/2017 - 17:41:14: [ms_miscstats.amxx] Could not locate <sound/djeyl/witch.wav> file
L 10/22/2017 - 17:41:14: [ms_miscstats.amxx] Could not locate <sound/misc/multikill.wav> file
L 10/22/2017 - 17:41:14: [ms_miscstats.amxx] Could not locate <sound/misc/ultrakill.wav> file
L 10/22/2017 - 17:41:14: [ms_miscstats.amxx] Could not locate <sound/misc/killingspree.wav> file
L 10/22/2017 - 17:41:14: [ms_miscstats.amxx] Could not locate <sound/misc/rampage.wav> file
L 10/22/2017 - 17:41:14: [ms_miscstats.amxx] Could not locate <sound/misc/unstoppable.wav> file
L 10/22/2017 - 17:41:14: [ms_miscstats.amxx] Could not locate <sound/misc/monsterkill.wav> file
L 10/22/2017 - 17:41:14: [ms_miscstats.amxx] Could not locate <sound/misc/godlike.wav> file
L 10/22/2017 - 18:09:14: [mapchooser.amxx] Vote: Voting for the nextmap started
L 10/22/2017 - 18:09:29: [mapchooser.amxx] Vote: Voting for the nextmap finished. The nextmap will be de_aztec
L 10/22/2017 - 18:11:23: -------- Mapchange to de_aztec --------
L 10/22/2017 - 18:11:23: [ms_miscstats.amxx] Could not locate <sound/djeyl/witch.wav> file
L 10/22/2017 - 18:11:23: [ms_miscstats.amxx] Could not locate <sound/djeyl/c4powa.wav> file
L 10/22/2017 - 18:11:23: [ms_miscstats.amxx] Could not locate <sound/djeyl/laugh.wav> file
L 10/22/2017 - 18:11:23: [ms_miscstats.amxx] Could not locate <sound/djeyl/witch.wav> file
L 10/22/2017 - 18:11:23: [ms_miscstats.amxx] Could not locate <sound/misc/multikill.wav> file
L 10/22/2017 - 18:11:23: [ms_miscstats.amxx] Could not locate <sound/misc/ultrakill.wav> file
L 10/22/2017 - 18:11:23: [ms_miscstats.amxx] Could not locate <sound/misc/killingspree.wav> file
L 10/22/2017 - 18:11:23: [ms_miscstats.amxx] Could not locate <sound/misc/rampage.wav> file
L 10/22/2017 - 18:11:23: [ms_miscstats.amxx] Could not locate <sound/misc/unstoppable.wav> file
L 10/22/2017 - 18:11:23: [ms_miscstats.amxx] Could not locate <sound/misc/monsterkill.wav> file
L 10/22/2017 - 18:11:23: [ms_miscstats.amxx] Could not locate <sound/misc/godlike.wav> file
L 10/22/2017 - 18:39:23: [mapchooser.amxx] Vote: Voting for the nextmap started
L 10/22/2017 - 18:39:38: [mapchooser.amxx] Vote: Voting for the nextmap finished. The nextmap will be as_oilrig
L 10/22/2017 - 18:41:32: -------- Mapchange to as_oilrig --------
L 10/22/2017 - 18:41:32: [ms_miscstats.amxx] Could not locate <sound/djeyl/witch.wav> file
L 10/22/2017 - 18:41:32: [ms_miscstats.amxx] Could not locate <sound/djeyl/c4powa.wav> file
L 10/22/2017 - 18:41:32: [ms_miscstats.amxx] Could not locate <sound/djeyl/laugh.wav> file
L 10/22/2017 - 18:41:32: [ms_miscstats.amxx] Could not locate <sound/djeyl/witch.wav> file
L 10/22/2017 - 18:41:32: [ms_miscstats.amxx] Could not locate <sound/misc/multikill.wav> file
L 10/22/2017 - 18:41:32: [ms_miscstats.amxx] Could not locate <sound/misc/ultrakill.wav> file
L 10/22/2017 - 18:41:32: [ms_miscstats.amxx] Could not locate <sound/misc/killingspree.wav> file
L 10/22/2017 - 18:41:32: [ms_miscstats.amxx] Could not locate <sound/misc/rampage.wav> file
L 10/22/2017 - 18:41:32: [ms_miscstats.amxx] Could not locate <sound/misc/unstoppable.wav> file
L 10/22/2017 - 18:41:32: [ms_miscstats.amxx] Could not locate <sound/misc/monsterkill.wav> file
L 10/22/2017 - 18:41:32: [ms_miscstats.amxx] Could not locate <sound/misc/godlike.wav> file
L 10/22/2017 - 19:09:32: [mapchooser.amxx] Vote: Voting for the nextmap started
L 10/22/2017 - 19:09:47: [mapchooser.amxx] Vote: Voting for the nextmap finished. The nextmap will be cs_siege
L 10/22/2017 - 19:11:41: -------- Mapchange to cs_siege --------
L 10/22/2017 - 19:11:41: [ms_miscstats.amxx] Could not locate <sound/djeyl/witch.wav> file
L 10/22/2017 - 19:11:41: [ms_miscstats.amxx] Could not locate <sound/djeyl/c4powa.wav> file
L 10/22/2017 - 19:11:41: [ms_miscstats.amxx] Could not locate <sound/djeyl/laugh.wav> file
L 10/22/2017 - 19:11:41: [ms_miscstats.amxx] Could not locate <sound/djeyl/witch.wav> file
L 10/22/2017 - 19:11:41: [ms_miscstats.amxx] Could not locate <sound/misc/multikill.wav> file
L 10/22/2017 - 19:11:41: [ms_miscstats.amxx] Could not locate <sound/misc/ultrakill.wav> file
L 10/22/2017 - 19:11:41: [ms_miscstats.amxx] Could not locate <sound/misc/killingspree.wav> file
L 10/22/2017 - 19:11:41: [ms_miscstats.amxx] Could not locate <sound/misc/rampage.wav> file
L 10/22/2017 - 19:11:41: [ms_miscstats.amxx] Could not locate <sound/misc/unstoppable.wav> file
L 10/22/2017 - 19:11:41: [ms_miscstats.amxx] Could not locate <sound/misc/monsterkill.wav> file
L 10/22/2017 - 19:11:41: [ms_miscstats.amxx] Could not locate <sound/misc/godlike.wav> file
L 10/22/2017 - 19:39:41: [mapchooser.amxx] Vote: Voting for the nextmap started
L 10/22/2017 - 19:39:56: [mapchooser.amxx] Vote: Voting for the nextmap finished. The nextmap will be de_cbble
L 10/22/2017 - 19:41:50: -------- Mapchange to de_cbble --------
L 10/22/2017 - 19:41:50: [ms_miscstats.amxx] Could not locate <sound/djeyl/witch.wav> file
L 10/22/2017 - 19:41:50: [ms_miscstats.amxx] Could not locate <sound/djeyl/c4powa.wav> file
L 10/22/2017 - 19:41:50: [ms_miscstats.amxx] Could not locate <sound/djeyl/laugh.wav> file
L 10/22/2017 - 19:41:50: [ms_miscstats.amxx] Could not locate <sound/djeyl/witch.wav> file
L 10/22/2017 - 19:41:50: [ms_miscstats.amxx] Could not locate <sound/misc/multikill.wav> file
L 10/22/2017 - 19:41:50: [ms_miscstats.amxx] Could not locate <sound/misc/ultrakill.wav> file
L 10/22/2017 - 19:41:50: [ms_miscstats.amxx] Could not locate <sound/misc/killingspree.wav> file
L 10/22/2017 - 19:41:50: [ms_miscstats.amxx] Could not locate <sound/misc/rampage.wav> file
L 10/22/2017 - 19:41:50: [ms_miscstats.amxx] Could not locate <sound/misc/unstoppable.wav> file
L 10/22/2017 - 19:41:50: [ms_miscstats.amxx] Could not locate <sound/misc/monsterkill.wav> file
L 10/22/2017 - 19:41:50: [ms_miscstats.amxx] Could not locate <sound/misc/godlike.wav> file
L 10/22/2017 - 20:09:50: [mapchooser.amxx] Vote: Voting for the nextmap started
L 10/22/2017 - 20:10:05: [mapchooser.amxx] Vote: Voting for the nextmap finished. The nextmap will be de_dust
L 10/22/2017 - 20:11:59: -------- Mapchange to de_dust --------
L 10/22/2017 - 20:11:59: [ms_miscstats.amxx] Could not locate <sound/djeyl/witch.wav> file
L 10/22/2017 - 20:11:59: [ms_miscstats.amxx] Could not locate <sound/djeyl/c4powa.wav> file
L 10/22/2017 - 20:11:59: [ms_miscstats.amxx] Could not locate <sound/djeyl/laugh.wav> file
L 10/22/2017 - 20:11:59: [ms_miscstats.amxx] Could not locate <sound/djeyl/witch.wav> file
L 10/22/2017 - 20:11:59: [ms_miscstats.amxx] Could not locate <sound/misc/multikill.wav> file
L 10/22/2017 - 20:11:59: [ms_miscstats.amxx] Could not locate <sound/misc/ultrakill.wav> file
L 10/22/2017 - 20:11:59: [ms_miscstats.amxx] Could not locate <sound/misc/killingspree.wav> file
L 10/22/2017 - 20:11:59: [ms_miscstats.amxx] Could not locate <sound/misc/rampage.wav> file
L 10/22/2017 - 20:11:59: [ms_miscstats.amxx] Could not locate <sound/misc/unstoppable.wav> file
L 10/22/2017 - 20:11:59: [ms_miscstats.amxx] Could not locate <sound/misc/monsterkill.wav> file
L 10/22/2017 - 20:11:59: [ms_miscstats.amxx] Could not locate <sound/misc/godlike.wav> file
L 10/22/2017 - 20:39:59: [mapchooser.amxx] Vote: Voting for the nextmap started
L 10/22/2017 - 20:40:14: [mapchooser.amxx] Vote: Voting for the nextmap finished. The nextmap will be cs_747
L 10/22/2017 - 20:42:08: -------- Mapchange to cs_747 --------
L 10/22/2017 - 20:42:08: [ms_miscstats.amxx] Could not locate <sound/djeyl/witch.wav> file
L 10/22/2017 - 20:42:08: [ms_miscstats.amxx] Could not locate <sound/djeyl/c4powa.wav> file
L 10/22/2017 - 20:42:08: [ms_miscstats.amxx] Could not locate <sound/djeyl/laugh.wav> file
L 10/22/2017 - 20:42:08: [ms_miscstats.amxx] Could not locate <sound/djeyl/witch.wav> file
L 10/22/2017 - 20:42:08: [ms_miscstats.amxx] Could not locate <sound/misc/multikill.wav> file
L 10/22/2017 - 20:42:08: [ms_miscstats.amxx] Could not locate <sound/misc/ultrakill.wav> file
L 10/22/2017 - 20:42:08: [ms_miscstats.amxx] Could not locate <sound/misc/killingspree.wav> file
L 10/22/2017 - 20:42:08: [ms_miscstats.amxx] Could not locate <sound/misc/rampage.wav> file
L 10/22/2017 - 20:42:08: [ms_miscstats.amxx] Could not locate <sound/misc/unstoppable.wav> file
L 10/22/2017 - 20:42:08: [ms_miscstats.amxx] Could not locate <sound/misc/monsterkill.wav> file
L 10/22/2017 - 20:42:08: [ms_miscstats.amxx] Could not locate <sound/misc/godlike.wav> file
L 10/22/2017 - 21:10:07: [mapchooser.amxx] Vote: Voting for the nextmap started
L 10/22/2017 - 21:10:23: [mapchooser.amxx] Vote: Voting for the nextmap finished. The nextmap will be de_prodigy
L 10/22/2017 - 21:12:16: -------- Mapchange to de_prodigy --------
L 10/22/2017 - 21:12:17: [ms_miscstats.amxx] Could not locate <sound/djeyl/witch.wav> file
L 10/22/2017 - 21:12:17: [ms_miscstats.amxx] Could not locate <sound/djeyl/c4powa.wav> file
L 10/22/2017 - 21:12:17: [ms_miscstats.amxx] Could not locate <sound/djeyl/laugh.wav> file
L 10/22/2017 - 21:12:17: [ms_miscstats.amxx] Could not locate <sound/djeyl/witch.wav> file
L 10/22/2017 - 21:12:17: [ms_miscstats.amxx] Could not locate <sound/misc/multikill.wav> file
L 10/22/2017 - 21:12:17: [ms_miscstats.amxx] Could not locate <sound/misc/ultrakill.wav> file
L 10/22/2017 - 21:12:17: [ms_miscstats.amxx] Could not locate <sound/misc/killingspree.wav> file
L 10/22/2017 - 21:12:17: [ms_miscstats.amxx] Could not locate <sound/misc/rampage.wav> file
L 10/22/2017 - 21:12:17: [ms_miscstats.amxx] Could not locate <sound/misc/unstoppable.wav> file
L 10/22/2017 - 21:12:17: [ms_miscstats.amxx] Could not locate <sound/misc/monsterkill.wav> file
L 10/22/2017 - 21:12:17: [ms_miscstats.amxx] Could not locate <sound/misc/godlike.wav> file
L 10/22/2017 - 21:32:02: [admin.amxx] Login: "KerchNET<28><STEAM_0:0:57395618><>" became an admin (account "STEAM_0:0:57395618") (access "o") (address "94.19.82.22")
L 10/22/2017 - 21:32:05: [admin.amxx] Login: "KerchNET<29><STEAM_0:0:57395618><>" became an admin (account "STEAM_0:0:57395618") (access "o") (address "94.19.82.22")
L 10/22/2017 - 21:33:47: [admin.amxx] Login: "KerchNET<30><STEAM_0:0:57395618><>" became an admin (account "STEAM_0:0:57395618") (access "o") (address "94.19.82.22")
L 10/22/2017 - 21:40:16: [mapchooser.amxx] Vote: Voting for the nextmap started
L 10/22/2017 - 21:40:31: [mapchooser.amxx] Vote: Voting for the nextmap finished. The nextmap will be cs_assault
L 10/22/2017 - 21:42:25: -------- Mapchange to cs_assault --------
L 10/22/2017 - 21:42:25: [ms_miscstats.amxx] Could not locate <sound/djeyl/witch.wav> file
L 10/22/2017 - 21:42:25: [ms_miscstats.amxx] Could not locate <sound/djeyl/c4powa.wav> file
L 10/22/2017 - 21:42:25: [ms_miscstats.amxx] Could not locate <sound/djeyl/laugh.wav> file
L 10/22/2017 - 21:42:25: [ms_miscstats.amxx] Could not locate <sound/djeyl/witch.wav> file
L 10/22/2017 - 21:42:25: [ms_miscstats.amxx] Could not locate <sound/misc/multikill.wav> file
L 10/22/2017 - 21:42:25: [ms_miscstats.amxx] Could not locate <sound/misc/ultrakill.wav> file
L 10/22/2017 - 21:42:25: [ms_miscstats.amxx] Could not locate <sound/misc/killingspree.wav> file
L 10/22/2017 - 21:42:25: [ms_miscstats.amxx] Could not locate <sound/misc/rampage.wav> file
L 10/22/2017 - 21:42:25: [ms_miscstats.amxx] Could not locate <sound/misc/unstoppable.wav> file
L 10/22/2017 - 21:42:25: [ms_miscstats.amxx] Could not locate <sound/misc/monsterkill.wav> file
L 10/22/2017 - 21:42:25: [ms_miscstats.amxx] Could not locate <sound/misc/godlike.wav> file
L 10/22/2017 - 21:55:29: [admin.amxx] Login: "KerchNET<31><STEAM_0:0:57395618><>" became an admin (account "STEAM_0:0:57395618") (access "o") (address "94.19.82.22")
L 10/22/2017 - 22:10:25: [mapchooser.amxx] Vote: Voting for the nextmap started
L 10/22/2017 - 22:10:40: [mapchooser.amxx] Vote: Voting for the nextmap finished. The nextmap will be cs_office
L 10/22/2017 - 22:12:34: -------- Mapchange to cs_office --------
L 10/22/2017 - 22:12:34: [ms_miscstats.amxx] Could not locate <sound/djeyl/witch.wav> file
L 10/22/2017 - 22:12:34: [ms_miscstats.amxx] Could not locate <sound/djeyl/c4powa.wav> file
L 10/22/2017 - 22:12:34: [ms_miscstats.amxx] Could not locate <sound/djeyl/laugh.wav> file
L 10/22/2017 - 22:12:34: [ms_miscstats.amxx] Could not locate <sound/djeyl/witch.wav> file
L 10/22/2017 - 22:12:34: [ms_miscstats.amxx] Could not locate <sound/misc/multikill.wav> file
L 10/22/2017 - 22:12:34: [ms_miscstats.amxx] Could not locate <sound/misc/ultrakill.wav> file
L 10/22/2017 - 22:12:34: [ms_miscstats.amxx] Could not locate <sound/misc/killingspree.wav> file
L 10/22/2017 - 22:12:34: [ms_miscstats.amxx] Could not locate <sound/misc/rampage.wav> file
L 10/22/2017 - 22:12:34: [ms_miscstats.amxx] Could not locate <sound/misc/unstoppable.wav> file
L 10/22/2017 - 22:12:34: [ms_miscstats.amxx] Could not locate <sound/misc/monsterkill.wav> file
L 10/22/2017 - 22:12:34: [ms_miscstats.amxx] Could not locate <sound/misc/godlike.wav> file
L 10/22/2017 - 22:40:34: [mapchooser.amxx] Vote: Voting for the nextmap started
L 10/22/2017 - 22:40:49: [mapchooser.amxx] Vote: Voting for the nextmap finished. The nextmap will be cs_italy
L 10/22/2017 - 22:42:43: -------- Mapchange to cs_italy --------
L 10/22/2017 - 22:42:43: [ms_miscstats.amxx] Could not locate <sound/djeyl/witch.wav> file
L 10/22/2017 - 22:42:43: [ms_miscstats.amxx] Could not locate <sound/djeyl/c4powa.wav> file
L 10/22/2017 - 22:42:43: [ms_miscstats.amxx] Could not locate <sound/djeyl/laugh.wav> file
L 10/22/2017 - 22:42:43: [ms_miscstats.amxx] Could not locate <sound/djeyl/witch.wav> file
L 10/22/2017 - 22:42:43: [ms_miscstats.amxx] Could not locate <sound/misc/multikill.wav> file
L 10/22/2017 - 22:42:43: [ms_miscstats.amxx] Could not locate <sound/misc/ultrakill.wav> file
L 10/22/2017 - 22:42:43: [ms_miscstats.amxx] Could not locate <sound/misc/killingspree.wav> file
L 10/22/2017 - 22:42:43: [ms_miscstats.amxx] Could not locate <sound/misc/rampage.wav> file
L 10/22/2017 - 22:42:43: [ms_miscstats.amxx] Could not locate <sound/misc/unstoppable.wav> file
L 10/22/2017 - 22:42:43: [ms_miscstats.amxx] Could not locate <sound/misc/monsterkill.wav> file
L 10/22/2017 - 22:42:43: [ms_miscstats.amxx] Could not locate <sound/misc/godlike.wav> file
L 10/22/2017 - 23:09:25: -------- Mapchange to de_dust2 --------
L 10/22/2017 - 23:09:25: [ms_miscstats.amxx] Could not locate <sound/ms/user_firstblood> file
L 10/22/2017 - 23:09:25: [ms_miscstats.amxx] Could not locate <sound/ms/1_vs_all> file
L 10/22/2017 - 23:09:25: [ms_miscstats.amxx] Could not locate <sound/ms/one_and_only> file
L 10/22/2017 - 23:09:25: [ms_miscstats.amxx] Could not locate <sound/ms/user_killer_headshot> file
L 10/22/2017 - 23:09:25: [ms_miscstats.amxx] Could not locate <sound/ms/user_victim_headshot> file
L 10/22/2017 - 23:09:25: [ms_miscstats.amxx] Could not locate <sound/ms/user_humiliation> file
L 10/22/2017 - 23:09:25: [ms_miscstats.amxx] Could not locate <sound/ms/user_doublekill> file
L 10/22/2017 - 23:09:25: [ms_miscstats.amxx] Could not locate <sound/ms/prepare> file
L 10/22/2017 - 23:09:25: [ms_miscstats.amxx] Could not locate <sound/ms/grenade> file
L 10/22/2017 - 23:09:25: [ms_miscstats.amxx] Could not locate <sound/ms/suicide> file
L 10/22/2017 - 23:09:25: [ms_miscstats.amxx] Could not locate <sound/ms/tak_dergat> file
L 10/22/2017 - 23:09:25: [ms_miscstats.amxx] Could not locate <sound/ms/rampage> file
L 10/22/2017 - 23:09:25: [ms_miscstats.amxx] Could not locate <sound/ms/bombfailed> file
L 10/22/2017 - 23:09:25: [ms_miscstats.amxx] Could not locate <sound/ms/bomb_pick_up> file
L 10/22/2017 - 23:09:25: [ms_miscstats.amxx] Could not locate <sound/ms/girl_firstblood> file
L 10/22/2017 - 23:09:25: [ms_miscstats.amxx] Could not locate <sound/ms/girl_humiliation> file
L 10/22/2017 - 23:09:25: [ms_miscstats.amxx] Could not locate <sound/ms/girl_doublekill> file
L 10/22/2017 - 23:09:25: [ms_miscstats.amxx] Could not locate <sound/ms/user_1> file
L 10/22/2017 - 23:09:25: [ms_miscstats.amxx] Could not locate <sound/ms/user_2> file
L 10/22/2017 - 23:09:25: [ms_miscstats.amxx] Could not locate <sound/ms/user_3> file
L 10/22/2017 - 23:09:25: [ms_miscstats.amxx] Could not locate <sound/ms/user_4> file
L 10/22/2017 - 23:09:25: [ms_miscstats.amxx] Could not locate <sound/ms/user_5> file
L 10/22/2017 - 23:09:25: [ms_miscstats.amxx] Could not locate <sound/ms/user_6> file
L 10/22/2017 - 23:09:25: [ms_miscstats.amxx] Could not locate <sound/ms/user_7> file
L 10/22/2017 - 23:09:25: [ms_miscstats.amxx] Could not locate <sound/ms/user_8> file
L 10/22/2017 - 23:09:25: [ms_miscstats.amxx] Could not locate <sound/ms/user_9> file
L 10/22/2017 - 23:09:25: [ms_miscstats.amxx] Could not locate <sound/ms/user_10> file
L 10/22/2017 - 23:09:25: [ms_miscstats.amxx] Could not locate <sound/ms/user_11> file
L 10/22/2017 - 23:09:25: [ms_miscstats.amxx] Could not locate <sound/ms/girl_1> file
L 10/22/2017 - 23:09:25: [ms_miscstats.amxx] Could not locate <sound/ms/girl_2> file
L 10/22/2017 - 23:09:25: [ms_miscstats.amxx] Could not locate <sound/ms/girl_3> file
L 10/22/2017 - 23:09:25: [ms_miscstats.amxx] Could not locate <sound/ms/girl_4> file
L 10/22/2017 - 23:09:25: [ms_miscstats.amxx] Could not locate <sound/ms/girl_5> file
L 10/22/2017 - 23:09:25: [ms_miscstats.amxx] Could not locate <sound/ms/girl_6> file
L 10/22/2017 - 23:09:25: [ms_miscstats.amxx] Could not locate <sound/ms/girl_7> file
L 10/22/2017 - 23:09:25: [ms_miscstats.amxx] Could not locate <sound/ms/girl_8> file
L 10/22/2017 - 23:09:25: [ms_miscstats.amxx] Could not locate <sound/ms/girl_9> file
L 10/22/2017 - 23:09:25: [ms_miscstats.amxx] Could not locate <sound/ms/girl_10> file
L 10/22/2017 - 23:09:25: [ms_miscstats.amxx] Could not locate <sound/ms/girl_11> file
L 10/22/2017 - 23:09:30: [admin.amxx] Login: "DeWolt<1><STEAM_0:0:19404857><>" became an admin (account "STEAM_0:0:19404857") (access "abcdefghijklmnpqrstuvw") (address "212.104.90.17")
L 10/22/2017 - 23:09:45: [admin.amxx] Login: "KerchNET<2><STEAM_0:0:57395618><>" became an admin (account "STEAM_0:0:57395618") (access "o") (address "94.19.82.22")
L 10/22/2017 - 23:10:53: [admin.amxx] Login: "KerchNET<3><STEAM_0:0:57395618><>" became an admin (account "STEAM_0:0:57395618") (access "o") (address "94.19.82.22")
L 10/22/2017 - 23:11:11: [admin.amxx] Login: "KerchNET<4><STEAM_0:0:57395618><>" became an admin (account "STEAM_0:0:57395618") (access "o") (address "94.19.82.22")
L 10/22/2017 - 23:11:28: [admin.amxx] Login: "KerchNET<5><STEAM_0:0:57395618><>" became an admin (account "STEAM_0:0:57395618") (access "o") (address "94.19.82.22")
L 10/22/2017 - 23:23:40: -------- Mapchange to de_dust2 --------
L 10/22/2017 - 23:23:40: [ms_miscstats.amxx] Could not locate <sound/ms/nine.wav> file
L 10/22/2017 - 23:23:46: [admin.amxx] Login: "DeWolt<1><STEAM_0:0:19404857><>" became an admin (account "STEAM_0:0:19404857") (access "abcdefghijklmnpqrstuvw") (address "212.104.90.17")
L 10/22/2017 - 23:23:48: [admin.amxx] Login: "DeWolt<2><STEAM_0:0:19404857><>" became an admin (account "STEAM_0:0:19404857") (access "abcdefghijklmnpqrstuvw") (address "212.104.90.17")
L 10/22/2017 - 23:23:56: [admin.amxx] Login: "DeWolt<3><STEAM_0:0:19404857><>" became an admin (account "STEAM_0:0:19404857") (access "abcdefghijklmnpqrstuvw") (address "212.104.90.17")
L 10/22/2017 - 23:23:58: [admin.amxx] Login: "KerchNET<4><STEAM_0:0:57395618><>" became an admin (account "STEAM_0:0:57395618") (access "o") (address "94.19.82.22")
L 10/22/2017 - 23:24:00: [admin.amxx] Login: "KerchNET<5><STEAM_0:0:57395618><>" became an admin (account "STEAM_0:0:57395618") (access "o") (address "94.19.82.22")
L 10/22/2017 - 23:48:06: [admin.amxx] Login: "KerchNET<8><STEAM_0:0:57395618><>" became an admin (account "STEAM_0:0:57395618") (access "o") (address "94.19.82.22")
L 10/22/2017 - 23:48:12: [mapsmenu.amxx] Cmd: "DeWolt<3><STEAM_0:0:19404857><>" changelevel "de_dust2"
L 10/22/2017 - 23:48:14: -------- Mapchange to de_dust2 --------
L 10/22/2017 - 23:48:15: [admin.amxx] Login: "KerchNET<8><STEAM_0:0:57395618><>" became an admin (account "STEAM_0:0:57395618") (access "o") (address "94.19.82.22")
L 10/22/2017 - 23:48:15: [admin.amxx] Login: "DeWolt<3><STEAM_0:0:19404857><>" became an admin (account "STEAM_0:0:19404857") (access "abcdefghijklmnpqrstuvw") (address "212.104.90.17")
L 10/22/2017 - 23:48:16: [admin.amxx] Login: "KerchNET<9><STEAM_0:0:57395618><>" became an admin (account "STEAM_0:0:57395618") (access "o") (address "94.19.82.22")
L 10/22/2017 - 23:48:49: [admin.amxx] Login: "DeWolt<10><STEAM_0:0:19404857><>" became an admin (account "STEAM_0:0:19404857") (access "abcdefghijklmnpqrstuvw") (address "212.104.90.17")
L 10/22/2017 - 23:48:50: [admin.amxx] Login: "DeWolt<11><STEAM_0:0:19404857><>" became an admin (account "STEAM_0:0:19404857") (access "abcdefghijklmnpqrstuvw") (address "212.104.90.17")
L 10/22/2017 - 23:48:58: [admin.amxx] Login: "KerchNET<12><STEAM_0:0:57395618><>" became an admin (account "STEAM_0:0:57395618") (access "o") (address "94.19.82.22")
L 10/22/2017 - 23:54:43: [mapsmenu.amxx] Cmd: "DeWolt<11><STEAM_0:0:19404857><>" changelevel "de_dust2"
L 10/22/2017 - 23:54:45: -------- Mapchange to de_dust2 --------
L 10/22/2017 - 23:54:46: [admin.amxx] Login: "KerchNET<12><STEAM_0:0:57395618><>" became an admin (account "STEAM_0:0:57395618") (access "o") (address "94.19.82.22")
L 10/22/2017 - 23:54:46: [admin.amxx] Login: "DeWolt<11><STEAM_0:0:19404857><>" became an admin (account "STEAM_0:0:19404857") (access "abcdefghijklmnpqrstuvw") (address "212.104.90.17")
