L 10/17/2017 - 00:31:12: [mapchooser.amxx] Vote: Voting for the nextmap started
L 10/17/2017 - 00:31:27: [mapchooser.amxx] Vote: Voting for the nextmap finished. The nextmap will be de_prodigy
L 10/17/2017 - 01:06:41: -------- Mapchange to de_prodigy --------
L 10/17/2017 - 01:49:41: [mapchooser.amxx] Vote: Voting for the nextmap started
L 10/17/2017 - 01:49:56: [mapchooser.amxx] Vote: Voting for the nextmap finished. The nextmap will be cs_assault
L 10/17/2017 - 02:25:09: -------- Mapchange to cs_assault --------
L 10/17/2017 - 03:08:06: [mapchooser.amxx] Vote: Voting for the nextmap started
L 10/17/2017 - 03:08:22: [mapchooser.amxx] Vote: Voting for the nextmap finished. The nextmap will be cs_office
L 10/17/2017 - 03:43:35: -------- Mapchange to cs_office --------
L 10/17/2017 - 04:26:35: [mapchooser.amxx] Vote: Voting for the nextmap started
L 10/17/2017 - 04:26:50: [mapchooser.amxx] Vote: Voting for the nextmap finished. The nextmap will be cs_italy
L 10/17/2017 - 05:02:04: -------- Mapchange to cs_italy --------
L 10/17/2017 - 05:45:04: [mapchooser.amxx] Vote: Voting for the nextmap started
L 10/17/2017 - 05:45:19: [mapchooser.amxx] Vote: Voting for the nextmap finished. The nextmap will be cs_backalley
L 10/17/2017 - 06:20:33: -------- Mapchange to cs_backalley --------
L 10/17/2017 - 07:03:33: [mapchooser.amxx] Vote: Voting for the nextmap started
L 10/17/2017 - 07:03:48: [mapchooser.amxx] Vote: Voting for the nextmap finished. The nextmap will be cs_militia
L 10/17/2017 - 07:39:01: -------- Mapchange to cs_militia --------
L 10/17/2017 - 08:22:01: [mapchooser.amxx] Vote: Voting for the nextmap started
L 10/17/2017 - 08:22:16: [mapchooser.amxx] Vote: Voting for the nextmap finished. The nextmap will be de_train
L 10/17/2017 - 08:57:30: -------- Mapchange to de_train --------
L 10/17/2017 - 09:40:30: [mapchooser.amxx] Vote: Voting for the nextmap started
L 10/17/2017 - 09:40:45: [mapchooser.amxx] Vote: Voting for the nextmap finished. The nextmap will be de_airstrip
L 10/17/2017 - 10:15:59: -------- Mapchange to de_airstrip --------
L 10/17/2017 - 10:58:59: [mapchooser.amxx] Vote: Voting for the nextmap started
L 10/17/2017 - 10:59:14: [mapchooser.amxx] Vote: Voting for the nextmap finished. The nextmap will be cs_havana
L 10/17/2017 - 11:34:28: -------- Mapchange to cs_havana --------
L 10/17/2017 - 12:17:27: [mapchooser.amxx] Vote: Voting for the nextmap started
L 10/17/2017 - 12:17:42: [mapchooser.amxx] Vote: Voting for the nextmap finished. The nextmap will be de_chateau
L 10/17/2017 - 12:52:56: -------- Mapchange to de_chateau --------
L 10/17/2017 - 13:35:56: [mapchooser.amxx] Vote: Voting for the nextmap started
L 10/17/2017 - 13:36:11: [mapchooser.amxx] Vote: Voting for the nextmap finished. The nextmap will be de_aztec
L 10/17/2017 - 14:11:25: -------- Mapchange to de_aztec --------
L 10/17/2017 - 14:54:25: [mapchooser.amxx] Vote: Voting for the nextmap started
L 10/17/2017 - 14:54:40: [mapchooser.amxx] Vote: Voting for the nextmap finished. The nextmap will be as_oilrig
L 10/17/2017 - 15:29:53: -------- Mapchange to as_oilrig --------
L 10/17/2017 - 16:12:53: [mapchooser.amxx] Vote: Voting for the nextmap started
L 10/17/2017 - 16:13:08: [mapchooser.amxx] Vote: Voting for the nextmap finished. The nextmap will be cs_siege
L 10/17/2017 - 16:48:22: -------- Mapchange to cs_siege --------
L 10/17/2017 - 17:31:22: [mapchooser.amxx] Vote: Voting for the nextmap started
L 10/17/2017 - 17:31:37: [mapchooser.amxx] Vote: Voting for the nextmap finished. The nextmap will be de_cbble
L 10/17/2017 - 18:06:51: -------- Mapchange to de_cbble --------
L 10/17/2017 - 18:49:51: [mapchooser.amxx] Vote: Voting for the nextmap started
L 10/17/2017 - 18:50:06: [mapchooser.amxx] Vote: Voting for the nextmap finished. The nextmap will be de_dust
L 10/17/2017 - 19:25:19: -------- Mapchange to de_dust --------
L 10/17/2017 - 20:08:19: [mapchooser.amxx] Vote: Voting for the nextmap started
L 10/17/2017 - 20:08:34: [mapchooser.amxx] Vote: Voting for the nextmap finished. The nextmap will be cs_747
L 10/17/2017 - 21:02:49: [mapchooser.amxx] Vote: Voting for the nextmap started
L 10/17/2017 - 21:03:04: [mapchooser.amxx] Vote: Voting for the nextmap finished. The nextmap will be cs_747
L 10/17/2017 - 21:05:07: -------- Mapchange to cs_747 --------
L 10/17/2017 - 21:48:07: [mapchooser.amxx] Vote: Voting for the nextmap started
L 10/17/2017 - 21:48:22: [mapchooser.amxx] Vote: Voting for the nextmap finished. The nextmap will be de_prodigy
L 10/17/2017 - 22:44:56: -------- Mapchange to de_prodigy --------
L 10/17/2017 - 23:27:55: [mapchooser.amxx] Vote: Voting for the nextmap started
L 10/17/2017 - 23:28:11: [mapchooser.amxx] Vote: Voting for the nextmap finished. The nextmap will be cs_assault
