L 10/23/2017 - 00:21:07: [admin.amxx] Login: "DeWolt<13><STEAM_0:0:19404857><>" became an admin (account "STEAM_0:0:19404857") (access "abcdefghijklmnpqrstuvw") (address "212.104.90.17")
L 10/23/2017 - 00:21:23: [mapsmenu.amxx] Cmd: "DeWolt<13><STEAM_0:0:19404857><>" changelevel "de_dust2"
L 10/23/2017 - 00:21:25: -------- Mapchange to de_dust2 --------
L 10/23/2017 - 00:21:26: [admin.amxx] Login: "DeWolt<13><STEAM_0:0:19404857><>" became an admin (account "STEAM_0:0:19404857") (access "abcdefghijklmnpqrstuvw") (address "212.104.90.17")
L 10/23/2017 - 00:23:03: [mapsmenu.amxx] Cmd: "DeWolt<13><STEAM_0:0:19404857><>" changelevel "de_dust2"
L 10/23/2017 - 00:23:05: -------- Mapchange to de_dust2 --------
L 10/23/2017 - 00:23:06: [admin.amxx] Login: "DeWolt<13><STEAM_0:0:19404857><>" became an admin (account "STEAM_0:0:19404857") (access "abcdefghijklmnpqrstuvw") (address "212.104.90.17")
L 10/23/2017 - 00:25:45: [mapsmenu.amxx] Cmd: "DeWolt<13><STEAM_0:0:19404857><>" changelevel "de_dust2"
L 10/23/2017 - 00:25:47: -------- Mapchange to de_dust2 --------
L 10/23/2017 - 00:25:48: [admin.amxx] Login: "DeWolt<13><STEAM_0:0:19404857><>" became an admin (account "STEAM_0:0:19404857") (access "abcdefghijklmnpqrstuvw") (address "212.104.90.17")
L 10/23/2017 - 00:29:25: [mapsmenu.amxx] Cmd: "DeWolt<13><STEAM_0:0:19404857><>" changelevel "de_dust2"
L 10/23/2017 - 00:29:27: -------- Mapchange to de_dust2 --------
L 10/23/2017 - 00:29:28: [admin.amxx] Login: "DeWolt<13><STEAM_0:0:19404857><>" became an admin (account "STEAM_0:0:19404857") (access "abcdefghijklmnpqrstuvw") (address "212.104.90.17")
L 10/23/2017 - 00:33:05: [mapsmenu.amxx] Cmd: "DeWolt<13><STEAM_0:0:19404857><>" changelevel "de_dust2"
L 10/23/2017 - 00:33:07: -------- Mapchange to de_dust2 --------
L 10/23/2017 - 00:33:08: [admin.amxx] Login: "DeWolt<13><STEAM_0:0:19404857><>" became an admin (account "STEAM_0:0:19404857") (access "abcdefghijklmnpqrstuvw") (address "212.104.90.17")
L 10/23/2017 - 00:35:47: [ms_miscstats.amxx] mp3 play <ms/playerjoinserver.mp3>
L 10/23/2017 - 00:35:52: [ms_miscstats.amxx] mp3 play <ms/playerjoinserver.mp3>
L 10/23/2017 - 00:36:34: [ms_miscstats.amxx] mp3 play <ms/playerjoinserver.mp3>
L 10/23/2017 - 00:36:34: [admin.amxx] Login: "DeWolt<16><STEAM_0:0:19404857><>" became an admin (account "STEAM_0:0:19404857") (access "abcdefghijklmnpqrstuvw") (address "212.104.90.17")
L 10/23/2017 - 00:36:59: [mapsmenu.amxx] Cmd: "DeWolt<16><STEAM_0:0:19404857><>" changelevel "de_dust2"
L 10/23/2017 - 00:37:01: -------- Mapchange to de_dust2 --------
L 10/23/2017 - 00:37:02: [admin.amxx] Login: "DeWolt<16><STEAM_0:0:19404857><>" became an admin (account "STEAM_0:0:19404857") (access "abcdefghijklmnpqrstuvw") (address "212.104.90.17")
L 10/23/2017 - 00:37:18: [ms_miscstats.amxx] spk <ms/bomb_pick_up.wav>
L 10/23/2017 - 00:37:33: [ms_miscstats.amxx] mp3 play <ms/playerjoinserver.mp3>
L 10/23/2017 - 00:37:33: [admin.amxx] Login: "DeWolt<17><STEAM_0:0:19404857><>" became an admin (account "STEAM_0:0:19404857") (access "abcdefghijklmnpqrstuvw") (address "212.104.90.17")
L 10/23/2017 - 00:37:52: [mapsmenu.amxx] Cmd: "DeWolt<17><STEAM_0:0:19404857><>" changelevel "cs_office"
L 10/23/2017 - 00:37:54: -------- Mapchange to cs_office --------
L 10/23/2017 - 00:37:55: [admin.amxx] Login: "DeWolt<17><STEAM_0:0:19404857><>" became an admin (account "STEAM_0:0:19404857") (access "abcdefghijklmnpqrstuvw") (address "212.104.90.17")
L 10/23/2017 - 00:38:14: [mapsmenu.amxx] Cmd: "DeWolt<17><STEAM_0:0:19404857><>" changelevel "de_dust2"
L 10/23/2017 - 00:38:16: -------- Mapchange to de_dust2 --------
L 10/23/2017 - 00:38:17: [admin.amxx] Login: "DeWolt<17><STEAM_0:0:19404857><>" became an admin (account "STEAM_0:0:19404857") (access "abcdefghijklmnpqrstuvw") (address "212.104.90.17")
L 10/23/2017 - 00:40:53: -------- Mapchange to de_dust2 --------
L 10/23/2017 - 00:40:57: [admin.amxx] Login: "DeWolt<1><STEAM_0:0:19404857><>" became an admin (account "STEAM_0:0:19404857") (access "abcdefghijklmnpqrstuvw") (address "212.104.90.17")
L 10/23/2017 - 00:41:15: [mapsmenu.amxx] Cmd: "DeWolt<1><STEAM_0:0:19404857><>" changelevel "de_dust2"
L 10/23/2017 - 00:41:17: -------- Mapchange to de_dust2 --------
L 10/23/2017 - 00:41:18: [admin.amxx] Login: "DeWolt<1><STEAM_0:0:19404857><>" became an admin (account "STEAM_0:0:19404857") (access "abcdefghijklmnpqrstuvw") (address "212.104.90.17")
L 10/23/2017 - 00:41:36: [ms_miscstats.amxx] mp3 play /sound <ms/playerjoinserver.mp3>
L 10/23/2017 - 00:41:36: [admin.amxx] Login: "DeWolt<2><STEAM_0:0:19404857><>" became an admin (account "STEAM_0:0:19404857") (access "abcdefghijklmnpqrstuvw") (address "212.104.90.17")
L 10/23/2017 - 01:09:17: [mapchooser.amxx] Vote: Voting for the nextmap started
L 10/23/2017 - 01:09:32: [mapchooser.amxx] Vote: Voting for the nextmap finished. The nextmap will be cs_havana
L 10/23/2017 - 01:11:26: -------- Mapchange to cs_havana --------
L 10/23/2017 - 01:39:25: [mapchooser.amxx] Vote: Voting for the nextmap started
L 10/23/2017 - 01:39:41: [mapchooser.amxx] Vote: Voting for the nextmap finished. The nextmap will be de_chateau
L 10/23/2017 - 01:41:35: -------- Mapchange to de_chateau --------
L 10/23/2017 - 02:09:34: [mapchooser.amxx] Vote: Voting for the nextmap started
L 10/23/2017 - 02:09:50: [mapchooser.amxx] Vote: Voting for the nextmap finished. The nextmap will be de_aztec
L 10/23/2017 - 02:11:44: -------- Mapchange to de_aztec --------
L 10/23/2017 - 02:39:43: [mapchooser.amxx] Vote: Voting for the nextmap started
L 10/23/2017 - 02:39:58: [mapchooser.amxx] Vote: Voting for the nextmap finished. The nextmap will be as_oilrig
L 10/23/2017 - 02:41:52: -------- Mapchange to as_oilrig --------
L 10/23/2017 - 03:09:50: [mapchooser.amxx] Vote: Voting for the nextmap started
L 10/23/2017 - 03:10:05: [mapchooser.amxx] Vote: Voting for the nextmap finished. The nextmap will be cs_siege
L 10/23/2017 - 03:11:59: -------- Mapchange to cs_siege --------
L 10/23/2017 - 03:39:58: [mapchooser.amxx] Vote: Voting for the nextmap started
L 10/23/2017 - 03:40:14: [mapchooser.amxx] Vote: Voting for the nextmap finished. The nextmap will be de_cbble
L 10/23/2017 - 03:42:07: -------- Mapchange to de_cbble --------
L 10/23/2017 - 04:10:07: [mapchooser.amxx] Vote: Voting for the nextmap started
L 10/23/2017 - 04:10:22: [mapchooser.amxx] Vote: Voting for the nextmap finished. The nextmap will be de_dust
L 10/23/2017 - 04:12:16: -------- Mapchange to de_dust --------
L 10/23/2017 - 04:40:16: [mapchooser.amxx] Vote: Voting for the nextmap started
L 10/23/2017 - 04:40:31: [mapchooser.amxx] Vote: Voting for the nextmap finished. The nextmap will be cs_747
L 10/23/2017 - 04:42:25: -------- Mapchange to cs_747 --------
L 10/23/2017 - 05:10:25: [mapchooser.amxx] Vote: Voting for the nextmap started
L 10/23/2017 - 05:10:40: [mapchooser.amxx] Vote: Voting for the nextmap finished. The nextmap will be de_prodigy
L 10/23/2017 - 05:12:34: -------- Mapchange to de_prodigy --------
L 10/23/2017 - 05:40:34: [mapchooser.amxx] Vote: Voting for the nextmap started
L 10/23/2017 - 05:40:49: [mapchooser.amxx] Vote: Voting for the nextmap finished. The nextmap will be cs_assault
L 10/23/2017 - 05:42:43: -------- Mapchange to cs_assault --------
L 10/23/2017 - 06:10:43: [mapchooser.amxx] Vote: Voting for the nextmap started
L 10/23/2017 - 06:10:58: [mapchooser.amxx] Vote: Voting for the nextmap finished. The nextmap will be cs_office
L 10/23/2017 - 06:12:52: -------- Mapchange to cs_office --------
L 10/23/2017 - 06:36:06: -------- Mapchange to de_dust2 --------
L 10/23/2017 - 06:36:21: [admin.amxx] Login: "DeWolt<1><STEAM_0:0:19404857><>" became an admin (account "STEAM_0:0:19404857") (access "abcdefghijklmnpqrstuvw") (address "212.104.90.17")
L 10/23/2017 - 06:36:37: [ms_miscstats.amxx] mp3 play <ms/roundend_5.mp3>
L 10/23/2017 - 06:36:42: [ms_miscstats.amxx] spk <ms/prepare.wav>
L 10/23/2017 - 06:36:46: [ms_miscstats.amxx] mp3 play <ms/roundend_5.mp3>
L 10/23/2017 - 06:36:46: [ms_miscstats.amxx] spk <ms/user_firstblood.wav>
L 10/23/2017 - 06:36:51: [ms_miscstats.amxx] spk <ms/prepare.wav>
L 10/23/2017 - 06:36:54: [ms_miscstats.amxx] mp3 play <ms/roundend_3.mp3>
L 10/23/2017 - 06:36:54: [ms_miscstats.amxx] spk <ms/user_firstblood.wav>
L 10/23/2017 - 06:36:59: [ms_miscstats.amxx] spk <ms/prepare.wav>
L 10/23/2017 - 06:37:12: [ms_miscstats.amxx] mp3 play <ms/roundend_2.mp3>
L 10/23/2017 - 06:37:12: [ms_miscstats.amxx] mp3 play <ms/roundend_5.mp3>
L 10/23/2017 - 06:37:17: [ms_miscstats.amxx] spk <ms/prepare.wav>
L 10/23/2017 - 06:37:24: [ms_miscstats.amxx] spk <ms/bomb_pick_up.wav>
L 10/23/2017 - 06:37:37: [ms_miscstats.amxx] spk <ms/tak_dergat.wav>
L 10/23/2017 - 06:37:42: [ms_miscstats.amxx] spk <ms/thirty.wav>
L 10/23/2017 - 06:37:52: [ms_miscstats.amxx] spk <ms/twenty.wav>
L 10/23/2017 - 06:38:03: [ms_miscstats.amxx] spk <ms/ten.wav>
L 10/23/2017 - 06:38:04: [ms_miscstats.amxx] spk <ms/nine.wav>
L 10/23/2017 - 06:38:05: [ms_miscstats.amxx] spk <ms/eight.wav>
L 10/23/2017 - 06:38:06: [ms_miscstats.amxx] spk <ms/seven.wav>
L 10/23/2017 - 06:38:06: [ms_miscstats.amxx] spk <ms/six.wav>
L 10/23/2017 - 06:38:07: [ms_miscstats.amxx] spk <ms/five.wav>
L 10/23/2017 - 06:38:08: [ms_miscstats.amxx] spk <ms/four.wav>
L 10/23/2017 - 06:38:09: [ms_miscstats.amxx] spk <ms/three.wav>
L 10/23/2017 - 06:38:10: [ms_miscstats.amxx] spk <ms/two.wav>
L 10/23/2017 - 06:38:11: [ms_miscstats.amxx] spk <ms/one.wav>
L 10/23/2017 - 06:38:12: [ms_miscstats.amxx] spk <ms/zero.wav>
L 10/23/2017 - 06:38:13: [ms_miscstats.amxx] mp3 play <ms/roundend_4.mp3>
L 10/23/2017 - 06:38:18: [ms_miscstats.amxx] spk <ms/prepare.wav>
L 10/23/2017 - 06:38:23: [ms_miscstats.amxx] mp3 play /sound <ms/playerjoinserver.mp3>
L 10/23/2017 - 06:38:23: [admin.amxx] Login: "DeWolt<2><STEAM_0:0:19404857><>" became an admin (account "STEAM_0:0:19404857") (access "abcdefghijklmnpqrstuvw") (address "212.104.90.17")
L 10/23/2017 - 06:38:28: [ms_miscstats.amxx] spk <ms/prepare.wav>
L 10/23/2017 - 06:42:28: [ms_miscstats.amxx] mp3 play <ms/roundend_5.mp3>
L 10/23/2017 - 06:42:33: [ms_miscstats.amxx] spk <ms/prepare.wav>
L 10/23/2017 - 06:46:33: [ms_miscstats.amxx] mp3 play <ms/roundend_2.mp3>
L 10/23/2017 - 06:46:38: [ms_miscstats.amxx] spk <ms/prepare.wav>
L 10/23/2017 - 06:47:11: [mapsmenu.amxx] Cmd: "DeWolt<2><STEAM_0:0:19404857><>" changelevel "de_dust2"
L 10/23/2017 - 06:47:13: -------- Mapchange to de_dust2 --------
L 10/23/2017 - 06:47:14: [admin.amxx] Login: "DeWolt<2><STEAM_0:0:19404857><>" became an admin (account "STEAM_0:0:19404857") (access "abcdefghijklmnpqrstuvw") (address "212.104.90.17")
L 10/23/2017 - 06:47:14: [ms_miscstats.amxx] mp3 play /sound <ms/playerjoinserver.mp3>
L 10/23/2017 - 06:51:15: [ms_miscstats.amxx] mp3 play <ms/roundend_3.mp3>
L 10/23/2017 - 06:51:20: [ms_miscstats.amxx] spk <ms/prepare.wav>
L 10/23/2017 - 06:53:00: [mapsmenu.amxx] Cmd: "DeWolt<2><STEAM_0:0:19404857><>" changelevel "de_dust2"
L 10/23/2017 - 06:53:02: -------- Mapchange to de_dust2 --------
L 10/23/2017 - 06:53:03: [admin.amxx] Login: "DeWolt<2><STEAM_0:0:19404857><>" became an admin (account "STEAM_0:0:19404857") (access "abcdefghijklmnpqrstuvw") (address "212.104.90.17")
L 10/23/2017 - 06:53:07: [ms_miscstats.amxx] mp3 play /sound <ms/playerjoinserver.mp3>
L 10/23/2017 - 06:53:40: [admin.amxx] Login: "DeWolt<3><STEAM_0:0:19404857><>" became an admin (account "STEAM_0:0:19404857") (access "abcdefghijklmnpqrstuvw") (address "212.104.90.17")
L 10/23/2017 - 06:53:45: [ms_miscstats.amxx] mp3 play /sound <ms/playerjoinserver.mp3>
L 10/23/2017 - 06:57:58: -------- Mapchange to de_dust2 --------
L 10/23/2017 - 06:58:07: [admin.amxx] Login: "DeWolt<1><STEAM_0:0:19404857><>" became an admin (account "STEAM_0:0:19404857") (access "abcdefghijklmnpqrstuvw") (address "212.104.90.17")
L 10/23/2017 - 07:00:28: [mapsmenu.amxx] Cmd: "DeWolt<1><STEAM_0:0:19404857><>" changelevel "de_dust2"
L 10/23/2017 - 07:00:30: -------- Mapchange to de_dust2 --------
L 10/23/2017 - 07:00:31: [admin.amxx] Login: "DeWolt<1><STEAM_0:0:19404857><>" became an admin (account "STEAM_0:0:19404857") (access "abcdefghijklmnpqrstuvw") (address "212.104.90.17")
L 10/23/2017 - 07:02:14: [mapsmenu.amxx] Cmd: "DeWolt<1><STEAM_0:0:19404857><>" changelevel "de_dust2"
L 10/23/2017 - 07:02:16: -------- Mapchange to de_dust2 --------
L 10/23/2017 - 07:02:17: [admin.amxx] Login: "DeWolt<1><STEAM_0:0:19404857><>" became an admin (account "STEAM_0:0:19404857") (access "abcdefghijklmnpqrstuvw") (address "212.104.90.17")
L 10/23/2017 - 07:02:43: [mapsmenu.amxx] Cmd: "DeWolt<1><STEAM_0:0:19404857><>" changelevel "de_dust2"
L 10/23/2017 - 07:02:46: -------- Mapchange to de_dust2 --------
L 10/23/2017 - 07:02:46: [admin.amxx] Login: "DeWolt<1><STEAM_0:0:19404857><>" became an admin (account "STEAM_0:0:19404857") (access "abcdefghijklmnpqrstuvw") (address "212.104.90.17")
L 10/23/2017 - 07:03:20: [ms_miscstats.amxx] spk <ms/tak_dergat.wav>
L 10/23/2017 - 07:03:25: [ms_miscstats.amxx] spk <ms/thirty.wav>
L 10/23/2017 - 07:03:35: [ms_miscstats.amxx] spk <ms/twenty.wav>
L 10/23/2017 - 07:03:45: [ms_miscstats.amxx] spk <ms/ten.wav>
L 10/23/2017 - 07:03:46: [ms_miscstats.amxx] spk <ms/nine.wav>
L 10/23/2017 - 07:03:47: [ms_miscstats.amxx] spk <ms/eight.wav>
L 10/23/2017 - 07:03:48: [ms_miscstats.amxx] spk <ms/seven.wav>
L 10/23/2017 - 07:03:49: [ms_miscstats.amxx] spk <ms/six.wav>
L 10/23/2017 - 07:03:50: [ms_miscstats.amxx] spk <ms/five.wav>
L 10/23/2017 - 07:03:51: [ms_miscstats.amxx] spk <ms/four.wav>
L 10/23/2017 - 07:03:52: [ms_miscstats.amxx] spk <ms/three.wav>
L 10/23/2017 - 07:03:53: [ms_miscstats.amxx] spk <ms/two.wav>
L 10/23/2017 - 07:03:54: [ms_miscstats.amxx] spk <ms/one.wav>
L 10/23/2017 - 07:03:55: [ms_miscstats.amxx] spk <ms/zero.wav>
L 10/23/2017 - 07:03:55: [ms_miscstats.amxx] mp3 play <ms/roundend_1.mp3>
L 10/23/2017 - 07:04:00: [ms_miscstats.amxx] spk <ms/prepare.wav>
L 10/23/2017 - 07:06:16: [admin.amxx] Login: "DeWolt<2><STEAM_0:0:19404857><>" became an admin (account "STEAM_0:0:19404857") (access "abcdefghijklmnpqrstuvw") (address "212.104.90.17")
L 10/23/2017 - 07:32:54: -------- Mapchange to de_airstrip --------
L 10/23/2017 - 08:03:03: -------- Mapchange to cs_havana --------
L 10/23/2017 - 08:33:12: -------- Mapchange to de_chateau --------
L 10/23/2017 - 09:03:21: -------- Mapchange to de_aztec --------
L 10/23/2017 - 09:33:30: -------- Mapchange to as_oilrig --------
L 10/23/2017 - 10:03:38: -------- Mapchange to cs_siege --------
L 10/23/2017 - 10:33:47: -------- Mapchange to de_cbble --------
L 10/23/2017 - 11:03:56: -------- Mapchange to de_dust --------
L 10/23/2017 - 11:34:05: -------- Mapchange to cs_747 --------
L 10/23/2017 - 12:04:14: -------- Mapchange to de_prodigy --------
L 10/23/2017 - 12:10:14: [ms_miscstats.amxx] mp3 play /sound <ms/playerjoinserver.mp3>
L 10/23/2017 - 12:34:22: -------- Mapchange to cs_assault --------
L 10/23/2017 - 13:04:31: -------- Mapchange to cs_office --------
L 10/23/2017 - 13:34:40: -------- Mapchange to cs_italy --------
L 10/23/2017 - 14:04:49: -------- Mapchange to cs_backalley --------
L 10/23/2017 - 14:34:58: -------- Mapchange to cs_militia --------
L 10/23/2017 - 15:05:07: -------- Mapchange to de_train --------
L 10/23/2017 - 15:27:32: [ms_miscstats.amxx] mp3 play /sound <ms/playerjoinserver.mp3>
L 10/23/2017 - 15:29:21: [ms_miscstats.amxx] spk <ms/tak_dergat.wav>
L 10/23/2017 - 15:29:26: [ms_miscstats.amxx] spk <ms/thirty.wav>
L 10/23/2017 - 15:29:37: [ms_miscstats.amxx] spk <ms/twenty.wav>
L 10/23/2017 - 15:29:46: [ms_miscstats.amxx] spk <ms/ten.wav>
L 10/23/2017 - 15:29:47: [ms_miscstats.amxx] spk <ms/nine.wav>
L 10/23/2017 - 15:29:48: [ms_miscstats.amxx] spk <ms/eight.wav>
L 10/23/2017 - 15:29:50: [ms_miscstats.amxx] spk <ms/seven.wav>
L 10/23/2017 - 15:29:51: [ms_miscstats.amxx] spk <ms/six.wav>
L 10/23/2017 - 15:29:52: [ms_miscstats.amxx] spk <ms/five.wav>
L 10/23/2017 - 15:29:53: [ms_miscstats.amxx] spk <ms/four.wav>
L 10/23/2017 - 15:29:54: [ms_miscstats.amxx] spk <ms/three.wav>
L 10/23/2017 - 15:29:55: [ms_miscstats.amxx] spk <ms/two.wav>
L 10/23/2017 - 15:29:56: [ms_miscstats.amxx] spk <ms/one.wav>
L 10/23/2017 - 15:29:57: [ms_miscstats.amxx] spk <ms/zero.wav>
L 10/23/2017 - 15:29:57: [ms_miscstats.amxx] mp3 play <ms/roundend_2.mp3>
L 10/23/2017 - 15:30:02: [ms_miscstats.amxx] spk <ms/prepare.wav>
L 10/23/2017 - 15:30:26: [ms_miscstats.amxx] spk <ms/tak_dergat.wav>
L 10/23/2017 - 15:30:31: [ms_miscstats.amxx] spk <ms/thirty.wav>
L 10/23/2017 - 15:30:41: [ms_miscstats.amxx] spk <ms/twenty.wav>
L 10/23/2017 - 15:30:51: [ms_miscstats.amxx] spk <ms/ten.wav>
L 10/23/2017 - 15:30:52: [ms_miscstats.amxx] spk <ms/nine.wav>
L 10/23/2017 - 15:30:53: [ms_miscstats.amxx] spk <ms/eight.wav>
L 10/23/2017 - 15:30:54: [ms_miscstats.amxx] spk <ms/seven.wav>
L 10/23/2017 - 15:30:55: [ms_miscstats.amxx] spk <ms/six.wav>
L 10/23/2017 - 15:30:56: [ms_miscstats.amxx] spk <ms/five.wav>
L 10/23/2017 - 15:30:57: [ms_miscstats.amxx] spk <ms/four.wav>
L 10/23/2017 - 15:30:58: [ms_miscstats.amxx] spk <ms/three.wav>
L 10/23/2017 - 15:30:59: [ms_miscstats.amxx] spk <ms/two.wav>
L 10/23/2017 - 15:31:00: [ms_miscstats.amxx] spk <ms/one.wav>
L 10/23/2017 - 15:31:01: [ms_miscstats.amxx] spk <ms/zero.wav>
L 10/23/2017 - 15:31:01: [ms_miscstats.amxx] mp3 play <ms/roundend_4.mp3>
L 10/23/2017 - 15:31:06: [ms_miscstats.amxx] spk <ms/prepare.wav>
L 10/23/2017 - 15:31:37: [ms_miscstats.amxx] spk <ms/tak_dergat.wav>
L 10/23/2017 - 15:31:42: [ms_miscstats.amxx] spk <ms/thirty.wav>
L 10/23/2017 - 15:31:52: [ms_miscstats.amxx] spk <ms/twenty.wav>
L 10/23/2017 - 15:32:02: [ms_miscstats.amxx] spk <ms/ten.wav>
L 10/23/2017 - 15:32:03: [ms_miscstats.amxx] spk <ms/nine.wav>
L 10/23/2017 - 15:32:04: [ms_miscstats.amxx] spk <ms/eight.wav>
L 10/23/2017 - 15:32:05: [ms_miscstats.amxx] spk <ms/seven.wav>
L 10/23/2017 - 15:32:06: [ms_miscstats.amxx] spk <ms/six.wav>
L 10/23/2017 - 15:32:07: [ms_miscstats.amxx] spk <ms/five.wav>
L 10/23/2017 - 15:32:08: [ms_miscstats.amxx] spk <ms/four.wav>
L 10/23/2017 - 15:32:09: [ms_miscstats.amxx] spk <ms/three.wav>
L 10/23/2017 - 15:32:10: [ms_miscstats.amxx] spk <ms/two.wav>
L 10/23/2017 - 15:32:11: [ms_miscstats.amxx] spk <ms/one.wav>
L 10/23/2017 - 15:32:12: [ms_miscstats.amxx] spk <ms/zero.wav>
L 10/23/2017 - 15:32:12: [ms_miscstats.amxx] mp3 play <ms/roundend_1.mp3>
L 10/23/2017 - 15:32:12: [ms_miscstats.amxx] mp3 play <ms/roundend_4.mp3>
L 10/23/2017 - 15:32:17: [ms_miscstats.amxx] spk <ms/prepare.wav>
L 10/23/2017 - 15:35:15: -------- Mapchange to de_airstrip --------
L 10/23/2017 - 16:05:24: -------- Mapchange to cs_havana --------
L 10/23/2017 - 16:35:33: -------- Mapchange to de_chateau --------
L 10/23/2017 - 17:05:42: -------- Mapchange to de_aztec --------
L 10/23/2017 - 17:35:51: -------- Mapchange to as_oilrig --------
L 10/23/2017 - 17:45:00: [admin.amxx] Login: "KerchNET<7><STEAM_0:0:57395618><>" became an admin (account "STEAM_0:0:57395618") (access "o") (address "94.19.82.22")
L 10/23/2017 - 18:05:59: -------- Mapchange to cs_siege --------
L 10/23/2017 - 18:36:08: -------- Mapchange to de_cbble --------
L 10/23/2017 - 19:06:17: -------- Mapchange to de_dust --------
L 10/23/2017 - 19:36:26: -------- Mapchange to cs_747 --------
L 10/23/2017 - 20:06:35: -------- Mapchange to de_prodigy --------
L 10/23/2017 - 20:29:45: [ms_miscstats.amxx] mp3 play /sound <ms/playerjoinserver.mp3>
L 10/23/2017 - 20:36:43: -------- Mapchange to cs_assault --------
L 10/23/2017 - 21:06:52: -------- Mapchange to cs_office --------
L 10/23/2017 - 21:37:01: -------- Mapchange to cs_italy --------
L 10/23/2017 - 22:07:10: -------- Mapchange to cs_backalley --------
L 10/23/2017 - 22:37:19: -------- Mapchange to cs_militia --------
L 10/23/2017 - 23:01:58: [admin.amxx] Login: "KerchNET<10><STEAM_0:0:57395618><>" became an admin (account "STEAM_0:0:57395618") (access "o") (address "94.19.82.22")
L 10/23/2017 - 23:07:27: -------- Mapchange to de_train --------
L 10/23/2017 - 23:13:53: -------- Mapchange to de_dust2 --------
L 10/23/2017 - 23:13:53: [ms_miscstats.amxx] Could not locate <sound/ms/roundend_5.mp3> file
L 10/23/2017 - 23:13:53: [ms_miscstats.amxx] Could not locate <sound/ms/roundend_6.mp3> file
L 10/23/2017 - 23:13:53: [ms_miscstats.amxx] Could not locate <sound/ms/roundend_7.mp3> file
L 10/23/2017 - 23:13:53: [ms_miscstats.amxx] Could not locate <sound/ms/roundend_8.mp3> file
L 10/23/2017 - 23:13:53: [ms_miscstats.amxx] Could not locate <sound/ms/roundend_9.mp3> file
L 10/23/2017 - 23:14:03: [admin.amxx] Login: "DeWolt<1><STEAM_0:0:19404857><>" became an admin (account "STEAM_0:0:19404857") (access "abcdefghijklmnpqrstuvw") (address "212.104.90.17")
L 10/23/2017 - 23:14:52: [admin.amxx] Login: "DeWolt<2><STEAM_0:0:19404857><>" became an admin (account "STEAM_0:0:19404857") (access "abcdefghijklmnpqrstuvw") (address "212.104.90.17")
L 10/23/2017 - 23:17:16: -------- Mapchange to de_dust2 --------
L 10/23/2017 - 23:17:21: [admin.amxx] Login: "DeWolt<1><STEAM_0:0:19404857><>" became an admin (account "STEAM_0:0:19404857") (access "abcdefghijklmnpqrstuvw") (address "212.104.90.17")
L 10/23/2017 - 23:19:09: -------- Mapchange to de_dust2 --------
L 10/23/2017 - 23:19:09: [ms_miscstats.amxx] Could not locate <sound/ms/roundend_5.mp3> file
L 10/23/2017 - 23:19:09: [ms_miscstats.amxx] Could not locate <sound/ms/roundend_6.mp3> file
L 10/23/2017 - 23:19:09: [ms_miscstats.amxx] Could not locate <sound/ms/roundend_7.mp3> file
L 10/23/2017 - 23:19:09: [ms_miscstats.amxx] Could not locate <sound/ms/roundend_8.mp3> file
L 10/23/2017 - 23:19:09: [ms_miscstats.amxx] Could not locate <sound/ms/roundend_9.mp3> file
L 10/23/2017 - 23:19:17: [admin.amxx] Login: "DeWolt<1><STEAM_0:0:19404857><>" became an admin (account "STEAM_0:0:19404857") (access "abcdefghijklmnpqrstuvw") (address "212.104.90.17")
L 10/23/2017 - 23:23:41: [admin.amxx] Login: "DeWolt<2><STEAM_0:0:19404857><>" became an admin (account "STEAM_0:0:19404857") (access "abcdefghijklmnpqrstuvw") (address "212.104.90.17")
