L 11/06/2017 - 00:20:53: -------- Mapchange to de_zook --------
L 11/06/2017 - 00:58:53: [mapchooser.amxx] Vote: Voting for the nextmap started
L 11/06/2017 - 00:59:08: [mapchooser.amxx] Vote: Voting for the nextmap finished. The nextmap will be de_inferno2010
L 11/06/2017 - 02:42:27: -------- Mapchange to de_inferno2010 --------
L 11/06/2017 - 03:20:24: [mapchooser.amxx] Vote: Voting for the nextmap started
L 11/06/2017 - 03:20:39: [mapchooser.amxx] Vote: Voting for the nextmap finished. The nextmap will be de_kabul_32
L 11/06/2017 - 05:03:57: -------- Mapchange to de_kabul_32 --------
L 11/06/2017 - 05:41:57: [mapchooser.amxx] Vote: Voting for the nextmap started
L 11/06/2017 - 05:42:12: [mapchooser.amxx] Vote: Voting for the nextmap finished. The nextmap will be de_westwood
L 11/06/2017 - 07:25:31: -------- Mapchange to de_westwood --------
L 11/06/2017 - 08:03:30: [mapchooser.amxx] Vote: Voting for the nextmap started
L 11/06/2017 - 08:03:45: [mapchooser.amxx] Vote: Voting for the nextmap finished. The nextmap will be css_kabul
L 11/06/2017 - 09:47:04: -------- Mapchange to css_kabul --------
L 11/06/2017 - 10:25:04: [mapchooser.amxx] Vote: Voting for the nextmap started
L 11/06/2017 - 10:25:19: [mapchooser.amxx] Vote: Voting for the nextmap finished. The nextmap will be fy_dust
L 11/06/2017 - 12:08:37: -------- Mapchange to fy_dust --------
L 11/06/2017 - 12:46:37: [mapchooser.amxx] Vote: Voting for the nextmap started
L 11/06/2017 - 12:46:52: [mapchooser.amxx] Vote: Voting for the nextmap finished. The nextmap will be fy_pool_day
L 11/06/2017 - 14:30:10: -------- Mapchange to fy_pool_day --------
L 11/06/2017 - 15:42:55: [mapchooser.amxx] Vote: Voting for the nextmap started
L 11/06/2017 - 15:43:10: [mapchooser.amxx] Vote: Voting for the nextmap finished. The nextmap will be cs_italy
L 11/06/2017 - 15:45:12: -------- Mapchange to cs_italy --------
L 11/06/2017 - 16:28:42: [mapchooser.amxx] Vote: Voting for the nextmap started
L 11/06/2017 - 16:28:57: [mapchooser.amxx] Vote: Voting for the nextmap finished. The nextmap will be cs_militia
L 11/06/2017 - 16:30:58: -------- Mapchange to cs_militia --------
L 11/06/2017 - 17:08:58: [mapchooser.amxx] Vote: Voting for the nextmap started
L 11/06/2017 - 17:09:13: [mapchooser.amxx] Vote: Voting for the nextmap finished. The nextmap will be cs_office
L 11/06/2017 - 17:16:45: -------- Mapchange to cs_office --------
L 11/06/2017 - 17:54:45: [mapchooser.amxx] Vote: Voting for the nextmap started
L 11/06/2017 - 17:55:00: [mapchooser.amxx] Vote: Voting for the nextmap finished. The nextmap will be de_aztec
L 11/06/2017 - 18:02:32: -------- Mapchange to de_aztec --------
L 11/06/2017 - 19:39:02: [mapchooser.amxx] Vote: Voting for the nextmap started
L 11/06/2017 - 19:39:17: [mapchooser.amxx] Vote: Voting for the nextmap finished. The nextmap will be de_cbble
L 11/06/2017 - 19:41:11: -------- Mapchange to de_cbble --------
L 11/06/2017 - 20:25:41: [mapchooser.amxx] Vote: Voting for the nextmap started
L 11/06/2017 - 20:25:56: [mapchooser.amxx] Vote: Voting for the nextmap finished. The nextmap will be de_dustall
L 11/06/2017 - 20:28:01: -------- Mapchange to de_dustall --------
L 11/06/2017 - 21:23:31: [mapchooser.amxx] Vote: Voting for the nextmap started
L 11/06/2017 - 21:23:46: [mapchooser.amxx] Vote: Voting for the nextmap finished. The nextmap will be de_dust2
L 11/06/2017 - 21:25:46: -------- Mapchange to de_dust2 --------
L 11/06/2017 - 22:17:16: [mapchooser.amxx] Vote: Voting for the nextmap started
L 11/06/2017 - 22:17:31: [mapchooser.amxx] Vote: Voting for the nextmap finished. The nextmap will be de_inferno
L 11/06/2017 - 22:19:34: -------- Mapchange to de_inferno --------
L 11/06/2017 - 22:57:34: [mapchooser.amxx] Vote: Voting for the nextmap started
L 11/06/2017 - 22:57:49: [mapchooser.amxx] Vote: Voting for the nextmap finished. The nextmap will be de_nuke
L 11/06/2017 - 23:13:21: -------- Mapchange to de_nuke --------
L 11/06/2017 - 23:51:21: [mapchooser.amxx] Vote: Voting for the nextmap started
L 11/06/2017 - 23:51:36: [mapchooser.amxx] Vote: Voting for the nextmap finished. The nextmap will be de_train
