L 11/05/2017 - 00:45:22: -------- Mapchange to de_dustall --------
L 11/05/2017 - 01:23:21: [mapchooser.amxx] Vote: Voting for the nextmap started
L 11/05/2017 - 01:23:36: [mapchooser.amxx] Vote: Voting for the nextmap finished. The nextmap will be de_dustall2
L 11/05/2017 - 03:06:52: -------- Mapchange to de_dustall2 --------
L 11/05/2017 - 03:44:52: [mapchooser.amxx] Vote: Voting for the nextmap started
L 11/05/2017 - 03:45:07: [mapchooser.amxx] Vote: Voting for the nextmap finished. The nextmap will be de_indust2
L 11/05/2017 - 05:28:26: -------- Mapchange to de_indust2 --------
L 11/05/2017 - 06:06:26: [mapchooser.amxx] Vote: Voting for the nextmap started
L 11/05/2017 - 06:06:41: [mapchooser.amxx] Vote: Voting for the nextmap finished. The nextmap will be css_dust2
L 11/05/2017 - 07:49:59: -------- Mapchange to css_dust2 --------
L 11/05/2017 - 08:27:59: [mapchooser.amxx] Vote: Voting for the nextmap started
L 11/05/2017 - 08:28:14: [mapchooser.amxx] Vote: Voting for the nextmap finished. The nextmap will be de_dust2_2006
L 11/05/2017 - 10:11:32: -------- Mapchange to de_dust2_2006 --------
L 11/05/2017 - 10:49:32: [mapchooser.amxx] Vote: Voting for the nextmap started
L 11/05/2017 - 10:49:47: [mapchooser.amxx] Vote: Voting for the nextmap finished. The nextmap will be de_dust2_2014
L 11/05/2017 - 12:33:06: -------- Mapchange to de_dust2_2014 --------
L 11/05/2017 - 13:11:06: [mapchooser.amxx] Vote: Voting for the nextmap started
L 11/05/2017 - 13:11:21: [mapchooser.amxx] Vote: Voting for the nextmap finished. The nextmap will be de_dust2_medieval
L 11/05/2017 - 14:54:39: -------- Mapchange to de_dust2_medieval --------
L 11/05/2017 - 15:32:39: [mapchooser.amxx] Vote: Voting for the nextmap started
L 11/05/2017 - 15:32:54: [mapchooser.amxx] Vote: Voting for the nextmap finished. The nextmap will be de_dust2_suncsm
L 11/05/2017 - 17:16:13: -------- Mapchange to de_dust2_suncsm --------
L 11/05/2017 - 17:54:12: [mapchooser.amxx] Vote: Voting for the nextmap started
L 11/05/2017 - 17:54:27: [mapchooser.amxx] Vote: Voting for the nextmap finished. The nextmap will be de_dustroyal
L 11/05/2017 - 19:37:46: -------- Mapchange to de_dustroyal --------
L 11/05/2017 - 20:15:46: [mapchooser.amxx] Vote: Voting for the nextmap started
L 11/05/2017 - 20:16:01: [mapchooser.amxx] Vote: Voting for the nextmap finished. The nextmap will be de_nust2
L 11/05/2017 - 21:59:20: -------- Mapchange to de_nust2 --------
L 11/05/2017 - 22:37:20: [mapchooser.amxx] Vote: Voting for the nextmap started
L 11/05/2017 - 22:37:35: [mapchooser.amxx] Vote: Voting for the nextmap finished. The nextmap will be de_zook
