L 10/08/2017 - 00:17:37: [mapchooser.amxx] Vote: Voting for the nextmap started
L 10/08/2017 - 00:17:52: [mapchooser.amxx] Vote: Voting for the nextmap finished. The nextmap will be cs_militia
L 10/08/2017 - 00:19:46: -------- Mapchange to cs_militia --------
L 10/08/2017 - 00:47:46: [mapchooser.amxx] Vote: Voting for the nextmap started
L 10/08/2017 - 00:48:01: [mapchooser.amxx] Vote: Voting for the nextmap finished. The nextmap will be de_train
L 10/08/2017 - 00:49:55: -------- Mapchange to de_train --------
L 10/08/2017 - 01:17:55: [mapchooser.amxx] Vote: Voting for the nextmap started
L 10/08/2017 - 01:18:10: [mapchooser.amxx] Vote: Voting for the nextmap finished. The nextmap will be de_airstrip
L 10/08/2017 - 01:20:04: -------- Mapchange to de_airstrip --------
L 10/08/2017 - 01:48:04: [mapchooser.amxx] Vote: Voting for the nextmap started
L 10/08/2017 - 01:48:19: [mapchooser.amxx] Vote: Voting for the nextmap finished. The nextmap will be cs_havana
L 10/08/2017 - 01:50:13: -------- Mapchange to cs_havana --------
L 10/08/2017 - 02:18:13: [mapchooser.amxx] Vote: Voting for the nextmap started
L 10/08/2017 - 02:18:28: [mapchooser.amxx] Vote: Voting for the nextmap finished. The nextmap will be de_chateau
L 10/08/2017 - 02:20:22: -------- Mapchange to de_chateau --------
L 10/08/2017 - 02:48:22: [mapchooser.amxx] Vote: Voting for the nextmap started
L 10/08/2017 - 02:48:37: [mapchooser.amxx] Vote: Voting for the nextmap finished. The nextmap will be de_aztec
L 10/08/2017 - 02:50:31: -------- Mapchange to de_aztec --------
L 10/08/2017 - 03:18:28: [mapchooser.amxx] Vote: Voting for the nextmap started
L 10/08/2017 - 03:18:43: [mapchooser.amxx] Vote: Voting for the nextmap finished. The nextmap will be as_oilrig
L 10/08/2017 - 03:20:37: -------- Mapchange to as_oilrig --------
L 10/08/2017 - 03:48:37: [mapchooser.amxx] Vote: Voting for the nextmap started
L 10/08/2017 - 03:48:52: [mapchooser.amxx] Vote: Voting for the nextmap finished. The nextmap will be cs_siege
L 10/08/2017 - 03:50:46: -------- Mapchange to cs_siege --------
L 10/08/2017 - 04:18:45: [mapchooser.amxx] Vote: Voting for the nextmap started
L 10/08/2017 - 04:19:00: [mapchooser.amxx] Vote: Voting for the nextmap finished. The nextmap will be de_cbble
L 10/08/2017 - 04:20:55: -------- Mapchange to de_cbble --------
L 10/08/2017 - 04:48:54: [mapchooser.amxx] Vote: Voting for the nextmap started
L 10/08/2017 - 04:49:09: [mapchooser.amxx] Vote: Voting for the nextmap finished. The nextmap will be de_dust
L 10/08/2017 - 04:51:03: -------- Mapchange to de_dust --------
L 10/08/2017 - 05:19:03: [mapchooser.amxx] Vote: Voting for the nextmap started
L 10/08/2017 - 05:19:18: [mapchooser.amxx] Vote: Voting for the nextmap finished. The nextmap will be cs_747
L 10/08/2017 - 05:21:12: -------- Mapchange to cs_747 --------
L 10/08/2017 - 05:49:12: [mapchooser.amxx] Vote: Voting for the nextmap started
L 10/08/2017 - 05:49:27: [mapchooser.amxx] Vote: Voting for the nextmap finished. The nextmap will be de_prodigy
L 10/08/2017 - 05:51:21: -------- Mapchange to de_prodigy --------
L 10/08/2017 - 06:19:21: [mapchooser.amxx] Vote: Voting for the nextmap started
L 10/08/2017 - 06:19:36: [mapchooser.amxx] Vote: Voting for the nextmap finished. The nextmap will be cs_assault
L 10/08/2017 - 06:21:30: -------- Mapchange to cs_assault --------
L 10/08/2017 - 06:49:30: [mapchooser.amxx] Vote: Voting for the nextmap started
L 10/08/2017 - 06:49:45: [mapchooser.amxx] Vote: Voting for the nextmap finished. The nextmap will be cs_office
L 10/08/2017 - 06:51:39: -------- Mapchange to cs_office --------
L 10/08/2017 - 07:19:39: [mapchooser.amxx] Vote: Voting for the nextmap started
L 10/08/2017 - 07:19:54: [mapchooser.amxx] Vote: Voting for the nextmap finished. The nextmap will be cs_italy
L 10/08/2017 - 07:21:48: -------- Mapchange to cs_italy --------
L 10/08/2017 - 07:49:47: [mapchooser.amxx] Vote: Voting for the nextmap started
L 10/08/2017 - 07:50:03: [mapchooser.amxx] Vote: Voting for the nextmap finished. The nextmap will be cs_backalley
L 10/08/2017 - 07:51:56: -------- Mapchange to cs_backalley --------
L 10/08/2017 - 08:19:56: [mapchooser.amxx] Vote: Voting for the nextmap started
L 10/08/2017 - 08:20:11: [mapchooser.amxx] Vote: Voting for the nextmap finished. The nextmap will be cs_militia
L 10/08/2017 - 08:22:05: -------- Mapchange to cs_militia --------
L 10/08/2017 - 08:50:05: [mapchooser.amxx] Vote: Voting for the nextmap started
L 10/08/2017 - 08:50:20: [mapchooser.amxx] Vote: Voting for the nextmap finished. The nextmap will be de_train
L 10/08/2017 - 08:52:14: -------- Mapchange to de_train --------
L 10/08/2017 - 09:20:14: [mapchooser.amxx] Vote: Voting for the nextmap started
L 10/08/2017 - 09:20:29: [mapchooser.amxx] Vote: Voting for the nextmap finished. The nextmap will be de_airstrip
L 10/08/2017 - 09:22:23: -------- Mapchange to de_airstrip --------
L 10/08/2017 - 09:50:23: [mapchooser.amxx] Vote: Voting for the nextmap started
L 10/08/2017 - 09:50:38: [mapchooser.amxx] Vote: Voting for the nextmap finished. The nextmap will be cs_havana
L 10/08/2017 - 09:52:32: -------- Mapchange to cs_havana --------
L 10/08/2017 - 10:20:32: [mapchooser.amxx] Vote: Voting for the nextmap started
L 10/08/2017 - 10:20:47: [mapchooser.amxx] Vote: Voting for the nextmap finished. The nextmap will be de_chateau
L 10/08/2017 - 10:22:41: -------- Mapchange to de_chateau --------
L 10/08/2017 - 10:50:41: [mapchooser.amxx] Vote: Voting for the nextmap started
L 10/08/2017 - 10:50:56: [mapchooser.amxx] Vote: Voting for the nextmap finished. The nextmap will be de_aztec
L 10/08/2017 - 10:52:50: -------- Mapchange to de_aztec --------
L 10/08/2017 - 11:20:50: [mapchooser.amxx] Vote: Voting for the nextmap started
L 10/08/2017 - 11:21:05: [mapchooser.amxx] Vote: Voting for the nextmap finished. The nextmap will be as_oilrig
L 10/08/2017 - 11:22:59: -------- Mapchange to as_oilrig --------
L 10/08/2017 - 11:50:58: [mapchooser.amxx] Vote: Voting for the nextmap started
L 10/08/2017 - 11:51:13: [mapchooser.amxx] Vote: Voting for the nextmap finished. The nextmap will be cs_siege
L 10/08/2017 - 11:53:07: -------- Mapchange to cs_siege --------
L 10/08/2017 - 12:21:07: [mapchooser.amxx] Vote: Voting for the nextmap started
L 10/08/2017 - 12:21:22: [mapchooser.amxx] Vote: Voting for the nextmap finished. The nextmap will be de_cbble
L 10/08/2017 - 12:23:16: -------- Mapchange to de_cbble --------
L 10/08/2017 - 12:51:16: [mapchooser.amxx] Vote: Voting for the nextmap started
L 10/08/2017 - 12:51:31: [mapchooser.amxx] Vote: Voting for the nextmap finished. The nextmap will be de_dust
L 10/08/2017 - 12:53:25: -------- Mapchange to de_dust --------
L 10/08/2017 - 13:21:25: [mapchooser.amxx] Vote: Voting for the nextmap started
L 10/08/2017 - 13:21:40: [mapchooser.amxx] Vote: Voting for the nextmap finished. The nextmap will be cs_747
L 10/08/2017 - 13:23:34: -------- Mapchange to cs_747 --------
L 10/08/2017 - 13:51:34: [mapchooser.amxx] Vote: Voting for the nextmap started
L 10/08/2017 - 13:51:49: [mapchooser.amxx] Vote: Voting for the nextmap finished. The nextmap will be de_prodigy
L 10/08/2017 - 13:53:43: -------- Mapchange to de_prodigy --------
L 10/08/2017 - 14:21:43: [mapchooser.amxx] Vote: Voting for the nextmap started
L 10/08/2017 - 14:21:58: [mapchooser.amxx] Vote: Voting for the nextmap finished. The nextmap will be cs_assault
L 10/08/2017 - 14:23:52: -------- Mapchange to cs_assault --------
L 10/08/2017 - 14:51:51: [mapchooser.amxx] Vote: Voting for the nextmap started
L 10/08/2017 - 14:52:07: [mapchooser.amxx] Vote: Voting for the nextmap finished. The nextmap will be cs_office
L 10/08/2017 - 14:54:01: -------- Mapchange to cs_office --------
L 10/08/2017 - 15:22:00: [mapchooser.amxx] Vote: Voting for the nextmap started
L 10/08/2017 - 15:22:16: [mapchooser.amxx] Vote: Voting for the nextmap finished. The nextmap will be cs_italy
L 10/08/2017 - 15:24:10: -------- Mapchange to cs_italy --------
L 10/08/2017 - 15:52:09: [mapchooser.amxx] Vote: Voting for the nextmap started
L 10/08/2017 - 15:52:24: [mapchooser.amxx] Vote: Voting for the nextmap finished. The nextmap will be cs_backalley
L 10/08/2017 - 15:54:18: -------- Mapchange to cs_backalley --------
L 10/08/2017 - 16:22:18: [mapchooser.amxx] Vote: Voting for the nextmap started
L 10/08/2017 - 16:22:33: [mapchooser.amxx] Vote: Voting for the nextmap finished. The nextmap will be cs_militia
L 10/08/2017 - 16:24:27: -------- Mapchange to cs_militia --------
L 10/08/2017 - 16:52:27: [mapchooser.amxx] Vote: Voting for the nextmap started
L 10/08/2017 - 16:52:42: [mapchooser.amxx] Vote: Voting for the nextmap finished. The nextmap will be de_train
L 10/08/2017 - 16:54:36: -------- Mapchange to de_train --------
L 10/08/2017 - 17:22:36: [mapchooser.amxx] Vote: Voting for the nextmap started
L 10/08/2017 - 17:22:51: [mapchooser.amxx] Vote: Voting for the nextmap finished. The nextmap will be de_airstrip
L 10/08/2017 - 17:58:21: [mapchooser.amxx] Vote: Voting for the nextmap started
L 10/08/2017 - 17:58:36: [mapchooser.amxx] Vote: Voting for the nextmap finished. The nextmap will be de_inferno
L 10/08/2017 - 18:00:40: -------- Mapchange to de_inferno --------
L 10/08/2017 - 18:29:25: [mapchooser.amxx] Vote: Voting for the nextmap started
L 10/08/2017 - 18:29:40: [mapchooser.amxx] Vote: Voting for the nextmap finished. The nextmap will be cs_havana
L 10/08/2017 - 18:31:31: -------- Mapchange to cs_havana --------
L 10/08/2017 - 18:59:31: [mapchooser.amxx] Vote: Voting for the nextmap started
L 10/08/2017 - 18:59:46: [mapchooser.amxx] Vote: Voting for the nextmap finished. The nextmap will be de_chateau
L 10/08/2017 - 19:02:22: -------- Mapchange to de_chateau --------
L 10/08/2017 - 19:30:21: [mapchooser.amxx] Vote: Voting for the nextmap started
L 10/08/2017 - 19:30:36: [mapchooser.amxx] Vote: Voting for the nextmap finished. The nextmap will be de_aztec
L 10/08/2017 - 19:33:12: -------- Mapchange to de_aztec --------
L 10/08/2017 - 20:01:12: [mapchooser.amxx] Vote: Voting for the nextmap started
L 10/08/2017 - 20:01:27: [mapchooser.amxx] Vote: Voting for the nextmap finished. The nextmap will be as_oilrig
L 10/08/2017 - 20:04:03: -------- Mapchange to as_oilrig --------
L 10/08/2017 - 20:32:02: [mapchooser.amxx] Vote: Voting for the nextmap started
L 10/08/2017 - 20:32:18: [mapchooser.amxx] Vote: Voting for the nextmap finished. The nextmap will be cs_siege
L 10/08/2017 - 20:34:53: -------- Mapchange to cs_siege --------
L 10/08/2017 - 21:02:53: [mapchooser.amxx] Vote: Voting for the nextmap started
L 10/08/2017 - 21:03:08: [mapchooser.amxx] Vote: Voting for the nextmap finished. The nextmap will be de_cbble
L 10/08/2017 - 21:05:44: -------- Mapchange to de_cbble --------
L 10/08/2017 - 21:33:44: [mapchooser.amxx] Vote: Voting for the nextmap started
L 10/08/2017 - 21:33:59: [mapchooser.amxx] Vote: Voting for the nextmap finished. The nextmap will be de_dust
L 10/08/2017 - 21:36:34: -------- Mapchange to de_dust --------
L 10/08/2017 - 22:04:34: [mapchooser.amxx] Vote: Voting for the nextmap started
L 10/08/2017 - 22:04:49: [mapchooser.amxx] Vote: Voting for the nextmap finished. The nextmap will be cs_747
L 10/08/2017 - 22:07:25: -------- Mapchange to cs_747 --------
L 10/08/2017 - 22:35:25: [mapchooser.amxx] Vote: Voting for the nextmap started
L 10/08/2017 - 22:35:40: [mapchooser.amxx] Vote: Voting for the nextmap finished. The nextmap will be de_prodigy
L 10/08/2017 - 22:38:16: -------- Mapchange to de_prodigy --------
L 10/08/2017 - 23:06:15: [mapchooser.amxx] Vote: Voting for the nextmap started
L 10/08/2017 - 23:06:31: [mapchooser.amxx] Vote: Voting for the nextmap finished. The nextmap will be cs_assault
L 10/08/2017 - 23:09:06: -------- Mapchange to cs_assault --------
L 10/08/2017 - 23:37:06: [mapchooser.amxx] Vote: Voting for the nextmap started
L 10/08/2017 - 23:37:21: [mapchooser.amxx] Vote: Voting for the nextmap finished. The nextmap will be cs_office
L 10/08/2017 - 23:39:57: -------- Mapchange to cs_office --------
