L 10/10/2017 - 00:17:33: [mapchooser.amxx] Vote: Voting for the nextmap started
L 10/10/2017 - 00:17:48: [mapchooser.amxx] Vote: Voting for the nextmap finished. The nextmap will be cs_office
L 10/10/2017 - 00:20:23: -------- Mapchange to cs_office --------
L 10/10/2017 - 00:48:23: [mapchooser.amxx] Vote: Voting for the nextmap started
L 10/10/2017 - 00:48:38: [mapchooser.amxx] Vote: Voting for the nextmap finished. The nextmap will be cs_italy
L 10/10/2017 - 00:51:14: -------- Mapchange to cs_italy --------
L 10/10/2017 - 01:19:14: [mapchooser.amxx] Vote: Voting for the nextmap started
L 10/10/2017 - 01:19:29: [mapchooser.amxx] Vote: Voting for the nextmap finished. The nextmap will be cs_backalley
L 10/10/2017 - 01:22:05: -------- Mapchange to cs_backalley --------
L 10/10/2017 - 01:50:05: [mapchooser.amxx] Vote: Voting for the nextmap started
L 10/10/2017 - 01:50:20: [mapchooser.amxx] Vote: Voting for the nextmap finished. The nextmap will be cs_militia
L 10/10/2017 - 01:52:55: -------- Mapchange to cs_militia --------
L 10/10/2017 - 02:20:55: [mapchooser.amxx] Vote: Voting for the nextmap started
L 10/10/2017 - 02:21:10: [mapchooser.amxx] Vote: Voting for the nextmap finished. The nextmap will be de_train
L 10/10/2017 - 02:23:46: -------- Mapchange to de_train --------
L 10/10/2017 - 02:51:46: [mapchooser.amxx] Vote: Voting for the nextmap started
L 10/10/2017 - 02:52:01: [mapchooser.amxx] Vote: Voting for the nextmap finished. The nextmap will be de_airstrip
L 10/10/2017 - 02:54:36: -------- Mapchange to de_airstrip --------
L 10/10/2017 - 03:22:33: [mapchooser.amxx] Vote: Voting for the nextmap started
L 10/10/2017 - 03:22:48: [mapchooser.amxx] Vote: Voting for the nextmap finished. The nextmap will be cs_havana
L 10/10/2017 - 03:25:24: -------- Mapchange to cs_havana --------
L 10/10/2017 - 03:53:24: [mapchooser.amxx] Vote: Voting for the nextmap started
L 10/10/2017 - 03:53:39: [mapchooser.amxx] Vote: Voting for the nextmap finished. The nextmap will be de_chateau
L 10/10/2017 - 03:56:15: -------- Mapchange to de_chateau --------
L 10/10/2017 - 04:24:15: [mapchooser.amxx] Vote: Voting for the nextmap started
L 10/10/2017 - 04:24:30: [mapchooser.amxx] Vote: Voting for the nextmap finished. The nextmap will be de_aztec
L 10/10/2017 - 04:27:06: -------- Mapchange to de_aztec --------
L 10/10/2017 - 04:55:05: [mapchooser.amxx] Vote: Voting for the nextmap started
L 10/10/2017 - 04:55:20: [mapchooser.amxx] Vote: Voting for the nextmap finished. The nextmap will be as_oilrig
L 10/10/2017 - 04:57:56: -------- Mapchange to as_oilrig --------
L 10/10/2017 - 05:25:56: [mapchooser.amxx] Vote: Voting for the nextmap started
L 10/10/2017 - 05:26:11: [mapchooser.amxx] Vote: Voting for the nextmap finished. The nextmap will be cs_siege
L 10/10/2017 - 05:28:47: -------- Mapchange to cs_siege --------
L 10/10/2017 - 05:56:47: [mapchooser.amxx] Vote: Voting for the nextmap started
L 10/10/2017 - 05:57:02: [mapchooser.amxx] Vote: Voting for the nextmap finished. The nextmap will be de_cbble
L 10/10/2017 - 05:59:37: -------- Mapchange to de_cbble --------
L 10/10/2017 - 06:27:37: [mapchooser.amxx] Vote: Voting for the nextmap started
L 10/10/2017 - 06:27:52: [mapchooser.amxx] Vote: Voting for the nextmap finished. The nextmap will be de_dust
L 10/10/2017 - 06:30:28: -------- Mapchange to de_dust --------
L 10/10/2017 - 06:58:28: [mapchooser.amxx] Vote: Voting for the nextmap started
L 10/10/2017 - 06:58:43: [mapchooser.amxx] Vote: Voting for the nextmap finished. The nextmap will be cs_747
L 10/10/2017 - 07:01:19: -------- Mapchange to cs_747 --------
L 10/10/2017 - 07:29:19: [mapchooser.amxx] Vote: Voting for the nextmap started
L 10/10/2017 - 07:29:34: [mapchooser.amxx] Vote: Voting for the nextmap finished. The nextmap will be de_prodigy
L 10/10/2017 - 07:32:09: -------- Mapchange to de_prodigy --------
L 10/10/2017 - 08:00:09: [mapchooser.amxx] Vote: Voting for the nextmap started
L 10/10/2017 - 08:00:24: [mapchooser.amxx] Vote: Voting for the nextmap finished. The nextmap will be cs_assault
L 10/10/2017 - 08:03:00: -------- Mapchange to cs_assault --------
L 10/10/2017 - 08:31:00: [mapchooser.amxx] Vote: Voting for the nextmap started
L 10/10/2017 - 08:31:15: [mapchooser.amxx] Vote: Voting for the nextmap finished. The nextmap will be cs_office
L 10/10/2017 - 08:33:50: -------- Mapchange to cs_office --------
L 10/10/2017 - 09:01:50: [mapchooser.amxx] Vote: Voting for the nextmap started
L 10/10/2017 - 09:02:05: [mapchooser.amxx] Vote: Voting for the nextmap finished. The nextmap will be cs_italy
L 10/10/2017 - 09:04:41: -------- Mapchange to cs_italy --------
L 10/10/2017 - 09:32:41: [mapchooser.amxx] Vote: Voting for the nextmap started
L 10/10/2017 - 09:32:56: [mapchooser.amxx] Vote: Voting for the nextmap finished. The nextmap will be cs_backalley
L 10/10/2017 - 09:35:32: -------- Mapchange to cs_backalley --------
L 10/10/2017 - 10:03:32: [mapchooser.amxx] Vote: Voting for the nextmap started
L 10/10/2017 - 10:03:47: [mapchooser.amxx] Vote: Voting for the nextmap finished. The nextmap will be cs_militia
L 10/10/2017 - 10:06:22: -------- Mapchange to cs_militia --------
L 10/10/2017 - 10:34:22: [mapchooser.amxx] Vote: Voting for the nextmap started
L 10/10/2017 - 10:34:37: [mapchooser.amxx] Vote: Voting for the nextmap finished. The nextmap will be de_train
L 10/10/2017 - 10:37:13: -------- Mapchange to de_train --------
L 10/10/2017 - 11:05:13: [mapchooser.amxx] Vote: Voting for the nextmap started
L 10/10/2017 - 11:05:28: [mapchooser.amxx] Vote: Voting for the nextmap finished. The nextmap will be de_airstrip
L 10/10/2017 - 11:08:04: -------- Mapchange to de_airstrip --------
L 10/10/2017 - 11:36:03: [mapchooser.amxx] Vote: Voting for the nextmap started
L 10/10/2017 - 11:36:18: [mapchooser.amxx] Vote: Voting for the nextmap finished. The nextmap will be cs_havana
L 10/10/2017 - 11:38:54: -------- Mapchange to cs_havana --------
L 10/10/2017 - 12:06:54: [mapchooser.amxx] Vote: Voting for the nextmap started
L 10/10/2017 - 12:07:09: [mapchooser.amxx] Vote: Voting for the nextmap finished. The nextmap will be de_chateau
L 10/10/2017 - 12:09:45: -------- Mapchange to de_chateau --------
L 10/10/2017 - 12:37:45: [mapchooser.amxx] Vote: Voting for the nextmap started
L 10/10/2017 - 12:38:00: [mapchooser.amxx] Vote: Voting for the nextmap finished. The nextmap will be de_aztec
L 10/10/2017 - 12:40:36: -------- Mapchange to de_aztec --------
L 10/10/2017 - 13:08:35: [mapchooser.amxx] Vote: Voting for the nextmap started
L 10/10/2017 - 13:08:51: [mapchooser.amxx] Vote: Voting for the nextmap finished. The nextmap will be as_oilrig
L 10/10/2017 - 13:11:26: -------- Mapchange to as_oilrig --------
L 10/10/2017 - 13:39:26: [mapchooser.amxx] Vote: Voting for the nextmap started
L 10/10/2017 - 13:39:41: [mapchooser.amxx] Vote: Voting for the nextmap finished. The nextmap will be cs_siege
L 10/10/2017 - 13:42:17: -------- Mapchange to cs_siege --------
L 10/10/2017 - 14:10:17: [mapchooser.amxx] Vote: Voting for the nextmap started
L 10/10/2017 - 14:10:32: [mapchooser.amxx] Vote: Voting for the nextmap finished. The nextmap will be de_cbble
L 10/10/2017 - 14:13:08: -------- Mapchange to de_cbble --------
L 10/10/2017 - 14:41:07: [mapchooser.amxx] Vote: Voting for the nextmap started
L 10/10/2017 - 14:41:22: [mapchooser.amxx] Vote: Voting for the nextmap finished. The nextmap will be de_dust
L 10/10/2017 - 14:43:58: -------- Mapchange to de_dust --------
L 10/10/2017 - 15:11:58: [mapchooser.amxx] Vote: Voting for the nextmap started
L 10/10/2017 - 15:12:13: [mapchooser.amxx] Vote: Voting for the nextmap finished. The nextmap will be cs_747
L 10/10/2017 - 15:14:49: -------- Mapchange to cs_747 --------
L 10/10/2017 - 15:42:49: [mapchooser.amxx] Vote: Voting for the nextmap started
L 10/10/2017 - 15:43:04: [mapchooser.amxx] Vote: Voting for the nextmap finished. The nextmap will be de_prodigy
L 10/10/2017 - 15:45:39: -------- Mapchange to de_prodigy --------
L 10/10/2017 - 16:13:39: [mapchooser.amxx] Vote: Voting for the nextmap started
L 10/10/2017 - 16:13:54: [mapchooser.amxx] Vote: Voting for the nextmap finished. The nextmap will be cs_assault
L 10/10/2017 - 16:16:30: -------- Mapchange to cs_assault --------
L 10/10/2017 - 16:44:30: [mapchooser.amxx] Vote: Voting for the nextmap started
L 10/10/2017 - 16:44:45: [mapchooser.amxx] Vote: Voting for the nextmap finished. The nextmap will be cs_office
L 10/10/2017 - 16:47:21: -------- Mapchange to cs_office --------
L 10/10/2017 - 17:15:20: [mapchooser.amxx] Vote: Voting for the nextmap started
L 10/10/2017 - 17:15:35: [mapchooser.amxx] Vote: Voting for the nextmap finished. The nextmap will be cs_italy
L 10/10/2017 - 17:18:11: -------- Mapchange to cs_italy --------
L 10/10/2017 - 17:46:11: [mapchooser.amxx] Vote: Voting for the nextmap started
L 10/10/2017 - 17:46:26: [mapchooser.amxx] Vote: Voting for the nextmap finished. The nextmap will be cs_backalley
L 10/10/2017 - 17:49:02: -------- Mapchange to cs_backalley --------
L 10/10/2017 - 18:17:02: [mapchooser.amxx] Vote: Voting for the nextmap started
L 10/10/2017 - 18:17:17: [mapchooser.amxx] Vote: Voting for the nextmap finished. The nextmap will be cs_militia
L 10/10/2017 - 18:19:52: -------- Mapchange to cs_militia --------
L 10/10/2017 - 18:47:52: [mapchooser.amxx] Vote: Voting for the nextmap started
L 10/10/2017 - 18:48:07: [mapchooser.amxx] Vote: Voting for the nextmap finished. The nextmap will be de_train
L 10/10/2017 - 18:50:43: -------- Mapchange to de_train --------
L 10/10/2017 - 19:18:43: [mapchooser.amxx] Vote: Voting for the nextmap started
L 10/10/2017 - 19:18:58: [mapchooser.amxx] Vote: Voting for the nextmap finished. The nextmap will be de_airstrip
L 10/10/2017 - 19:21:34: -------- Mapchange to de_airstrip --------
L 10/10/2017 - 19:49:33: [mapchooser.amxx] Vote: Voting for the nextmap started
L 10/10/2017 - 19:49:49: [mapchooser.amxx] Vote: Voting for the nextmap finished. The nextmap will be cs_havana
L 10/10/2017 - 19:52:24: -------- Mapchange to cs_havana --------
L 10/10/2017 - 20:20:24: [mapchooser.amxx] Vote: Voting for the nextmap started
L 10/10/2017 - 20:20:39: [mapchooser.amxx] Vote: Voting for the nextmap finished. The nextmap will be de_chateau
L 10/10/2017 - 20:23:15: -------- Mapchange to de_chateau --------
L 10/10/2017 - 20:51:15: [mapchooser.amxx] Vote: Voting for the nextmap started
L 10/10/2017 - 20:51:30: [mapchooser.amxx] Vote: Voting for the nextmap finished. The nextmap will be de_aztec
L 10/10/2017 - 20:54:06: -------- Mapchange to de_aztec --------
L 10/10/2017 - 21:22:05: [mapchooser.amxx] Vote: Voting for the nextmap started
L 10/10/2017 - 21:22:20: [mapchooser.amxx] Vote: Voting for the nextmap finished. The nextmap will be as_oilrig
L 10/10/2017 - 21:24:56: -------- Mapchange to as_oilrig --------
L 10/10/2017 - 21:52:56: [mapchooser.amxx] Vote: Voting for the nextmap started
L 10/10/2017 - 21:53:11: [mapchooser.amxx] Vote: Voting for the nextmap finished. The nextmap will be cs_siege
L 10/10/2017 - 21:55:47: -------- Mapchange to cs_siege --------
L 10/10/2017 - 22:23:47: [mapchooser.amxx] Vote: Voting for the nextmap started
L 10/10/2017 - 22:24:02: [mapchooser.amxx] Vote: Voting for the nextmap finished. The nextmap will be de_cbble
L 10/10/2017 - 22:26:37: -------- Mapchange to de_cbble --------
L 10/10/2017 - 22:54:37: [mapchooser.amxx] Vote: Voting for the nextmap started
L 10/10/2017 - 22:54:52: [mapchooser.amxx] Vote: Voting for the nextmap finished. The nextmap will be de_dust
L 10/10/2017 - 22:57:28: -------- Mapchange to de_dust --------
L 10/10/2017 - 23:25:28: [mapchooser.amxx] Vote: Voting for the nextmap started
L 10/10/2017 - 23:25:43: [mapchooser.amxx] Vote: Voting for the nextmap finished. The nextmap will be cs_747
L 10/10/2017 - 23:28:19: -------- Mapchange to cs_747 --------
L 10/10/2017 - 23:56:18: [mapchooser.amxx] Vote: Voting for the nextmap started
L 10/10/2017 - 23:56:34: [mapchooser.amxx] Vote: Voting for the nextmap finished. The nextmap will be de_prodigy
L 10/10/2017 - 23:59:09: -------- Mapchange to de_prodigy --------
