L 10/09/2017 - 00:07:57: [mapchooser.amxx] Vote: Voting for the nextmap started
L 10/09/2017 - 00:08:12: [mapchooser.amxx] Vote: Voting for the nextmap finished. The nextmap will be cs_italy
L 10/09/2017 - 00:10:48: -------- Mapchange to cs_italy --------
L 10/09/2017 - 00:38:47: [mapchooser.amxx] Vote: Voting for the nextmap started
L 10/09/2017 - 00:39:02: [mapchooser.amxx] Vote: Voting for the nextmap finished. The nextmap will be cs_backalley
L 10/09/2017 - 00:41:38: -------- Mapchange to cs_backalley --------
L 10/09/2017 - 01:09:38: [mapchooser.amxx] Vote: Voting for the nextmap started
L 10/09/2017 - 01:09:53: [mapchooser.amxx] Vote: Voting for the nextmap finished. The nextmap will be cs_militia
L 10/09/2017 - 01:12:29: -------- Mapchange to cs_militia --------
L 10/09/2017 - 01:40:29: [mapchooser.amxx] Vote: Voting for the nextmap started
L 10/09/2017 - 01:40:44: [mapchooser.amxx] Vote: Voting for the nextmap finished. The nextmap will be de_train
L 10/09/2017 - 01:43:19: -------- Mapchange to de_train --------
L 10/09/2017 - 02:11:19: [mapchooser.amxx] Vote: Voting for the nextmap started
L 10/09/2017 - 02:11:34: [mapchooser.amxx] Vote: Voting for the nextmap finished. The nextmap will be de_airstrip
L 10/09/2017 - 02:14:10: -------- Mapchange to de_airstrip --------
L 10/09/2017 - 02:42:10: [mapchooser.amxx] Vote: Voting for the nextmap started
L 10/09/2017 - 02:42:25: [mapchooser.amxx] Vote: Voting for the nextmap finished. The nextmap will be cs_havana
L 10/09/2017 - 02:45:01: -------- Mapchange to cs_havana --------
L 10/09/2017 - 03:12:58: [mapchooser.amxx] Vote: Voting for the nextmap started
L 10/09/2017 - 03:13:13: [mapchooser.amxx] Vote: Voting for the nextmap finished. The nextmap will be de_chateau
L 10/09/2017 - 03:15:49: -------- Mapchange to de_chateau --------
L 10/09/2017 - 03:43:49: [mapchooser.amxx] Vote: Voting for the nextmap started
L 10/09/2017 - 03:44:04: [mapchooser.amxx] Vote: Voting for the nextmap finished. The nextmap will be de_aztec
L 10/09/2017 - 03:46:39: -------- Mapchange to de_aztec --------
L 10/09/2017 - 04:14:39: [mapchooser.amxx] Vote: Voting for the nextmap started
L 10/09/2017 - 04:14:54: [mapchooser.amxx] Vote: Voting for the nextmap finished. The nextmap will be as_oilrig
L 10/09/2017 - 04:17:30: -------- Mapchange to as_oilrig --------
L 10/09/2017 - 04:45:30: [mapchooser.amxx] Vote: Voting for the nextmap started
L 10/09/2017 - 04:45:45: [mapchooser.amxx] Vote: Voting for the nextmap finished. The nextmap will be cs_siege
L 10/09/2017 - 04:48:20: -------- Mapchange to cs_siege --------
L 10/09/2017 - 05:16:20: [mapchooser.amxx] Vote: Voting for the nextmap started
L 10/09/2017 - 05:16:35: [mapchooser.amxx] Vote: Voting for the nextmap finished. The nextmap will be de_cbble
L 10/09/2017 - 05:19:11: -------- Mapchange to de_cbble --------
L 10/09/2017 - 05:47:11: [mapchooser.amxx] Vote: Voting for the nextmap started
L 10/09/2017 - 05:47:26: [mapchooser.amxx] Vote: Voting for the nextmap finished. The nextmap will be de_dust
L 10/09/2017 - 05:50:02: -------- Mapchange to de_dust --------
L 10/09/2017 - 06:18:01: [mapchooser.amxx] Vote: Voting for the nextmap started
L 10/09/2017 - 06:18:17: [mapchooser.amxx] Vote: Voting for the nextmap finished. The nextmap will be cs_747
L 10/09/2017 - 06:20:52: -------- Mapchange to cs_747 --------
L 10/09/2017 - 06:48:52: [mapchooser.amxx] Vote: Voting for the nextmap started
L 10/09/2017 - 06:49:07: [mapchooser.amxx] Vote: Voting for the nextmap finished. The nextmap will be de_prodigy
L 10/09/2017 - 06:51:43: -------- Mapchange to de_prodigy --------
L 10/09/2017 - 07:19:43: [mapchooser.amxx] Vote: Voting for the nextmap started
L 10/09/2017 - 07:19:58: [mapchooser.amxx] Vote: Voting for the nextmap finished. The nextmap will be cs_assault
L 10/09/2017 - 07:22:33: -------- Mapchange to cs_assault --------
L 10/09/2017 - 07:50:33: [mapchooser.amxx] Vote: Voting for the nextmap started
L 10/09/2017 - 07:50:48: [mapchooser.amxx] Vote: Voting for the nextmap finished. The nextmap will be cs_office
L 10/09/2017 - 07:53:24: -------- Mapchange to cs_office --------
L 10/09/2017 - 08:21:24: [mapchooser.amxx] Vote: Voting for the nextmap started
L 10/09/2017 - 08:21:39: [mapchooser.amxx] Vote: Voting for the nextmap finished. The nextmap will be cs_italy
L 10/09/2017 - 08:24:15: -------- Mapchange to cs_italy --------
L 10/09/2017 - 08:52:14: [mapchooser.amxx] Vote: Voting for the nextmap started
L 10/09/2017 - 08:52:29: [mapchooser.amxx] Vote: Voting for the nextmap finished. The nextmap will be cs_backalley
L 10/09/2017 - 08:55:05: -------- Mapchange to cs_backalley --------
L 10/09/2017 - 09:23:05: [mapchooser.amxx] Vote: Voting for the nextmap started
L 10/09/2017 - 09:23:20: [mapchooser.amxx] Vote: Voting for the nextmap finished. The nextmap will be cs_militia
L 10/09/2017 - 09:25:56: -------- Mapchange to cs_militia --------
L 10/09/2017 - 09:53:56: [mapchooser.amxx] Vote: Voting for the nextmap started
L 10/09/2017 - 09:54:11: [mapchooser.amxx] Vote: Voting for the nextmap finished. The nextmap will be de_train
L 10/09/2017 - 09:56:46: -------- Mapchange to de_train --------
L 10/09/2017 - 10:24:46: [mapchooser.amxx] Vote: Voting for the nextmap started
L 10/09/2017 - 10:25:01: [mapchooser.amxx] Vote: Voting for the nextmap finished. The nextmap will be de_airstrip
L 10/09/2017 - 10:27:37: -------- Mapchange to de_airstrip --------
L 10/09/2017 - 10:55:37: [mapchooser.amxx] Vote: Voting for the nextmap started
L 10/09/2017 - 10:55:52: [mapchooser.amxx] Vote: Voting for the nextmap finished. The nextmap will be cs_havana
L 10/09/2017 - 10:58:28: -------- Mapchange to cs_havana --------
L 10/09/2017 - 11:26:27: [mapchooser.amxx] Vote: Voting for the nextmap started
L 10/09/2017 - 11:26:43: [mapchooser.amxx] Vote: Voting for the nextmap finished. The nextmap will be de_chateau
L 10/09/2017 - 11:29:18: -------- Mapchange to de_chateau --------
L 10/09/2017 - 11:57:18: [mapchooser.amxx] Vote: Voting for the nextmap started
L 10/09/2017 - 11:57:33: [mapchooser.amxx] Vote: Voting for the nextmap finished. The nextmap will be de_aztec
L 10/09/2017 - 12:00:09: -------- Mapchange to de_aztec --------
L 10/09/2017 - 12:28:09: [mapchooser.amxx] Vote: Voting for the nextmap started
L 10/09/2017 - 12:28:24: [mapchooser.amxx] Vote: Voting for the nextmap finished. The nextmap will be as_oilrig
L 10/09/2017 - 12:31:00: -------- Mapchange to as_oilrig --------
L 10/09/2017 - 12:58:59: [mapchooser.amxx] Vote: Voting for the nextmap started
L 10/09/2017 - 12:59:14: [mapchooser.amxx] Vote: Voting for the nextmap finished. The nextmap will be cs_siege
L 10/09/2017 - 13:01:50: -------- Mapchange to cs_siege --------
L 10/09/2017 - 13:29:50: [mapchooser.amxx] Vote: Voting for the nextmap started
L 10/09/2017 - 13:30:05: [mapchooser.amxx] Vote: Voting for the nextmap finished. The nextmap will be de_cbble
L 10/09/2017 - 13:32:41: -------- Mapchange to de_cbble --------
L 10/09/2017 - 14:00:40: [mapchooser.amxx] Vote: Voting for the nextmap started
L 10/09/2017 - 14:00:56: [mapchooser.amxx] Vote: Voting for the nextmap finished. The nextmap will be de_dust
L 10/09/2017 - 14:03:31: -------- Mapchange to de_dust --------
L 10/09/2017 - 14:31:31: [mapchooser.amxx] Vote: Voting for the nextmap started
L 10/09/2017 - 14:31:46: [mapchooser.amxx] Vote: Voting for the nextmap finished. The nextmap will be cs_747
L 10/09/2017 - 14:34:22: -------- Mapchange to cs_747 --------
L 10/09/2017 - 15:02:22: [mapchooser.amxx] Vote: Voting for the nextmap started
L 10/09/2017 - 15:02:37: [mapchooser.amxx] Vote: Voting for the nextmap finished. The nextmap will be de_prodigy
L 10/09/2017 - 15:05:12: -------- Mapchange to de_prodigy --------
L 10/09/2017 - 15:33:12: [mapchooser.amxx] Vote: Voting for the nextmap started
L 10/09/2017 - 15:33:27: [mapchooser.amxx] Vote: Voting for the nextmap finished. The nextmap will be cs_assault
L 10/09/2017 - 15:36:03: -------- Mapchange to cs_assault --------
L 10/09/2017 - 16:04:03: [mapchooser.amxx] Vote: Voting for the nextmap started
L 10/09/2017 - 16:04:18: [mapchooser.amxx] Vote: Voting for the nextmap finished. The nextmap will be cs_office
L 10/09/2017 - 16:06:54: -------- Mapchange to cs_office --------
L 10/09/2017 - 16:34:53: [mapchooser.amxx] Vote: Voting for the nextmap started
L 10/09/2017 - 16:35:09: [mapchooser.amxx] Vote: Voting for the nextmap finished. The nextmap will be cs_italy
L 10/09/2017 - 16:37:44: -------- Mapchange to cs_italy --------
L 10/09/2017 - 17:05:44: [mapchooser.amxx] Vote: Voting for the nextmap started
L 10/09/2017 - 17:05:59: [mapchooser.amxx] Vote: Voting for the nextmap finished. The nextmap will be cs_backalley
L 10/09/2017 - 17:08:35: -------- Mapchange to cs_backalley --------
L 10/09/2017 - 17:36:35: [mapchooser.amxx] Vote: Voting for the nextmap started
L 10/09/2017 - 17:36:50: [mapchooser.amxx] Vote: Voting for the nextmap finished. The nextmap will be cs_militia
L 10/09/2017 - 17:39:26: -------- Mapchange to cs_militia --------
L 10/09/2017 - 18:07:26: [mapchooser.amxx] Vote: Voting for the nextmap started
L 10/09/2017 - 18:07:41: [mapchooser.amxx] Vote: Voting for the nextmap finished. The nextmap will be de_train
L 10/09/2017 - 18:10:16: -------- Mapchange to de_train --------
L 10/09/2017 - 18:38:16: [mapchooser.amxx] Vote: Voting for the nextmap started
L 10/09/2017 - 18:38:31: [mapchooser.amxx] Vote: Voting for the nextmap finished. The nextmap will be de_airstrip
L 10/09/2017 - 18:41:07: -------- Mapchange to de_airstrip --------
L 10/09/2017 - 19:09:07: [mapchooser.amxx] Vote: Voting for the nextmap started
L 10/09/2017 - 19:09:22: [mapchooser.amxx] Vote: Voting for the nextmap finished. The nextmap will be cs_havana
L 10/09/2017 - 19:11:58: -------- Mapchange to cs_havana --------
L 10/09/2017 - 19:39:57: [mapchooser.amxx] Vote: Voting for the nextmap started
L 10/09/2017 - 19:40:12: [mapchooser.amxx] Vote: Voting for the nextmap finished. The nextmap will be de_chateau
L 10/09/2017 - 19:42:48: -------- Mapchange to de_chateau --------
L 10/09/2017 - 20:10:48: [mapchooser.amxx] Vote: Voting for the nextmap started
L 10/09/2017 - 20:11:03: [mapchooser.amxx] Vote: Voting for the nextmap finished. The nextmap will be de_aztec
L 10/09/2017 - 20:13:39: -------- Mapchange to de_aztec --------
L 10/09/2017 - 20:41:39: [mapchooser.amxx] Vote: Voting for the nextmap started
L 10/09/2017 - 20:41:54: [mapchooser.amxx] Vote: Voting for the nextmap finished. The nextmap will be as_oilrig
L 10/09/2017 - 20:44:29: -------- Mapchange to as_oilrig --------
L 10/09/2017 - 21:12:29: [mapchooser.amxx] Vote: Voting for the nextmap started
L 10/09/2017 - 21:12:44: [mapchooser.amxx] Vote: Voting for the nextmap finished. The nextmap will be cs_siege
L 10/09/2017 - 21:15:20: -------- Mapchange to cs_siege --------
L 10/09/2017 - 21:43:20: [mapchooser.amxx] Vote: Voting for the nextmap started
L 10/09/2017 - 21:43:35: [mapchooser.amxx] Vote: Voting for the nextmap finished. The nextmap will be de_cbble
L 10/09/2017 - 21:46:11: -------- Mapchange to de_cbble --------
L 10/09/2017 - 22:14:10: [mapchooser.amxx] Vote: Voting for the nextmap started
L 10/09/2017 - 22:14:25: [mapchooser.amxx] Vote: Voting for the nextmap finished. The nextmap will be de_dust
L 10/09/2017 - 22:17:01: -------- Mapchange to de_dust --------
L 10/09/2017 - 22:45:01: [mapchooser.amxx] Vote: Voting for the nextmap started
L 10/09/2017 - 22:45:16: [mapchooser.amxx] Vote: Voting for the nextmap finished. The nextmap will be cs_747
L 10/09/2017 - 22:47:52: -------- Mapchange to cs_747 --------
L 10/09/2017 - 23:15:52: [mapchooser.amxx] Vote: Voting for the nextmap started
L 10/09/2017 - 23:16:07: [mapchooser.amxx] Vote: Voting for the nextmap finished. The nextmap will be de_prodigy
L 10/09/2017 - 23:18:42: -------- Mapchange to de_prodigy --------
L 10/09/2017 - 23:46:42: [mapchooser.amxx] Vote: Voting for the nextmap started
L 10/09/2017 - 23:46:57: [mapchooser.amxx] Vote: Voting for the nextmap finished. The nextmap will be cs_assault
L 10/09/2017 - 23:49:33: -------- Mapchange to cs_assault --------
