L 10/27/2017 - 00:26:36: [mapchooser.amxx] Vote: Voting for the nextmap started
L 10/27/2017 - 00:26:51: [mapchooser.amxx] Vote: Voting for the nextmap finished. The nextmap will be cs_italy
L 10/27/2017 - 00:29:00: -------- Mapchange to cs_italy --------
L 10/27/2017 - 00:57:00: [mapchooser.amxx] Vote: Voting for the nextmap started
L 10/27/2017 - 00:57:15: [mapchooser.amxx] Vote: Voting for the nextmap finished. The nextmap will be cs_backalley
L 10/27/2017 - 00:59:24: -------- Mapchange to cs_backalley --------
L 10/27/2017 - 01:27:24: [mapchooser.amxx] Vote: Voting for the nextmap started
L 10/27/2017 - 01:27:39: [mapchooser.amxx] Vote: Voting for the nextmap finished. The nextmap will be cs_militia
L 10/27/2017 - 01:29:48: -------- Mapchange to cs_militia --------
L 10/27/2017 - 01:57:48: [mapchooser.amxx] Vote: Voting for the nextmap started
L 10/27/2017 - 01:58:03: [mapchooser.amxx] Vote: Voting for the nextmap finished. The nextmap will be de_train
L 10/27/2017 - 02:00:12: -------- Mapchange to de_train --------
L 10/27/2017 - 02:28:12: [mapchooser.amxx] Vote: Voting for the nextmap started
L 10/27/2017 - 02:28:27: [mapchooser.amxx] Vote: Voting for the nextmap finished. The nextmap will be de_airstrip
L 10/27/2017 - 02:30:36: -------- Mapchange to de_airstrip --------
L 10/27/2017 - 02:58:36: [mapchooser.amxx] Vote: Voting for the nextmap started
L 10/27/2017 - 02:58:51: [mapchooser.amxx] Vote: Voting for the nextmap finished. The nextmap will be cs_havana
L 10/27/2017 - 03:00:58: -------- Mapchange to cs_havana --------
L 10/27/2017 - 03:28:58: [mapchooser.amxx] Vote: Voting for the nextmap started
L 10/27/2017 - 03:29:13: [mapchooser.amxx] Vote: Voting for the nextmap finished. The nextmap will be de_chateau
L 10/27/2017 - 03:31:22: -------- Mapchange to de_chateau --------
L 10/27/2017 - 03:59:22: [mapchooser.amxx] Vote: Voting for the nextmap started
L 10/27/2017 - 03:59:37: [mapchooser.amxx] Vote: Voting for the nextmap finished. The nextmap will be de_aztec
L 10/27/2017 - 04:01:46: -------- Mapchange to de_aztec --------
L 10/27/2017 - 04:29:46: [mapchooser.amxx] Vote: Voting for the nextmap started
L 10/27/2017 - 04:30:01: [mapchooser.amxx] Vote: Voting for the nextmap finished. The nextmap will be as_oilrig
L 10/27/2017 - 04:32:10: -------- Mapchange to as_oilrig --------
L 10/27/2017 - 05:00:10: [mapchooser.amxx] Vote: Voting for the nextmap started
L 10/27/2017 - 05:00:25: [mapchooser.amxx] Vote: Voting for the nextmap finished. The nextmap will be cs_siege
L 10/27/2017 - 05:02:34: -------- Mapchange to cs_siege --------
L 10/27/2017 - 05:30:34: [mapchooser.amxx] Vote: Voting for the nextmap started
L 10/27/2017 - 05:30:49: [mapchooser.amxx] Vote: Voting for the nextmap finished. The nextmap will be de_cbble
L 10/27/2017 - 05:32:58: -------- Mapchange to de_cbble --------
L 10/27/2017 - 06:00:58: [mapchooser.amxx] Vote: Voting for the nextmap started
L 10/27/2017 - 06:01:13: [mapchooser.amxx] Vote: Voting for the nextmap finished. The nextmap will be de_dust
L 10/27/2017 - 06:03:22: -------- Mapchange to de_dust --------
L 10/27/2017 - 06:31:22: [mapchooser.amxx] Vote: Voting for the nextmap started
L 10/27/2017 - 06:31:37: [mapchooser.amxx] Vote: Voting for the nextmap finished. The nextmap will be cs_747
L 10/27/2017 - 06:33:46: -------- Mapchange to cs_747 --------
L 10/27/2017 - 07:01:46: [mapchooser.amxx] Vote: Voting for the nextmap started
L 10/27/2017 - 07:02:01: [mapchooser.amxx] Vote: Voting for the nextmap finished. The nextmap will be de_prodigy
L 10/27/2017 - 07:04:10: -------- Mapchange to de_prodigy --------
L 10/27/2017 - 07:32:10: [mapchooser.amxx] Vote: Voting for the nextmap started
L 10/27/2017 - 07:32:25: [mapchooser.amxx] Vote: Voting for the nextmap finished. The nextmap will be cs_assault
L 10/27/2017 - 07:34:34: -------- Mapchange to cs_assault --------
L 10/27/2017 - 08:02:34: [mapchooser.amxx] Vote: Voting for the nextmap started
L 10/27/2017 - 08:02:49: [mapchooser.amxx] Vote: Voting for the nextmap finished. The nextmap will be cs_office
L 10/27/2017 - 08:04:58: -------- Mapchange to cs_office --------
L 10/27/2017 - 08:32:58: [mapchooser.amxx] Vote: Voting for the nextmap started
L 10/27/2017 - 08:33:13: [mapchooser.amxx] Vote: Voting for the nextmap finished. The nextmap will be cs_italy
L 10/27/2017 - 08:35:23: -------- Mapchange to cs_italy --------
L 10/27/2017 - 09:03:22: [mapchooser.amxx] Vote: Voting for the nextmap started
L 10/27/2017 - 09:03:37: [mapchooser.amxx] Vote: Voting for the nextmap finished. The nextmap will be cs_backalley
L 10/27/2017 - 09:05:47: -------- Mapchange to cs_backalley --------
L 10/27/2017 - 09:33:47: [mapchooser.amxx] Vote: Voting for the nextmap started
L 10/27/2017 - 09:34:02: [mapchooser.amxx] Vote: Voting for the nextmap finished. The nextmap will be cs_militia
L 10/27/2017 - 09:36:11: -------- Mapchange to cs_militia --------
L 10/27/2017 - 10:04:11: [mapchooser.amxx] Vote: Voting for the nextmap started
L 10/27/2017 - 10:04:26: [mapchooser.amxx] Vote: Voting for the nextmap finished. The nextmap will be de_train
L 10/27/2017 - 10:06:35: -------- Mapchange to de_train --------
L 10/27/2017 - 10:34:35: [mapchooser.amxx] Vote: Voting for the nextmap started
L 10/27/2017 - 10:34:50: [mapchooser.amxx] Vote: Voting for the nextmap finished. The nextmap will be de_airstrip
L 10/27/2017 - 10:36:59: -------- Mapchange to de_airstrip --------
L 10/27/2017 - 11:04:59: [mapchooser.amxx] Vote: Voting for the nextmap started
L 10/27/2017 - 11:05:14: [mapchooser.amxx] Vote: Voting for the nextmap finished. The nextmap will be cs_havana
L 10/27/2017 - 11:07:23: -------- Mapchange to cs_havana --------
L 10/27/2017 - 11:35:23: [mapchooser.amxx] Vote: Voting for the nextmap started
L 10/27/2017 - 11:35:38: [mapchooser.amxx] Vote: Voting for the nextmap finished. The nextmap will be de_chateau
L 10/27/2017 - 11:37:47: -------- Mapchange to de_chateau --------
L 10/27/2017 - 12:05:47: [mapchooser.amxx] Vote: Voting for the nextmap started
L 10/27/2017 - 12:06:02: [mapchooser.amxx] Vote: Voting for the nextmap finished. The nextmap will be de_aztec
L 10/27/2017 - 12:08:11: -------- Mapchange to de_aztec --------
L 10/27/2017 - 12:36:11: [mapchooser.amxx] Vote: Voting for the nextmap started
L 10/27/2017 - 12:36:26: [mapchooser.amxx] Vote: Voting for the nextmap finished. The nextmap will be as_oilrig
L 10/27/2017 - 12:38:35: -------- Mapchange to as_oilrig --------
L 10/27/2017 - 13:06:35: [mapchooser.amxx] Vote: Voting for the nextmap started
L 10/27/2017 - 13:06:50: [mapchooser.amxx] Vote: Voting for the nextmap finished. The nextmap will be cs_siege
L 10/27/2017 - 13:09:00: -------- Mapchange to cs_siege --------
L 10/27/2017 - 13:36:59: [mapchooser.amxx] Vote: Voting for the nextmap started
L 10/27/2017 - 13:37:14: [mapchooser.amxx] Vote: Voting for the nextmap finished. The nextmap will be de_cbble
L 10/27/2017 - 13:39:24: -------- Mapchange to de_cbble --------
L 10/27/2017 - 14:07:23: [mapchooser.amxx] Vote: Voting for the nextmap started
L 10/27/2017 - 14:07:39: [mapchooser.amxx] Vote: Voting for the nextmap finished. The nextmap will be de_dust
L 10/27/2017 - 14:09:48: -------- Mapchange to de_dust --------
L 10/27/2017 - 14:37:48: [mapchooser.amxx] Vote: Voting for the nextmap started
L 10/27/2017 - 14:38:03: [mapchooser.amxx] Vote: Voting for the nextmap finished. The nextmap will be cs_747
L 10/27/2017 - 14:40:12: -------- Mapchange to cs_747 --------
L 10/27/2017 - 15:08:12: [mapchooser.amxx] Vote: Voting for the nextmap started
L 10/27/2017 - 15:08:27: [mapchooser.amxx] Vote: Voting for the nextmap finished. The nextmap will be de_prodigy
L 10/27/2017 - 15:10:36: -------- Mapchange to de_prodigy --------
L 10/27/2017 - 15:38:36: [mapchooser.amxx] Vote: Voting for the nextmap started
L 10/27/2017 - 15:38:51: [mapchooser.amxx] Vote: Voting for the nextmap finished. The nextmap will be cs_assault
L 10/27/2017 - 15:41:00: -------- Mapchange to cs_assault --------
L 10/27/2017 - 16:09:00: [mapchooser.amxx] Vote: Voting for the nextmap started
L 10/27/2017 - 16:09:15: [mapchooser.amxx] Vote: Voting for the nextmap finished. The nextmap will be cs_office
L 10/27/2017 - 16:11:24: -------- Mapchange to cs_office --------
L 10/27/2017 - 16:39:24: [mapchooser.amxx] Vote: Voting for the nextmap started
L 10/27/2017 - 16:39:39: [mapchooser.amxx] Vote: Voting for the nextmap finished. The nextmap will be cs_italy
L 10/27/2017 - 16:41:48: -------- Mapchange to cs_italy --------
L 10/27/2017 - 17:09:48: [mapchooser.amxx] Vote: Voting for the nextmap started
L 10/27/2017 - 17:10:03: [mapchooser.amxx] Vote: Voting for the nextmap finished. The nextmap will be cs_backalley
L 10/27/2017 - 17:12:12: -------- Mapchange to cs_backalley --------
L 10/27/2017 - 17:40:12: [mapchooser.amxx] Vote: Voting for the nextmap started
L 10/27/2017 - 17:40:27: [mapchooser.amxx] Vote: Voting for the nextmap finished. The nextmap will be cs_militia
L 10/27/2017 - 17:42:36: -------- Mapchange to cs_militia --------
L 10/27/2017 - 18:10:36: [mapchooser.amxx] Vote: Voting for the nextmap started
L 10/27/2017 - 18:10:51: [mapchooser.amxx] Vote: Voting for the nextmap finished. The nextmap will be de_train
L 10/27/2017 - 18:13:01: -------- Mapchange to de_train --------
L 10/27/2017 - 18:41:00: [mapchooser.amxx] Vote: Voting for the nextmap started
L 10/27/2017 - 18:41:15: [mapchooser.amxx] Vote: Voting for the nextmap finished. The nextmap will be de_airstrip
L 10/27/2017 - 18:43:25: -------- Mapchange to de_airstrip --------
L 10/27/2017 - 18:52:02: [admin.amxx] Login: "KerchNET<54><STEAM_0:0:57395618><>" became an admin (account "STEAM_0:0:57395618") (access "o") (address "94.19.82.22")
L 10/27/2017 - 18:52:06: [admin.amxx] Login: "KerchNET<55><STEAM_0:0:57395618><>" became an admin (account "STEAM_0:0:57395618") (access "o") (address "94.19.82.22")
L 10/27/2017 - 19:11:25: [mapchooser.amxx] Vote: Voting for the nextmap started
L 10/27/2017 - 19:11:40: [mapchooser.amxx] Vote: Voting for the nextmap finished. The nextmap will be cs_havana
L 10/27/2017 - 19:13:01: [admin.amxx] Login: "KerchNET<56><STEAM_0:0:57395618><>" became an admin (account "STEAM_0:0:57395618") (access "o") (address "94.19.82.22")
L 10/27/2017 - 19:13:49: -------- Mapchange to cs_havana --------
L 10/27/2017 - 19:13:50: [admin.amxx] Login: "KerchNET<56><STEAM_0:0:57395618><>" became an admin (account "STEAM_0:0:57395618") (access "o") (address "94.19.82.22")
L 10/27/2017 - 19:41:49: [mapchooser.amxx] Vote: Voting for the nextmap started
L 10/27/2017 - 19:42:04: [mapchooser.amxx] Vote: Voting for the nextmap finished. The nextmap will be de_chateau
L 10/27/2017 - 19:44:13: -------- Mapchange to de_chateau --------
L 10/27/2017 - 20:12:13: [mapchooser.amxx] Vote: Voting for the nextmap started
L 10/27/2017 - 20:12:28: [mapchooser.amxx] Vote: Voting for the nextmap finished. The nextmap will be de_aztec
L 10/27/2017 - 20:14:37: -------- Mapchange to de_aztec --------
L 10/27/2017 - 20:42:37: [mapchooser.amxx] Vote: Voting for the nextmap started
L 10/27/2017 - 20:42:52: [mapchooser.amxx] Vote: Voting for the nextmap finished. The nextmap will be as_oilrig
L 10/27/2017 - 20:45:01: -------- Mapchange to as_oilrig --------
L 10/27/2017 - 21:13:01: [mapchooser.amxx] Vote: Voting for the nextmap started
L 10/27/2017 - 21:13:16: [mapchooser.amxx] Vote: Voting for the nextmap finished. The nextmap will be cs_siege
L 10/27/2017 - 21:15:25: -------- Mapchange to cs_siege --------
L 10/27/2017 - 21:43:25: [mapchooser.amxx] Vote: Voting for the nextmap started
L 10/27/2017 - 21:43:40: [mapchooser.amxx] Vote: Voting for the nextmap finished. The nextmap will be de_cbble
L 10/27/2017 - 21:45:49: -------- Mapchange to de_cbble --------
L 10/27/2017 - 22:18:30: [admin.amxx] Login: "KerchNET<62><STEAM_0:0:57395618><>" became an admin (account "STEAM_0:0:57395618") (access "o") (address "94.19.82.22")
L 10/27/2017 - 22:26:38: [admin.amxx] Login: "DeWolt<68><STEAM_0:0:19404857><>" became an admin (account "STEAM_0:0:19404857") (access "abcdefghijklmnpqrstuvw") (address "212.104.90.17")
L 10/27/2017 - 22:27:29: [mapsmenu.amxx] Cmd: "DeWolt<68><STEAM_0:0:19404857><>" changelevel "de_dust2"
L 10/27/2017 - 22:27:31: -------- Mapchange to de_dust2 --------
L 10/27/2017 - 22:27:32: [admin.amxx] Login: "KerchNET<62><STEAM_0:0:57395618><>" became an admin (account "STEAM_0:0:57395618") (access "o") (address "94.19.82.22")
L 10/27/2017 - 22:27:32: [admin.amxx] Login: "DeWolt<68><STEAM_0:0:19404857><>" became an admin (account "STEAM_0:0:19404857") (access "abcdefghijklmnpqrstuvw") (address "212.104.90.17")
L 10/27/2017 - 22:27:34: [admin.amxx] Login: "KerchNET<71><STEAM_0:0:57395618><>" became an admin (account "STEAM_0:0:57395618") (access "o") (address "94.19.82.22")
L 10/27/2017 - 22:27:34: [admin.amxx] Login: "DeWolt<72><STEAM_0:0:19404857><>" became an admin (account "STEAM_0:0:19404857") (access "abcdefghijklmnpqrstuvw") (address "212.104.90.17")
L 10/27/2017 - 22:47:58: [mapsmenu.amxx] Cmd: "DeWolt<72><STEAM_0:0:19404857><>" changelevel "de_dust2"
L 10/27/2017 - 22:48:00: -------- Mapchange to de_dust2 --------
L 10/27/2017 - 22:48:01: [admin.amxx] Login: "KerchNET<71><STEAM_0:0:57395618><>" became an admin (account "STEAM_0:0:57395618") (access "o") (address "94.19.82.22")
L 10/27/2017 - 22:48:01: [admin.amxx] Login: "DeWolt<72><STEAM_0:0:19404857><>" became an admin (account "STEAM_0:0:19404857") (access "abcdefghijklmnpqrstuvw") (address "212.104.90.17")
L 10/27/2017 - 22:48:23: [admin.amxx] Login: "DeWolt<74><STEAM_0:0:19404857><>" became an admin (account "STEAM_0:0:19404857") (access "abcdefghijklmnpqrstuvw") (address "212.104.90.17")
L 10/27/2017 - 22:48:24: [admin.amxx] Login: "KerchNET<75><STEAM_0:0:57395618><>" became an admin (account "STEAM_0:0:57395618") (access "o") (address "94.19.82.22")
L 10/27/2017 - 22:48:24: [admin.amxx] Login: "DeWolt<76><STEAM_0:0:19404857><>" became an admin (account "STEAM_0:0:19404857") (access "abcdefghijklmnpqrstuvw") (address "212.104.90.17")
L 10/27/2017 - 22:48:48: [admin.amxx] Login: "KerchNET<77><STEAM_0:0:57395618><>" became an admin (account "STEAM_0:0:57395618") (access "o") (address "94.19.82.22")
L 10/27/2017 - 22:49:02: [admin.amxx] Login: "KerchNET<78><STEAM_0:0:57395618><>" became an admin (account "STEAM_0:0:57395618") (access "o") (address "94.19.82.22")
L 10/27/2017 - 22:49:14: [admin.amxx] Login: "KerchNET<79><STEAM_0:0:57395618><>" became an admin (account "STEAM_0:0:57395618") (access "o") (address "94.19.82.22")
L 10/27/2017 - 22:49:24: [admin.amxx] Login: "KerchNET<80><STEAM_0:0:57395618><>" became an admin (account "STEAM_0:0:57395618") (access "o") (address "94.19.82.22")
L 10/27/2017 - 22:49:40: [admin.amxx] Login: "KerchNET<81><STEAM_0:0:57395618><>" became an admin (account "STEAM_0:0:57395618") (access "o") (address "94.19.82.22")
L 10/27/2017 - 22:49:50: [admin.amxx] Login: "KerchNET<82><STEAM_0:0:57395618><>" became an admin (account "STEAM_0:0:57395618") (access "o") (address "94.19.82.22")
L 10/27/2017 - 22:50:07: [admin.amxx] Login: "KerchNET<83><STEAM_0:0:57395618><>" became an admin (account "STEAM_0:0:57395618") (access "o") (address "94.19.82.22")
L 10/27/2017 - 22:50:38: [admin.amxx] Login: "KerchNET<84><STEAM_0:0:57395618><>" became an admin (account "STEAM_0:0:57395618") (access "o") (address "94.19.82.22")
L 10/27/2017 - 22:50:59: [admin.amxx] Login: "KerchNET<85><STEAM_0:0:57395618><>" became an admin (account "STEAM_0:0:57395618") (access "o") (address "94.19.82.22")
L 10/27/2017 - 22:51:01: [admin.amxx] Login: "KerchNET<86><STEAM_0:0:57395618><>" became an admin (account "STEAM_0:0:57395618") (access "o") (address "94.19.82.22")
L 10/27/2017 - 23:09:16: [admin.amxx] Login: "KerchNET<89><STEAM_0:0:57395618><>" became an admin (account "STEAM_0:0:57395618") (access "o") (address "94.19.82.22")
L 10/27/2017 - 23:21:33: [admin.amxx] Login: "KerchNET<90><STEAM_0:0:57395618><>" became an admin (account "STEAM_0:0:57395618") (access "o") (address "94.19.82.22")
L 10/27/2017 - 23:49:45: [mapchooser.amxx] Vote: Voting for the nextmap started
L 10/27/2017 - 23:50:00: [mapchooser.amxx] Vote: Voting for the nextmap finished. The nextmap will be de_prodigy
L 10/27/2017 - 23:51:53: -------- Mapchange to de_prodigy --------
