L 11/04/2017 - 00:38:18: -------- Mapchange to 4_houses --------
L 11/04/2017 - 01:16:18: [mapchooser.amxx] Vote: Voting for the nextmap started
L 11/04/2017 - 01:16:33: [mapchooser.amxx] Vote: Voting for the nextmap finished. The nextmap will be aim_headshot
L 11/04/2017 - 03:52:15: -------- Mapchange to aim_headshot --------
L 11/04/2017 - 04:30:15: [mapchooser.amxx] Vote: Voting for the nextmap started
L 11/04/2017 - 04:30:30: [mapchooser.amxx] Vote: Voting for the nextmap finished. The nextmap will be awp_city2
L 11/04/2017 - 07:06:15: -------- Mapchange to awp_city2 --------
L 11/04/2017 - 07:44:15: [mapchooser.amxx] Vote: Voting for the nextmap started
L 11/04/2017 - 07:44:30: [mapchooser.amxx] Vote: Voting for the nextmap finished. The nextmap will be cs_office2
L 11/04/2017 - 10:20:15: -------- Mapchange to cs_office2 --------
L 11/04/2017 - 10:58:15: [mapchooser.amxx] Vote: Voting for the nextmap started
L 11/04/2017 - 10:58:30: [mapchooser.amxx] Vote: Voting for the nextmap finished. The nextmap will be cs_pf_dust
L 11/04/2017 - 13:34:15: -------- Mapchange to cs_pf_dust --------
L 11/04/2017 - 13:59:17: [admin.amxx] Login: "G18*_______UNREAL<176><STEAM_0:0:57395618><>" became an admin (account "STEAM_0:0:57395618") (access "o") (address "94.19.82.22")
L 11/04/2017 - 13:59:21: [admin.amxx] Login: "G18*_______UNREAL<177><STEAM_0:0:57395618><>" became an admin (account "STEAM_0:0:57395618") (access "o") (address "94.19.82.22")
L 11/04/2017 - 14:12:15: [mapchooser.amxx] Vote: Voting for the nextmap started
L 11/04/2017 - 14:12:30: [mapchooser.amxx] Vote: Voting for the nextmap finished. The nextmap will be de_cpl_mill
L 11/04/2017 - 16:48:15: -------- Mapchange to de_cpl_mill --------
L 11/04/2017 - 17:26:15: [mapchooser.amxx] Vote: Voting for the nextmap started
L 11/04/2017 - 17:26:30: [mapchooser.amxx] Vote: Voting for the nextmap finished. The nextmap will be de_dust2_2x2
L 11/04/2017 - 20:02:15: -------- Mapchange to de_dust2_2x2 --------
L 11/04/2017 - 20:40:15: [mapchooser.amxx] Vote: Voting for the nextmap started
L 11/04/2017 - 20:40:30: [mapchooser.amxx] Vote: Voting for the nextmap finished. The nextmap will be de_dust2002
L 11/04/2017 - 22:21:30: [mapchooser.amxx] Vote: Voting for the nextmap started
L 11/04/2017 - 22:21:45: [mapchooser.amxx] Vote: Voting for the nextmap finished. The nextmap will be de_dust2002
L 11/04/2017 - 22:23:48: -------- Mapchange to de_dust2002 --------
L 11/04/2017 - 23:01:48: [mapchooser.amxx] Vote: Voting for the nextmap started
L 11/04/2017 - 23:02:03: [mapchooser.amxx] Vote: Voting for the nextmap finished. The nextmap will be de_dustall
