L 10/28/2017 - 00:19:53: [mapchooser.amxx] Vote: Voting for the nextmap started
L 10/28/2017 - 00:20:08: [mapchooser.amxx] Vote: Voting for the nextmap finished. The nextmap will be cs_assault
L 10/28/2017 - 00:34:09: [admin.amxx] Login: "KerchNET<91><STEAM_0:0:57395618><>" became an admin (account "STEAM_0:0:57395618") (access "o") (address "94.19.82.22")
L 10/28/2017 - 00:34:31: [admin.amxx] Login: "KerchNET<92><STEAM_0:0:57395618><>" became an admin (account "STEAM_0:0:57395618") (access "o") (address "94.19.82.22")
L 10/28/2017 - 00:55:46: -------- Mapchange to cs_assault --------
L 10/28/2017 - 00:55:47: [admin.amxx] Login: "KerchNET<92><STEAM_0:0:57395618><>" became an admin (account "STEAM_0:0:57395618") (access "o") (address "94.19.82.22")
L 10/28/2017 - 01:23:46: [mapchooser.amxx] Vote: Voting for the nextmap started
L 10/28/2017 - 01:24:01: [mapchooser.amxx] Vote: Voting for the nextmap finished. The nextmap will be cs_office
L 10/28/2017 - 01:59:39: -------- Mapchange to cs_office --------
L 10/28/2017 - 02:27:39: [mapchooser.amxx] Vote: Voting for the nextmap started
L 10/28/2017 - 02:27:54: [mapchooser.amxx] Vote: Voting for the nextmap finished. The nextmap will be cs_italy
L 10/28/2017 - 03:03:30: -------- Mapchange to cs_italy --------
L 10/28/2017 - 03:31:29: [mapchooser.amxx] Vote: Voting for the nextmap started
L 10/28/2017 - 03:31:44: [mapchooser.amxx] Vote: Voting for the nextmap finished. The nextmap will be cs_backalley
L 10/28/2017 - 04:07:23: -------- Mapchange to cs_backalley --------
L 10/28/2017 - 04:35:22: [mapchooser.amxx] Vote: Voting for the nextmap started
L 10/28/2017 - 04:35:37: [mapchooser.amxx] Vote: Voting for the nextmap finished. The nextmap will be cs_militia
L 10/28/2017 - 05:11:16: -------- Mapchange to cs_militia --------
L 10/28/2017 - 05:39:15: [mapchooser.amxx] Vote: Voting for the nextmap started
L 10/28/2017 - 05:39:30: [mapchooser.amxx] Vote: Voting for the nextmap finished. The nextmap will be de_train
L 10/28/2017 - 06:15:08: -------- Mapchange to de_train --------
L 10/28/2017 - 06:43:08: [mapchooser.amxx] Vote: Voting for the nextmap started
L 10/28/2017 - 06:43:23: [mapchooser.amxx] Vote: Voting for the nextmap finished. The nextmap will be de_airstrip
L 10/28/2017 - 07:19:01: -------- Mapchange to de_airstrip --------
L 10/28/2017 - 07:47:01: [mapchooser.amxx] Vote: Voting for the nextmap started
L 10/28/2017 - 07:47:16: [mapchooser.amxx] Vote: Voting for the nextmap finished. The nextmap will be cs_havana
L 10/28/2017 - 08:22:55: -------- Mapchange to cs_havana --------
L 10/28/2017 - 08:50:54: [mapchooser.amxx] Vote: Voting for the nextmap started
L 10/28/2017 - 08:51:10: [mapchooser.amxx] Vote: Voting for the nextmap finished. The nextmap will be de_chateau
L 10/28/2017 - 09:26:48: -------- Mapchange to de_chateau --------
L 10/28/2017 - 09:54:48: [mapchooser.amxx] Vote: Voting for the nextmap started
L 10/28/2017 - 09:55:03: [mapchooser.amxx] Vote: Voting for the nextmap finished. The nextmap will be de_aztec
L 10/28/2017 - 10:30:41: -------- Mapchange to de_aztec --------
L 10/28/2017 - 10:58:40: [mapchooser.amxx] Vote: Voting for the nextmap started
L 10/28/2017 - 10:58:56: [mapchooser.amxx] Vote: Voting for the nextmap finished. The nextmap will be as_oilrig
L 10/28/2017 - 11:34:34: -------- Mapchange to as_oilrig --------
L 10/28/2017 - 12:02:33: [mapchooser.amxx] Vote: Voting for the nextmap started
L 10/28/2017 - 12:02:48: [mapchooser.amxx] Vote: Voting for the nextmap finished. The nextmap will be cs_siege
L 10/28/2017 - 12:38:27: -------- Mapchange to cs_siege --------
L 10/28/2017 - 13:06:26: [mapchooser.amxx] Vote: Voting for the nextmap started
L 10/28/2017 - 13:06:41: [mapchooser.amxx] Vote: Voting for the nextmap finished. The nextmap will be de_cbble
L 10/28/2017 - 13:42:20: -------- Mapchange to de_cbble --------
L 10/28/2017 - 14:10:19: [mapchooser.amxx] Vote: Voting for the nextmap started
L 10/28/2017 - 14:10:34: [mapchooser.amxx] Vote: Voting for the nextmap finished. The nextmap will be de_dust
L 10/28/2017 - 14:46:13: -------- Mapchange to de_dust --------
L 10/28/2017 - 15:14:12: [mapchooser.amxx] Vote: Voting for the nextmap started
L 10/28/2017 - 15:14:27: [mapchooser.amxx] Vote: Voting for the nextmap finished. The nextmap will be cs_747
L 10/28/2017 - 15:50:05: -------- Mapchange to cs_747 --------
L 10/28/2017 - 16:18:05: [mapchooser.amxx] Vote: Voting for the nextmap started
L 10/28/2017 - 16:18:20: [mapchooser.amxx] Vote: Voting for the nextmap finished. The nextmap will be de_prodigy
L 10/28/2017 - 16:53:59: -------- Mapchange to de_prodigy --------
L 10/28/2017 - 17:21:58: [mapchooser.amxx] Vote: Voting for the nextmap started
L 10/28/2017 - 17:22:14: [mapchooser.amxx] Vote: Voting for the nextmap finished. The nextmap will be cs_assault
L 10/28/2017 - 17:57:52: -------- Mapchange to cs_assault --------
L 10/28/2017 - 18:25:51: [mapchooser.amxx] Vote: Voting for the nextmap started
L 10/28/2017 - 18:26:06: [mapchooser.amxx] Vote: Voting for the nextmap finished. The nextmap will be cs_office
L 10/28/2017 - 18:40:57: -------- Mapchange to de_dust2 --------
L 10/28/2017 - 18:58:58: [mapchooser.amxx] Vote: Voting for the nextmap started
L 10/28/2017 - 18:59:13: [mapchooser.amxx] Vote: Voting for the nextmap finished. The nextmap will be de_airstrip
L 10/28/2017 - 19:01:07: -------- Mapchange to de_airstrip --------
L 10/28/2017 - 19:19:07: [mapchooser.amxx] Vote: Voting for the nextmap started
L 10/28/2017 - 19:19:22: [mapchooser.amxx] Vote: Voting for the nextmap finished. The nextmap will be cs_havana
L 10/28/2017 - 19:21:16: -------- Mapchange to cs_havana --------
L 10/28/2017 - 19:39:16: [mapchooser.amxx] Vote: Voting for the nextmap started
L 10/28/2017 - 19:39:31: [mapchooser.amxx] Vote: Voting for the nextmap finished. The nextmap will be de_chateau
L 10/28/2017 - 19:41:25: -------- Mapchange to de_chateau --------
L 10/28/2017 - 19:59:25: [mapchooser.amxx] Vote: Voting for the nextmap started
L 10/28/2017 - 19:59:40: [mapchooser.amxx] Vote: Voting for the nextmap finished. The nextmap will be de_aztec
L 10/28/2017 - 20:01:34: -------- Mapchange to de_aztec --------
L 10/28/2017 - 20:19:33: [mapchooser.amxx] Vote: Voting for the nextmap started
L 10/28/2017 - 20:19:49: [mapchooser.amxx] Vote: Voting for the nextmap finished. The nextmap will be as_oilrig
L 10/28/2017 - 20:21:43: -------- Mapchange to as_oilrig --------
L 10/28/2017 - 20:39:42: [mapchooser.amxx] Vote: Voting for the nextmap started
L 10/28/2017 - 20:39:57: [mapchooser.amxx] Vote: Voting for the nextmap finished. The nextmap will be cs_siege
L 10/28/2017 - 20:41:51: -------- Mapchange to cs_siege --------
L 10/28/2017 - 20:59:51: [mapchooser.amxx] Vote: Voting for the nextmap started
L 10/28/2017 - 21:00:06: [mapchooser.amxx] Vote: Voting for the nextmap finished. The nextmap will be de_cbble
L 10/28/2017 - 21:02:00: -------- Mapchange to de_cbble --------
L 10/28/2017 - 21:20:00: [mapchooser.amxx] Vote: Voting for the nextmap started
L 10/28/2017 - 21:20:15: [mapchooser.amxx] Vote: Voting for the nextmap finished. The nextmap will be de_dust
L 10/28/2017 - 21:22:09: -------- Mapchange to de_dust --------
L 10/28/2017 - 21:40:09: [mapchooser.amxx] Vote: Voting for the nextmap started
L 10/28/2017 - 21:40:24: [mapchooser.amxx] Vote: Voting for the nextmap finished. The nextmap will be cs_747
L 10/28/2017 - 21:42:18: -------- Mapchange to cs_747 --------
L 10/28/2017 - 21:51:03: -------- Mapchange to de_dust2 --------
L 10/28/2017 - 22:09:03: [mapchooser.amxx] Vote: Voting for the nextmap started
L 10/28/2017 - 22:09:18: [mapchooser.amxx] Vote: Voting for the nextmap finished. The nextmap will be cs_italy
L 10/28/2017 - 22:11:12: -------- Mapchange to cs_italy --------
L 10/28/2017 - 22:14:01: -------- Mapchange to de_dust2 --------
