L 10/05/2017 - 00:11:33: -------- Mapchange to de_dust2 --------
L 10/05/2017 - 00:21:04: -------- Mapchange to de_dust2 --------
L 10/05/2017 - 00:28:44: -------- Mapchange to de_dust2 --------
L 10/05/2017 - 00:56:44: [mapchooser.amxx] Vote: Voting for the nextmap started
L 10/05/2017 - 00:56:59: [mapchooser.amxx] Vote: Voting for the nextmap finished. The nextmap will be de_airstrip
L 10/05/2017 - 00:58:54: -------- Mapchange to de_airstrip --------
L 10/05/2017 - 01:26:53: [mapchooser.amxx] Vote: Voting for the nextmap started
L 10/05/2017 - 01:27:08: [mapchooser.amxx] Vote: Voting for the nextmap finished. The nextmap will be cs_havana
L 10/05/2017 - 01:29:03: -------- Mapchange to cs_havana --------
L 10/05/2017 - 01:57:02: [mapchooser.amxx] Vote: Voting for the nextmap started
L 10/05/2017 - 01:57:17: [mapchooser.amxx] Vote: Voting for the nextmap finished. The nextmap will be de_chateau
L 10/05/2017 - 01:59:11: -------- Mapchange to de_chateau --------
L 10/05/2017 - 02:27:11: [mapchooser.amxx] Vote: Voting for the nextmap started
L 10/05/2017 - 02:27:26: [mapchooser.amxx] Vote: Voting for the nextmap finished. The nextmap will be de_aztec
L 10/05/2017 - 02:29:20: -------- Mapchange to de_aztec --------
L 10/05/2017 - 02:57:20: [mapchooser.amxx] Vote: Voting for the nextmap started
L 10/05/2017 - 02:57:35: [mapchooser.amxx] Vote: Voting for the nextmap finished. The nextmap will be as_oilrig
L 10/05/2017 - 02:59:29: -------- Mapchange to as_oilrig --------
L 10/05/2017 - 03:27:26: [mapchooser.amxx] Vote: Voting for the nextmap started
L 10/05/2017 - 03:27:41: [mapchooser.amxx] Vote: Voting for the nextmap finished. The nextmap will be cs_siege
L 10/05/2017 - 03:29:35: -------- Mapchange to cs_siege --------
L 10/05/2017 - 03:57:35: [mapchooser.amxx] Vote: Voting for the nextmap started
L 10/05/2017 - 03:57:50: [mapchooser.amxx] Vote: Voting for the nextmap finished. The nextmap will be de_cbble
L 10/05/2017 - 03:59:44: -------- Mapchange to de_cbble --------
L 10/05/2017 - 04:27:44: [mapchooser.amxx] Vote: Voting for the nextmap started
L 10/05/2017 - 04:27:59: [mapchooser.amxx] Vote: Voting for the nextmap finished. The nextmap will be de_dust
L 10/05/2017 - 04:29:53: -------- Mapchange to de_dust --------
L 10/05/2017 - 04:57:53: [mapchooser.amxx] Vote: Voting for the nextmap started
L 10/05/2017 - 04:58:08: [mapchooser.amxx] Vote: Voting for the nextmap finished. The nextmap will be cs_747
L 10/05/2017 - 05:00:02: -------- Mapchange to cs_747 --------
L 10/05/2017 - 05:28:01: [mapchooser.amxx] Vote: Voting for the nextmap started
L 10/05/2017 - 05:28:17: [mapchooser.amxx] Vote: Voting for the nextmap finished. The nextmap will be de_prodigy
L 10/05/2017 - 05:30:11: -------- Mapchange to de_prodigy --------
L 10/05/2017 - 05:58:10: [mapchooser.amxx] Vote: Voting for the nextmap started
L 10/05/2017 - 05:58:25: [mapchooser.amxx] Vote: Voting for the nextmap finished. The nextmap will be cs_assault
L 10/05/2017 - 06:00:19: -------- Mapchange to cs_assault --------
L 10/05/2017 - 06:28:19: [mapchooser.amxx] Vote: Voting for the nextmap started
L 10/05/2017 - 06:28:34: [mapchooser.amxx] Vote: Voting for the nextmap finished. The nextmap will be cs_office
L 10/05/2017 - 06:30:28: -------- Mapchange to cs_office --------
L 10/05/2017 - 06:58:28: [mapchooser.amxx] Vote: Voting for the nextmap started
L 10/05/2017 - 06:58:43: [mapchooser.amxx] Vote: Voting for the nextmap finished. The nextmap will be cs_italy
L 10/05/2017 - 07:00:37: -------- Mapchange to cs_italy --------
L 10/05/2017 - 07:28:37: [mapchooser.amxx] Vote: Voting for the nextmap started
L 10/05/2017 - 07:28:52: [mapchooser.amxx] Vote: Voting for the nextmap finished. The nextmap will be cs_backalley
L 10/05/2017 - 07:30:46: -------- Mapchange to cs_backalley --------
L 10/05/2017 - 07:58:46: [mapchooser.amxx] Vote: Voting for the nextmap started
L 10/05/2017 - 07:59:01: [mapchooser.amxx] Vote: Voting for the nextmap finished. The nextmap will be cs_militia
L 10/05/2017 - 08:00:55: -------- Mapchange to cs_militia --------
L 10/05/2017 - 08:28:55: [mapchooser.amxx] Vote: Voting for the nextmap started
L 10/05/2017 - 08:29:10: [mapchooser.amxx] Vote: Voting for the nextmap finished. The nextmap will be de_train
L 10/05/2017 - 08:31:04: -------- Mapchange to de_train --------
L 10/05/2017 - 08:59:03: [mapchooser.amxx] Vote: Voting for the nextmap started
L 10/05/2017 - 08:59:18: [mapchooser.amxx] Vote: Voting for the nextmap finished. The nextmap will be de_airstrip
L 10/05/2017 - 09:01:13: -------- Mapchange to de_airstrip --------
L 10/05/2017 - 09:29:12: [mapchooser.amxx] Vote: Voting for the nextmap started
L 10/05/2017 - 09:29:27: [mapchooser.amxx] Vote: Voting for the nextmap finished. The nextmap will be cs_havana
L 10/05/2017 - 09:31:21: -------- Mapchange to cs_havana --------
L 10/05/2017 - 09:59:21: [mapchooser.amxx] Vote: Voting for the nextmap started
L 10/05/2017 - 09:59:36: [mapchooser.amxx] Vote: Voting for the nextmap finished. The nextmap will be de_chateau
L 10/05/2017 - 10:01:30: -------- Mapchange to de_chateau --------
L 10/05/2017 - 10:29:30: [mapchooser.amxx] Vote: Voting for the nextmap started
L 10/05/2017 - 10:29:45: [mapchooser.amxx] Vote: Voting for the nextmap finished. The nextmap will be de_aztec
L 10/05/2017 - 10:31:39: -------- Mapchange to de_aztec --------
L 10/05/2017 - 10:59:39: [mapchooser.amxx] Vote: Voting for the nextmap started
L 10/05/2017 - 10:59:54: [mapchooser.amxx] Vote: Voting for the nextmap finished. The nextmap will be as_oilrig
L 10/05/2017 - 11:01:48: -------- Mapchange to as_oilrig --------
L 10/05/2017 - 11:29:48: [mapchooser.amxx] Vote: Voting for the nextmap started
L 10/05/2017 - 11:30:03: [mapchooser.amxx] Vote: Voting for the nextmap finished. The nextmap will be cs_siege
L 10/05/2017 - 11:31:57: -------- Mapchange to cs_siege --------
L 10/05/2017 - 11:59:57: [mapchooser.amxx] Vote: Voting for the nextmap started
L 10/05/2017 - 12:00:12: [mapchooser.amxx] Vote: Voting for the nextmap finished. The nextmap will be de_cbble
L 10/05/2017 - 12:02:06: -------- Mapchange to de_cbble --------
L 10/05/2017 - 12:30:06: [mapchooser.amxx] Vote: Voting for the nextmap started
L 10/05/2017 - 12:30:21: [mapchooser.amxx] Vote: Voting for the nextmap finished. The nextmap will be de_dust
L 10/05/2017 - 12:32:15: -------- Mapchange to de_dust --------
L 10/05/2017 - 13:00:14: [mapchooser.amxx] Vote: Voting for the nextmap started
L 10/05/2017 - 13:00:29: [mapchooser.amxx] Vote: Voting for the nextmap finished. The nextmap will be cs_747
L 10/05/2017 - 13:02:23: -------- Mapchange to cs_747 --------
L 10/05/2017 - 13:30:23: [mapchooser.amxx] Vote: Voting for the nextmap started
L 10/05/2017 - 13:30:38: [mapchooser.amxx] Vote: Voting for the nextmap finished. The nextmap will be de_prodigy
L 10/05/2017 - 13:32:32: -------- Mapchange to de_prodigy --------
L 10/05/2017 - 14:00:32: [mapchooser.amxx] Vote: Voting for the nextmap started
L 10/05/2017 - 14:00:47: [mapchooser.amxx] Vote: Voting for the nextmap finished. The nextmap will be cs_assault
L 10/05/2017 - 14:02:41: -------- Mapchange to cs_assault --------
L 10/05/2017 - 14:30:41: [mapchooser.amxx] Vote: Voting for the nextmap started
L 10/05/2017 - 14:30:56: [mapchooser.amxx] Vote: Voting for the nextmap finished. The nextmap will be cs_office
L 10/05/2017 - 14:32:50: -------- Mapchange to cs_office --------
L 10/05/2017 - 15:00:50: [mapchooser.amxx] Vote: Voting for the nextmap started
L 10/05/2017 - 15:01:05: [mapchooser.amxx] Vote: Voting for the nextmap finished. The nextmap will be cs_italy
L 10/05/2017 - 15:02:59: -------- Mapchange to cs_italy --------
L 10/05/2017 - 15:30:59: [mapchooser.amxx] Vote: Voting for the nextmap started
L 10/05/2017 - 15:31:14: [mapchooser.amxx] Vote: Voting for the nextmap finished. The nextmap will be cs_backalley
L 10/05/2017 - 15:33:08: -------- Mapchange to cs_backalley --------
L 10/05/2017 - 16:01:08: [mapchooser.amxx] Vote: Voting for the nextmap started
L 10/05/2017 - 16:01:23: [mapchooser.amxx] Vote: Voting for the nextmap finished. The nextmap will be cs_militia
L 10/05/2017 - 16:03:17: -------- Mapchange to cs_militia --------
L 10/05/2017 - 16:31:17: [mapchooser.amxx] Vote: Voting for the nextmap started
L 10/05/2017 - 16:31:32: [mapchooser.amxx] Vote: Voting for the nextmap finished. The nextmap will be de_train
L 10/05/2017 - 16:33:26: -------- Mapchange to de_train --------
L 10/05/2017 - 17:01:25: [mapchooser.amxx] Vote: Voting for the nextmap started
L 10/05/2017 - 17:01:41: [mapchooser.amxx] Vote: Voting for the nextmap finished. The nextmap will be de_airstrip
L 10/05/2017 - 17:03:35: -------- Mapchange to de_airstrip --------
L 10/05/2017 - 17:31:34: [mapchooser.amxx] Vote: Voting for the nextmap started
L 10/05/2017 - 17:31:49: [mapchooser.amxx] Vote: Voting for the nextmap finished. The nextmap will be cs_havana
L 10/05/2017 - 17:33:44: -------- Mapchange to cs_havana --------
L 10/05/2017 - 18:01:43: [mapchooser.amxx] Vote: Voting for the nextmap started
L 10/05/2017 - 18:01:58: [mapchooser.amxx] Vote: Voting for the nextmap finished. The nextmap will be de_chateau
L 10/05/2017 - 18:03:53: -------- Mapchange to de_chateau --------
L 10/05/2017 - 18:31:52: [mapchooser.amxx] Vote: Voting for the nextmap started
L 10/05/2017 - 18:32:07: [mapchooser.amxx] Vote: Voting for the nextmap finished. The nextmap will be de_aztec
L 10/05/2017 - 18:34:01: -------- Mapchange to de_aztec --------
L 10/05/2017 - 19:02:01: [mapchooser.amxx] Vote: Voting for the nextmap started
L 10/05/2017 - 19:02:16: [mapchooser.amxx] Vote: Voting for the nextmap finished. The nextmap will be as_oilrig
L 10/05/2017 - 19:04:10: -------- Mapchange to as_oilrig --------
L 10/05/2017 - 19:32:10: [mapchooser.amxx] Vote: Voting for the nextmap started
L 10/05/2017 - 19:32:25: [mapchooser.amxx] Vote: Voting for the nextmap finished. The nextmap will be cs_siege
L 10/05/2017 - 19:34:19: -------- Mapchange to cs_siege --------
L 10/05/2017 - 20:02:19: [mapchooser.amxx] Vote: Voting for the nextmap started
L 10/05/2017 - 20:02:34: [mapchooser.amxx] Vote: Voting for the nextmap finished. The nextmap will be de_cbble
L 10/05/2017 - 20:04:28: -------- Mapchange to de_cbble --------
L 10/05/2017 - 20:32:28: [mapchooser.amxx] Vote: Voting for the nextmap started
L 10/05/2017 - 20:32:43: [mapchooser.amxx] Vote: Voting for the nextmap finished. The nextmap will be de_dust
L 10/05/2017 - 20:34:37: -------- Mapchange to de_dust --------
L 10/05/2017 - 21:02:37: [mapchooser.amxx] Vote: Voting for the nextmap started
L 10/05/2017 - 21:02:52: [mapchooser.amxx] Vote: Voting for the nextmap finished. The nextmap will be cs_747
L 10/05/2017 - 21:04:46: -------- Mapchange to cs_747 --------
L 10/05/2017 - 21:32:46: [mapchooser.amxx] Vote: Voting for the nextmap started
L 10/05/2017 - 21:33:01: [mapchooser.amxx] Vote: Voting for the nextmap finished. The nextmap will be de_prodigy
L 10/05/2017 - 21:34:55: -------- Mapchange to de_prodigy --------
L 10/05/2017 - 22:02:55: [mapchooser.amxx] Vote: Voting for the nextmap started
L 10/05/2017 - 22:03:10: [mapchooser.amxx] Vote: Voting for the nextmap finished. The nextmap will be cs_assault
L 10/05/2017 - 22:05:04: -------- Mapchange to cs_assault --------
L 10/05/2017 - 22:33:03: [mapchooser.amxx] Vote: Voting for the nextmap started
L 10/05/2017 - 22:33:18: [mapchooser.amxx] Vote: Voting for the nextmap finished. The nextmap will be cs_office
L 10/05/2017 - 22:35:12: -------- Mapchange to cs_office --------
L 10/05/2017 - 23:03:12: [mapchooser.amxx] Vote: Voting for the nextmap started
L 10/05/2017 - 23:03:27: [mapchooser.amxx] Vote: Voting for the nextmap finished. The nextmap will be cs_italy
L 10/05/2017 - 23:05:21: -------- Mapchange to cs_italy --------
L 10/05/2017 - 23:33:21: [mapchooser.amxx] Vote: Voting for the nextmap started
L 10/05/2017 - 23:33:36: [mapchooser.amxx] Vote: Voting for the nextmap finished. The nextmap will be cs_backalley
L 10/05/2017 - 23:35:30: -------- Mapchange to cs_backalley --------
