L 10/24/2017 - 00:03:51: [mapchooser.amxx] Vote: Voting for the nextmap started
L 10/24/2017 - 00:04:06: [mapchooser.amxx] Vote: Voting for the nextmap finished. The nextmap will be de_airstrip
L 10/24/2017 - 00:06:05: -------- Mapchange to de_airstrip --------
L 10/24/2017 - 00:06:05: [ms_miscstats.amxx] Could not locate <sound/ms/roundend_5.mp3> file
L 10/24/2017 - 00:06:05: [ms_miscstats.amxx] Could not locate <sound/ms/roundend_6.mp3> file
L 10/24/2017 - 00:06:05: [ms_miscstats.amxx] Could not locate <sound/ms/roundend_7.mp3> file
L 10/24/2017 - 00:06:05: [ms_miscstats.amxx] Could not locate <sound/ms/roundend_8.mp3> file
L 10/24/2017 - 00:06:05: [ms_miscstats.amxx] Could not locate <sound/ms/roundend_9.mp3> file
L 10/24/2017 - 00:34:05: [mapchooser.amxx] Vote: Voting for the nextmap started
L 10/24/2017 - 00:34:20: [mapchooser.amxx] Vote: Voting for the nextmap finished. The nextmap will be cs_havana
L 10/24/2017 - 00:45:05: -------- Mapchange to cs_havana --------
L 10/24/2017 - 00:45:05: [ms_miscstats.amxx] Could not locate <sound/ms/roundend_5.mp3> file
L 10/24/2017 - 00:45:05: [ms_miscstats.amxx] Could not locate <sound/ms/roundend_6.mp3> file
L 10/24/2017 - 00:45:05: [ms_miscstats.amxx] Could not locate <sound/ms/roundend_7.mp3> file
L 10/24/2017 - 00:45:05: [ms_miscstats.amxx] Could not locate <sound/ms/roundend_8.mp3> file
L 10/24/2017 - 00:45:05: [ms_miscstats.amxx] Could not locate <sound/ms/roundend_9.mp3> file
L 10/24/2017 - 01:13:04: [mapchooser.amxx] Vote: Voting for the nextmap started
L 10/24/2017 - 01:13:19: [mapchooser.amxx] Vote: Voting for the nextmap finished. The nextmap will be de_chateau
L 10/24/2017 - 01:24:04: -------- Mapchange to de_chateau --------
L 10/24/2017 - 01:24:04: [ms_miscstats.amxx] Could not locate <sound/ms/roundend_5.mp3> file
L 10/24/2017 - 01:24:04: [ms_miscstats.amxx] Could not locate <sound/ms/roundend_6.mp3> file
L 10/24/2017 - 01:24:04: [ms_miscstats.amxx] Could not locate <sound/ms/roundend_7.mp3> file
L 10/24/2017 - 01:24:04: [ms_miscstats.amxx] Could not locate <sound/ms/roundend_8.mp3> file
L 10/24/2017 - 01:24:04: [ms_miscstats.amxx] Could not locate <sound/ms/roundend_9.mp3> file
L 10/24/2017 - 01:52:04: [mapchooser.amxx] Vote: Voting for the nextmap started
L 10/24/2017 - 01:52:19: [mapchooser.amxx] Vote: Voting for the nextmap finished. The nextmap will be de_aztec
L 10/24/2017 - 02:03:03: -------- Mapchange to de_aztec --------
L 10/24/2017 - 02:03:03: [ms_miscstats.amxx] Could not locate <sound/ms/roundend_5.mp3> file
L 10/24/2017 - 02:03:03: [ms_miscstats.amxx] Could not locate <sound/ms/roundend_6.mp3> file
L 10/24/2017 - 02:03:03: [ms_miscstats.amxx] Could not locate <sound/ms/roundend_7.mp3> file
L 10/24/2017 - 02:03:03: [ms_miscstats.amxx] Could not locate <sound/ms/roundend_8.mp3> file
L 10/24/2017 - 02:03:03: [ms_miscstats.amxx] Could not locate <sound/ms/roundend_9.mp3> file
L 10/24/2017 - 02:31:03: [mapchooser.amxx] Vote: Voting for the nextmap started
L 10/24/2017 - 02:31:18: [mapchooser.amxx] Vote: Voting for the nextmap finished. The nextmap will be as_oilrig
L 10/24/2017 - 02:42:02: -------- Mapchange to as_oilrig --------
L 10/24/2017 - 02:42:02: [ms_miscstats.amxx] Could not locate <sound/ms/roundend_5.mp3> file
L 10/24/2017 - 02:42:02: [ms_miscstats.amxx] Could not locate <sound/ms/roundend_6.mp3> file
L 10/24/2017 - 02:42:02: [ms_miscstats.amxx] Could not locate <sound/ms/roundend_7.mp3> file
L 10/24/2017 - 02:42:02: [ms_miscstats.amxx] Could not locate <sound/ms/roundend_8.mp3> file
L 10/24/2017 - 02:42:02: [ms_miscstats.amxx] Could not locate <sound/ms/roundend_9.mp3> file
L 10/24/2017 - 03:09:59: [mapchooser.amxx] Vote: Voting for the nextmap started
L 10/24/2017 - 03:10:14: [mapchooser.amxx] Vote: Voting for the nextmap finished. The nextmap will be cs_siege
L 10/24/2017 - 03:20:58: -------- Mapchange to cs_siege --------
L 10/24/2017 - 03:20:58: [ms_miscstats.amxx] Could not locate <sound/ms/roundend_5.mp3> file
L 10/24/2017 - 03:20:58: [ms_miscstats.amxx] Could not locate <sound/ms/roundend_6.mp3> file
L 10/24/2017 - 03:20:58: [ms_miscstats.amxx] Could not locate <sound/ms/roundend_7.mp3> file
L 10/24/2017 - 03:20:58: [ms_miscstats.amxx] Could not locate <sound/ms/roundend_8.mp3> file
L 10/24/2017 - 03:20:58: [ms_miscstats.amxx] Could not locate <sound/ms/roundend_9.mp3> file
L 10/24/2017 - 03:48:58: [mapchooser.amxx] Vote: Voting for the nextmap started
L 10/24/2017 - 03:49:13: [mapchooser.amxx] Vote: Voting for the nextmap finished. The nextmap will be de_cbble
L 10/24/2017 - 03:59:57: -------- Mapchange to de_cbble --------
L 10/24/2017 - 03:59:57: [ms_miscstats.amxx] Could not locate <sound/ms/roundend_5.mp3> file
L 10/24/2017 - 03:59:57: [ms_miscstats.amxx] Could not locate <sound/ms/roundend_6.mp3> file
L 10/24/2017 - 03:59:57: [ms_miscstats.amxx] Could not locate <sound/ms/roundend_7.mp3> file
L 10/24/2017 - 03:59:57: [ms_miscstats.amxx] Could not locate <sound/ms/roundend_8.mp3> file
L 10/24/2017 - 03:59:57: [ms_miscstats.amxx] Could not locate <sound/ms/roundend_9.mp3> file
L 10/24/2017 - 04:27:57: [mapchooser.amxx] Vote: Voting for the nextmap started
L 10/24/2017 - 04:28:12: [mapchooser.amxx] Vote: Voting for the nextmap finished. The nextmap will be de_dust
L 10/24/2017 - 04:38:56: -------- Mapchange to de_dust --------
L 10/24/2017 - 04:38:56: [ms_miscstats.amxx] Could not locate <sound/ms/roundend_5.mp3> file
L 10/24/2017 - 04:38:56: [ms_miscstats.amxx] Could not locate <sound/ms/roundend_6.mp3> file
L 10/24/2017 - 04:38:56: [ms_miscstats.amxx] Could not locate <sound/ms/roundend_7.mp3> file
L 10/24/2017 - 04:38:56: [ms_miscstats.amxx] Could not locate <sound/ms/roundend_8.mp3> file
L 10/24/2017 - 04:38:56: [ms_miscstats.amxx] Could not locate <sound/ms/roundend_9.mp3> file
L 10/24/2017 - 05:06:56: [mapchooser.amxx] Vote: Voting for the nextmap started
L 10/24/2017 - 05:07:11: [mapchooser.amxx] Vote: Voting for the nextmap finished. The nextmap will be cs_747
L 10/24/2017 - 05:17:55: -------- Mapchange to cs_747 --------
L 10/24/2017 - 05:17:55: [ms_miscstats.amxx] Could not locate <sound/ms/roundend_5.mp3> file
L 10/24/2017 - 05:17:55: [ms_miscstats.amxx] Could not locate <sound/ms/roundend_6.mp3> file
L 10/24/2017 - 05:17:55: [ms_miscstats.amxx] Could not locate <sound/ms/roundend_7.mp3> file
L 10/24/2017 - 05:17:55: [ms_miscstats.amxx] Could not locate <sound/ms/roundend_8.mp3> file
L 10/24/2017 - 05:17:55: [ms_miscstats.amxx] Could not locate <sound/ms/roundend_9.mp3> file
L 10/24/2017 - 05:45:55: [mapchooser.amxx] Vote: Voting for the nextmap started
L 10/24/2017 - 05:46:10: [mapchooser.amxx] Vote: Voting for the nextmap finished. The nextmap will be de_prodigy
L 10/24/2017 - 05:56:54: -------- Mapchange to de_prodigy --------
L 10/24/2017 - 05:56:54: [ms_miscstats.amxx] Could not locate <sound/ms/roundend_5.mp3> file
L 10/24/2017 - 05:56:54: [ms_miscstats.amxx] Could not locate <sound/ms/roundend_6.mp3> file
L 10/24/2017 - 05:56:54: [ms_miscstats.amxx] Could not locate <sound/ms/roundend_7.mp3> file
L 10/24/2017 - 05:56:54: [ms_miscstats.amxx] Could not locate <sound/ms/roundend_8.mp3> file
L 10/24/2017 - 05:56:54: [ms_miscstats.amxx] Could not locate <sound/ms/roundend_9.mp3> file
L 10/24/2017 - 06:24:54: [mapchooser.amxx] Vote: Voting for the nextmap started
L 10/24/2017 - 06:25:09: [mapchooser.amxx] Vote: Voting for the nextmap finished. The nextmap will be cs_assault
L 10/24/2017 - 06:35:53: -------- Mapchange to cs_assault --------
L 10/24/2017 - 06:35:53: [ms_miscstats.amxx] Could not locate <sound/ms/roundend_5.mp3> file
L 10/24/2017 - 06:35:53: [ms_miscstats.amxx] Could not locate <sound/ms/roundend_6.mp3> file
L 10/24/2017 - 06:35:53: [ms_miscstats.amxx] Could not locate <sound/ms/roundend_7.mp3> file
L 10/24/2017 - 06:35:53: [ms_miscstats.amxx] Could not locate <sound/ms/roundend_8.mp3> file
L 10/24/2017 - 06:35:53: [ms_miscstats.amxx] Could not locate <sound/ms/roundend_9.mp3> file
L 10/24/2017 - 07:03:53: [mapchooser.amxx] Vote: Voting for the nextmap started
L 10/24/2017 - 07:04:08: [mapchooser.amxx] Vote: Voting for the nextmap finished. The nextmap will be cs_office
L 10/24/2017 - 07:14:52: -------- Mapchange to cs_office --------
L 10/24/2017 - 07:14:52: [ms_miscstats.amxx] Could not locate <sound/ms/roundend_5.mp3> file
L 10/24/2017 - 07:14:52: [ms_miscstats.amxx] Could not locate <sound/ms/roundend_6.mp3> file
L 10/24/2017 - 07:14:52: [ms_miscstats.amxx] Could not locate <sound/ms/roundend_7.mp3> file
L 10/24/2017 - 07:14:52: [ms_miscstats.amxx] Could not locate <sound/ms/roundend_8.mp3> file
L 10/24/2017 - 07:14:52: [ms_miscstats.amxx] Could not locate <sound/ms/roundend_9.mp3> file
L 10/24/2017 - 07:42:52: [mapchooser.amxx] Vote: Voting for the nextmap started
L 10/24/2017 - 07:43:07: [mapchooser.amxx] Vote: Voting for the nextmap finished. The nextmap will be cs_italy
L 10/24/2017 - 07:53:51: -------- Mapchange to cs_italy --------
L 10/24/2017 - 07:53:51: [ms_miscstats.amxx] Could not locate <sound/ms/roundend_5.mp3> file
L 10/24/2017 - 07:53:51: [ms_miscstats.amxx] Could not locate <sound/ms/roundend_6.mp3> file
L 10/24/2017 - 07:53:51: [ms_miscstats.amxx] Could not locate <sound/ms/roundend_7.mp3> file
L 10/24/2017 - 07:53:51: [ms_miscstats.amxx] Could not locate <sound/ms/roundend_8.mp3> file
L 10/24/2017 - 07:53:51: [ms_miscstats.amxx] Could not locate <sound/ms/roundend_9.mp3> file
L 10/24/2017 - 08:21:51: [mapchooser.amxx] Vote: Voting for the nextmap started
L 10/24/2017 - 08:22:06: [mapchooser.amxx] Vote: Voting for the nextmap finished. The nextmap will be cs_backalley
L 10/24/2017 - 08:32:50: -------- Mapchange to cs_backalley --------
L 10/24/2017 - 08:32:51: [ms_miscstats.amxx] Could not locate <sound/ms/roundend_5.mp3> file
L 10/24/2017 - 08:32:51: [ms_miscstats.amxx] Could not locate <sound/ms/roundend_6.mp3> file
L 10/24/2017 - 08:32:51: [ms_miscstats.amxx] Could not locate <sound/ms/roundend_7.mp3> file
L 10/24/2017 - 08:32:51: [ms_miscstats.amxx] Could not locate <sound/ms/roundend_8.mp3> file
L 10/24/2017 - 08:32:51: [ms_miscstats.amxx] Could not locate <sound/ms/roundend_9.mp3> file
L 10/24/2017 - 09:00:50: [mapchooser.amxx] Vote: Voting for the nextmap started
L 10/24/2017 - 09:01:05: [mapchooser.amxx] Vote: Voting for the nextmap finished. The nextmap will be cs_militia
L 10/24/2017 - 09:11:50: -------- Mapchange to cs_militia --------
L 10/24/2017 - 09:11:50: [ms_miscstats.amxx] Could not locate <sound/ms/roundend_5.mp3> file
L 10/24/2017 - 09:11:50: [ms_miscstats.amxx] Could not locate <sound/ms/roundend_6.mp3> file
L 10/24/2017 - 09:11:50: [ms_miscstats.amxx] Could not locate <sound/ms/roundend_7.mp3> file
L 10/24/2017 - 09:11:50: [ms_miscstats.amxx] Could not locate <sound/ms/roundend_8.mp3> file
L 10/24/2017 - 09:11:50: [ms_miscstats.amxx] Could not locate <sound/ms/roundend_9.mp3> file
L 10/24/2017 - 09:39:49: [mapchooser.amxx] Vote: Voting for the nextmap started
L 10/24/2017 - 09:40:04: [mapchooser.amxx] Vote: Voting for the nextmap finished. The nextmap will be de_train
L 10/24/2017 - 09:50:49: -------- Mapchange to de_train --------
L 10/24/2017 - 09:50:49: [ms_miscstats.amxx] Could not locate <sound/ms/roundend_5.mp3> file
L 10/24/2017 - 09:50:49: [ms_miscstats.amxx] Could not locate <sound/ms/roundend_6.mp3> file
L 10/24/2017 - 09:50:49: [ms_miscstats.amxx] Could not locate <sound/ms/roundend_7.mp3> file
L 10/24/2017 - 09:50:49: [ms_miscstats.amxx] Could not locate <sound/ms/roundend_8.mp3> file
L 10/24/2017 - 09:50:49: [ms_miscstats.amxx] Could not locate <sound/ms/roundend_9.mp3> file
L 10/24/2017 - 10:18:48: [mapchooser.amxx] Vote: Voting for the nextmap started
L 10/24/2017 - 10:19:03: [mapchooser.amxx] Vote: Voting for the nextmap finished. The nextmap will be de_airstrip
L 10/24/2017 - 10:29:48: -------- Mapchange to de_airstrip --------
L 10/24/2017 - 10:29:48: [ms_miscstats.amxx] Could not locate <sound/ms/roundend_5.mp3> file
L 10/24/2017 - 10:29:48: [ms_miscstats.amxx] Could not locate <sound/ms/roundend_6.mp3> file
L 10/24/2017 - 10:29:48: [ms_miscstats.amxx] Could not locate <sound/ms/roundend_7.mp3> file
L 10/24/2017 - 10:29:48: [ms_miscstats.amxx] Could not locate <sound/ms/roundend_8.mp3> file
L 10/24/2017 - 10:29:48: [ms_miscstats.amxx] Could not locate <sound/ms/roundend_9.mp3> file
L 10/24/2017 - 10:57:48: [mapchooser.amxx] Vote: Voting for the nextmap started
L 10/24/2017 - 10:58:03: [mapchooser.amxx] Vote: Voting for the nextmap finished. The nextmap will be cs_havana
L 10/24/2017 - 11:08:47: -------- Mapchange to cs_havana --------
L 10/24/2017 - 11:08:47: [ms_miscstats.amxx] Could not locate <sound/ms/roundend_5.mp3> file
L 10/24/2017 - 11:08:47: [ms_miscstats.amxx] Could not locate <sound/ms/roundend_6.mp3> file
L 10/24/2017 - 11:08:47: [ms_miscstats.amxx] Could not locate <sound/ms/roundend_7.mp3> file
L 10/24/2017 - 11:08:47: [ms_miscstats.amxx] Could not locate <sound/ms/roundend_8.mp3> file
L 10/24/2017 - 11:08:47: [ms_miscstats.amxx] Could not locate <sound/ms/roundend_9.mp3> file
L 10/24/2017 - 11:36:47: [mapchooser.amxx] Vote: Voting for the nextmap started
L 10/24/2017 - 11:37:02: [mapchooser.amxx] Vote: Voting for the nextmap finished. The nextmap will be de_chateau
L 10/24/2017 - 11:47:46: -------- Mapchange to de_chateau --------
L 10/24/2017 - 11:47:46: [ms_miscstats.amxx] Could not locate <sound/ms/roundend_5.mp3> file
L 10/24/2017 - 11:47:46: [ms_miscstats.amxx] Could not locate <sound/ms/roundend_6.mp3> file
L 10/24/2017 - 11:47:46: [ms_miscstats.amxx] Could not locate <sound/ms/roundend_7.mp3> file
L 10/24/2017 - 11:47:46: [ms_miscstats.amxx] Could not locate <sound/ms/roundend_8.mp3> file
L 10/24/2017 - 11:47:46: [ms_miscstats.amxx] Could not locate <sound/ms/roundend_9.mp3> file
L 10/24/2017 - 12:15:46: [mapchooser.amxx] Vote: Voting for the nextmap started
L 10/24/2017 - 12:16:01: [mapchooser.amxx] Vote: Voting for the nextmap finished. The nextmap will be de_aztec
L 10/24/2017 - 12:26:45: -------- Mapchange to de_aztec --------
L 10/24/2017 - 12:26:45: [ms_miscstats.amxx] Could not locate <sound/ms/roundend_5.mp3> file
L 10/24/2017 - 12:26:45: [ms_miscstats.amxx] Could not locate <sound/ms/roundend_6.mp3> file
L 10/24/2017 - 12:26:45: [ms_miscstats.amxx] Could not locate <sound/ms/roundend_7.mp3> file
L 10/24/2017 - 12:26:45: [ms_miscstats.amxx] Could not locate <sound/ms/roundend_8.mp3> file
L 10/24/2017 - 12:26:45: [ms_miscstats.amxx] Could not locate <sound/ms/roundend_9.mp3> file
L 10/24/2017 - 12:54:45: [mapchooser.amxx] Vote: Voting for the nextmap started
L 10/24/2017 - 12:55:00: [mapchooser.amxx] Vote: Voting for the nextmap finished. The nextmap will be as_oilrig
L 10/24/2017 - 13:05:44: -------- Mapchange to as_oilrig --------
L 10/24/2017 - 13:05:44: [ms_miscstats.amxx] Could not locate <sound/ms/roundend_5.mp3> file
L 10/24/2017 - 13:05:44: [ms_miscstats.amxx] Could not locate <sound/ms/roundend_6.mp3> file
L 10/24/2017 - 13:05:44: [ms_miscstats.amxx] Could not locate <sound/ms/roundend_7.mp3> file
L 10/24/2017 - 13:05:44: [ms_miscstats.amxx] Could not locate <sound/ms/roundend_8.mp3> file
L 10/24/2017 - 13:05:44: [ms_miscstats.amxx] Could not locate <sound/ms/roundend_9.mp3> file
L 10/24/2017 - 13:33:44: [mapchooser.amxx] Vote: Voting for the nextmap started
L 10/24/2017 - 13:33:59: [mapchooser.amxx] Vote: Voting for the nextmap finished. The nextmap will be cs_siege
L 10/24/2017 - 13:44:43: -------- Mapchange to cs_siege --------
L 10/24/2017 - 13:44:43: [ms_miscstats.amxx] Could not locate <sound/ms/roundend_5.mp3> file
L 10/24/2017 - 13:44:43: [ms_miscstats.amxx] Could not locate <sound/ms/roundend_6.mp3> file
L 10/24/2017 - 13:44:43: [ms_miscstats.amxx] Could not locate <sound/ms/roundend_7.mp3> file
L 10/24/2017 - 13:44:43: [ms_miscstats.amxx] Could not locate <sound/ms/roundend_8.mp3> file
L 10/24/2017 - 13:44:43: [ms_miscstats.amxx] Could not locate <sound/ms/roundend_9.mp3> file
L 10/24/2017 - 14:12:43: [mapchooser.amxx] Vote: Voting for the nextmap started
L 10/24/2017 - 14:12:58: [mapchooser.amxx] Vote: Voting for the nextmap finished. The nextmap will be de_cbble
L 10/24/2017 - 14:23:42: -------- Mapchange to de_cbble --------
L 10/24/2017 - 14:23:43: [ms_miscstats.amxx] Could not locate <sound/ms/roundend_5.mp3> file
L 10/24/2017 - 14:23:43: [ms_miscstats.amxx] Could not locate <sound/ms/roundend_6.mp3> file
L 10/24/2017 - 14:23:43: [ms_miscstats.amxx] Could not locate <sound/ms/roundend_7.mp3> file
L 10/24/2017 - 14:23:43: [ms_miscstats.amxx] Could not locate <sound/ms/roundend_8.mp3> file
L 10/24/2017 - 14:23:43: [ms_miscstats.amxx] Could not locate <sound/ms/roundend_9.mp3> file
L 10/24/2017 - 14:51:42: [mapchooser.amxx] Vote: Voting for the nextmap started
L 10/24/2017 - 14:51:57: [mapchooser.amxx] Vote: Voting for the nextmap finished. The nextmap will be de_dust
L 10/24/2017 - 15:02:42: -------- Mapchange to de_dust --------
L 10/24/2017 - 15:02:42: [ms_miscstats.amxx] Could not locate <sound/ms/roundend_5.mp3> file
L 10/24/2017 - 15:02:42: [ms_miscstats.amxx] Could not locate <sound/ms/roundend_6.mp3> file
L 10/24/2017 - 15:02:42: [ms_miscstats.amxx] Could not locate <sound/ms/roundend_7.mp3> file
L 10/24/2017 - 15:02:42: [ms_miscstats.amxx] Could not locate <sound/ms/roundend_8.mp3> file
L 10/24/2017 - 15:02:42: [ms_miscstats.amxx] Could not locate <sound/ms/roundend_9.mp3> file
L 10/24/2017 - 15:30:41: [mapchooser.amxx] Vote: Voting for the nextmap started
L 10/24/2017 - 15:30:57: [mapchooser.amxx] Vote: Voting for the nextmap finished. The nextmap will be cs_747
L 10/24/2017 - 15:41:41: -------- Mapchange to cs_747 --------
L 10/24/2017 - 15:41:41: [ms_miscstats.amxx] Could not locate <sound/ms/roundend_5.mp3> file
L 10/24/2017 - 15:41:41: [ms_miscstats.amxx] Could not locate <sound/ms/roundend_6.mp3> file
L 10/24/2017 - 15:41:41: [ms_miscstats.amxx] Could not locate <sound/ms/roundend_7.mp3> file
L 10/24/2017 - 15:41:41: [ms_miscstats.amxx] Could not locate <sound/ms/roundend_8.mp3> file
L 10/24/2017 - 15:41:41: [ms_miscstats.amxx] Could not locate <sound/ms/roundend_9.mp3> file
L 10/24/2017 - 16:09:40: [mapchooser.amxx] Vote: Voting for the nextmap started
L 10/24/2017 - 16:09:56: [mapchooser.amxx] Vote: Voting for the nextmap finished. The nextmap will be de_prodigy
L 10/24/2017 - 16:20:40: -------- Mapchange to de_prodigy --------
L 10/24/2017 - 16:20:40: [ms_miscstats.amxx] Could not locate <sound/ms/roundend_5.mp3> file
L 10/24/2017 - 16:20:40: [ms_miscstats.amxx] Could not locate <sound/ms/roundend_6.mp3> file
L 10/24/2017 - 16:20:40: [ms_miscstats.amxx] Could not locate <sound/ms/roundend_7.mp3> file
L 10/24/2017 - 16:20:40: [ms_miscstats.amxx] Could not locate <sound/ms/roundend_8.mp3> file
L 10/24/2017 - 16:20:40: [ms_miscstats.amxx] Could not locate <sound/ms/roundend_9.mp3> file
L 10/24/2017 - 16:48:40: [mapchooser.amxx] Vote: Voting for the nextmap started
L 10/24/2017 - 16:48:55: [mapchooser.amxx] Vote: Voting for the nextmap finished. The nextmap will be cs_assault
L 10/24/2017 - 16:59:39: -------- Mapchange to cs_assault --------
L 10/24/2017 - 16:59:39: [ms_miscstats.amxx] Could not locate <sound/ms/roundend_5.mp3> file
L 10/24/2017 - 16:59:39: [ms_miscstats.amxx] Could not locate <sound/ms/roundend_6.mp3> file
L 10/24/2017 - 16:59:39: [ms_miscstats.amxx] Could not locate <sound/ms/roundend_7.mp3> file
L 10/24/2017 - 16:59:39: [ms_miscstats.amxx] Could not locate <sound/ms/roundend_8.mp3> file
L 10/24/2017 - 16:59:39: [ms_miscstats.amxx] Could not locate <sound/ms/roundend_9.mp3> file
L 10/24/2017 - 17:27:39: [mapchooser.amxx] Vote: Voting for the nextmap started
L 10/24/2017 - 17:27:54: [mapchooser.amxx] Vote: Voting for the nextmap finished. The nextmap will be cs_office
L 10/24/2017 - 17:38:38: -------- Mapchange to cs_office --------
L 10/24/2017 - 17:38:38: [ms_miscstats.amxx] Could not locate <sound/ms/roundend_5.mp3> file
L 10/24/2017 - 17:38:38: [ms_miscstats.amxx] Could not locate <sound/ms/roundend_6.mp3> file
L 10/24/2017 - 17:38:38: [ms_miscstats.amxx] Could not locate <sound/ms/roundend_7.mp3> file
L 10/24/2017 - 17:38:38: [ms_miscstats.amxx] Could not locate <sound/ms/roundend_8.mp3> file
L 10/24/2017 - 17:38:38: [ms_miscstats.amxx] Could not locate <sound/ms/roundend_9.mp3> file
L 10/24/2017 - 18:06:38: [mapchooser.amxx] Vote: Voting for the nextmap started
L 10/24/2017 - 18:06:53: [mapchooser.amxx] Vote: Voting for the nextmap finished. The nextmap will be cs_italy
L 10/24/2017 - 18:17:37: -------- Mapchange to cs_italy --------
L 10/24/2017 - 18:17:37: [ms_miscstats.amxx] Could not locate <sound/ms/roundend_5.mp3> file
L 10/24/2017 - 18:17:37: [ms_miscstats.amxx] Could not locate <sound/ms/roundend_6.mp3> file
L 10/24/2017 - 18:17:37: [ms_miscstats.amxx] Could not locate <sound/ms/roundend_7.mp3> file
L 10/24/2017 - 18:17:37: [ms_miscstats.amxx] Could not locate <sound/ms/roundend_8.mp3> file
L 10/24/2017 - 18:17:37: [ms_miscstats.amxx] Could not locate <sound/ms/roundend_9.mp3> file
L 10/24/2017 - 18:45:37: [mapchooser.amxx] Vote: Voting for the nextmap started
L 10/24/2017 - 18:45:52: [mapchooser.amxx] Vote: Voting for the nextmap finished. The nextmap will be cs_backalley
L 10/24/2017 - 18:56:36: -------- Mapchange to cs_backalley --------
L 10/24/2017 - 18:56:36: [ms_miscstats.amxx] Could not locate <sound/ms/roundend_5.mp3> file
L 10/24/2017 - 18:56:36: [ms_miscstats.amxx] Could not locate <sound/ms/roundend_6.mp3> file
L 10/24/2017 - 18:56:36: [ms_miscstats.amxx] Could not locate <sound/ms/roundend_7.mp3> file
L 10/24/2017 - 18:56:36: [ms_miscstats.amxx] Could not locate <sound/ms/roundend_8.mp3> file
L 10/24/2017 - 18:56:36: [ms_miscstats.amxx] Could not locate <sound/ms/roundend_9.mp3> file
L 10/24/2017 - 19:24:36: [mapchooser.amxx] Vote: Voting for the nextmap started
L 10/24/2017 - 19:24:51: [mapchooser.amxx] Vote: Voting for the nextmap finished. The nextmap will be cs_militia
L 10/24/2017 - 19:35:35: -------- Mapchange to cs_militia --------
L 10/24/2017 - 19:35:35: [ms_miscstats.amxx] Could not locate <sound/ms/roundend_5.mp3> file
L 10/24/2017 - 19:35:35: [ms_miscstats.amxx] Could not locate <sound/ms/roundend_6.mp3> file
L 10/24/2017 - 19:35:35: [ms_miscstats.amxx] Could not locate <sound/ms/roundend_7.mp3> file
L 10/24/2017 - 19:35:35: [ms_miscstats.amxx] Could not locate <sound/ms/roundend_8.mp3> file
L 10/24/2017 - 19:35:35: [ms_miscstats.amxx] Could not locate <sound/ms/roundend_9.mp3> file
L 10/24/2017 - 20:03:35: [mapchooser.amxx] Vote: Voting for the nextmap started
L 10/24/2017 - 20:03:50: [mapchooser.amxx] Vote: Voting for the nextmap finished. The nextmap will be de_train
L 10/24/2017 - 20:14:34: -------- Mapchange to de_train --------
L 10/24/2017 - 20:14:34: [ms_miscstats.amxx] Could not locate <sound/ms/roundend_5.mp3> file
L 10/24/2017 - 20:14:34: [ms_miscstats.amxx] Could not locate <sound/ms/roundend_6.mp3> file
L 10/24/2017 - 20:14:34: [ms_miscstats.amxx] Could not locate <sound/ms/roundend_7.mp3> file
L 10/24/2017 - 20:14:34: [ms_miscstats.amxx] Could not locate <sound/ms/roundend_8.mp3> file
L 10/24/2017 - 20:14:34: [ms_miscstats.amxx] Could not locate <sound/ms/roundend_9.mp3> file
L 10/24/2017 - 20:42:34: [mapchooser.amxx] Vote: Voting for the nextmap started
L 10/24/2017 - 20:42:49: [mapchooser.amxx] Vote: Voting for the nextmap finished. The nextmap will be de_airstrip
L 10/24/2017 - 20:53:33: -------- Mapchange to de_airstrip --------
L 10/24/2017 - 20:53:33: [ms_miscstats.amxx] Could not locate <sound/ms/roundend_5.mp3> file
L 10/24/2017 - 20:53:33: [ms_miscstats.amxx] Could not locate <sound/ms/roundend_6.mp3> file
L 10/24/2017 - 20:53:33: [ms_miscstats.amxx] Could not locate <sound/ms/roundend_7.mp3> file
L 10/24/2017 - 20:53:33: [ms_miscstats.amxx] Could not locate <sound/ms/roundend_8.mp3> file
L 10/24/2017 - 20:53:33: [ms_miscstats.amxx] Could not locate <sound/ms/roundend_9.mp3> file
L 10/24/2017 - 21:21:33: [mapchooser.amxx] Vote: Voting for the nextmap started
L 10/24/2017 - 21:21:48: [mapchooser.amxx] Vote: Voting for the nextmap finished. Map de_airstrip will be extended to next 20 minutes
L 10/24/2017 - 22:10:48: [mapchooser.amxx] Vote: Voting for the nextmap started
L 10/24/2017 - 22:11:03: [mapchooser.amxx] Vote: Voting for the nextmap finished. The nextmap will be cs_havana
L 10/24/2017 - 22:12:54: -------- Mapchange to cs_havana --------
L 10/24/2017 - 22:12:55: [ms_miscstats.amxx] Could not locate <sound/ms/roundend_5.mp3> file
L 10/24/2017 - 22:12:55: [ms_miscstats.amxx] Could not locate <sound/ms/roundend_6.mp3> file
L 10/24/2017 - 22:12:55: [ms_miscstats.amxx] Could not locate <sound/ms/roundend_7.mp3> file
L 10/24/2017 - 22:12:55: [ms_miscstats.amxx] Could not locate <sound/ms/roundend_8.mp3> file
L 10/24/2017 - 22:12:55: [ms_miscstats.amxx] Could not locate <sound/ms/roundend_9.mp3> file
L 10/24/2017 - 23:00:54: [mapchooser.amxx] Vote: Voting for the nextmap started
L 10/24/2017 - 23:01:09: [mapchooser.amxx] Vote: Voting for the nextmap finished. The nextmap will be de_chateau
L 10/24/2017 - 23:32:16: -------- Mapchange to de_chateau --------
L 10/24/2017 - 23:32:16: [ms_miscstats.amxx] Could not locate <sound/ms/roundend_5.mp3> file
L 10/24/2017 - 23:32:16: [ms_miscstats.amxx] Could not locate <sound/ms/roundend_6.mp3> file
L 10/24/2017 - 23:32:16: [ms_miscstats.amxx] Could not locate <sound/ms/roundend_7.mp3> file
L 10/24/2017 - 23:32:16: [ms_miscstats.amxx] Could not locate <sound/ms/roundend_8.mp3> file
L 10/24/2017 - 23:32:16: [ms_miscstats.amxx] Could not locate <sound/ms/roundend_9.mp3> file
