L 10/30/2017 - 00:14:53: [mapchooser.amxx] Vote: Voting for the nextmap started
L 10/30/2017 - 00:15:08: [mapchooser.amxx] Vote: Voting for the nextmap finished. The nextmap will be de_dust
L 10/30/2017 - 00:17:02: -------- Mapchange to de_dust --------
L 10/30/2017 - 00:35:02: [mapchooser.amxx] Vote: Voting for the nextmap started
L 10/30/2017 - 00:35:17: [mapchooser.amxx] Vote: Voting for the nextmap finished. The nextmap will be de_dust2
L 10/30/2017 - 00:37:11: -------- Mapchange to de_dust2 --------
L 10/30/2017 - 00:55:11: [mapchooser.amxx] Vote: Voting for the nextmap started
L 10/30/2017 - 00:55:26: [mapchooser.amxx] Vote: Voting for the nextmap finished. The nextmap will be de_inferno
L 10/30/2017 - 00:57:20: -------- Mapchange to de_inferno --------
L 10/30/2017 - 01:15:20: [mapchooser.amxx] Vote: Voting for the nextmap started
L 10/30/2017 - 01:15:35: [mapchooser.amxx] Vote: Voting for the nextmap finished. The nextmap will be de_nuke
L 10/30/2017 - 01:17:29: -------- Mapchange to de_nuke --------
L 10/30/2017 - 01:35:29: [mapchooser.amxx] Vote: Voting for the nextmap started
L 10/30/2017 - 01:35:44: [mapchooser.amxx] Vote: Voting for the nextmap finished. The nextmap will be de_train
L 10/30/2017 - 01:37:38: -------- Mapchange to de_train --------
L 10/30/2017 - 01:55:38: [mapchooser.amxx] Vote: Voting for the nextmap started
L 10/30/2017 - 01:55:53: [mapchooser.amxx] Vote: Voting for the nextmap finished. The nextmap will be awp_india
L 10/30/2017 - 01:57:47: -------- Mapchange to awp_india --------
L 10/30/2017 - 02:15:47: [mapchooser.amxx] Vote: Voting for the nextmap started
L 10/30/2017 - 02:16:02: [mapchooser.amxx] Vote: Voting for the nextmap finished. The nextmap will be 4_houses
L 10/30/2017 - 02:17:56: -------- Mapchange to 4_houses --------
L 10/30/2017 - 02:35:56: [mapchooser.amxx] Vote: Voting for the nextmap started
L 10/30/2017 - 02:36:11: [mapchooser.amxx] Vote: Voting for the nextmap finished. The nextmap will be aim_headshot
L 10/30/2017 - 02:38:05: -------- Mapchange to aim_headshot --------
L 10/30/2017 - 02:56:04: [mapchooser.amxx] Vote: Voting for the nextmap started
L 10/30/2017 - 02:56:19: [mapchooser.amxx] Vote: Voting for the nextmap finished. The nextmap will be awp_city2
L 10/30/2017 - 02:58:13: -------- Mapchange to awp_city2 --------
L 10/30/2017 - 03:16:10: [mapchooser.amxx] Vote: Voting for the nextmap started
L 10/30/2017 - 03:16:25: [mapchooser.amxx] Vote: Voting for the nextmap finished. The nextmap will be cs_office2
L 10/30/2017 - 03:18:19: -------- Mapchange to cs_office2 --------
L 10/30/2017 - 03:36:19: [mapchooser.amxx] Vote: Voting for the nextmap started
L 10/30/2017 - 03:36:34: [mapchooser.amxx] Vote: Voting for the nextmap finished. The nextmap will be cs_pf_dust
L 10/30/2017 - 03:38:28: -------- Mapchange to cs_pf_dust --------
L 10/30/2017 - 03:56:28: [mapchooser.amxx] Vote: Voting for the nextmap started
L 10/30/2017 - 03:56:43: [mapchooser.amxx] Vote: Voting for the nextmap finished. The nextmap will be de_cpl_mill
L 10/30/2017 - 03:58:37: -------- Mapchange to de_cpl_mill --------
L 10/30/2017 - 04:16:37: [mapchooser.amxx] Vote: Voting for the nextmap started
L 10/30/2017 - 04:16:52: [mapchooser.amxx] Vote: Voting for the nextmap finished. The nextmap will be de_dust2_2x2
L 10/30/2017 - 04:18:46: -------- Mapchange to de_dust2_2x2 --------
L 10/30/2017 - 04:36:46: [mapchooser.amxx] Vote: Voting for the nextmap started
L 10/30/2017 - 04:37:01: [mapchooser.amxx] Vote: Voting for the nextmap finished. The nextmap will be de_dust2002
L 10/30/2017 - 04:38:55: -------- Mapchange to de_dust2002 --------
L 10/30/2017 - 04:56:55: [mapchooser.amxx] Vote: Voting for the nextmap started
L 10/30/2017 - 04:57:10: [mapchooser.amxx] Vote: Voting for the nextmap finished. The nextmap will be de_dustall
L 10/30/2017 - 04:59:04: -------- Mapchange to de_dustall --------
L 10/30/2017 - 05:17:04: [mapchooser.amxx] Vote: Voting for the nextmap started
L 10/30/2017 - 05:17:19: [mapchooser.amxx] Vote: Voting for the nextmap finished. The nextmap will be de_dustall2
L 10/30/2017 - 05:19:13: -------- Mapchange to de_dustall2 --------
L 10/30/2017 - 05:37:13: [mapchooser.amxx] Vote: Voting for the nextmap started
L 10/30/2017 - 05:37:28: [mapchooser.amxx] Vote: Voting for the nextmap finished. The nextmap will be de_indust2
L 10/30/2017 - 05:39:22: -------- Mapchange to de_indust2 --------
L 10/30/2017 - 05:57:22: [mapchooser.amxx] Vote: Voting for the nextmap started
L 10/30/2017 - 05:57:37: [mapchooser.amxx] Vote: Voting for the nextmap finished. The nextmap will be css_dust2
L 10/30/2017 - 05:59:31: -------- Mapchange to css_dust2 --------
L 10/30/2017 - 06:17:31: [mapchooser.amxx] Vote: Voting for the nextmap started
L 10/30/2017 - 06:17:46: [mapchooser.amxx] Vote: Voting for the nextmap finished. The nextmap will be de_dust2_2006
L 10/30/2017 - 06:19:40: -------- Mapchange to de_dust2_2006 --------
L 10/30/2017 - 06:37:40: [mapchooser.amxx] Vote: Voting for the nextmap started
L 10/30/2017 - 06:37:55: [mapchooser.amxx] Vote: Voting for the nextmap finished. The nextmap will be de_dust2_2014
L 10/30/2017 - 06:39:49: -------- Mapchange to de_dust2_2014 --------
L 10/30/2017 - 06:57:49: [mapchooser.amxx] Vote: Voting for the nextmap started
L 10/30/2017 - 06:58:04: [mapchooser.amxx] Vote: Voting for the nextmap finished. The nextmap will be de_dust2_medieval
L 10/30/2017 - 06:59:58: -------- Mapchange to de_dust2_medieval --------
L 10/30/2017 - 07:17:58: [mapchooser.amxx] Vote: Voting for the nextmap started
L 10/30/2017 - 07:18:13: [mapchooser.amxx] Vote: Voting for the nextmap finished. The nextmap will be de_dust2_suncsm
L 10/30/2017 - 07:20:07: -------- Mapchange to de_dust2_suncsm --------
L 10/30/2017 - 07:38:07: [mapchooser.amxx] Vote: Voting for the nextmap started
L 10/30/2017 - 07:38:22: [mapchooser.amxx] Vote: Voting for the nextmap finished. The nextmap will be de_dustroyal
L 10/30/2017 - 07:40:16: -------- Mapchange to de_dustroyal --------
L 10/30/2017 - 07:58:16: [mapchooser.amxx] Vote: Voting for the nextmap started
L 10/30/2017 - 07:58:31: [mapchooser.amxx] Vote: Voting for the nextmap finished. The nextmap will be de_nust2
L 10/30/2017 - 08:00:25: -------- Mapchange to de_nust2 --------
L 10/30/2017 - 08:18:25: [mapchooser.amxx] Vote: Voting for the nextmap started
L 10/30/2017 - 08:18:40: [mapchooser.amxx] Vote: Voting for the nextmap finished. The nextmap will be de_zook
L 10/30/2017 - 08:20:34: -------- Mapchange to de_zook --------
L 10/30/2017 - 08:38:34: [mapchooser.amxx] Vote: Voting for the nextmap started
L 10/30/2017 - 08:38:49: [mapchooser.amxx] Vote: Voting for the nextmap finished. The nextmap will be de_inferno2010
L 10/30/2017 - 08:40:44: -------- Mapchange to de_inferno2010 --------
L 10/30/2017 - 08:58:44: [mapchooser.amxx] Vote: Voting for the nextmap started
L 10/30/2017 - 08:58:59: [mapchooser.amxx] Vote: Voting for the nextmap finished. The nextmap will be de_kabul_32
L 10/30/2017 - 09:00:53: -------- Mapchange to de_kabul_32 --------
L 10/30/2017 - 09:18:53: [mapchooser.amxx] Vote: Voting for the nextmap started
L 10/30/2017 - 09:19:08: [mapchooser.amxx] Vote: Voting for the nextmap finished. The nextmap will be de_westwood
L 10/30/2017 - 09:21:02: -------- Mapchange to de_westwood --------
L 10/30/2017 - 09:39:02: [mapchooser.amxx] Vote: Voting for the nextmap started
L 10/30/2017 - 09:39:17: [mapchooser.amxx] Vote: Voting for the nextmap finished. The nextmap will be css_kabul
L 10/30/2017 - 09:41:11: -------- Mapchange to css_kabul --------
L 10/30/2017 - 09:59:11: [mapchooser.amxx] Vote: Voting for the nextmap started
L 10/30/2017 - 09:59:26: [mapchooser.amxx] Vote: Voting for the nextmap finished. The nextmap will be fy_dust
L 10/30/2017 - 10:01:20: -------- Mapchange to fy_dust --------
L 10/30/2017 - 10:19:19: [mapchooser.amxx] Vote: Voting for the nextmap started
L 10/30/2017 - 10:19:34: [mapchooser.amxx] Vote: Voting for the nextmap finished. The nextmap will be fy_pool_day
L 10/30/2017 - 10:21:28: -------- Mapchange to fy_pool_day --------
L 10/30/2017 - 10:39:28: [mapchooser.amxx] Vote: Voting for the nextmap started
L 10/30/2017 - 10:39:43: [mapchooser.amxx] Vote: Voting for the nextmap finished. The nextmap will be cs_italy
L 10/30/2017 - 10:41:37: -------- Mapchange to cs_italy --------
L 10/30/2017 - 10:59:37: [mapchooser.amxx] Vote: Voting for the nextmap started
L 10/30/2017 - 10:59:52: [mapchooser.amxx] Vote: Voting for the nextmap finished. The nextmap will be cs_militia
L 10/30/2017 - 11:01:46: -------- Mapchange to cs_militia --------
L 10/30/2017 - 11:19:46: [mapchooser.amxx] Vote: Voting for the nextmap started
L 10/30/2017 - 11:20:01: [mapchooser.amxx] Vote: Voting for the nextmap finished. The nextmap will be cs_office
L 10/30/2017 - 11:21:55: -------- Mapchange to cs_office --------
L 10/30/2017 - 11:39:55: [mapchooser.amxx] Vote: Voting for the nextmap started
L 10/30/2017 - 11:40:10: [mapchooser.amxx] Vote: Voting for the nextmap finished. The nextmap will be de_aztec
L 10/30/2017 - 11:42:04: -------- Mapchange to de_aztec --------
L 10/30/2017 - 12:00:04: [mapchooser.amxx] Vote: Voting for the nextmap started
L 10/30/2017 - 12:00:19: [mapchooser.amxx] Vote: Voting for the nextmap finished. The nextmap will be de_cbble
L 10/30/2017 - 12:02:13: -------- Mapchange to de_cbble --------
L 10/30/2017 - 12:20:13: [mapchooser.amxx] Vote: Voting for the nextmap started
L 10/30/2017 - 12:20:28: [mapchooser.amxx] Vote: Voting for the nextmap finished. The nextmap will be de_dust
L 10/30/2017 - 12:22:22: -------- Mapchange to de_dust --------
L 10/30/2017 - 12:40:22: [mapchooser.amxx] Vote: Voting for the nextmap started
L 10/30/2017 - 12:40:37: [mapchooser.amxx] Vote: Voting for the nextmap finished. The nextmap will be de_dust2
L 10/30/2017 - 12:42:31: -------- Mapchange to de_dust2 --------
L 10/30/2017 - 13:00:31: [mapchooser.amxx] Vote: Voting for the nextmap started
L 10/30/2017 - 13:00:46: [mapchooser.amxx] Vote: Voting for the nextmap finished. The nextmap will be de_inferno
L 10/30/2017 - 13:02:40: -------- Mapchange to de_inferno --------
L 10/30/2017 - 13:20:40: [mapchooser.amxx] Vote: Voting for the nextmap started
L 10/30/2017 - 13:20:55: [mapchooser.amxx] Vote: Voting for the nextmap finished. The nextmap will be de_nuke
L 10/30/2017 - 13:22:49: -------- Mapchange to de_nuke --------
L 10/30/2017 - 13:40:49: [mapchooser.amxx] Vote: Voting for the nextmap started
L 10/30/2017 - 13:41:04: [mapchooser.amxx] Vote: Voting for the nextmap finished. The nextmap will be de_train
L 10/30/2017 - 13:42:58: -------- Mapchange to de_train --------
L 10/30/2017 - 14:18:43: [mapchooser.amxx] Vote: Voting for the nextmap started
L 10/30/2017 - 14:18:58: [mapchooser.amxx] Vote: Voting for the nextmap finished. The nextmap will be de_nust2
L 10/30/2017 - 14:20:51: -------- Mapchange to de_nust2 --------
L 10/30/2017 - 14:40:36: [mapchooser.amxx] Vote: Voting for the nextmap started
L 10/30/2017 - 14:40:51: [mapchooser.amxx] Vote: Voting for the nextmap finished. The nextmap will be de_nuke
L 10/30/2017 - 14:42:47: -------- Mapchange to de_nuke --------
L 10/30/2017 - 15:01:32: [mapchooser.amxx] Vote: Voting for the nextmap started
L 10/30/2017 - 15:01:47: [mapchooser.amxx] Vote: Voting for the nextmap finished. The nextmap will be aim_headshot
L 10/30/2017 - 15:03:43: -------- Mapchange to aim_headshot --------
L 10/30/2017 - 15:21:43: [mapchooser.amxx] Vote: Voting for the nextmap started
L 10/30/2017 - 15:21:58: [mapchooser.amxx] Vote: Voting for the nextmap finished. The nextmap will be awp_city2
L 10/30/2017 - 15:24:39: -------- Mapchange to awp_city2 --------
L 10/30/2017 - 15:42:38: [mapchooser.amxx] Vote: Voting for the nextmap started
L 10/30/2017 - 15:42:54: [mapchooser.amxx] Vote: Voting for the nextmap finished. The nextmap will be cs_office2
L 10/30/2017 - 15:45:34: -------- Mapchange to cs_office2 --------
L 10/30/2017 - 16:03:34: [mapchooser.amxx] Vote: Voting for the nextmap started
L 10/30/2017 - 16:03:49: [mapchooser.amxx] Vote: Voting for the nextmap finished. The nextmap will be cs_pf_dust
L 10/30/2017 - 16:06:30: -------- Mapchange to cs_pf_dust --------
L 10/30/2017 - 16:24:30: [mapchooser.amxx] Vote: Voting for the nextmap started
L 10/30/2017 - 16:24:45: [mapchooser.amxx] Vote: Voting for the nextmap finished. The nextmap will be de_cpl_mill
L 10/30/2017 - 16:27:25: -------- Mapchange to de_cpl_mill --------
L 10/30/2017 - 16:45:25: [mapchooser.amxx] Vote: Voting for the nextmap started
L 10/30/2017 - 16:45:40: [mapchooser.amxx] Vote: Voting for the nextmap finished. The nextmap will be de_dust2_2x2
L 10/30/2017 - 16:48:21: -------- Mapchange to de_dust2_2x2 --------
L 10/30/2017 - 17:06:21: [mapchooser.amxx] Vote: Voting for the nextmap started
L 10/30/2017 - 17:06:36: [mapchooser.amxx] Vote: Voting for the nextmap finished. The nextmap will be de_dust2002
L 10/30/2017 - 17:09:17: -------- Mapchange to de_dust2002 --------
L 10/30/2017 - 17:27:16: [mapchooser.amxx] Vote: Voting for the nextmap started
L 10/30/2017 - 17:27:31: [mapchooser.amxx] Vote: Voting for the nextmap finished. The nextmap will be de_dustall
L 10/30/2017 - 17:30:12: -------- Mapchange to de_dustall --------
L 10/30/2017 - 17:48:12: [mapchooser.amxx] Vote: Voting for the nextmap started
L 10/30/2017 - 17:48:27: [mapchooser.amxx] Vote: Voting for the nextmap finished. The nextmap will be de_dustall2
L 10/30/2017 - 17:51:08: -------- Mapchange to de_dustall2 --------
L 10/30/2017 - 18:09:08: [mapchooser.amxx] Vote: Voting for the nextmap started
L 10/30/2017 - 18:09:23: [mapchooser.amxx] Vote: Voting for the nextmap finished. The nextmap will be de_indust2
L 10/30/2017 - 18:12:04: -------- Mapchange to de_indust2 --------
L 10/30/2017 - 18:30:04: [mapchooser.amxx] Vote: Voting for the nextmap started
L 10/30/2017 - 18:30:19: [mapchooser.amxx] Vote: Voting for the nextmap finished. The nextmap will be css_dust2
L 10/30/2017 - 18:33:00: -------- Mapchange to css_dust2 --------
L 10/30/2017 - 18:51:00: [mapchooser.amxx] Vote: Voting for the nextmap started
L 10/30/2017 - 18:51:15: [mapchooser.amxx] Vote: Voting for the nextmap finished. The nextmap will be de_dust2_2006
L 10/30/2017 - 18:53:55: -------- Mapchange to de_dust2_2006 --------
L 10/30/2017 - 19:27:55: [mapchooser.amxx] Vote: Voting for the nextmap started
L 10/30/2017 - 19:28:10: [mapchooser.amxx] Vote: Voting for the nextmap finished. The nextmap will be de_dust2_2014
L 10/30/2017 - 19:46:55: [mapchooser.amxx] Vote: Voting for the nextmap started
L 10/30/2017 - 19:47:10: [mapchooser.amxx] Vote: Voting for the nextmap finished. The nextmap will be de_dust2_2014
L 10/30/2017 - 19:49:08: -------- Mapchange to de_dust2_2014 --------
L 10/30/2017 - 20:01:35: -------- Mapchange to de_dust2 --------
L 10/30/2017 - 20:19:35: [mapchooser.amxx] Vote: Voting for the nextmap started
L 10/30/2017 - 20:19:50: [mapchooser.amxx] Vote: Voting for the nextmap finished. The nextmap will be awp_india
L 10/30/2017 - 20:21:44: -------- Mapchange to awp_india --------
L 10/30/2017 - 20:51:14: [mapchooser.amxx] Vote: Voting for the nextmap started
L 10/30/2017 - 20:51:29: [mapchooser.amxx] Vote: Voting for the nextmap finished. The nextmap will be 4_houses
L 10/30/2017 - 20:53:21: -------- Mapchange to 4_houses --------
L 10/30/2017 - 21:11:21: [mapchooser.amxx] Vote: Voting for the nextmap started
L 10/30/2017 - 21:11:36: [mapchooser.amxx] Vote: Voting for the nextmap finished. The nextmap will be aim_headshot
L 10/30/2017 - 21:23:24: [admin.amxx] Login: "G18*UNREAL<16><STEAM_0:0:57395618><>" became an admin (account "STEAM_0:0:57395618") (access "o") (address "94.19.82.22")
L 10/30/2017 - 21:23:26: [admin.amxx] Login: "G18*UNREAL<17><STEAM_0:0:57395618><>" became an admin (account "STEAM_0:0:57395618") (access "o") (address "94.19.82.22")
L 10/30/2017 - 21:24:57: -------- Mapchange to aim_headshot --------
L 10/30/2017 - 21:24:58: [admin.amxx] Login: "G18*UNREAL<17><STEAM_0:0:57395618><>" became an admin (account "STEAM_0:0:57395618") (access "o") (address "94.19.82.22")
L 10/30/2017 - 21:25:01: [admin.amxx] Login: "G18*UNREAL<18><STEAM_0:0:57395618><>" became an admin (account "STEAM_0:0:57395618") (access "o") (address "94.19.82.22")
L 10/30/2017 - 21:42:57: [mapchooser.amxx] Vote: Voting for the nextmap started
L 10/30/2017 - 21:43:12: [mapchooser.amxx] Vote: Voting for the nextmap finished. The nextmap will be awp_city2
L 10/30/2017 - 21:56:34: -------- Mapchange to awp_city2 --------
L 10/30/2017 - 22:14:34: [mapchooser.amxx] Vote: Voting for the nextmap started
L 10/30/2017 - 22:14:49: [mapchooser.amxx] Vote: Voting for the nextmap finished. The nextmap will be cs_office2
L 10/30/2017 - 22:28:10: -------- Mapchange to cs_office2 --------
L 10/30/2017 - 22:45:23: -------- Mapchange to de_dust2 --------
L 10/30/2017 - 22:45:28: [admin.amxx] Login: "DeWolt<1><STEAM_0:0:19404857><>" became an admin (account "STEAM_0:0:19404857") (access "abcdefghijklmnpqrstuvw") (address "212.104.90.17")
L 10/30/2017 - 22:49:24: -------- Mapchange to de_dust2 --------
L 10/30/2017 - 22:49:43: -------- Mapchange to de_dust2 --------
L 10/30/2017 - 22:49:56: [admin.amxx] Login: "DeWolt<1><STEAM_0:0:19404857><>" became an admin (account "STEAM_0:0:19404857") (access "abcdefghijklmnpqrstuvw") (address "212.104.90.17")
L 10/30/2017 - 22:50:41: [admin.amxx] Login: "G18*UNREAL<2><STEAM_0:0:57395618><>" became an admin (account "STEAM_0:0:57395618") (access "o") (address "94.19.82.22")
L 10/30/2017 - 22:54:41: [mapsmenu.amxx] Cmd: "DeWolt<1><STEAM_0:0:19404857><>" changelevel "awp_india"
L 10/30/2017 - 22:54:43: -------- Mapchange to awp_india --------
L 10/30/2017 - 22:54:44: [admin.amxx] Login: "DeWolt<1><STEAM_0:0:19404857><>" became an admin (account "STEAM_0:0:19404857") (access "abcdefghijklmnpqrstuvw") (address "212.104.90.17")
L 10/30/2017 - 23:16:57: [plmenu.amxx] Ban: "DeWolt<1><STEAM_0:0:19404857><>" ban and kick "KpuBbIe PyKu | Style<6><STEAM_0:1:40301583><>" (minutes "0")
L 10/30/2017 - 23:25:28: [mapchooser.amxx] Vote: Voting for the nextmap started
L 10/30/2017 - 23:25:43: [mapchooser.amxx] Vote: Voting for the nextmap finished. The nextmap will be de_dust2_2x2
L 10/30/2017 - 23:27:44: -------- Mapchange to de_dust2_2x2 --------
L 10/30/2017 - 23:27:45: [admin.amxx] Login: "DeWolt<1><STEAM_0:0:19404857><>" became an admin (account "STEAM_0:0:19404857") (access "abcdefghijklmnpqrstuvw") (address "212.104.90.17")
L 10/30/2017 - 23:45:44: [mapchooser.amxx] Vote: Voting for the nextmap started
L 10/30/2017 - 23:45:59: [mapchooser.amxx] Vote: Voting for the nextmap finished. The nextmap will be aim_headshot
