L 11/01/2017 - 00:07:50: [mapchooser.amxx] Vote: Voting for the nextmap started
L 11/01/2017 - 00:08:05: [mapchooser.amxx] Vote: Voting for the nextmap finished. The nextmap will be de_dust2_2014
L 11/01/2017 - 00:10:14: -------- Mapchange to de_dust2_2014 --------
L 11/01/2017 - 00:28:13: [mapchooser.amxx] Vote: Voting for the nextmap started
L 11/01/2017 - 00:28:28: [mapchooser.amxx] Vote: Voting for the nextmap finished. The nextmap will be de_dust2_medieval
L 11/01/2017 - 00:30:37: -------- Mapchange to de_dust2_medieval --------
L 11/01/2017 - 00:48:37: [mapchooser.amxx] Vote: Voting for the nextmap started
L 11/01/2017 - 00:48:52: [mapchooser.amxx] Vote: Voting for the nextmap finished. The nextmap will be de_dust2_suncsm
L 11/01/2017 - 00:51:01: -------- Mapchange to de_dust2_suncsm --------
L 11/01/2017 - 01:09:01: [mapchooser.amxx] Vote: Voting for the nextmap started
L 11/01/2017 - 01:09:16: [mapchooser.amxx] Vote: Voting for the nextmap finished. The nextmap will be de_dustroyal
L 11/01/2017 - 01:11:25: -------- Mapchange to de_dustroyal --------
L 11/01/2017 - 01:29:25: [mapchooser.amxx] Vote: Voting for the nextmap started
L 11/01/2017 - 01:29:40: [mapchooser.amxx] Vote: Voting for the nextmap finished. The nextmap will be de_nust2
L 11/01/2017 - 01:31:49: -------- Mapchange to de_nust2 --------
L 11/01/2017 - 01:49:49: [mapchooser.amxx] Vote: Voting for the nextmap started
L 11/01/2017 - 01:50:04: [mapchooser.amxx] Vote: Voting for the nextmap finished. The nextmap will be de_zook
L 11/01/2017 - 01:52:13: -------- Mapchange to de_zook --------
L 11/01/2017 - 02:10:13: [mapchooser.amxx] Vote: Voting for the nextmap started
L 11/01/2017 - 02:10:28: [mapchooser.amxx] Vote: Voting for the nextmap finished. The nextmap will be de_inferno2010
L 11/01/2017 - 02:12:38: -------- Mapchange to de_inferno2010 --------
L 11/01/2017 - 02:30:37: [mapchooser.amxx] Vote: Voting for the nextmap started
L 11/01/2017 - 02:30:53: [mapchooser.amxx] Vote: Voting for the nextmap finished. The nextmap will be de_kabul_32
L 11/01/2017 - 02:33:01: -------- Mapchange to de_kabul_32 --------
L 11/01/2017 - 02:51:01: [mapchooser.amxx] Vote: Voting for the nextmap started
L 11/01/2017 - 02:51:16: [mapchooser.amxx] Vote: Voting for the nextmap finished. The nextmap will be de_westwood
L 11/01/2017 - 02:53:25: -------- Mapchange to de_westwood --------
L 11/01/2017 - 03:11:22: [mapchooser.amxx] Vote: Voting for the nextmap started
L 11/01/2017 - 03:11:37: [mapchooser.amxx] Vote: Voting for the nextmap finished. The nextmap will be css_kabul
L 11/01/2017 - 03:13:46: -------- Mapchange to css_kabul --------
L 11/01/2017 - 03:31:46: [mapchooser.amxx] Vote: Voting for the nextmap started
L 11/01/2017 - 03:32:01: [mapchooser.amxx] Vote: Voting for the nextmap finished. The nextmap will be fy_dust
L 11/01/2017 - 03:34:10: -------- Mapchange to fy_dust --------
L 11/01/2017 - 03:52:10: [mapchooser.amxx] Vote: Voting for the nextmap started
L 11/01/2017 - 03:52:25: [mapchooser.amxx] Vote: Voting for the nextmap finished. The nextmap will be fy_pool_day
L 11/01/2017 - 03:54:34: -------- Mapchange to fy_pool_day --------
L 11/01/2017 - 04:12:34: [mapchooser.amxx] Vote: Voting for the nextmap started
L 11/01/2017 - 04:12:49: [mapchooser.amxx] Vote: Voting for the nextmap finished. The nextmap will be cs_italy
L 11/01/2017 - 04:14:58: -------- Mapchange to cs_italy --------
L 11/01/2017 - 04:32:58: [mapchooser.amxx] Vote: Voting for the nextmap started
L 11/01/2017 - 04:33:13: [mapchooser.amxx] Vote: Voting for the nextmap finished. The nextmap will be cs_militia
L 11/01/2017 - 04:35:22: -------- Mapchange to cs_militia --------
L 11/01/2017 - 04:53:21: [mapchooser.amxx] Vote: Voting for the nextmap started
L 11/01/2017 - 04:53:37: [mapchooser.amxx] Vote: Voting for the nextmap finished. The nextmap will be cs_office
L 11/01/2017 - 04:55:45: -------- Mapchange to cs_office --------
L 11/01/2017 - 05:13:45: [mapchooser.amxx] Vote: Voting for the nextmap started
L 11/01/2017 - 05:14:00: [mapchooser.amxx] Vote: Voting for the nextmap finished. The nextmap will be de_aztec
L 11/01/2017 - 05:16:09: -------- Mapchange to de_aztec --------
L 11/01/2017 - 05:34:09: [mapchooser.amxx] Vote: Voting for the nextmap started
L 11/01/2017 - 05:34:24: [mapchooser.amxx] Vote: Voting for the nextmap finished. The nextmap will be de_cbble
L 11/01/2017 - 05:36:33: -------- Mapchange to de_cbble --------
L 11/01/2017 - 05:54:33: [mapchooser.amxx] Vote: Voting for the nextmap started
L 11/01/2017 - 05:54:48: [mapchooser.amxx] Vote: Voting for the nextmap finished. The nextmap will be de_dust
L 11/01/2017 - 05:56:57: -------- Mapchange to de_dust --------
L 11/01/2017 - 06:14:57: [mapchooser.amxx] Vote: Voting for the nextmap started
L 11/01/2017 - 06:15:12: [mapchooser.amxx] Vote: Voting for the nextmap finished. The nextmap will be de_dust2
L 11/01/2017 - 06:17:21: -------- Mapchange to de_dust2 --------
L 11/01/2017 - 06:35:21: [mapchooser.amxx] Vote: Voting for the nextmap started
L 11/01/2017 - 06:35:36: [mapchooser.amxx] Vote: Voting for the nextmap finished. The nextmap will be de_inferno
L 11/01/2017 - 06:37:45: -------- Mapchange to de_inferno --------
L 11/01/2017 - 06:55:44: [mapchooser.amxx] Vote: Voting for the nextmap started
L 11/01/2017 - 06:55:59: [mapchooser.amxx] Vote: Voting for the nextmap finished. The nextmap will be de_nuke
L 11/01/2017 - 06:58:08: -------- Mapchange to de_nuke --------
L 11/01/2017 - 07:16:08: [mapchooser.amxx] Vote: Voting for the nextmap started
L 11/01/2017 - 07:16:23: [mapchooser.amxx] Vote: Voting for the nextmap finished. The nextmap will be de_train
L 11/01/2017 - 07:18:32: -------- Mapchange to de_train --------
L 11/01/2017 - 07:36:32: [mapchooser.amxx] Vote: Voting for the nextmap started
L 11/01/2017 - 07:36:47: [mapchooser.amxx] Vote: Voting for the nextmap finished. The nextmap will be awp_india
L 11/01/2017 - 07:38:56: -------- Mapchange to awp_india --------
L 11/01/2017 - 07:56:56: [mapchooser.amxx] Vote: Voting for the nextmap started
L 11/01/2017 - 07:57:11: [mapchooser.amxx] Vote: Voting for the nextmap finished. The nextmap will be 4_houses
L 11/01/2017 - 07:59:20: -------- Mapchange to 4_houses --------
L 11/01/2017 - 08:17:20: [mapchooser.amxx] Vote: Voting for the nextmap started
L 11/01/2017 - 08:17:35: [mapchooser.amxx] Vote: Voting for the nextmap finished. The nextmap will be aim_headshot
L 11/01/2017 - 08:19:44: -------- Mapchange to aim_headshot --------
L 11/01/2017 - 08:37:43: [mapchooser.amxx] Vote: Voting for the nextmap started
L 11/01/2017 - 08:37:58: [mapchooser.amxx] Vote: Voting for the nextmap finished. The nextmap will be awp_city2
L 11/01/2017 - 08:40:07: -------- Mapchange to awp_city2 --------
L 11/01/2017 - 08:58:07: [mapchooser.amxx] Vote: Voting for the nextmap started
L 11/01/2017 - 08:58:22: [mapchooser.amxx] Vote: Voting for the nextmap finished. The nextmap will be cs_office2
L 11/01/2017 - 09:00:31: -------- Mapchange to cs_office2 --------
L 11/01/2017 - 09:18:31: [mapchooser.amxx] Vote: Voting for the nextmap started
L 11/01/2017 - 09:18:46: [mapchooser.amxx] Vote: Voting for the nextmap finished. The nextmap will be cs_pf_dust
L 11/01/2017 - 09:20:55: -------- Mapchange to cs_pf_dust --------
L 11/01/2017 - 09:38:55: [mapchooser.amxx] Vote: Voting for the nextmap started
L 11/01/2017 - 09:39:10: [mapchooser.amxx] Vote: Voting for the nextmap finished. The nextmap will be de_cpl_mill
L 11/01/2017 - 09:41:19: -------- Mapchange to de_cpl_mill --------
L 11/01/2017 - 09:59:19: [mapchooser.amxx] Vote: Voting for the nextmap started
L 11/01/2017 - 09:59:34: [mapchooser.amxx] Vote: Voting for the nextmap finished. The nextmap will be de_dust2_2x2
L 11/01/2017 - 10:01:42: -------- Mapchange to de_dust2_2x2 --------
L 11/01/2017 - 10:19:42: [mapchooser.amxx] Vote: Voting for the nextmap started
L 11/01/2017 - 10:19:57: [mapchooser.amxx] Vote: Voting for the nextmap finished. The nextmap will be de_dust2002
L 11/01/2017 - 10:22:06: -------- Mapchange to de_dust2002 --------
L 11/01/2017 - 10:55:21: [mapchooser.amxx] Vote: Voting for the nextmap started
L 11/01/2017 - 10:55:36: [mapchooser.amxx] Vote: Voting for the nextmap finished. The nextmap will be de_dustall
L 11/01/2017 - 10:57:34: -------- Mapchange to de_dustall --------
L 11/01/2017 - 11:15:34: [mapchooser.amxx] Vote: Voting for the nextmap started
L 11/01/2017 - 11:15:49: [mapchooser.amxx] Vote: Voting for the nextmap finished. The nextmap will be de_dustall2
L 11/01/2017 - 11:33:03: -------- Mapchange to de_dustall2 --------
L 11/01/2017 - 11:51:03: [mapchooser.amxx] Vote: Voting for the nextmap started
L 11/01/2017 - 11:51:18: [mapchooser.amxx] Vote: Voting for the nextmap finished. The nextmap will be de_indust2
L 11/01/2017 - 12:08:31: -------- Mapchange to de_indust2 --------
L 11/01/2017 - 12:26:31: [mapchooser.amxx] Vote: Voting for the nextmap started
L 11/01/2017 - 12:26:46: [mapchooser.amxx] Vote: Voting for the nextmap finished. The nextmap will be css_dust2
L 11/01/2017 - 12:43:59: -------- Mapchange to css_dust2 --------
L 11/01/2017 - 13:15:29: [mapchooser.amxx] Vote: Voting for the nextmap started
L 11/01/2017 - 13:15:44: [mapchooser.amxx] Vote: Voting for the nextmap finished. The nextmap will be de_dust
L 11/01/2017 - 13:17:41: -------- Mapchange to de_dust --------
L 11/01/2017 - 13:36:11: [mapchooser.amxx] Vote: Voting for the nextmap started
L 11/01/2017 - 13:36:26: [mapchooser.amxx] Vote: Voting for the nextmap finished. The nextmap will be de_dust2_2014
L 11/01/2017 - 13:38:21: -------- Mapchange to de_dust2_2014 --------
L 11/01/2017 - 13:56:21: [mapchooser.amxx] Vote: Voting for the nextmap started
L 11/01/2017 - 13:56:36: [mapchooser.amxx] Vote: Voting for the nextmap finished. The nextmap will be de_dust2_medieval
L 11/01/2017 - 13:59:01: -------- Mapchange to de_dust2_medieval --------
L 11/01/2017 - 14:17:01: [mapchooser.amxx] Vote: Voting for the nextmap started
L 11/01/2017 - 14:17:16: [mapchooser.amxx] Vote: Voting for the nextmap finished. The nextmap will be de_dust2_suncsm
L 11/01/2017 - 14:19:40: -------- Mapchange to de_dust2_suncsm --------
L 11/01/2017 - 14:37:40: [mapchooser.amxx] Vote: Voting for the nextmap started
L 11/01/2017 - 14:37:55: [mapchooser.amxx] Vote: Voting for the nextmap finished. The nextmap will be de_dustroyal
L 11/01/2017 - 14:40:20: -------- Mapchange to de_dustroyal --------
L 11/01/2017 - 14:58:20: [mapchooser.amxx] Vote: Voting for the nextmap started
L 11/01/2017 - 14:58:35: [mapchooser.amxx] Vote: Voting for the nextmap finished. The nextmap will be de_nust2
L 11/01/2017 - 15:01:00: -------- Mapchange to de_nust2 --------
L 11/01/2017 - 15:19:00: [mapchooser.amxx] Vote: Voting for the nextmap started
L 11/01/2017 - 15:19:15: [mapchooser.amxx] Vote: Voting for the nextmap finished. The nextmap will be de_zook
L 11/01/2017 - 15:21:40: -------- Mapchange to de_zook --------
L 11/01/2017 - 15:39:39: [mapchooser.amxx] Vote: Voting for the nextmap started
L 11/01/2017 - 15:39:55: [mapchooser.amxx] Vote: Voting for the nextmap finished. The nextmap will be de_inferno2010
L 11/01/2017 - 15:42:20: -------- Mapchange to de_inferno2010 --------
L 11/01/2017 - 16:00:20: [mapchooser.amxx] Vote: Voting for the nextmap started
L 11/01/2017 - 16:00:35: [mapchooser.amxx] Vote: Voting for the nextmap finished. The nextmap will be de_kabul_32
L 11/01/2017 - 16:02:59: -------- Mapchange to de_kabul_32 --------
L 11/01/2017 - 16:20:59: [mapchooser.amxx] Vote: Voting for the nextmap started
L 11/01/2017 - 16:21:14: [mapchooser.amxx] Vote: Voting for the nextmap finished. The nextmap will be de_westwood
L 11/01/2017 - 16:23:39: -------- Mapchange to de_westwood --------
L 11/01/2017 - 16:41:39: [mapchooser.amxx] Vote: Voting for the nextmap started
L 11/01/2017 - 16:41:54: [mapchooser.amxx] Vote: Voting for the nextmap finished. The nextmap will be css_kabul
L 11/01/2017 - 16:44:19: -------- Mapchange to css_kabul --------
L 11/01/2017 - 17:02:18: [mapchooser.amxx] Vote: Voting for the nextmap started
L 11/01/2017 - 17:02:34: [mapchooser.amxx] Vote: Voting for the nextmap finished. The nextmap will be fy_dust
L 11/01/2017 - 17:04:58: -------- Mapchange to fy_dust --------
L 11/01/2017 - 17:22:58: [mapchooser.amxx] Vote: Voting for the nextmap started
L 11/01/2017 - 17:23:13: [mapchooser.amxx] Vote: Voting for the nextmap finished. The nextmap will be fy_pool_day
L 11/01/2017 - 17:25:38: -------- Mapchange to fy_pool_day --------
L 11/01/2017 - 18:00:38: [mapchooser.amxx] Vote: Voting for the nextmap started
L 11/01/2017 - 18:00:53: [mapchooser.amxx] Vote: Voting for the nextmap finished. The nextmap will be cs_office
L 11/01/2017 - 18:02:56: -------- Mapchange to cs_office --------
L 11/01/2017 - 18:49:25: [mapchooser.amxx] Vote: Voting for the nextmap started
L 11/01/2017 - 18:49:41: [mapchooser.amxx] Vote: Voting for the nextmap finished. Map cs_office will be extended to next 20 minutes
L 11/01/2017 - 19:09:25: [mapchooser.amxx] Vote: Voting for the nextmap started
L 11/01/2017 - 19:09:40: [mapchooser.amxx] Vote: Voting for the nextmap finished. The nextmap will be awp_city2
L 11/01/2017 - 19:11:36: -------- Mapchange to awp_city2 --------
L 11/01/2017 - 20:19:35: [mapchooser.amxx] Vote: Voting for the nextmap started
L 11/01/2017 - 20:19:50: [mapchooser.amxx] Vote: Voting for the nextmap finished. The nextmap will be cs_office
L 11/01/2017 - 20:21:47: -------- Mapchange to cs_office --------
L 11/01/2017 - 20:59:47: [mapchooser.amxx] Vote: Voting for the nextmap started
L 11/01/2017 - 21:00:02: [mapchooser.amxx] Vote: Voting for the nextmap finished. The nextmap will be de_aztec
L 11/01/2017 - 21:31:58: -------- Mapchange to de_aztec --------
L 11/01/2017 - 22:14:28: [mapchooser.amxx] Vote: Voting for the nextmap started
L 11/01/2017 - 22:14:43: [mapchooser.amxx] Vote: Voting for the nextmap finished. The nextmap will be de_cbble
L 11/01/2017 - 22:16:38: -------- Mapchange to de_cbble --------
L 11/01/2017 - 22:54:53: [mapchooser.amxx] Vote: Voting for the nextmap started
L 11/01/2017 - 22:55:08: [mapchooser.amxx] Vote: Voting for the nextmap finished. The nextmap will be aim_headshot
L 11/01/2017 - 22:57:11: -------- Mapchange to aim_headshot --------
L 11/01/2017 - 23:35:26: [mapchooser.amxx] Vote: Voting for the nextmap started
L 11/01/2017 - 23:35:41: [mapchooser.amxx] Vote: Voting for the nextmap finished. The nextmap will be de_dust2
L 11/01/2017 - 23:37:45: -------- Mapchange to de_dust2 --------
