L 10/12/2017 - 00:05:55: [mapchooser.amxx] Vote: Voting for the nextmap started
L 10/12/2017 - 00:06:10: [mapchooser.amxx] Vote: Voting for the nextmap finished. The nextmap will be cs_747
L 10/12/2017 - 00:08:46: -------- Mapchange to cs_747 --------
L 10/12/2017 - 00:36:46: [mapchooser.amxx] Vote: Voting for the nextmap started
L 10/12/2017 - 00:37:01: [mapchooser.amxx] Vote: Voting for the nextmap finished. The nextmap will be de_prodigy
L 10/12/2017 - 00:39:37: -------- Mapchange to de_prodigy --------
L 10/12/2017 - 01:07:37: [mapchooser.amxx] Vote: Voting for the nextmap started
L 10/12/2017 - 01:07:52: [mapchooser.amxx] Vote: Voting for the nextmap finished. The nextmap will be cs_assault
L 10/12/2017 - 01:10:27: -------- Mapchange to cs_assault --------
L 10/12/2017 - 01:38:27: [mapchooser.amxx] Vote: Voting for the nextmap started
L 10/12/2017 - 01:38:42: [mapchooser.amxx] Vote: Voting for the nextmap finished. The nextmap will be cs_office
L 10/12/2017 - 01:41:18: -------- Mapchange to cs_office --------
L 10/12/2017 - 02:09:18: [mapchooser.amxx] Vote: Voting for the nextmap started
L 10/12/2017 - 02:09:33: [mapchooser.amxx] Vote: Voting for the nextmap finished. The nextmap will be cs_italy
L 10/12/2017 - 02:12:09: -------- Mapchange to cs_italy --------
L 10/12/2017 - 02:40:09: [mapchooser.amxx] Vote: Voting for the nextmap started
L 10/12/2017 - 02:40:24: [mapchooser.amxx] Vote: Voting for the nextmap finished. The nextmap will be cs_backalley
L 10/12/2017 - 02:42:59: -------- Mapchange to cs_backalley --------
L 10/12/2017 - 03:10:56: [mapchooser.amxx] Vote: Voting for the nextmap started
L 10/12/2017 - 03:11:11: [mapchooser.amxx] Vote: Voting for the nextmap finished. The nextmap will be cs_militia
L 10/12/2017 - 03:13:47: -------- Mapchange to cs_militia --------
L 10/12/2017 - 03:41:47: [mapchooser.amxx] Vote: Voting for the nextmap started
L 10/12/2017 - 03:42:02: [mapchooser.amxx] Vote: Voting for the nextmap finished. The nextmap will be de_train
L 10/12/2017 - 03:44:38: -------- Mapchange to de_train --------
L 10/12/2017 - 04:12:37: [mapchooser.amxx] Vote: Voting for the nextmap started
L 10/12/2017 - 04:12:53: [mapchooser.amxx] Vote: Voting for the nextmap finished. The nextmap will be de_airstrip
L 10/12/2017 - 04:15:28: -------- Mapchange to de_airstrip --------
L 10/12/2017 - 04:43:28: [mapchooser.amxx] Vote: Voting for the nextmap started
L 10/12/2017 - 04:43:43: [mapchooser.amxx] Vote: Voting for the nextmap finished. The nextmap will be cs_havana
L 10/12/2017 - 04:46:19: -------- Mapchange to cs_havana --------
L 10/12/2017 - 05:14:19: [mapchooser.amxx] Vote: Voting for the nextmap started
L 10/12/2017 - 05:14:34: [mapchooser.amxx] Vote: Voting for the nextmap finished. The nextmap will be de_chateau
L 10/12/2017 - 05:17:10: -------- Mapchange to de_chateau --------
L 10/12/2017 - 05:45:09: [mapchooser.amxx] Vote: Voting for the nextmap started
L 10/12/2017 - 05:45:25: [mapchooser.amxx] Vote: Voting for the nextmap finished. The nextmap will be de_aztec
L 10/12/2017 - 05:48:00: -------- Mapchange to de_aztec --------
L 10/12/2017 - 06:16:00: [mapchooser.amxx] Vote: Voting for the nextmap started
L 10/12/2017 - 06:16:15: [mapchooser.amxx] Vote: Voting for the nextmap finished. The nextmap will be as_oilrig
L 10/12/2017 - 06:18:51: -------- Mapchange to as_oilrig --------
L 10/12/2017 - 06:46:51: [mapchooser.amxx] Vote: Voting for the nextmap started
L 10/12/2017 - 06:47:06: [mapchooser.amxx] Vote: Voting for the nextmap finished. The nextmap will be cs_siege
L 10/12/2017 - 06:49:41: -------- Mapchange to cs_siege --------
L 10/12/2017 - 07:17:41: [mapchooser.amxx] Vote: Voting for the nextmap started
L 10/12/2017 - 07:17:56: [mapchooser.amxx] Vote: Voting for the nextmap finished. The nextmap will be de_cbble
L 10/12/2017 - 07:20:32: -------- Mapchange to de_cbble --------
L 10/12/2017 - 07:48:32: [mapchooser.amxx] Vote: Voting for the nextmap started
L 10/12/2017 - 07:48:47: [mapchooser.amxx] Vote: Voting for the nextmap finished. The nextmap will be de_dust
L 10/12/2017 - 07:51:23: -------- Mapchange to de_dust --------
L 10/12/2017 - 08:19:22: [mapchooser.amxx] Vote: Voting for the nextmap started
L 10/12/2017 - 08:19:37: [mapchooser.amxx] Vote: Voting for the nextmap finished. The nextmap will be cs_747
L 10/12/2017 - 08:22:13: -------- Mapchange to cs_747 --------
L 10/12/2017 - 08:50:13: [mapchooser.amxx] Vote: Voting for the nextmap started
L 10/12/2017 - 08:50:28: [mapchooser.amxx] Vote: Voting for the nextmap finished. The nextmap will be de_prodigy
L 10/12/2017 - 08:53:04: -------- Mapchange to de_prodigy --------
L 10/12/2017 - 09:21:04: [mapchooser.amxx] Vote: Voting for the nextmap started
L 10/12/2017 - 09:21:19: [mapchooser.amxx] Vote: Voting for the nextmap finished. The nextmap will be cs_assault
L 10/12/2017 - 09:23:54: -------- Mapchange to cs_assault --------
L 10/12/2017 - 09:51:54: [mapchooser.amxx] Vote: Voting for the nextmap started
L 10/12/2017 - 09:52:09: [mapchooser.amxx] Vote: Voting for the nextmap finished. The nextmap will be cs_office
L 10/12/2017 - 09:54:45: -------- Mapchange to cs_office --------
L 10/12/2017 - 10:22:45: [mapchooser.amxx] Vote: Voting for the nextmap started
L 10/12/2017 - 10:23:00: [mapchooser.amxx] Vote: Voting for the nextmap finished. The nextmap will be cs_italy
L 10/12/2017 - 10:25:36: -------- Mapchange to cs_italy --------
L 10/12/2017 - 10:53:35: [mapchooser.amxx] Vote: Voting for the nextmap started
L 10/12/2017 - 10:53:51: [mapchooser.amxx] Vote: Voting for the nextmap finished. The nextmap will be cs_backalley
L 10/12/2017 - 10:56:26: -------- Mapchange to cs_backalley --------
L 10/12/2017 - 11:24:26: [mapchooser.amxx] Vote: Voting for the nextmap started
L 10/12/2017 - 11:24:41: [mapchooser.amxx] Vote: Voting for the nextmap finished. The nextmap will be cs_militia
L 10/12/2017 - 11:27:17: -------- Mapchange to cs_militia --------
L 10/12/2017 - 11:55:17: [mapchooser.amxx] Vote: Voting for the nextmap started
L 10/12/2017 - 11:55:32: [mapchooser.amxx] Vote: Voting for the nextmap finished. The nextmap will be de_train
L 10/12/2017 - 11:58:08: -------- Mapchange to de_train --------
L 10/12/2017 - 12:26:07: [mapchooser.amxx] Vote: Voting for the nextmap started
L 10/12/2017 - 12:26:23: [mapchooser.amxx] Vote: Voting for the nextmap finished. The nextmap will be de_airstrip
L 10/12/2017 - 12:28:58: -------- Mapchange to de_airstrip --------
L 10/12/2017 - 12:56:58: [mapchooser.amxx] Vote: Voting for the nextmap started
L 10/12/2017 - 12:57:13: [mapchooser.amxx] Vote: Voting for the nextmap finished. The nextmap will be cs_havana
L 10/12/2017 - 12:59:49: -------- Mapchange to cs_havana --------
L 10/12/2017 - 13:27:49: [mapchooser.amxx] Vote: Voting for the nextmap started
L 10/12/2017 - 13:28:04: [mapchooser.amxx] Vote: Voting for the nextmap finished. The nextmap will be de_chateau
L 10/12/2017 - 13:30:40: -------- Mapchange to de_chateau --------
L 10/12/2017 - 13:58:39: [mapchooser.amxx] Vote: Voting for the nextmap started
L 10/12/2017 - 13:58:54: [mapchooser.amxx] Vote: Voting for the nextmap finished. The nextmap will be de_aztec
L 10/12/2017 - 14:01:30: -------- Mapchange to de_aztec --------
L 10/12/2017 - 14:29:30: [mapchooser.amxx] Vote: Voting for the nextmap started
L 10/12/2017 - 14:29:45: [mapchooser.amxx] Vote: Voting for the nextmap finished. The nextmap will be as_oilrig
L 10/12/2017 - 14:32:21: -------- Mapchange to as_oilrig --------
L 10/12/2017 - 15:00:21: [mapchooser.amxx] Vote: Voting for the nextmap started
L 10/12/2017 - 15:00:36: [mapchooser.amxx] Vote: Voting for the nextmap finished. The nextmap will be cs_siege
L 10/12/2017 - 15:03:11: -------- Mapchange to cs_siege --------
L 10/12/2017 - 15:31:11: [mapchooser.amxx] Vote: Voting for the nextmap started
L 10/12/2017 - 15:31:26: [mapchooser.amxx] Vote: Voting for the nextmap finished. The nextmap will be de_cbble
L 10/12/2017 - 15:34:02: -------- Mapchange to de_cbble --------
L 10/12/2017 - 16:02:02: [mapchooser.amxx] Vote: Voting for the nextmap started
L 10/12/2017 - 16:02:17: [mapchooser.amxx] Vote: Voting for the nextmap finished. The nextmap will be de_dust
L 10/12/2017 - 16:04:53: -------- Mapchange to de_dust --------
L 10/12/2017 - 16:32:52: [mapchooser.amxx] Vote: Voting for the nextmap started
L 10/12/2017 - 16:33:08: [mapchooser.amxx] Vote: Voting for the nextmap finished. The nextmap will be cs_747
L 10/12/2017 - 16:35:43: -------- Mapchange to cs_747 --------
L 10/12/2017 - 17:03:43: [mapchooser.amxx] Vote: Voting for the nextmap started
L 10/12/2017 - 17:03:58: [mapchooser.amxx] Vote: Voting for the nextmap finished. The nextmap will be de_prodigy
L 10/12/2017 - 17:06:34: -------- Mapchange to de_prodigy --------
L 10/12/2017 - 17:34:34: [mapchooser.amxx] Vote: Voting for the nextmap started
L 10/12/2017 - 17:34:49: [mapchooser.amxx] Vote: Voting for the nextmap finished. The nextmap will be cs_assault
L 10/12/2017 - 17:37:24: -------- Mapchange to cs_assault --------
L 10/12/2017 - 18:05:24: [mapchooser.amxx] Vote: Voting for the nextmap started
L 10/12/2017 - 18:05:39: [mapchooser.amxx] Vote: Voting for the nextmap finished. The nextmap will be cs_office
L 10/12/2017 - 18:08:15: -------- Mapchange to cs_office --------
L 10/12/2017 - 18:36:15: [mapchooser.amxx] Vote: Voting for the nextmap started
L 10/12/2017 - 18:36:30: [mapchooser.amxx] Vote: Voting for the nextmap finished. The nextmap will be cs_italy
L 10/12/2017 - 18:39:06: -------- Mapchange to cs_italy --------
L 10/12/2017 - 19:07:05: [mapchooser.amxx] Vote: Voting for the nextmap started
L 10/12/2017 - 19:07:20: [mapchooser.amxx] Vote: Voting for the nextmap finished. The nextmap will be cs_backalley
L 10/12/2017 - 19:09:56: -------- Mapchange to cs_backalley --------
L 10/12/2017 - 19:37:56: [mapchooser.amxx] Vote: Voting for the nextmap started
L 10/12/2017 - 19:38:11: [mapchooser.amxx] Vote: Voting for the nextmap finished. The nextmap will be cs_militia
L 10/12/2017 - 19:40:47: -------- Mapchange to cs_militia --------
L 10/12/2017 - 20:08:47: [mapchooser.amxx] Vote: Voting for the nextmap started
L 10/12/2017 - 20:09:02: [mapchooser.amxx] Vote: Voting for the nextmap finished. The nextmap will be de_train
L 10/12/2017 - 20:11:37: -------- Mapchange to de_train --------
L 10/12/2017 - 20:39:37: [mapchooser.amxx] Vote: Voting for the nextmap started
L 10/12/2017 - 20:39:52: [mapchooser.amxx] Vote: Voting for the nextmap finished. The nextmap will be de_airstrip
L 10/12/2017 - 20:42:28: -------- Mapchange to de_airstrip --------
L 10/12/2017 - 21:10:28: [mapchooser.amxx] Vote: Voting for the nextmap started
L 10/12/2017 - 21:10:43: [mapchooser.amxx] Vote: Voting for the nextmap finished. The nextmap will be cs_havana
L 10/12/2017 - 21:13:19: -------- Mapchange to cs_havana --------
L 10/12/2017 - 21:41:19: [mapchooser.amxx] Vote: Voting for the nextmap started
L 10/12/2017 - 21:41:34: [mapchooser.amxx] Vote: Voting for the nextmap finished. The nextmap will be de_chateau
L 10/12/2017 - 21:44:09: -------- Mapchange to de_chateau --------
L 10/12/2017 - 22:12:09: [mapchooser.amxx] Vote: Voting for the nextmap started
L 10/12/2017 - 22:12:24: [mapchooser.amxx] Vote: Voting for the nextmap finished. The nextmap will be de_aztec
L 10/12/2017 - 22:15:00: -------- Mapchange to de_aztec --------
L 10/12/2017 - 22:43:00: [mapchooser.amxx] Vote: Voting for the nextmap started
L 10/12/2017 - 22:43:15: [mapchooser.amxx] Vote: Voting for the nextmap finished. The nextmap will be as_oilrig
L 10/12/2017 - 22:45:51: -------- Mapchange to as_oilrig --------
L 10/12/2017 - 23:13:50: [mapchooser.amxx] Vote: Voting for the nextmap started
L 10/12/2017 - 23:14:06: [mapchooser.amxx] Vote: Voting for the nextmap finished. The nextmap will be cs_siege
L 10/12/2017 - 23:16:41: -------- Mapchange to cs_siege --------
L 10/12/2017 - 23:44:41: [mapchooser.amxx] Vote: Voting for the nextmap started
L 10/12/2017 - 23:44:56: [mapchooser.amxx] Vote: Voting for the nextmap finished. The nextmap will be de_cbble
L 10/12/2017 - 23:47:32: -------- Mapchange to de_cbble --------
