L 10/06/2017 - 00:03:30: [mapchooser.amxx] Vote: Voting for the nextmap started
L 10/06/2017 - 00:03:45: [mapchooser.amxx] Vote: Voting for the nextmap finished. The nextmap will be cs_militia
L 10/06/2017 - 00:05:39: -------- Mapchange to cs_militia --------
L 10/06/2017 - 00:33:39: [mapchooser.amxx] Vote: Voting for the nextmap started
L 10/06/2017 - 00:33:54: [mapchooser.amxx] Vote: Voting for the nextmap finished. The nextmap will be de_train
L 10/06/2017 - 00:35:48: -------- Mapchange to de_train --------
L 10/06/2017 - 01:03:48: [mapchooser.amxx] Vote: Voting for the nextmap started
L 10/06/2017 - 01:04:03: [mapchooser.amxx] Vote: Voting for the nextmap finished. The nextmap will be de_airstrip
L 10/06/2017 - 01:05:57: -------- Mapchange to de_airstrip --------
L 10/06/2017 - 01:33:57: [mapchooser.amxx] Vote: Voting for the nextmap started
L 10/06/2017 - 01:34:12: [mapchooser.amxx] Vote: Voting for the nextmap finished. The nextmap will be cs_havana
L 10/06/2017 - 01:36:06: -------- Mapchange to cs_havana --------
L 10/06/2017 - 02:04:06: [mapchooser.amxx] Vote: Voting for the nextmap started
L 10/06/2017 - 02:04:21: [mapchooser.amxx] Vote: Voting for the nextmap finished. The nextmap will be de_chateau
L 10/06/2017 - 02:06:15: -------- Mapchange to de_chateau --------
L 10/06/2017 - 02:34:14: [mapchooser.amxx] Vote: Voting for the nextmap started
L 10/06/2017 - 02:34:29: [mapchooser.amxx] Vote: Voting for the nextmap finished. The nextmap will be de_aztec
L 10/06/2017 - 02:36:24: -------- Mapchange to de_aztec --------
L 10/06/2017 - 03:04:20: [mapchooser.amxx] Vote: Voting for the nextmap started
L 10/06/2017 - 03:04:36: [mapchooser.amxx] Vote: Voting for the nextmap finished. The nextmap will be as_oilrig
L 10/06/2017 - 03:06:30: -------- Mapchange to as_oilrig --------
L 10/06/2017 - 03:34:29: [mapchooser.amxx] Vote: Voting for the nextmap started
L 10/06/2017 - 03:34:44: [mapchooser.amxx] Vote: Voting for the nextmap finished. The nextmap will be cs_siege
L 10/06/2017 - 03:36:38: -------- Mapchange to cs_siege --------
L 10/06/2017 - 04:04:38: [mapchooser.amxx] Vote: Voting for the nextmap started
L 10/06/2017 - 04:04:53: [mapchooser.amxx] Vote: Voting for the nextmap finished. The nextmap will be de_cbble
L 10/06/2017 - 04:06:47: -------- Mapchange to de_cbble --------
L 10/06/2017 - 04:34:47: [mapchooser.amxx] Vote: Voting for the nextmap started
L 10/06/2017 - 04:35:02: [mapchooser.amxx] Vote: Voting for the nextmap finished. The nextmap will be de_dust
L 10/06/2017 - 04:36:56: -------- Mapchange to de_dust --------
L 10/06/2017 - 05:04:56: [mapchooser.amxx] Vote: Voting for the nextmap started
L 10/06/2017 - 05:05:11: [mapchooser.amxx] Vote: Voting for the nextmap finished. The nextmap will be cs_747
L 10/06/2017 - 05:07:05: -------- Mapchange to cs_747 --------
L 10/06/2017 - 05:35:05: [mapchooser.amxx] Vote: Voting for the nextmap started
L 10/06/2017 - 05:35:20: [mapchooser.amxx] Vote: Voting for the nextmap finished. The nextmap will be de_prodigy
L 10/06/2017 - 05:37:14: -------- Mapchange to de_prodigy --------
L 10/06/2017 - 06:05:14: [mapchooser.amxx] Vote: Voting for the nextmap started
L 10/06/2017 - 06:05:29: [mapchooser.amxx] Vote: Voting for the nextmap finished. The nextmap will be cs_assault
L 10/06/2017 - 06:07:23: -------- Mapchange to cs_assault --------
L 10/06/2017 - 06:35:22: [mapchooser.amxx] Vote: Voting for the nextmap started
L 10/06/2017 - 06:35:38: [mapchooser.amxx] Vote: Voting for the nextmap finished. The nextmap will be cs_office
L 10/06/2017 - 06:37:31: -------- Mapchange to cs_office --------
L 10/06/2017 - 07:05:31: [mapchooser.amxx] Vote: Voting for the nextmap started
L 10/06/2017 - 07:05:46: [mapchooser.amxx] Vote: Voting for the nextmap finished. The nextmap will be cs_italy
L 10/06/2017 - 07:07:40: -------- Mapchange to cs_italy --------
L 10/06/2017 - 07:35:40: [mapchooser.amxx] Vote: Voting for the nextmap started
L 10/06/2017 - 07:35:55: [mapchooser.amxx] Vote: Voting for the nextmap finished. The nextmap will be cs_backalley
L 10/06/2017 - 07:37:49: -------- Mapchange to cs_backalley --------
L 10/06/2017 - 08:05:49: [mapchooser.amxx] Vote: Voting for the nextmap started
L 10/06/2017 - 08:06:04: [mapchooser.amxx] Vote: Voting for the nextmap finished. The nextmap will be cs_militia
L 10/06/2017 - 08:07:58: -------- Mapchange to cs_militia --------
L 10/06/2017 - 08:35:58: [mapchooser.amxx] Vote: Voting for the nextmap started
L 10/06/2017 - 08:36:13: [mapchooser.amxx] Vote: Voting for the nextmap finished. The nextmap will be de_train
L 10/06/2017 - 08:38:07: -------- Mapchange to de_train --------
L 10/06/2017 - 09:06:07: [mapchooser.amxx] Vote: Voting for the nextmap started
L 10/06/2017 - 09:06:22: [mapchooser.amxx] Vote: Voting for the nextmap finished. The nextmap will be de_airstrip
L 10/06/2017 - 09:08:16: -------- Mapchange to de_airstrip --------
L 10/06/2017 - 09:36:16: [mapchooser.amxx] Vote: Voting for the nextmap started
L 10/06/2017 - 09:36:31: [mapchooser.amxx] Vote: Voting for the nextmap finished. The nextmap will be cs_havana
L 10/06/2017 - 09:38:25: -------- Mapchange to cs_havana --------
L 10/06/2017 - 10:06:25: [mapchooser.amxx] Vote: Voting for the nextmap started
L 10/06/2017 - 10:06:40: [mapchooser.amxx] Vote: Voting for the nextmap finished. The nextmap will be de_chateau
L 10/06/2017 - 10:08:34: -------- Mapchange to de_chateau --------
L 10/06/2017 - 10:36:33: [mapchooser.amxx] Vote: Voting for the nextmap started
L 10/06/2017 - 10:36:49: [mapchooser.amxx] Vote: Voting for the nextmap finished. The nextmap will be de_aztec
L 10/06/2017 - 10:38:43: -------- Mapchange to de_aztec --------
L 10/06/2017 - 11:06:42: [mapchooser.amxx] Vote: Voting for the nextmap started
L 10/06/2017 - 11:06:57: [mapchooser.amxx] Vote: Voting for the nextmap finished. The nextmap will be as_oilrig
L 10/06/2017 - 11:08:51: -------- Mapchange to as_oilrig --------
L 10/06/2017 - 11:36:51: [mapchooser.amxx] Vote: Voting for the nextmap started
L 10/06/2017 - 11:37:06: [mapchooser.amxx] Vote: Voting for the nextmap finished. The nextmap will be cs_siege
L 10/06/2017 - 11:39:00: -------- Mapchange to cs_siege --------
L 10/06/2017 - 12:07:00: [mapchooser.amxx] Vote: Voting for the nextmap started
L 10/06/2017 - 12:07:15: [mapchooser.amxx] Vote: Voting for the nextmap finished. The nextmap will be de_cbble
L 10/06/2017 - 12:09:09: -------- Mapchange to de_cbble --------
L 10/06/2017 - 12:37:09: [mapchooser.amxx] Vote: Voting for the nextmap started
L 10/06/2017 - 12:37:24: [mapchooser.amxx] Vote: Voting for the nextmap finished. The nextmap will be de_dust
L 10/06/2017 - 12:39:18: -------- Mapchange to de_dust --------
L 10/06/2017 - 13:07:18: [mapchooser.amxx] Vote: Voting for the nextmap started
L 10/06/2017 - 13:07:33: [mapchooser.amxx] Vote: Voting for the nextmap finished. The nextmap will be cs_747
L 10/06/2017 - 13:09:27: -------- Mapchange to cs_747 --------
L 10/06/2017 - 13:37:27: [mapchooser.amxx] Vote: Voting for the nextmap started
L 10/06/2017 - 13:37:42: [mapchooser.amxx] Vote: Voting for the nextmap finished. The nextmap will be de_prodigy
L 10/06/2017 - 13:39:36: -------- Mapchange to de_prodigy --------
L 10/06/2017 - 14:07:36: [mapchooser.amxx] Vote: Voting for the nextmap started
L 10/06/2017 - 14:07:51: [mapchooser.amxx] Vote: Voting for the nextmap finished. The nextmap will be cs_assault
L 10/06/2017 - 14:09:45: -------- Mapchange to cs_assault --------
L 10/06/2017 - 14:37:44: [mapchooser.amxx] Vote: Voting for the nextmap started
L 10/06/2017 - 14:37:59: [mapchooser.amxx] Vote: Voting for the nextmap finished. The nextmap will be cs_office
L 10/06/2017 - 14:39:53: -------- Mapchange to cs_office --------
L 10/06/2017 - 15:07:53: [mapchooser.amxx] Vote: Voting for the nextmap started
L 10/06/2017 - 15:08:08: [mapchooser.amxx] Vote: Voting for the nextmap finished. The nextmap will be cs_italy
L 10/06/2017 - 15:10:02: -------- Mapchange to cs_italy --------
L 10/06/2017 - 15:38:02: [mapchooser.amxx] Vote: Voting for the nextmap started
L 10/06/2017 - 15:38:17: [mapchooser.amxx] Vote: Voting for the nextmap finished. The nextmap will be cs_backalley
L 10/06/2017 - 15:40:11: -------- Mapchange to cs_backalley --------
L 10/06/2017 - 16:08:11: [mapchooser.amxx] Vote: Voting for the nextmap started
L 10/06/2017 - 16:08:26: [mapchooser.amxx] Vote: Voting for the nextmap finished. The nextmap will be cs_militia
L 10/06/2017 - 16:10:20: -------- Mapchange to cs_militia --------
L 10/06/2017 - 16:38:20: [mapchooser.amxx] Vote: Voting for the nextmap started
L 10/06/2017 - 16:38:35: [mapchooser.amxx] Vote: Voting for the nextmap finished. The nextmap will be de_train
L 10/06/2017 - 16:40:29: -------- Mapchange to de_train --------
L 10/06/2017 - 17:08:29: [mapchooser.amxx] Vote: Voting for the nextmap started
L 10/06/2017 - 17:08:44: [mapchooser.amxx] Vote: Voting for the nextmap finished. The nextmap will be de_airstrip
L 10/06/2017 - 17:10:38: -------- Mapchange to de_airstrip --------
L 10/06/2017 - 17:38:38: [mapchooser.amxx] Vote: Voting for the nextmap started
L 10/06/2017 - 17:38:53: [mapchooser.amxx] Vote: Voting for the nextmap finished. The nextmap will be cs_havana
L 10/06/2017 - 17:40:47: -------- Mapchange to cs_havana --------
L 10/06/2017 - 18:08:47: [mapchooser.amxx] Vote: Voting for the nextmap started
L 10/06/2017 - 18:09:02: [mapchooser.amxx] Vote: Voting for the nextmap finished. The nextmap will be de_chateau
L 10/06/2017 - 18:10:56: -------- Mapchange to de_chateau --------
L 10/06/2017 - 18:38:56: [mapchooser.amxx] Vote: Voting for the nextmap started
L 10/06/2017 - 18:39:11: [mapchooser.amxx] Vote: Voting for the nextmap finished. The nextmap will be de_aztec
L 10/06/2017 - 18:41:05: -------- Mapchange to de_aztec --------
L 10/06/2017 - 19:09:04: [mapchooser.amxx] Vote: Voting for the nextmap started
L 10/06/2017 - 19:09:19: [mapchooser.amxx] Vote: Voting for the nextmap finished. The nextmap will be as_oilrig
L 10/06/2017 - 19:11:13: -------- Mapchange to as_oilrig --------
L 10/06/2017 - 19:39:13: [mapchooser.amxx] Vote: Voting for the nextmap started
L 10/06/2017 - 19:39:28: [mapchooser.amxx] Vote: Voting for the nextmap finished. The nextmap will be cs_siege
L 10/06/2017 - 19:41:22: -------- Mapchange to cs_siege --------
L 10/06/2017 - 20:09:22: [mapchooser.amxx] Vote: Voting for the nextmap started
L 10/06/2017 - 20:09:37: [mapchooser.amxx] Vote: Voting for the nextmap finished. The nextmap will be de_cbble
L 10/06/2017 - 20:11:31: -------- Mapchange to de_cbble --------
L 10/06/2017 - 20:39:31: [mapchooser.amxx] Vote: Voting for the nextmap started
L 10/06/2017 - 20:39:46: [mapchooser.amxx] Vote: Voting for the nextmap finished. The nextmap will be de_dust
L 10/06/2017 - 20:41:40: -------- Mapchange to de_dust --------
L 10/06/2017 - 21:09:40: [mapchooser.amxx] Vote: Voting for the nextmap started
L 10/06/2017 - 21:09:55: [mapchooser.amxx] Vote: Voting for the nextmap finished. The nextmap will be cs_747
L 10/06/2017 - 21:11:49: -------- Mapchange to cs_747 --------
L 10/06/2017 - 21:39:49: [mapchooser.amxx] Vote: Voting for the nextmap started
L 10/06/2017 - 21:40:04: [mapchooser.amxx] Vote: Voting for the nextmap finished. The nextmap will be de_prodigy
L 10/06/2017 - 21:41:58: -------- Mapchange to de_prodigy --------
L 10/06/2017 - 22:09:58: [mapchooser.amxx] Vote: Voting for the nextmap started
L 10/06/2017 - 22:10:13: [mapchooser.amxx] Vote: Voting for the nextmap finished. The nextmap will be cs_assault
L 10/06/2017 - 22:12:07: -------- Mapchange to cs_assault --------
L 10/06/2017 - 22:40:06: [mapchooser.amxx] Vote: Voting for the nextmap started
L 10/06/2017 - 22:40:21: [mapchooser.amxx] Vote: Voting for the nextmap finished. The nextmap will be cs_office
L 10/06/2017 - 22:42:15: -------- Mapchange to cs_office --------
L 10/06/2017 - 23:10:15: [mapchooser.amxx] Vote: Voting for the nextmap started
L 10/06/2017 - 23:10:30: [mapchooser.amxx] Vote: Voting for the nextmap finished. The nextmap will be cs_italy
L 10/06/2017 - 23:12:24: -------- Mapchange to cs_italy --------
L 10/06/2017 - 23:40:24: [mapchooser.amxx] Vote: Voting for the nextmap started
L 10/06/2017 - 23:40:39: [mapchooser.amxx] Vote: Voting for the nextmap finished. The nextmap will be cs_backalley
L 10/06/2017 - 23:42:33: -------- Mapchange to cs_backalley --------
